[2017-10-31 17:13:36.014] [jointLog] [info] parsing read library format
[2017-10-31 17:13:36.014] [jointLog] [info] There is 1 library.
[2017-10-31 17:13:36.028] [jointLog] [info] Loading Quasi index
[2017-10-31 17:13:36.028] [jointLog] [info] Loading 32-bit quasi index
[2017-10-31 17:13:37.475] [jointLog] [info] done
[2017-10-31 17:13:37.475] [jointLog] [info] Index contained 55157 targets
[2017-10-31 17:13:37.670] [jointLog] [info] Automatically detected most likely library type as U
[2017-10-31 17:14:13.225] [fileLog] [info] 
At end of round 0
==================
Observed 23300739 total fragments (23300739 in most recent round)

[2017-10-31 17:14:13.224] [jointLog] [info] Computed 55239 rich equivalence classes for further processing
[2017-10-31 17:14:13.224] [jointLog] [info] Counted 22761991 total reads in the equivalence classes 
[2017-10-31 17:14:13.227] [jointLog] [info] Mapping rate = 97.6879%

[2017-10-31 17:14:13.227] [jointLog] [info] finished quantifyLibrary()
[2017-10-31 17:14:13.227] [jointLog] [info] Starting optimizer
[2017-10-31 17:14:13.257] [jointLog] [info] Marked 0 weighted equivalence classes as degenerate
[2017-10-31 17:14:13.258] [jointLog] [info] iteration = 0 | max rel diff. = 195.269
[2017-10-31 17:14:13.270] [jointLog] [info] iteration 11, adjusting effective lengths to account for biases
[2017-10-31 17:14:14.884] [jointLog] [info] Computed expected counts (for bias correction)
[2017-10-31 17:14:14.885] [jointLog] [info] processed bias for 0.0% of the transcripts
[2017-10-31 17:14:16.304] [jointLog] [info] processed bias for 10.0% of the transcripts
[2017-10-31 17:14:17.648] [jointLog] [info] processed bias for 20.0% of the transcripts
[2017-10-31 17:14:19.084] [jointLog] [info] processed bias for 30.0% of the transcripts
[2017-10-31 17:14:20.505] [jointLog] [info] processed bias for 40.0% of the transcripts
[2017-10-31 17:14:21.968] [jointLog] [info] processed bias for 50.0% of the transcripts
[2017-10-31 17:14:23.397] [jointLog] [info] processed bias for 60.0% of the transcripts
[2017-10-31 17:14:24.824] [jointLog] [info] processed bias for 70.0% of the transcripts
[2017-10-31 17:14:26.257] [jointLog] [info] processed bias for 80.0% of the transcripts
[2017-10-31 17:14:26.307] [jointLog] [info] processed bias for 100.0% of the transcripts
[2017-10-31 17:14:26.423] [jointLog] [info] iteration = 100 | max rel diff. = 0.136981
[2017-10-31 17:14:26.555] [jointLog] [info] iteration = 200 | max rel diff. = 0.0722562
[2017-10-31 17:14:26.687] [jointLog] [info] iteration = 300 | max rel diff. = 0.0441681
[2017-10-31 17:14:26.814] [jointLog] [info] iteration = 400 | max rel diff. = 0.0330433
[2017-10-31 17:14:26.946] [jointLog] [info] iteration = 500 | max rel diff. = 0.0506214
[2017-10-31 17:14:27.078] [jointLog] [info] iteration = 600 | max rel diff. = 0.0197832
[2017-10-31 17:14:27.208] [jointLog] [info] iteration = 700 | max rel diff. = 0.0162089
[2017-10-31 17:14:27.338] [jointLog] [info] iteration = 800 | max rel diff. = 0.0160849
[2017-10-31 17:14:27.469] [jointLog] [info] iteration = 900 | max rel diff. = 0.0126323
[2017-10-31 17:14:27.602] [jointLog] [info] iteration = 1000 | max rel diff. = 0.0167068
[2017-10-31 17:14:27.736] [jointLog] [info] iteration = 1100 | max rel diff. = 0.0103537
[2017-10-31 17:14:27.792] [jointLog] [info] iteration = 1143 | max rel diff. = 0.00984873
[2017-10-31 17:14:27.793] [jointLog] [info] Finished optimizer
[2017-10-31 17:14:27.793] [jointLog] [info] writing output 

[2017-10-31 17:14:27.851] [jointLog] [info] Starting Bootstrapping
[2017-10-31 17:14:27.856] [jointLog] [info] Will draw 1000 bootstrap samples
[2017-10-31 17:14:27.856] [jointLog] [info] Optimizing over 55239 equivalence classes
[2017-10-31 17:14:27.858] [jointLog] [info] Marked 0 weighted equivalence classes as degenerate
[2017-10-31 17:14:33.645] [jointLog] [info] wrote 1 bootstraps
[2017-10-31 17:14:33.846] [jointLog] [info] wrote 2 bootstraps
[2017-10-31 17:14:34.320] [jointLog] [info] wrote 3 bootstraps
[2017-10-31 17:14:35.063] [jointLog] [info] wrote 4 bootstraps
[2017-10-31 17:14:35.119] [jointLog] [info] wrote 5 bootstraps
[2017-10-31 17:14:35.377] [jointLog] [info] wrote 6 bootstraps
[2017-10-31 17:14:35.642] [jointLog] [info] wrote 7 bootstraps
[2017-10-31 17:14:40.741] [jointLog] [info] wrote 8 bootstraps
[2017-10-31 17:14:40.776] [jointLog] [info] wrote 9 bootstraps
[2017-10-31 17:14:40.811] [jointLog] [info] wrote 10 bootstraps
[2017-10-31 17:14:41.298] [jointLog] [info] wrote 11 bootstraps
[2017-10-31 17:14:41.866] [jointLog] [info] wrote 12 bootstraps
[2017-10-31 17:14:42.494] [jointLog] [info] wrote 13 bootstraps
[2017-10-31 17:14:42.675] [jointLog] [info] wrote 14 bootstraps
[2017-10-31 17:14:46.523] [jointLog] [info] wrote 15 bootstraps
[2017-10-31 17:14:47.802] [jointLog] [info] wrote 16 bootstraps
[2017-10-31 17:14:47.994] [jointLog] [info] wrote 17 bootstraps
[2017-10-31 17:14:48.042] [jointLog] [info] wrote 18 bootstraps
[2017-10-31 17:14:48.632] [jointLog] [info] wrote 19 bootstraps
[2017-10-31 17:14:49.258] [jointLog] [info] wrote 20 bootstraps
[2017-10-31 17:14:49.671] [jointLog] [info] wrote 21 bootstraps
[2017-10-31 17:14:52.435] [jointLog] [info] wrote 22 bootstraps
[2017-10-31 17:14:54.526] [jointLog] [info] wrote 23 bootstraps
[2017-10-31 17:14:55.385] [jointLog] [info] wrote 24 bootstraps
[2017-10-31 17:14:55.609] [jointLog] [info] wrote 25 bootstraps
[2017-10-31 17:14:56.044] [jointLog] [info] wrote 26 bootstraps
[2017-10-31 17:14:56.074] [jointLog] [info] wrote 27 bootstraps
[2017-10-31 17:14:56.954] [jointLog] [info] wrote 28 bootstraps
[2017-10-31 17:14:58.391] [jointLog] [info] wrote 29 bootstraps
[2017-10-31 17:15:01.135] [jointLog] [info] wrote 30 bootstraps
[2017-10-31 17:15:01.575] [jointLog] [info] wrote 31 bootstraps
[2017-10-31 17:15:02.810] [jointLog] [info] wrote 32 bootstraps
[2017-10-31 17:15:02.958] [jointLog] [info] wrote 33 bootstraps
[2017-10-31 17:15:03.728] [jointLog] [info] wrote 34 bootstraps
[2017-10-31 17:15:03.848] [jointLog] [info] wrote 35 bootstraps
[2017-10-31 17:15:05.130] [jointLog] [info] wrote 36 bootstraps
[2017-10-31 17:15:06.889] [jointLog] [info] wrote 37 bootstraps
[2017-10-31 17:15:07.207] [jointLog] [info] wrote 38 bootstraps
[2017-10-31 17:15:09.754] [jointLog] [info] wrote 39 bootstraps
[2017-10-31 17:15:10.567] [jointLog] [info] wrote 40 bootstraps
[2017-10-31 17:15:10.669] [jointLog] [info] wrote 41 bootstraps
[2017-10-31 17:15:11.184] [jointLog] [info] wrote 42 bootstraps
[2017-10-31 17:15:12.662] [jointLog] [info] wrote 43 bootstraps
[2017-10-31 17:15:12.733] [jointLog] [info] wrote 44 bootstraps
[2017-10-31 17:15:13.049] [jointLog] [info] wrote 45 bootstraps
[2017-10-31 17:15:16.896] [jointLog] [info] wrote 46 bootstraps
[2017-10-31 17:15:18.125] [jointLog] [info] wrote 47 bootstraps
[2017-10-31 17:15:18.528] [jointLog] [info] wrote 48 bootstraps
[2017-10-31 17:15:18.726] [jointLog] [info] wrote 49 bootstraps
[2017-10-31 17:15:18.830] [jointLog] [info] wrote 50 bootstraps
[2017-10-31 17:15:18.888] [jointLog] [info] wrote 51 bootstraps
[2017-10-31 17:15:20.282] [jointLog] [info] wrote 52 bootstraps
[2017-10-31 17:15:23.587] [jointLog] [info] wrote 53 bootstraps
[2017-10-31 17:15:24.328] [jointLog] [info] wrote 54 bootstraps
[2017-10-31 17:15:24.436] [jointLog] [info] wrote 55 bootstraps
[2017-10-31 17:15:25.289] [jointLog] [info] wrote 56 bootstraps
[2017-10-31 17:15:26.314] [jointLog] [info] wrote 57 bootstraps
[2017-10-31 17:15:26.632] [jointLog] [info] wrote 58 bootstraps
[2017-10-31 17:15:28.244] [jointLog] [info] wrote 59 bootstraps
[2017-10-31 17:15:29.781] [jointLog] [info] wrote 60 bootstraps
[2017-10-31 17:15:30.135] [jointLog] [info] wrote 61 bootstraps
[2017-10-31 17:15:30.401] [jointLog] [info] wrote 62 bootstraps
[2017-10-31 17:15:32.872] [jointLog] [info] wrote 63 bootstraps
[2017-10-31 17:15:34.258] [jointLog] [info] wrote 64 bootstraps
[2017-10-31 17:15:34.295] [jointLog] [info] wrote 65 bootstraps
[2017-10-31 17:15:35.060] [jointLog] [info] wrote 66 bootstraps
[2017-10-31 17:15:35.547] [jointLog] [info] wrote 67 bootstraps
[2017-10-31 17:15:35.921] [jointLog] [info] wrote 68 bootstraps
[2017-10-31 17:15:37.958] [jointLog] [info] wrote 69 bootstraps
[2017-10-31 17:15:40.457] [jointLog] [info] wrote 70 bootstraps
[2017-10-31 17:15:41.128] [jointLog] [info] wrote 71 bootstraps
[2017-10-31 17:15:41.811] [jointLog] [info] wrote 72 bootstraps
[2017-10-31 17:15:41.918] [jointLog] [info] wrote 73 bootstraps
[2017-10-31 17:15:41.951] [jointLog] [info] wrote 74 bootstraps
[2017-10-31 17:15:43.380] [jointLog] [info] wrote 75 bootstraps
[2017-10-31 17:15:43.923] [jointLog] [info] wrote 76 bootstraps
[2017-10-31 17:15:47.358] [jointLog] [info] wrote 77 bootstraps
[2017-10-31 17:15:47.684] [jointLog] [info] wrote 78 bootstraps
[2017-10-31 17:15:48.017] [jointLog] [info] wrote 79 bootstraps
[2017-10-31 17:15:49.364] [jointLog] [info] wrote 80 bootstraps
[2017-10-31 17:15:49.628] [jointLog] [info] wrote 81 bootstraps
[2017-10-31 17:15:49.730] [jointLog] [info] wrote 82 bootstraps
[2017-10-31 17:15:50.994] [jointLog] [info] wrote 83 bootstraps
[2017-10-31 17:15:53.096] [jointLog] [info] wrote 84 bootstraps
[2017-10-31 17:15:53.753] [jointLog] [info] wrote 85 bootstraps
[2017-10-31 17:15:54.867] [jointLog] [info] wrote 86 bootstraps
[2017-10-31 17:15:55.770] [jointLog] [info] wrote 87 bootstraps
[2017-10-31 17:15:57.058] [jointLog] [info] wrote 88 bootstraps
[2017-10-31 17:15:57.299] [jointLog] [info] wrote 89 bootstraps
[2017-10-31 17:15:58.615] [jointLog] [info] wrote 90 bootstraps
[2017-10-31 17:15:59.516] [jointLog] [info] wrote 91 bootstraps
[2017-10-31 17:16:00.038] [jointLog] [info] wrote 92 bootstraps
[2017-10-31 17:16:01.632] [jointLog] [info] wrote 93 bootstraps
[2017-10-31 17:16:03.199] [jointLog] [info] wrote 94 bootstraps
[2017-10-31 17:16:03.282] [jointLog] [info] wrote 95 bootstraps
[2017-10-31 17:16:04.870] [jointLog] [info] wrote 96 bootstraps
[2017-10-31 17:16:05.567] [jointLog] [info] wrote 97 bootstraps
[2017-10-31 17:16:06.192] [jointLog] [info] wrote 98 bootstraps
[2017-10-31 17:16:06.240] [jointLog] [info] wrote 99 bootstraps
[2017-10-31 17:16:09.251] [jointLog] [info] wrote 100 bootstraps
[2017-10-31 17:16:09.612] [jointLog] [info] wrote 101 bootstraps
[2017-10-31 17:16:10.862] [jointLog] [info] wrote 102 bootstraps
[2017-10-31 17:16:11.015] [jointLog] [info] wrote 103 bootstraps
[2017-10-31 17:16:12.256] [jointLog] [info] wrote 104 bootstraps
[2017-10-31 17:16:12.534] [jointLog] [info] wrote 105 bootstraps
[2017-10-31 17:16:14.313] [jointLog] [info] wrote 106 bootstraps
[2017-10-31 17:16:16.734] [jointLog] [info] wrote 107 bootstraps
[2017-10-31 17:16:16.855] [jointLog] [info] wrote 108 bootstraps
[2017-10-31 17:16:17.310] [jointLog] [info] wrote 109 bootstraps
[2017-10-31 17:16:17.662] [jointLog] [info] wrote 110 bootstraps
[2017-10-31 17:16:18.311] [jointLog] [info] wrote 111 bootstraps
[2017-10-31 17:16:20.280] [jointLog] [info] wrote 112 bootstraps
[2017-10-31 17:16:21.702] [jointLog] [info] wrote 113 bootstraps
[2017-10-31 17:16:22.650] [jointLog] [info] wrote 114 bootstraps
[2017-10-31 17:16:22.950] [jointLog] [info] wrote 115 bootstraps
[2017-10-31 17:16:24.785] [jointLog] [info] wrote 116 bootstraps
[2017-10-31 17:16:25.213] [jointLog] [info] wrote 117 bootstraps
[2017-10-31 17:16:25.429] [jointLog] [info] wrote 118 bootstraps
[2017-10-31 17:16:27.965] [jointLog] [info] wrote 119 bootstraps
[2017-10-31 17:16:28.345] [jointLog] [info] wrote 120 bootstraps
[2017-10-31 17:16:29.311] [jointLog] [info] wrote 121 bootstraps
[2017-10-31 17:16:29.878] [jointLog] [info] wrote 122 bootstraps
[2017-10-31 17:16:30.041] [jointLog] [info] wrote 123 bootstraps
[2017-10-31 17:16:33.038] [jointLog] [info] wrote 124 bootstraps
[2017-10-31 17:16:33.080] [jointLog] [info] wrote 125 bootstraps
[2017-10-31 17:16:34.743] [jointLog] [info] wrote 126 bootstraps
[2017-10-31 17:16:35.047] [jointLog] [info] wrote 127 bootstraps
[2017-10-31 17:16:35.757] [jointLog] [info] wrote 128 bootstraps
[2017-10-31 17:16:36.758] [jointLog] [info] wrote 129 bootstraps
[2017-10-31 17:16:37.015] [jointLog] [info] wrote 130 bootstraps
[2017-10-31 17:16:40.580] [jointLog] [info] wrote 131 bootstraps
[2017-10-31 17:16:40.630] [jointLog] [info] wrote 132 bootstraps
[2017-10-31 17:16:40.975] [jointLog] [info] wrote 133 bootstraps
[2017-10-31 17:16:41.828] [jointLog] [info] wrote 134 bootstraps
[2017-10-31 17:16:42.019] [jointLog] [info] wrote 135 bootstraps
[2017-10-31 17:16:43.446] [jointLog] [info] wrote 136 bootstraps
[2017-10-31 17:16:44.586] [jointLog] [info] wrote 137 bootstraps
[2017-10-31 17:16:46.268] [jointLog] [info] wrote 138 bootstraps
[2017-10-31 17:16:47.197] [jointLog] [info] wrote 139 bootstraps
[2017-10-31 17:16:48.204] [jointLog] [info] wrote 140 bootstraps
[2017-10-31 17:16:49.589] [jointLog] [info] wrote 141 bootstraps
[2017-10-31 17:16:50.134] [jointLog] [info] wrote 142 bootstraps
[2017-10-31 17:16:50.610] [jointLog] [info] wrote 143 bootstraps
[2017-10-31 17:16:52.068] [jointLog] [info] wrote 144 bootstraps
[2017-10-31 17:16:52.319] [jointLog] [info] wrote 145 bootstraps
[2017-10-31 17:16:52.869] [jointLog] [info] wrote 146 bootstraps
[2017-10-31 17:16:56.198] [jointLog] [info] wrote 147 bootstraps
[2017-10-31 17:16:56.907] [jointLog] [info] wrote 148 bootstraps
[2017-10-31 17:16:57.743] [jointLog] [info] wrote 149 bootstraps
[2017-10-31 17:16:57.802] [jointLog] [info] wrote 150 bootstraps
[2017-10-31 17:16:57.904] [jointLog] [info] wrote 151 bootstraps
[2017-10-31 17:16:58.678] [jointLog] [info] wrote 152 bootstraps
[2017-10-31 17:16:59.666] [jointLog] [info] wrote 153 bootstraps
[2017-10-31 17:17:03.167] [jointLog] [info] wrote 154 bootstraps
[2017-10-31 17:17:03.562] [jointLog] [info] wrote 155 bootstraps
[2017-10-31 17:17:04.085] [jointLog] [info] wrote 156 bootstraps
[2017-10-31 17:17:04.973] [jointLog] [info] wrote 157 bootstraps
[2017-10-31 17:17:05.371] [jointLog] [info] wrote 158 bootstraps
[2017-10-31 17:17:05.468] [jointLog] [info] wrote 159 bootstraps
[2017-10-31 17:17:07.237] [jointLog] [info] wrote 160 bootstraps
[2017-10-31 17:17:09.222] [jointLog] [info] wrote 161 bootstraps
[2017-10-31 17:17:09.712] [jointLog] [info] wrote 162 bootstraps
[2017-10-31 17:17:11.337] [jointLog] [info] wrote 163 bootstraps
[2017-10-31 17:17:11.565] [jointLog] [info] wrote 164 bootstraps
[2017-10-31 17:17:13.140] [jointLog] [info] wrote 165 bootstraps
[2017-10-31 17:17:13.346] [jointLog] [info] wrote 166 bootstraps
[2017-10-31 17:17:14.960] [jointLog] [info] wrote 167 bootstraps
[2017-10-31 17:17:15.551] [jointLog] [info] wrote 168 bootstraps
[2017-10-31 17:17:16.330] [jointLog] [info] wrote 169 bootstraps
[2017-10-31 17:17:16.667] [jointLog] [info] wrote 170 bootstraps
[2017-10-31 17:17:19.141] [jointLog] [info] wrote 171 bootstraps
[2017-10-31 17:17:20.575] [jointLog] [info] wrote 172 bootstraps
[2017-10-31 17:17:21.039] [jointLog] [info] wrote 173 bootstraps
[2017-10-31 17:17:21.936] [jointLog] [info] wrote 174 bootstraps
[2017-10-31 17:17:22.100] [jointLog] [info] wrote 175 bootstraps
[2017-10-31 17:17:22.509] [jointLog] [info] wrote 176 bootstraps
[2017-10-31 17:17:23.036] [jointLog] [info] wrote 177 bootstraps
[2017-10-31 17:17:26.776] [jointLog] [info] wrote 178 bootstraps
[2017-10-31 17:17:27.151] [jointLog] [info] wrote 179 bootstraps
[2017-10-31 17:17:27.898] [jointLog] [info] wrote 180 bootstraps
[2017-10-31 17:17:28.277] [jointLog] [info] wrote 181 bootstraps
[2017-10-31 17:17:29.621] [jointLog] [info] wrote 182 bootstraps
[2017-10-31 17:17:29.773] [jointLog] [info] wrote 183 bootstraps
[2017-10-31 17:17:30.096] [jointLog] [info] wrote 184 bootstraps
[2017-10-31 17:17:33.574] [jointLog] [info] wrote 185 bootstraps
[2017-10-31 17:17:33.932] [jointLog] [info] wrote 186 bootstraps
[2017-10-31 17:17:34.267] [jointLog] [info] wrote 187 bootstraps
[2017-10-31 17:17:35.422] [jointLog] [info] wrote 188 bootstraps
[2017-10-31 17:17:35.876] [jointLog] [info] wrote 189 bootstraps
[2017-10-31 17:17:36.627] [jointLog] [info] wrote 190 bootstraps
[2017-10-31 17:17:37.167] [jointLog] [info] wrote 191 bootstraps
[2017-10-31 17:17:39.690] [jointLog] [info] wrote 192 bootstraps
[2017-10-31 17:17:41.346] [jointLog] [info] wrote 193 bootstraps
[2017-10-31 17:17:41.469] [jointLog] [info] wrote 194 bootstraps
[2017-10-31 17:17:41.924] [jointLog] [info] wrote 195 bootstraps
[2017-10-31 17:17:42.750] [jointLog] [info] wrote 196 bootstraps
[2017-10-31 17:17:43.731] [jointLog] [info] wrote 197 bootstraps
[2017-10-31 17:17:45.332] [jointLog] [info] wrote 198 bootstraps
[2017-10-31 17:17:45.361] [jointLog] [info] wrote 199 bootstraps
[2017-10-31 17:17:47.781] [jointLog] [info] wrote 200 bootstraps
[2017-10-31 17:17:49.035] [jointLog] [info] wrote 201 bootstraps
[2017-10-31 17:17:49.068] [jointLog] [info] wrote 202 bootstraps
[2017-10-31 17:17:49.248] [jointLog] [info] wrote 203 bootstraps
[2017-10-31 17:17:50.686] [jointLog] [info] wrote 204 bootstraps
[2017-10-31 17:17:51.301] [jointLog] [info] wrote 205 bootstraps
[2017-10-31 17:17:53.444] [jointLog] [info] wrote 206 bootstraps
[2017-10-31 17:17:54.108] [jointLog] [info] wrote 207 bootstraps
[2017-10-31 17:17:54.406] [jointLog] [info] wrote 208 bootstraps
[2017-10-31 17:17:56.988] [jointLog] [info] wrote 209 bootstraps
[2017-10-31 17:17:57.017] [jointLog] [info] wrote 210 bootstraps
[2017-10-31 17:17:57.961] [jointLog] [info] wrote 211 bootstraps
[2017-10-31 17:17:59.367] [jointLog] [info] wrote 212 bootstraps
[2017-10-31 17:17:59.646] [jointLog] [info] wrote 213 bootstraps
[2017-10-31 17:17:59.755] [jointLog] [info] wrote 214 bootstraps
[2017-10-31 17:18:00.812] [jointLog] [info] wrote 215 bootstraps
[2017-10-31 17:18:02.930] [jointLog] [info] wrote 216 bootstraps
[2017-10-31 17:18:04.532] [jointLog] [info] wrote 217 bootstraps
[2017-10-31 17:18:05.556] [jointLog] [info] wrote 218 bootstraps
[2017-10-31 17:18:06.362] [jointLog] [info] wrote 219 bootstraps
[2017-10-31 17:18:06.430] [jointLog] [info] wrote 220 bootstraps
[2017-10-31 17:18:07.304] [jointLog] [info] wrote 221 bootstraps
[2017-10-31 17:18:07.327] [jointLog] [info] wrote 222 bootstraps
[2017-10-31 17:18:09.977] [jointLog] [info] wrote 223 bootstraps
[2017-10-31 17:18:12.029] [jointLog] [info] wrote 224 bootstraps
[2017-10-31 17:18:12.059] [jointLog] [info] wrote 225 bootstraps
[2017-10-31 17:18:12.717] [jointLog] [info] wrote 226 bootstraps
[2017-10-31 17:18:13.196] [jointLog] [info] wrote 227 bootstraps
[2017-10-31 17:18:13.242] [jointLog] [info] wrote 228 bootstraps
[2017-10-31 17:18:14.872] [jointLog] [info] wrote 229 bootstraps
[2017-10-31 17:18:16.311] [jointLog] [info] wrote 230 bootstraps
[2017-10-31 17:18:17.992] [jointLog] [info] wrote 231 bootstraps
[2017-10-31 17:18:18.837] [jointLog] [info] wrote 232 bootstraps
[2017-10-31 17:18:19.502] [jointLog] [info] wrote 233 bootstraps
[2017-10-31 17:18:20.779] [jointLog] [info] wrote 234 bootstraps
[2017-10-31 17:18:20.814] [jointLog] [info] wrote 235 bootstraps
[2017-10-31 17:18:22.431] [jointLog] [info] wrote 236 bootstraps
[2017-10-31 17:18:22.693] [jointLog] [info] wrote 237 bootstraps
[2017-10-31 17:18:24.557] [jointLog] [info] wrote 238 bootstraps
[2017-10-31 17:18:25.024] [jointLog] [info] wrote 239 bootstraps
[2017-10-31 17:18:26.114] [jointLog] [info] wrote 240 bootstraps
[2017-10-31 17:18:26.956] [jointLog] [info] wrote 241 bootstraps
[2017-10-31 17:18:28.322] [jointLog] [info] wrote 242 bootstraps
[2017-10-31 17:18:30.500] [jointLog] [info] wrote 243 bootstraps
[2017-10-31 17:18:30.686] [jointLog] [info] wrote 244 bootstraps
[2017-10-31 17:18:30.708] [jointLog] [info] wrote 245 bootstraps
[2017-10-31 17:18:30.746] [jointLog] [info] wrote 246 bootstraps
[2017-10-31 17:18:32.349] [jointLog] [info] wrote 247 bootstraps
[2017-10-31 17:18:34.580] [jointLog] [info] wrote 248 bootstraps
[2017-10-31 17:18:35.387] [jointLog] [info] wrote 249 bootstraps
[2017-10-31 17:18:36.531] [jointLog] [info] wrote 250 bootstraps
[2017-10-31 17:18:36.738] [jointLog] [info] wrote 251 bootstraps
[2017-10-31 17:18:37.264] [jointLog] [info] wrote 252 bootstraps
[2017-10-31 17:18:38.799] [jointLog] [info] wrote 253 bootstraps
[2017-10-31 17:18:39.409] [jointLog] [info] wrote 254 bootstraps
[2017-10-31 17:18:42.041] [jointLog] [info] wrote 255 bootstraps
[2017-10-31 17:18:42.166] [jointLog] [info] wrote 256 bootstraps
[2017-10-31 17:18:43.204] [jointLog] [info] wrote 257 bootstraps
[2017-10-31 17:18:43.459] [jointLog] [info] wrote 258 bootstraps
[2017-10-31 17:18:44.209] [jointLog] [info] wrote 259 bootstraps
[2017-10-31 17:18:46.042] [jointLog] [info] wrote 260 bootstraps
[2017-10-31 17:18:46.390] [jointLog] [info] wrote 261 bootstraps
[2017-10-31 17:18:47.821] [jointLog] [info] wrote 262 bootstraps
[2017-10-31 17:18:49.084] [jointLog] [info] wrote 263 bootstraps
[2017-10-31 17:18:49.647] [jointLog] [info] wrote 264 bootstraps
[2017-10-31 17:18:50.801] [jointLog] [info] wrote 265 bootstraps
[2017-10-31 17:18:51.791] [jointLog] [info] wrote 266 bootstraps
[2017-10-31 17:18:52.400] [jointLog] [info] wrote 267 bootstraps
[2017-10-31 17:18:53.876] [jointLog] [info] wrote 268 bootstraps
[2017-10-31 17:18:54.195] [jointLog] [info] wrote 269 bootstraps
[2017-10-31 17:18:55.395] [jointLog] [info] wrote 270 bootstraps
[2017-10-31 17:18:57.305] [jointLog] [info] wrote 271 bootstraps
[2017-10-31 17:18:57.503] [jointLog] [info] wrote 272 bootstraps
[2017-10-31 17:18:58.242] [jointLog] [info] wrote 273 bootstraps
[2017-10-31 17:18:58.954] [jointLog] [info] wrote 274 bootstraps
[2017-10-31 17:19:00.710] [jointLog] [info] wrote 275 bootstraps
[2017-10-31 17:19:00.790] [jointLog] [info] wrote 276 bootstraps
[2017-10-31 17:19:02.305] [jointLog] [info] wrote 277 bootstraps
[2017-10-31 17:19:04.303] [jointLog] [info] wrote 278 bootstraps
[2017-10-31 17:19:05.363] [jointLog] [info] wrote 279 bootstraps
[2017-10-31 17:19:05.574] [jointLog] [info] wrote 280 bootstraps
[2017-10-31 17:19:05.871] [jointLog] [info] wrote 281 bootstraps
[2017-10-31 17:19:07.070] [jointLog] [info] wrote 282 bootstraps
[2017-10-31 17:19:07.450] [jointLog] [info] wrote 283 bootstraps
[2017-10-31 17:19:08.136] [jointLog] [info] wrote 284 bootstraps
[2017-10-31 17:19:11.035] [jointLog] [info] wrote 285 bootstraps
[2017-10-31 17:19:12.101] [jointLog] [info] wrote 286 bootstraps
[2017-10-31 17:19:12.325] [jointLog] [info] wrote 287 bootstraps
[2017-10-31 17:19:12.422] [jointLog] [info] wrote 288 bootstraps
[2017-10-31 17:19:14.481] [jointLog] [info] wrote 289 bootstraps
[2017-10-31 17:19:14.771] [jointLog] [info] wrote 290 bootstraps
[2017-10-31 17:19:14.835] [jointLog] [info] wrote 291 bootstraps
[2017-10-31 17:19:17.114] [jointLog] [info] wrote 292 bootstraps
[2017-10-31 17:19:18.281] [jointLog] [info] wrote 293 bootstraps
[2017-10-31 17:19:20.061] [jointLog] [info] wrote 294 bootstraps
[2017-10-31 17:19:20.176] [jointLog] [info] wrote 295 bootstraps
[2017-10-31 17:19:20.915] [jointLog] [info] wrote 296 bootstraps
[2017-10-31 17:19:21.514] [jointLog] [info] wrote 297 bootstraps
[2017-10-31 17:19:22.456] [jointLog] [info] wrote 298 bootstraps
[2017-10-31 17:19:22.995] [jointLog] [info] wrote 299 bootstraps
[2017-10-31 17:19:24.957] [jointLog] [info] wrote 300 bootstraps
[2017-10-31 17:19:26.467] [jointLog] [info] wrote 301 bootstraps
[2017-10-31 17:19:27.065] [jointLog] [info] wrote 302 bootstraps
[2017-10-31 17:19:27.542] [jointLog] [info] wrote 303 bootstraps
[2017-10-31 17:19:29.098] [jointLog] [info] wrote 304 bootstraps
[2017-10-31 17:19:29.301] [jointLog] [info] wrote 305 bootstraps
[2017-10-31 17:19:30.064] [jointLog] [info] wrote 306 bootstraps
[2017-10-31 17:19:31.847] [jointLog] [info] wrote 307 bootstraps
[2017-10-31 17:19:33.191] [jointLog] [info] wrote 308 bootstraps
[2017-10-31 17:19:33.690] [jointLog] [info] wrote 309 bootstraps
[2017-10-31 17:19:35.273] [jointLog] [info] wrote 310 bootstraps
[2017-10-31 17:19:35.536] [jointLog] [info] wrote 311 bootstraps
[2017-10-31 17:19:36.083] [jointLog] [info] wrote 312 bootstraps
[2017-10-31 17:19:36.624] [jointLog] [info] wrote 313 bootstraps
[2017-10-31 17:19:38.011] [jointLog] [info] wrote 314 bootstraps
[2017-10-31 17:19:40.443] [jointLog] [info] wrote 315 bootstraps
[2017-10-31 17:19:40.665] [jointLog] [info] wrote 316 bootstraps
[2017-10-31 17:19:41.934] [jointLog] [info] wrote 317 bootstraps
[2017-10-31 17:19:43.090] [jointLog] [info] wrote 318 bootstraps
[2017-10-31 17:19:43.350] [jointLog] [info] wrote 319 bootstraps
[2017-10-31 17:19:43.560] [jointLog] [info] wrote 320 bootstraps
[2017-10-31 17:19:44.342] [jointLog] [info] wrote 321 bootstraps
[2017-10-31 17:19:46.941] [jointLog] [info] wrote 322 bootstraps
[2017-10-31 17:19:48.643] [jointLog] [info] wrote 323 bootstraps
[2017-10-31 17:19:49.717] [jointLog] [info] wrote 324 bootstraps
[2017-10-31 17:19:50.001] [jointLog] [info] wrote 325 bootstraps
[2017-10-31 17:19:50.063] [jointLog] [info] wrote 326 bootstraps
[2017-10-31 17:19:50.894] [jointLog] [info] wrote 327 bootstraps
[2017-10-31 17:19:51.383] [jointLog] [info] wrote 328 bootstraps
[2017-10-31 17:19:53.279] [jointLog] [info] wrote 329 bootstraps
[2017-10-31 17:19:55.509] [jointLog] [info] wrote 330 bootstraps
[2017-10-31 17:19:56.170] [jointLog] [info] wrote 331 bootstraps
[2017-10-31 17:19:56.610] [jointLog] [info] wrote 332 bootstraps
[2017-10-31 17:19:57.498] [jointLog] [info] wrote 333 bootstraps
[2017-10-31 17:19:58.604] [jointLog] [info] wrote 334 bootstraps
[2017-10-31 17:19:58.749] [jointLog] [info] wrote 335 bootstraps
[2017-10-31 17:19:58.778] [jointLog] [info] wrote 336 bootstraps
[2017-10-31 17:20:02.572] [jointLog] [info] wrote 337 bootstraps
[2017-10-31 17:20:03.616] [jointLog] [info] wrote 338 bootstraps
[2017-10-31 17:20:03.820] [jointLog] [info] wrote 339 bootstraps
[2017-10-31 17:20:03.998] [jointLog] [info] wrote 340 bootstraps
[2017-10-31 17:20:04.507] [jointLog] [info] wrote 341 bootstraps
[2017-10-31 17:20:05.582] [jointLog] [info] wrote 342 bootstraps
[2017-10-31 17:20:06.535] [jointLog] [info] wrote 343 bootstraps
[2017-10-31 17:20:08.799] [jointLog] [info] wrote 344 bootstraps
[2017-10-31 17:20:09.802] [jointLog] [info] wrote 345 bootstraps
[2017-10-31 17:20:10.530] [jointLog] [info] wrote 346 bootstraps
[2017-10-31 17:20:10.914] [jointLog] [info] wrote 347 bootstraps
[2017-10-31 17:20:11.585] [jointLog] [info] wrote 348 bootstraps
[2017-10-31 17:20:12.163] [jointLog] [info] wrote 349 bootstraps
[2017-10-31 17:20:14.237] [jointLog] [info] wrote 350 bootstraps
[2017-10-31 17:20:15.617] [jointLog] [info] wrote 351 bootstraps
[2017-10-31 17:20:16.860] [jointLog] [info] wrote 352 bootstraps
[2017-10-31 17:20:17.080] [jointLog] [info] wrote 353 bootstraps
[2017-10-31 17:20:17.756] [jointLog] [info] wrote 354 bootstraps
[2017-10-31 17:20:18.841] [jointLog] [info] wrote 355 bootstraps
[2017-10-31 17:20:19.260] [jointLog] [info] wrote 356 bootstraps
[2017-10-31 17:20:21.808] [jointLog] [info] wrote 357 bootstraps
[2017-10-31 17:20:22.233] [jointLog] [info] wrote 358 bootstraps
[2017-10-31 17:20:22.834] [jointLog] [info] wrote 359 bootstraps
[2017-10-31 17:20:23.656] [jointLog] [info] wrote 360 bootstraps
[2017-10-31 17:20:23.927] [jointLog] [info] wrote 361 bootstraps
[2017-10-31 17:20:25.869] [jointLog] [info] wrote 362 bootstraps
[2017-10-31 17:20:26.266] [jointLog] [info] wrote 363 bootstraps
[2017-10-31 17:20:29.388] [jointLog] [info] wrote 364 bootstraps
[2017-10-31 17:20:29.568] [jointLog] [info] wrote 365 bootstraps
[2017-10-31 17:20:29.856] [jointLog] [info] wrote 366 bootstraps
[2017-10-31 17:20:30.535] [jointLog] [info] wrote 367 bootstraps
[2017-10-31 17:20:30.700] [jointLog] [info] wrote 368 bootstraps
[2017-10-31 17:20:32.589] [jointLog] [info] wrote 369 bootstraps
[2017-10-31 17:20:33.011] [jointLog] [info] wrote 370 bootstraps
[2017-10-31 17:20:36.085] [jointLog] [info] wrote 371 bootstraps
[2017-10-31 17:20:36.177] [jointLog] [info] wrote 372 bootstraps
[2017-10-31 17:20:37.362] [jointLog] [info] wrote 373 bootstraps
[2017-10-31 17:20:38.015] [jointLog] [info] wrote 374 bootstraps
[2017-10-31 17:20:38.175] [jointLog] [info] wrote 375 bootstraps
[2017-10-31 17:20:38.211] [jointLog] [info] wrote 376 bootstraps
[2017-10-31 17:20:40.385] [jointLog] [info] wrote 377 bootstraps
[2017-10-31 17:20:41.896] [jointLog] [info] wrote 378 bootstraps
[2017-10-31 17:20:42.087] [jointLog] [info] wrote 379 bootstraps
[2017-10-31 17:20:44.296] [jointLog] [info] wrote 380 bootstraps
[2017-10-31 17:20:45.107] [jointLog] [info] wrote 381 bootstraps
[2017-10-31 17:20:45.443] [jointLog] [info] wrote 382 bootstraps
[2017-10-31 17:20:45.991] [jointLog] [info] wrote 383 bootstraps
[2017-10-31 17:20:47.581] [jointLog] [info] wrote 384 bootstraps
[2017-10-31 17:20:48.532] [jointLog] [info] wrote 385 bootstraps
[2017-10-31 17:20:48.697] [jointLog] [info] wrote 386 bootstraps
[2017-10-31 17:20:50.664] [jointLog] [info] wrote 387 bootstraps
[2017-10-31 17:20:51.829] [jointLog] [info] wrote 388 bootstraps
[2017-10-31 17:20:52.969] [jointLog] [info] wrote 389 bootstraps
[2017-10-31 17:20:53.766] [jointLog] [info] wrote 390 bootstraps
[2017-10-31 17:20:54.445] [jointLog] [info] wrote 391 bootstraps
[2017-10-31 17:20:54.765] [jointLog] [info] wrote 392 bootstraps
[2017-10-31 17:20:54.938] [jointLog] [info] wrote 393 bootstraps
[2017-10-31 17:20:57.943] [jointLog] [info] wrote 394 bootstraps
[2017-10-31 17:20:59.059] [jointLog] [info] wrote 395 bootstraps
[2017-10-31 17:20:59.931] [jointLog] [info] wrote 396 bootstraps
[2017-10-31 17:21:00.176] [jointLog] [info] wrote 397 bootstraps
[2017-10-31 17:21:00.587] [jointLog] [info] wrote 398 bootstraps
[2017-10-31 17:21:01.793] [jointLog] [info] wrote 399 bootstraps
[2017-10-31 17:21:02.476] [jointLog] [info] wrote 400 bootstraps
[2017-10-31 17:21:04.578] [jointLog] [info] wrote 401 bootstraps
[2017-10-31 17:21:06.118] [jointLog] [info] wrote 402 bootstraps
[2017-10-31 17:21:06.606] [jointLog] [info] wrote 403 bootstraps
[2017-10-31 17:21:06.995] [jointLog] [info] wrote 404 bootstraps
[2017-10-31 17:21:07.246] [jointLog] [info] wrote 405 bootstraps
[2017-10-31 17:21:08.447] [jointLog] [info] wrote 406 bootstraps
[2017-10-31 17:21:10.021] [jointLog] [info] wrote 407 bootstraps
[2017-10-31 17:21:11.270] [jointLog] [info] wrote 408 bootstraps
[2017-10-31 17:21:13.634] [jointLog] [info] wrote 409 bootstraps
[2017-10-31 17:21:13.816] [jointLog] [info] wrote 410 bootstraps
[2017-10-31 17:21:14.117] [jointLog] [info] wrote 411 bootstraps
[2017-10-31 17:21:14.188] [jointLog] [info] wrote 412 bootstraps
[2017-10-31 17:21:14.516] [jointLog] [info] wrote 413 bootstraps
[2017-10-31 17:21:17.132] [jointLog] [info] wrote 414 bootstraps
[2017-10-31 17:21:17.673] [jointLog] [info] wrote 415 bootstraps
[2017-10-31 17:21:20.402] [jointLog] [info] wrote 416 bootstraps
[2017-10-31 17:21:20.424] [jointLog] [info] wrote 417 bootstraps
[2017-10-31 17:21:20.668] [jointLog] [info] wrote 418 bootstraps
[2017-10-31 17:21:21.818] [jointLog] [info] wrote 419 bootstraps
[2017-10-31 17:21:21.848] [jointLog] [info] wrote 420 bootstraps
[2017-10-31 17:21:24.242] [jointLog] [info] wrote 421 bootstraps
[2017-10-31 17:21:25.255] [jointLog] [info] wrote 422 bootstraps
[2017-10-31 17:21:26.645] [jointLog] [info] wrote 423 bootstraps
[2017-10-31 17:21:26.748] [jointLog] [info] wrote 424 bootstraps
[2017-10-31 17:21:27.082] [jointLog] [info] wrote 425 bootstraps
[2017-10-31 17:21:29.460] [jointLog] [info] wrote 426 bootstraps
[2017-10-31 17:21:29.494] [jointLog] [info] wrote 427 bootstraps
[2017-10-31 17:21:31.808] [jointLog] [info] wrote 428 bootstraps
[2017-10-31 17:21:31.920] [jointLog] [info] wrote 429 bootstraps
[2017-10-31 17:21:32.875] [jointLog] [info] wrote 430 bootstraps
[2017-10-31 17:21:33.061] [jointLog] [info] wrote 431 bootstraps
[2017-10-31 17:21:33.318] [jointLog] [info] wrote 432 bootstraps
[2017-10-31 17:21:36.760] [jointLog] [info] wrote 433 bootstraps
[2017-10-31 17:21:37.008] [jointLog] [info] wrote 434 bootstraps
[2017-10-31 17:21:37.141] [jointLog] [info] wrote 435 bootstraps
[2017-10-31 17:21:38.819] [jointLog] [info] wrote 436 bootstraps
[2017-10-31 17:21:39.762] [jointLog] [info] wrote 437 bootstraps
[2017-10-31 17:21:40.306] [jointLog] [info] wrote 438 bootstraps
[2017-10-31 17:21:40.575] [jointLog] [info] wrote 439 bootstraps
[2017-10-31 17:21:43.971] [jointLog] [info] wrote 440 bootstraps
[2017-10-31 17:21:44.062] [jointLog] [info] wrote 441 bootstraps
[2017-10-31 17:21:44.595] [jointLog] [info] wrote 442 bootstraps
[2017-10-31 17:21:45.386] [jointLog] [info] wrote 443 bootstraps
[2017-10-31 17:21:46.705] [jointLog] [info] wrote 444 bootstraps
[2017-10-31 17:21:46.748] [jointLog] [info] wrote 445 bootstraps
[2017-10-31 17:21:47.914] [jointLog] [info] wrote 446 bootstraps
[2017-10-31 17:21:50.059] [jointLog] [info] wrote 447 bootstraps
[2017-10-31 17:21:51.444] [jointLog] [info] wrote 448 bootstraps
[2017-10-31 17:21:51.613] [jointLog] [info] wrote 449 bootstraps
[2017-10-31 17:21:52.133] [jointLog] [info] wrote 450 bootstraps
[2017-10-31 17:21:53.720] [jointLog] [info] wrote 451 bootstraps
[2017-10-31 17:21:54.055] [jointLog] [info] wrote 452 bootstraps
[2017-10-31 17:21:54.161] [jointLog] [info] wrote 453 bootstraps
[2017-10-31 17:21:56.518] [jointLog] [info] wrote 454 bootstraps
[2017-10-31 17:21:58.167] [jointLog] [info] wrote 455 bootstraps
[2017-10-31 17:21:58.213] [jointLog] [info] wrote 456 bootstraps
[2017-10-31 17:21:58.890] [jointLog] [info] wrote 457 bootstraps
[2017-10-31 17:22:01.034] [jointLog] [info] wrote 458 bootstraps
[2017-10-31 17:22:01.063] [jointLog] [info] wrote 459 bootstraps
[2017-10-31 17:22:01.559] [jointLog] [info] wrote 460 bootstraps
[2017-10-31 17:22:03.285] [jointLog] [info] wrote 461 bootstraps
[2017-10-31 17:22:04.992] [jointLog] [info] wrote 462 bootstraps
[2017-10-31 17:22:05.139] [jointLog] [info] wrote 463 bootstraps
[2017-10-31 17:22:05.662] [jointLog] [info] wrote 464 bootstraps
[2017-10-31 17:22:07.646] [jointLog] [info] wrote 465 bootstraps
[2017-10-31 17:22:09.125] [jointLog] [info] wrote 466 bootstraps
[2017-10-31 17:22:09.398] [jointLog] [info] wrote 467 bootstraps
[2017-10-31 17:22:09.756] [jointLog] [info] wrote 468 bootstraps
[2017-10-31 17:22:10.020] [jointLog] [info] wrote 469 bootstraps
[2017-10-31 17:22:12.534] [jointLog] [info] wrote 470 bootstraps
[2017-10-31 17:22:12.633] [jointLog] [info] wrote 471 bootstraps
[2017-10-31 17:22:14.258] [jointLog] [info] wrote 472 bootstraps
[2017-10-31 17:22:15.925] [jointLog] [info] wrote 473 bootstraps
[2017-10-31 17:22:16.747] [jointLog] [info] wrote 474 bootstraps
[2017-10-31 17:22:16.926] [jointLog] [info] wrote 475 bootstraps
[2017-10-31 17:22:17.527] [jointLog] [info] wrote 476 bootstraps
[2017-10-31 17:22:19.374] [jointLog] [info] wrote 477 bootstraps
[2017-10-31 17:22:19.577] [jointLog] [info] wrote 478 bootstraps
[2017-10-31 17:22:21.525] [jointLog] [info] wrote 479 bootstraps
[2017-10-31 17:22:21.763] [jointLog] [info] wrote 480 bootstraps
[2017-10-31 17:22:24.131] [jointLog] [info] wrote 481 bootstraps
[2017-10-31 17:22:24.663] [jointLog] [info] wrote 482 bootstraps
[2017-10-31 17:22:25.144] [jointLog] [info] wrote 483 bootstraps
[2017-10-31 17:22:25.996] [jointLog] [info] wrote 484 bootstraps
[2017-10-31 17:22:26.342] [jointLog] [info] wrote 485 bootstraps
[2017-10-31 17:22:26.641] [jointLog] [info] wrote 486 bootstraps
[2017-10-31 17:22:29.572] [jointLog] [info] wrote 487 bootstraps
[2017-10-31 17:22:31.207] [jointLog] [info] wrote 488 bootstraps
[2017-10-31 17:22:31.381] [jointLog] [info] wrote 489 bootstraps
[2017-10-31 17:22:31.555] [jointLog] [info] wrote 490 bootstraps
[2017-10-31 17:22:32.327] [jointLog] [info] wrote 491 bootstraps
[2017-10-31 17:22:33.172] [jointLog] [info] wrote 492 bootstraps
[2017-10-31 17:22:33.751] [jointLog] [info] wrote 493 bootstraps
[2017-10-31 17:22:36.746] [jointLog] [info] wrote 494 bootstraps
[2017-10-31 17:22:37.458] [jointLog] [info] wrote 495 bootstraps
[2017-10-31 17:22:38.076] [jointLog] [info] wrote 496 bootstraps
[2017-10-31 17:22:38.656] [jointLog] [info] wrote 497 bootstraps
[2017-10-31 17:22:39.422] [jointLog] [info] wrote 498 bootstraps
[2017-10-31 17:22:39.826] [jointLog] [info] wrote 499 bootstraps
[2017-10-31 17:22:40.122] [jointLog] [info] wrote 500 bootstraps
[2017-10-31 17:22:44.000] [jointLog] [info] wrote 501 bootstraps
[2017-10-31 17:22:44.236] [jointLog] [info] wrote 502 bootstraps
[2017-10-31 17:22:44.853] [jointLog] [info] wrote 503 bootstraps
[2017-10-31 17:22:45.539] [jointLog] [info] wrote 504 bootstraps
[2017-10-31 17:22:46.237] [jointLog] [info] wrote 505 bootstraps
[2017-10-31 17:22:46.276] [jointLog] [info] wrote 506 bootstraps
[2017-10-31 17:22:47.626] [jointLog] [info] wrote 507 bootstraps
[2017-10-31 17:22:50.296] [jointLog] [info] wrote 508 bootstraps
[2017-10-31 17:22:51.243] [jointLog] [info] wrote 509 bootstraps
[2017-10-31 17:22:51.293] [jointLog] [info] wrote 510 bootstraps
[2017-10-31 17:22:52.621] [jointLog] [info] wrote 511 bootstraps
[2017-10-31 17:22:53.594] [jointLog] [info] wrote 512 bootstraps
[2017-10-31 17:22:53.651] [jointLog] [info] wrote 513 bootstraps
[2017-10-31 17:22:53.706] [jointLog] [info] wrote 514 bootstraps
[2017-10-31 17:22:57.294] [jointLog] [info] wrote 515 bootstraps
[2017-10-31 17:22:58.237] [jointLog] [info] wrote 516 bootstraps
[2017-10-31 17:22:58.567] [jointLog] [info] wrote 517 bootstraps
[2017-10-31 17:22:59.708] [jointLog] [info] wrote 518 bootstraps
[2017-10-31 17:23:00.185] [jointLog] [info] wrote 519 bootstraps
[2017-10-31 17:23:00.357] [jointLog] [info] wrote 520 bootstraps
[2017-10-31 17:23:00.558] [jointLog] [info] wrote 521 bootstraps
[2017-10-31 17:23:03.540] [jointLog] [info] wrote 522 bootstraps
[2017-10-31 17:23:04.122] [jointLog] [info] wrote 523 bootstraps
[2017-10-31 17:23:06.401] [jointLog] [info] wrote 524 bootstraps
[2017-10-31 17:23:06.423] [jointLog] [info] wrote 525 bootstraps
[2017-10-31 17:23:07.328] [jointLog] [info] wrote 526 bootstraps
[2017-10-31 17:23:07.776] [jointLog] [info] wrote 527 bootstraps
[2017-10-31 17:23:08.047] [jointLog] [info] wrote 528 bootstraps
[2017-10-31 17:23:10.029] [jointLog] [info] wrote 529 bootstraps
[2017-10-31 17:23:10.387] [jointLog] [info] wrote 530 bootstraps
[2017-10-31 17:23:12.147] [jointLog] [info] wrote 531 bootstraps
[2017-10-31 17:23:13.052] [jointLog] [info] wrote 532 bootstraps
[2017-10-31 17:23:14.030] [jointLog] [info] wrote 533 bootstraps
[2017-10-31 17:23:15.259] [jointLog] [info] wrote 534 bootstraps
[2017-10-31 17:23:15.452] [jointLog] [info] wrote 535 bootstraps
[2017-10-31 17:23:16.568] [jointLog] [info] wrote 536 bootstraps
[2017-10-31 17:23:17.084] [jointLog] [info] wrote 537 bootstraps
[2017-10-31 17:23:20.044] [jointLog] [info] wrote 538 bootstraps
[2017-10-31 17:23:20.139] [jointLog] [info] wrote 539 bootstraps
[2017-10-31 17:23:21.070] [jointLog] [info] wrote 540 bootstraps
[2017-10-31 17:23:21.971] [jointLog] [info] wrote 541 bootstraps
[2017-10-31 17:23:23.211] [jointLog] [info] wrote 542 bootstraps
[2017-10-31 17:23:23.712] [jointLog] [info] wrote 543 bootstraps
[2017-10-31 17:23:23.859] [jointLog] [info] wrote 544 bootstraps
[2017-10-31 17:23:25.546] [jointLog] [info] wrote 545 bootstraps
[2017-10-31 17:23:27.491] [jointLog] [info] wrote 546 bootstraps
[2017-10-31 17:23:28.187] [jointLog] [info] wrote 547 bootstraps
[2017-10-31 17:23:28.433] [jointLog] [info] wrote 548 bootstraps
[2017-10-31 17:23:30.768] [jointLog] [info] wrote 549 bootstraps
[2017-10-31 17:23:30.905] [jointLog] [info] wrote 550 bootstraps
[2017-10-31 17:23:30.944] [jointLog] [info] wrote 551 bootstraps
[2017-10-31 17:23:32.329] [jointLog] [info] wrote 552 bootstraps
[2017-10-31 17:23:33.737] [jointLog] [info] wrote 553 bootstraps
[2017-10-31 17:23:34.893] [jointLog] [info] wrote 554 bootstraps
[2017-10-31 17:23:35.009] [jointLog] [info] wrote 555 bootstraps
[2017-10-31 17:23:37.092] [jointLog] [info] wrote 556 bootstraps
[2017-10-31 17:23:37.861] [jointLog] [info] wrote 557 bootstraps
[2017-10-31 17:23:38.351] [jointLog] [info] wrote 558 bootstraps
[2017-10-31 17:23:40.152] [jointLog] [info] wrote 559 bootstraps
[2017-10-31 17:23:40.689] [jointLog] [info] wrote 560 bootstraps
[2017-10-31 17:23:41.520] [jointLog] [info] wrote 561 bootstraps
[2017-10-31 17:23:42.083] [jointLog] [info] wrote 562 bootstraps
[2017-10-31 17:23:43.072] [jointLog] [info] wrote 563 bootstraps
[2017-10-31 17:23:44.456] [jointLog] [info] wrote 564 bootstraps
[2017-10-31 17:23:45.274] [jointLog] [info] wrote 565 bootstraps
[2017-10-31 17:23:47.516] [jointLog] [info] wrote 566 bootstraps
[2017-10-31 17:23:48.098] [jointLog] [info] wrote 567 bootstraps
[2017-10-31 17:23:48.585] [jointLog] [info] wrote 568 bootstraps
[2017-10-31 17:23:49.355] [jointLog] [info] wrote 569 bootstraps
[2017-10-31 17:23:50.482] [jointLog] [info] wrote 570 bootstraps
[2017-10-31 17:23:50.697] [jointLog] [info] wrote 571 bootstraps
[2017-10-31 17:23:51.910] [jointLog] [info] wrote 572 bootstraps
[2017-10-31 17:23:55.040] [jointLog] [info] wrote 573 bootstraps
[2017-10-31 17:23:55.230] [jointLog] [info] wrote 574 bootstraps
[2017-10-31 17:23:55.307] [jointLog] [info] wrote 575 bootstraps
[2017-10-31 17:23:56.175] [jointLog] [info] wrote 576 bootstraps
[2017-10-31 17:23:56.572] [jointLog] [info] wrote 577 bootstraps
[2017-10-31 17:23:58.166] [jointLog] [info] wrote 578 bootstraps
[2017-10-31 17:23:58.857] [jointLog] [info] wrote 579 bootstraps
[2017-10-31 17:24:02.173] [jointLog] [info] wrote 580 bootstraps
[2017-10-31 17:24:02.201] [jointLog] [info] wrote 581 bootstraps
[2017-10-31 17:24:02.375] [jointLog] [info] wrote 582 bootstraps
[2017-10-31 17:24:02.777] [jointLog] [info] wrote 583 bootstraps
[2017-10-31 17:24:03.173] [jointLog] [info] wrote 584 bootstraps
[2017-10-31 17:24:04.841] [jointLog] [info] wrote 585 bootstraps
[2017-10-31 17:24:05.805] [jointLog] [info] wrote 586 bootstraps
[2017-10-31 17:24:08.775] [jointLog] [info] wrote 587 bootstraps
[2017-10-31 17:24:08.882] [jointLog] [info] wrote 588 bootstraps
[2017-10-31 17:24:09.843] [jointLog] [info] wrote 589 bootstraps
[2017-10-31 17:24:10.025] [jointLog] [info] wrote 590 bootstraps
[2017-10-31 17:24:10.523] [jointLog] [info] wrote 591 bootstraps
[2017-10-31 17:24:11.287] [jointLog] [info] wrote 592 bootstraps
[2017-10-31 17:24:12.135] [jointLog] [info] wrote 593 bootstraps
[2017-10-31 17:24:15.062] [jointLog] [info] wrote 594 bootstraps
[2017-10-31 17:24:15.598] [jointLog] [info] wrote 595 bootstraps
[2017-10-31 17:24:16.753] [jointLog] [info] wrote 596 bootstraps
[2017-10-31 17:24:16.955] [jointLog] [info] wrote 597 bootstraps
[2017-10-31 17:24:18.020] [jointLog] [info] wrote 598 bootstraps
[2017-10-31 17:24:18.120] [jointLog] [info] wrote 599 bootstraps
[2017-10-31 17:24:19.129] [jointLog] [info] wrote 600 bootstraps
[2017-10-31 17:24:21.952] [jointLog] [info] wrote 601 bootstraps
[2017-10-31 17:24:22.885] [jointLog] [info] wrote 602 bootstraps
[2017-10-31 17:24:23.845] [jointLog] [info] wrote 603 bootstraps
[2017-10-31 17:24:23.938] [jointLog] [info] wrote 604 bootstraps
[2017-10-31 17:24:24.808] [jointLog] [info] wrote 605 bootstraps
[2017-10-31 17:24:25.248] [jointLog] [info] wrote 606 bootstraps
[2017-10-31 17:24:25.998] [jointLog] [info] wrote 607 bootstraps
[2017-10-31 17:24:27.796] [jointLog] [info] wrote 608 bootstraps
[2017-10-31 17:24:29.038] [jointLog] [info] wrote 609 bootstraps
[2017-10-31 17:24:31.275] [jointLog] [info] wrote 610 bootstraps
[2017-10-31 17:24:31.638] [jointLog] [info] wrote 611 bootstraps
[2017-10-31 17:24:31.993] [jointLog] [info] wrote 612 bootstraps
[2017-10-31 17:24:32.487] [jointLog] [info] wrote 613 bootstraps
[2017-10-31 17:24:32.751] [jointLog] [info] wrote 614 bootstraps
[2017-10-31 17:24:33.715] [jointLog] [info] wrote 615 bootstraps
[2017-10-31 17:24:36.269] [jointLog] [info] wrote 616 bootstraps
[2017-10-31 17:24:37.188] [jointLog] [info] wrote 617 bootstraps
[2017-10-31 17:24:38.103] [jointLog] [info] wrote 618 bootstraps
[2017-10-31 17:24:38.851] [jointLog] [info] wrote 619 bootstraps
[2017-10-31 17:24:39.647] [jointLog] [info] wrote 620 bootstraps
[2017-10-31 17:24:40.207] [jointLog] [info] wrote 621 bootstraps
[2017-10-31 17:24:40.684] [jointLog] [info] wrote 622 bootstraps
[2017-10-31 17:24:42.790] [jointLog] [info] wrote 623 bootstraps
[2017-10-31 17:24:43.904] [jointLog] [info] wrote 624 bootstraps
[2017-10-31 17:24:44.261] [jointLog] [info] wrote 625 bootstraps
[2017-10-31 17:24:45.114] [jointLog] [info] wrote 626 bootstraps
[2017-10-31 17:24:47.365] [jointLog] [info] wrote 627 bootstraps
[2017-10-31 17:24:47.674] [jointLog] [info] wrote 628 bootstraps
[2017-10-31 17:24:48.769] [jointLog] [info] wrote 629 bootstraps
[2017-10-31 17:24:49.745] [jointLog] [info] wrote 630 bootstraps
[2017-10-31 17:24:50.646] [jointLog] [info] wrote 631 bootstraps
[2017-10-31 17:24:50.815] [jointLog] [info] wrote 632 bootstraps
[2017-10-31 17:24:50.928] [jointLog] [info] wrote 633 bootstraps
[2017-10-31 17:24:54.675] [jointLog] [info] wrote 634 bootstraps
[2017-10-31 17:24:55.156] [jointLog] [info] wrote 635 bootstraps
[2017-10-31 17:24:56.161] [jointLog] [info] wrote 636 bootstraps
[2017-10-31 17:24:56.591] [jointLog] [info] wrote 637 bootstraps
[2017-10-31 17:24:56.936] [jointLog] [info] wrote 638 bootstraps
[2017-10-31 17:24:57.093] [jointLog] [info] wrote 639 bootstraps
[2017-10-31 17:24:58.180] [jointLog] [info] wrote 640 bootstraps
[2017-10-31 17:25:01.902] [jointLog] [info] wrote 641 bootstraps
[2017-10-31 17:25:02.044] [jointLog] [info] wrote 642 bootstraps
[2017-10-31 17:25:03.495] [jointLog] [info] wrote 643 bootstraps
[2017-10-31 17:25:03.748] [jointLog] [info] wrote 644 bootstraps
[2017-10-31 17:25:03.857] [jointLog] [info] wrote 645 bootstraps
[2017-10-31 17:25:03.927] [jointLog] [info] wrote 646 bootstraps
[2017-10-31 17:25:04.389] [jointLog] [info] wrote 647 bootstraps
[2017-10-31 17:25:09.280] [jointLog] [info] wrote 648 bootstraps
[2017-10-31 17:25:09.376] [jointLog] [info] wrote 649 bootstraps
[2017-10-31 17:25:09.927] [jointLog] [info] wrote 650 bootstraps
[2017-10-31 17:25:10.029] [jointLog] [info] wrote 651 bootstraps
[2017-10-31 17:25:10.211] [jointLog] [info] wrote 652 bootstraps
[2017-10-31 17:25:10.710] [jointLog] [info] wrote 653 bootstraps
[2017-10-31 17:25:11.516] [jointLog] [info] wrote 654 bootstraps
[2017-10-31 17:25:16.463] [jointLog] [info] wrote 655 bootstraps
[2017-10-31 17:25:16.494] [jointLog] [info] wrote 656 bootstraps
[2017-10-31 17:25:16.516] [jointLog] [info] wrote 657 bootstraps
[2017-10-31 17:25:16.889] [jointLog] [info] wrote 658 bootstraps
[2017-10-31 17:25:16.918] [jointLog] [info] wrote 659 bootstraps
[2017-10-31 17:25:17.117] [jointLog] [info] wrote 660 bootstraps
[2017-10-31 17:25:18.724] [jointLog] [info] wrote 661 bootstraps
[2017-10-31 17:25:22.954] [jointLog] [info] wrote 662 bootstraps
[2017-10-31 17:25:23.177] [jointLog] [info] wrote 663 bootstraps
[2017-10-31 17:25:23.223] [jointLog] [info] wrote 664 bootstraps
[2017-10-31 17:25:23.926] [jointLog] [info] wrote 665 bootstraps
[2017-10-31 17:25:23.993] [jointLog] [info] wrote 666 bootstraps
[2017-10-31 17:25:24.023] [jointLog] [info] wrote 667 bootstraps
[2017-10-31 17:25:25.671] [jointLog] [info] wrote 668 bootstraps
[2017-10-31 17:25:28.962] [jointLog] [info] wrote 669 bootstraps
[2017-10-31 17:25:29.873] [jointLog] [info] wrote 670 bootstraps
[2017-10-31 17:25:30.017] [jointLog] [info] wrote 671 bootstraps
[2017-10-31 17:25:30.735] [jointLog] [info] wrote 672 bootstraps
[2017-10-31 17:25:31.373] [jointLog] [info] wrote 673 bootstraps
[2017-10-31 17:25:31.623] [jointLog] [info] wrote 674 bootstraps
[2017-10-31 17:25:32.567] [jointLog] [info] wrote 675 bootstraps
[2017-10-31 17:25:35.122] [jointLog] [info] wrote 676 bootstraps
[2017-10-31 17:25:36.841] [jointLog] [info] wrote 677 bootstraps
[2017-10-31 17:25:37.154] [jointLog] [info] wrote 678 bootstraps
[2017-10-31 17:25:37.277] [jointLog] [info] wrote 679 bootstraps
[2017-10-31 17:25:37.362] [jointLog] [info] wrote 680 bootstraps
[2017-10-31 17:25:38.986] [jointLog] [info] wrote 681 bootstraps
[2017-10-31 17:25:40.181] [jointLog] [info] wrote 682 bootstraps
[2017-10-31 17:25:42.191] [jointLog] [info] wrote 683 bootstraps
[2017-10-31 17:25:43.515] [jointLog] [info] wrote 684 bootstraps
[2017-10-31 17:25:43.645] [jointLog] [info] wrote 685 bootstraps
[2017-10-31 17:25:43.859] [jointLog] [info] wrote 686 bootstraps
[2017-10-31 17:25:44.093] [jointLog] [info] wrote 687 bootstraps
[2017-10-31 17:25:46.164] [jointLog] [info] wrote 688 bootstraps
[2017-10-31 17:25:47.072] [jointLog] [info] wrote 689 bootstraps
[2017-10-31 17:25:49.577] [jointLog] [info] wrote 690 bootstraps
[2017-10-31 17:25:49.833] [jointLog] [info] wrote 691 bootstraps
[2017-10-31 17:25:50.399] [jointLog] [info] wrote 692 bootstraps
[2017-10-31 17:25:50.739] [jointLog] [info] wrote 693 bootstraps
[2017-10-31 17:25:51.674] [jointLog] [info] wrote 694 bootstraps
[2017-10-31 17:25:52.264] [jointLog] [info] wrote 695 bootstraps
[2017-10-31 17:25:54.396] [jointLog] [info] wrote 696 bootstraps
[2017-10-31 17:25:56.297] [jointLog] [info] wrote 697 bootstraps
[2017-10-31 17:25:56.633] [jointLog] [info] wrote 698 bootstraps
[2017-10-31 17:25:57.675] [jointLog] [info] wrote 699 bootstraps
[2017-10-31 17:25:58.128] [jointLog] [info] wrote 700 bootstraps
[2017-10-31 17:25:58.383] [jointLog] [info] wrote 701 bootstraps
[2017-10-31 17:25:59.399] [jointLog] [info] wrote 702 bootstraps
[2017-10-31 17:26:01.978] [jointLog] [info] wrote 703 bootstraps
[2017-10-31 17:26:02.037] [jointLog] [info] wrote 704 bootstraps
[2017-10-31 17:26:02.590] [jointLog] [info] wrote 705 bootstraps
[2017-10-31 17:26:04.902] [jointLog] [info] wrote 706 bootstraps
[2017-10-31 17:26:05.048] [jointLog] [info] wrote 707 bootstraps
[2017-10-31 17:26:05.939] [jointLog] [info] wrote 708 bootstraps
[2017-10-31 17:26:07.091] [jointLog] [info] wrote 709 bootstraps
[2017-10-31 17:26:07.987] [jointLog] [info] wrote 710 bootstraps
[2017-10-31 17:26:09.047] [jointLog] [info] wrote 711 bootstraps
[2017-10-31 17:26:09.205] [jointLog] [info] wrote 712 bootstraps
[2017-10-31 17:26:10.989] [jointLog] [info] wrote 713 bootstraps
[2017-10-31 17:26:12.349] [jointLog] [info] wrote 714 bootstraps
[2017-10-31 17:26:13.621] [jointLog] [info] wrote 715 bootstraps
[2017-10-31 17:26:14.484] [jointLog] [info] wrote 716 bootstraps
[2017-10-31 17:26:14.765] [jointLog] [info] wrote 717 bootstraps
[2017-10-31 17:26:14.992] [jointLog] [info] wrote 718 bootstraps
[2017-10-31 17:26:16.532] [jointLog] [info] wrote 719 bootstraps
[2017-10-31 17:26:16.860] [jointLog] [info] wrote 720 bootstraps
[2017-10-31 17:26:19.213] [jointLog] [info] wrote 721 bootstraps
[2017-10-31 17:26:21.083] [jointLog] [info] wrote 722 bootstraps
[2017-10-31 17:26:21.645] [jointLog] [info] wrote 723 bootstraps
[2017-10-31 17:26:21.741] [jointLog] [info] wrote 724 bootstraps
[2017-10-31 17:26:22.067] [jointLog] [info] wrote 725 bootstraps
[2017-10-31 17:26:22.431] [jointLog] [info] wrote 726 bootstraps
[2017-10-31 17:26:24.276] [jointLog] [info] wrote 727 bootstraps
[2017-10-31 17:26:25.606] [jointLog] [info] wrote 728 bootstraps
[2017-10-31 17:26:27.296] [jointLog] [info] wrote 729 bootstraps
[2017-10-31 17:26:28.583] [jointLog] [info] wrote 730 bootstraps
[2017-10-31 17:26:28.833] [jointLog] [info] wrote 731 bootstraps
[2017-10-31 17:26:28.976] [jointLog] [info] wrote 732 bootstraps
[2017-10-31 17:26:30.154] [jointLog] [info] wrote 733 bootstraps
[2017-10-31 17:26:31.829] [jointLog] [info] wrote 734 bootstraps
[2017-10-31 17:26:31.872] [jointLog] [info] wrote 735 bootstraps
[2017-10-31 17:26:33.555] [jointLog] [info] wrote 736 bootstraps
[2017-10-31 17:26:34.957] [jointLog] [info] wrote 737 bootstraps
[2017-10-31 17:26:36.007] [jointLog] [info] wrote 738 bootstraps
[2017-10-31 17:26:36.365] [jointLog] [info] wrote 739 bootstraps
[2017-10-31 17:26:37.071] [jointLog] [info] wrote 740 bootstraps
[2017-10-31 17:26:38.873] [jointLog] [info] wrote 741 bootstraps
[2017-10-31 17:26:39.020] [jointLog] [info] wrote 742 bootstraps
[2017-10-31 17:26:40.494] [jointLog] [info] wrote 743 bootstraps
[2017-10-31 17:26:41.725] [jointLog] [info] wrote 744 bootstraps
[2017-10-31 17:26:41.755] [jointLog] [info] wrote 745 bootstraps
[2017-10-31 17:26:43.122] [jointLog] [info] wrote 746 bootstraps
[2017-10-31 17:26:43.523] [jointLog] [info] wrote 747 bootstraps
[2017-10-31 17:26:45.323] [jointLog] [info] wrote 748 bootstraps
[2017-10-31 17:26:46.052] [jointLog] [info] wrote 749 bootstraps
[2017-10-31 17:26:48.150] [jointLog] [info] wrote 750 bootstraps
[2017-10-31 17:26:49.111] [jointLog] [info] wrote 751 bootstraps
[2017-10-31 17:26:49.300] [jointLog] [info] wrote 752 bootstraps
[2017-10-31 17:26:49.458] [jointLog] [info] wrote 753 bootstraps
[2017-10-31 17:26:51.134] [jointLog] [info] wrote 754 bootstraps
[2017-10-31 17:26:51.637] [jointLog] [info] wrote 755 bootstraps
[2017-10-31 17:26:51.857] [jointLog] [info] wrote 756 bootstraps
[2017-10-31 17:26:55.188] [jointLog] [info] wrote 757 bootstraps
[2017-10-31 17:26:55.529] [jointLog] [info] wrote 758 bootstraps
[2017-10-31 17:26:56.253] [jointLog] [info] wrote 759 bootstraps
[2017-10-31 17:26:57.023] [jointLog] [info] wrote 760 bootstraps
[2017-10-31 17:26:57.937] [jointLog] [info] wrote 761 bootstraps
[2017-10-31 17:26:58.853] [jointLog] [info] wrote 762 bootstraps
[2017-10-31 17:26:59.807] [jointLog] [info] wrote 763 bootstraps
[2017-10-31 17:27:01.244] [jointLog] [info] wrote 764 bootstraps
[2017-10-31 17:27:01.765] [jointLog] [info] wrote 765 bootstraps
[2017-10-31 17:27:03.852] [jointLog] [info] wrote 766 bootstraps
[2017-10-31 17:27:04.101] [jointLog] [info] wrote 767 bootstraps
[2017-10-31 17:27:05.061] [jointLog] [info] wrote 768 bootstraps
[2017-10-31 17:27:05.660] [jointLog] [info] wrote 769 bootstraps
[2017-10-31 17:27:06.976] [jointLog] [info] wrote 770 bootstraps
[2017-10-31 17:27:07.450] [jointLog] [info] wrote 771 bootstraps
[2017-10-31 17:27:08.176] [jointLog] [info] wrote 772 bootstraps
[2017-10-31 17:27:10.842] [jointLog] [info] wrote 773 bootstraps
[2017-10-31 17:27:11.384] [jointLog] [info] wrote 774 bootstraps
[2017-10-31 17:27:11.530] [jointLog] [info] wrote 775 bootstraps
[2017-10-31 17:27:12.579] [jointLog] [info] wrote 776 bootstraps
[2017-10-31 17:27:12.755] [jointLog] [info] wrote 777 bootstraps
[2017-10-31 17:27:14.253] [jointLog] [info] wrote 778 bootstraps
[2017-10-31 17:27:15.377] [jointLog] [info] wrote 779 bootstraps
[2017-10-31 17:27:17.358] [jointLog] [info] wrote 780 bootstraps
[2017-10-31 17:27:17.960] [jointLog] [info] wrote 781 bootstraps
[2017-10-31 17:27:18.924] [jointLog] [info] wrote 782 bootstraps
[2017-10-31 17:27:19.195] [jointLog] [info] wrote 783 bootstraps
[2017-10-31 17:27:20.345] [jointLog] [info] wrote 784 bootstraps
[2017-10-31 17:27:21.077] [jointLog] [info] wrote 785 bootstraps
[2017-10-31 17:27:21.961] [jointLog] [info] wrote 786 bootstraps
[2017-10-31 17:27:24.507] [jointLog] [info] wrote 787 bootstraps
[2017-10-31 17:27:24.727] [jointLog] [info] wrote 788 bootstraps
[2017-10-31 17:27:24.986] [jointLog] [info] wrote 789 bootstraps
[2017-10-31 17:27:25.578] [jointLog] [info] wrote 790 bootstraps
[2017-10-31 17:27:27.308] [jointLog] [info] wrote 791 bootstraps
[2017-10-31 17:27:27.958] [jointLog] [info] wrote 792 bootstraps
[2017-10-31 17:27:28.222] [jointLog] [info] wrote 793 bootstraps
[2017-10-31 17:27:30.640] [jointLog] [info] wrote 794 bootstraps
[2017-10-31 17:27:31.996] [jointLog] [info] wrote 795 bootstraps
[2017-10-31 17:27:32.804] [jointLog] [info] wrote 796 bootstraps
[2017-10-31 17:27:32.995] [jointLog] [info] wrote 797 bootstraps
[2017-10-31 17:27:33.857] [jointLog] [info] wrote 798 bootstraps
[2017-10-31 17:27:34.767] [jointLog] [info] wrote 799 bootstraps
[2017-10-31 17:27:35.735] [jointLog] [info] wrote 800 bootstraps
[2017-10-31 17:27:37.155] [jointLog] [info] wrote 801 bootstraps
[2017-10-31 17:27:38.675] [jointLog] [info] wrote 802 bootstraps
[2017-10-31 17:27:38.991] [jointLog] [info] wrote 803 bootstraps
[2017-10-31 17:27:40.147] [jointLog] [info] wrote 804 bootstraps
[2017-10-31 17:27:40.527] [jointLog] [info] wrote 805 bootstraps
[2017-10-31 17:27:42.446] [jointLog] [info] wrote 806 bootstraps
[2017-10-31 17:27:42.948] [jointLog] [info] wrote 807 bootstraps
[2017-10-31 17:27:43.023] [jointLog] [info] wrote 808 bootstraps
[2017-10-31 17:27:45.526] [jointLog] [info] wrote 809 bootstraps
[2017-10-31 17:27:45.975] [jointLog] [info] wrote 810 bootstraps
[2017-10-31 17:27:47.099] [jointLog] [info] wrote 811 bootstraps
[2017-10-31 17:27:47.718] [jointLog] [info] wrote 812 bootstraps
[2017-10-31 17:27:48.049] [jointLog] [info] wrote 813 bootstraps
[2017-10-31 17:27:49.227] [jointLog] [info] wrote 814 bootstraps
[2017-10-31 17:27:50.469] [jointLog] [info] wrote 815 bootstraps
[2017-10-31 17:27:52.875] [jointLog] [info] wrote 816 bootstraps
[2017-10-31 17:27:53.354] [jointLog] [info] wrote 817 bootstraps
[2017-10-31 17:27:54.280] [jointLog] [info] wrote 818 bootstraps
[2017-10-31 17:27:54.882] [jointLog] [info] wrote 819 bootstraps
[2017-10-31 17:27:55.207] [jointLog] [info] wrote 820 bootstraps
[2017-10-31 17:27:55.777] [jointLog] [info] wrote 821 bootstraps
[2017-10-31 17:27:58.676] [jointLog] [info] wrote 822 bootstraps
[2017-10-31 17:27:59.555] [jointLog] [info] wrote 823 bootstraps
[2017-10-31 17:27:59.590] [jointLog] [info] wrote 824 bootstraps
[2017-10-31 17:28:01.030] [jointLog] [info] wrote 825 bootstraps
[2017-10-31 17:28:01.565] [jointLog] [info] wrote 826 bootstraps
[2017-10-31 17:28:01.834] [jointLog] [info] wrote 827 bootstraps
[2017-10-31 17:28:03.301] [jointLog] [info] wrote 828 bootstraps
[2017-10-31 17:28:06.016] [jointLog] [info] wrote 829 bootstraps
[2017-10-31 17:28:06.404] [jointLog] [info] wrote 830 bootstraps
[2017-10-31 17:28:06.763] [jointLog] [info] wrote 831 bootstraps
[2017-10-31 17:28:07.598] [jointLog] [info] wrote 832 bootstraps
[2017-10-31 17:28:07.812] [jointLog] [info] wrote 833 bootstraps
[2017-10-31 17:28:09.072] [jointLog] [info] wrote 834 bootstraps
[2017-10-31 17:28:09.328] [jointLog] [info] wrote 835 bootstraps
[2017-10-31 17:28:12.514] [jointLog] [info] wrote 836 bootstraps
[2017-10-31 17:28:13.158] [jointLog] [info] wrote 837 bootstraps
[2017-10-31 17:28:13.584] [jointLog] [info] wrote 838 bootstraps
[2017-10-31 17:28:14.245] [jointLog] [info] wrote 839 bootstraps
[2017-10-31 17:28:14.512] [jointLog] [info] wrote 840 bootstraps
[2017-10-31 17:28:16.715] [jointLog] [info] wrote 841 bootstraps
[2017-10-31 17:28:16.760] [jointLog] [info] wrote 842 bootstraps
[2017-10-31 17:28:17.742] [jointLog] [info] wrote 843 bootstraps
[2017-10-31 17:28:19.839] [jointLog] [info] wrote 844 bootstraps
[2017-10-31 17:28:20.867] [jointLog] [info] wrote 845 bootstraps
[2017-10-31 17:28:21.212] [jointLog] [info] wrote 846 bootstraps
[2017-10-31 17:28:21.958] [jointLog] [info] wrote 847 bootstraps
[2017-10-31 17:28:22.935] [jointLog] [info] wrote 848 bootstraps
[2017-10-31 17:28:23.665] [jointLog] [info] wrote 849 bootstraps
[2017-10-31 17:28:24.787] [jointLog] [info] wrote 850 bootstraps
[2017-10-31 17:28:26.287] [jointLog] [info] wrote 851 bootstraps
[2017-10-31 17:28:27.123] [jointLog] [info] wrote 852 bootstraps
[2017-10-31 17:28:28.666] [jointLog] [info] wrote 853 bootstraps
[2017-10-31 17:28:29.315] [jointLog] [info] wrote 854 bootstraps
[2017-10-31 17:28:29.588] [jointLog] [info] wrote 855 bootstraps
[2017-10-31 17:28:30.076] [jointLog] [info] wrote 856 bootstraps
[2017-10-31 17:28:31.056] [jointLog] [info] wrote 857 bootstraps
[2017-10-31 17:28:33.288] [jointLog] [info] wrote 858 bootstraps
[2017-10-31 17:28:33.317] [jointLog] [info] wrote 859 bootstraps
[2017-10-31 17:28:35.023] [jointLog] [info] wrote 860 bootstraps
[2017-10-31 17:28:35.810] [jointLog] [info] wrote 861 bootstraps
[2017-10-31 17:28:37.265] [jointLog] [info] wrote 862 bootstraps
[2017-10-31 17:28:37.493] [jointLog] [info] wrote 863 bootstraps
[2017-10-31 17:28:38.217] [jointLog] [info] wrote 864 bootstraps
[2017-10-31 17:28:39.382] [jointLog] [info] wrote 865 bootstraps
[2017-10-31 17:28:40.583] [jointLog] [info] wrote 866 bootstraps
[2017-10-31 17:28:42.569] [jointLog] [info] wrote 867 bootstraps
[2017-10-31 17:28:42.852] [jointLog] [info] wrote 868 bootstraps
[2017-10-31 17:28:43.924] [jointLog] [info] wrote 869 bootstraps
[2017-10-31 17:28:44.083] [jointLog] [info] wrote 870 bootstraps
[2017-10-31 17:28:44.757] [jointLog] [info] wrote 871 bootstraps
[2017-10-31 17:28:47.474] [jointLog] [info] wrote 872 bootstraps
[2017-10-31 17:28:48.041] [jointLog] [info] wrote 873 bootstraps
[2017-10-31 17:28:48.219] [jointLog] [info] wrote 874 bootstraps
[2017-10-31 17:28:49.627] [jointLog] [info] wrote 875 bootstraps
[2017-10-31 17:28:50.243] [jointLog] [info] wrote 876 bootstraps
[2017-10-31 17:28:50.954] [jointLog] [info] wrote 877 bootstraps
[2017-10-31 17:28:52.216] [jointLog] [info] wrote 878 bootstraps
[2017-10-31 17:28:54.021] [jointLog] [info] wrote 879 bootstraps
[2017-10-31 17:28:54.408] [jointLog] [info] wrote 880 bootstraps
[2017-10-31 17:28:54.995] [jointLog] [info] wrote 881 bootstraps
[2017-10-31 17:28:56.142] [jointLog] [info] wrote 882 bootstraps
[2017-10-31 17:28:57.929] [jointLog] [info] wrote 883 bootstraps
[2017-10-31 17:28:58.142] [jointLog] [info] wrote 884 bootstraps
[2017-10-31 17:28:59.608] [jointLog] [info] wrote 885 bootstraps
[2017-10-31 17:29:00.270] [jointLog] [info] wrote 886 bootstraps
[2017-10-31 17:29:01.488] [jointLog] [info] wrote 887 bootstraps
[2017-10-31 17:29:01.782] [jointLog] [info] wrote 888 bootstraps
[2017-10-31 17:29:01.940] [jointLog] [info] wrote 889 bootstraps
[2017-10-31 17:29:04.923] [jointLog] [info] wrote 890 bootstraps
[2017-10-31 17:29:05.898] [jointLog] [info] wrote 891 bootstraps
[2017-10-31 17:29:06.618] [jointLog] [info] wrote 892 bootstraps
[2017-10-31 17:29:06.699] [jointLog] [info] wrote 893 bootstraps
[2017-10-31 17:29:08.302] [jointLog] [info] wrote 894 bootstraps
[2017-10-31 17:29:09.135] [jointLog] [info] wrote 895 bootstraps
[2017-10-31 17:29:09.272] [jointLog] [info] wrote 896 bootstraps
[2017-10-31 17:29:10.492] [jointLog] [info] wrote 897 bootstraps
[2017-10-31 17:29:13.286] [jointLog] [info] wrote 898 bootstraps
[2017-10-31 17:29:13.391] [jointLog] [info] wrote 899 bootstraps
[2017-10-31 17:29:13.939] [jointLog] [info] wrote 900 bootstraps
[2017-10-31 17:29:15.633] [jointLog] [info] wrote 901 bootstraps
[2017-10-31 17:29:15.686] [jointLog] [info] wrote 902 bootstraps
[2017-10-31 17:29:15.792] [jointLog] [info] wrote 903 bootstraps
[2017-10-31 17:29:17.301] [jointLog] [info] wrote 904 bootstraps
[2017-10-31 17:29:19.864] [jointLog] [info] wrote 905 bootstraps
[2017-10-31 17:29:20.734] [jointLog] [info] wrote 906 bootstraps
[2017-10-31 17:29:21.089] [jointLog] [info] wrote 907 bootstraps
[2017-10-31 17:29:21.796] [jointLog] [info] wrote 908 bootstraps
[2017-10-31 17:29:22.915] [jointLog] [info] wrote 909 bootstraps
[2017-10-31 17:29:23.258] [jointLog] [info] wrote 910 bootstraps
[2017-10-31 17:29:23.841] [jointLog] [info] wrote 911 bootstraps
[2017-10-31 17:29:26.983] [jointLog] [info] wrote 912 bootstraps
[2017-10-31 17:29:28.232] [jointLog] [info] wrote 913 bootstraps
[2017-10-31 17:29:28.552] [jointLog] [info] wrote 914 bootstraps
[2017-10-31 17:29:28.582] [jointLog] [info] wrote 915 bootstraps
[2017-10-31 17:29:29.218] [jointLog] [info] wrote 916 bootstraps
[2017-10-31 17:29:30.081] [jointLog] [info] wrote 917 bootstraps
[2017-10-31 17:29:30.358] [jointLog] [info] wrote 918 bootstraps
[2017-10-31 17:29:33.806] [jointLog] [info] wrote 919 bootstraps
[2017-10-31 17:29:35.186] [jointLog] [info] wrote 920 bootstraps
[2017-10-31 17:29:35.334] [jointLog] [info] wrote 921 bootstraps
[2017-10-31 17:29:35.505] [jointLog] [info] wrote 922 bootstraps
[2017-10-31 17:29:35.539] [jointLog] [info] wrote 923 bootstraps
[2017-10-31 17:29:36.420] [jointLog] [info] wrote 924 bootstraps
[2017-10-31 17:29:37.529] [jointLog] [info] wrote 925 bootstraps
[2017-10-31 17:29:41.355] [jointLog] [info] wrote 926 bootstraps
[2017-10-31 17:29:41.385] [jointLog] [info] wrote 927 bootstraps
[2017-10-31 17:29:41.998] [jointLog] [info] wrote 928 bootstraps
[2017-10-31 17:29:42.082] [jointLog] [info] wrote 929 bootstraps
[2017-10-31 17:29:42.139] [jointLog] [info] wrote 930 bootstraps
[2017-10-31 17:29:43.887] [jointLog] [info] wrote 931 bootstraps
[2017-10-31 17:29:45.022] [jointLog] [info] wrote 932 bootstraps
[2017-10-31 17:29:46.971] [jointLog] [info] wrote 933 bootstraps
[2017-10-31 17:29:48.355] [jointLog] [info] wrote 934 bootstraps
[2017-10-31 17:29:48.551] [jointLog] [info] wrote 935 bootstraps
[2017-10-31 17:29:49.079] [jointLog] [info] wrote 936 bootstraps
[2017-10-31 17:29:49.667] [jointLog] [info] wrote 937 bootstraps
[2017-10-31 17:29:50.791] [jointLog] [info] wrote 938 bootstraps
[2017-10-31 17:29:51.819] [jointLog] [info] wrote 939 bootstraps
[2017-10-31 17:29:53.933] [jointLog] [info] wrote 940 bootstraps
[2017-10-31 17:29:55.645] [jointLog] [info] wrote 941 bootstraps
[2017-10-31 17:29:55.973] [jointLog] [info] wrote 942 bootstraps
[2017-10-31 17:29:56.229] [jointLog] [info] wrote 943 bootstraps
[2017-10-31 17:29:56.948] [jointLog] [info] wrote 944 bootstraps
[2017-10-31 17:29:57.477] [jointLog] [info] wrote 945 bootstraps
[2017-10-31 17:29:57.712] [jointLog] [info] wrote 946 bootstraps
[2017-10-31 17:29:59.909] [jointLog] [info] wrote 947 bootstraps
[2017-10-31 17:30:02.998] [jointLog] [info] wrote 948 bootstraps
[2017-10-31 17:30:03.315] [jointLog] [info] wrote 949 bootstraps
[2017-10-31 17:30:03.466] [jointLog] [info] wrote 950 bootstraps
[2017-10-31 17:30:03.802] [jointLog] [info] wrote 951 bootstraps
[2017-10-31 17:30:04.269] [jointLog] [info] wrote 952 bootstraps
[2017-10-31 17:30:05.185] [jointLog] [info] wrote 953 bootstraps
[2017-10-31 17:30:05.778] [jointLog] [info] wrote 954 bootstraps
[2017-10-31 17:30:09.266] [jointLog] [info] wrote 955 bootstraps
[2017-10-31 17:30:10.171] [jointLog] [info] wrote 956 bootstraps
[2017-10-31 17:30:10.199] [jointLog] [info] wrote 957 bootstraps
[2017-10-31 17:30:11.272] [jointLog] [info] wrote 958 bootstraps
[2017-10-31 17:30:11.302] [jointLog] [info] wrote 959 bootstraps
[2017-10-31 17:30:12.556] [jointLog] [info] wrote 960 bootstraps
[2017-10-31 17:30:12.757] [jointLog] [info] wrote 961 bootstraps
[2017-10-31 17:30:15.282] [jointLog] [info] wrote 962 bootstraps
[2017-10-31 17:30:15.718] [jointLog] [info] wrote 963 bootstraps
[2017-10-31 17:30:17.030] [jointLog] [info] wrote 964 bootstraps
[2017-10-31 17:30:18.395] [jointLog] [info] wrote 965 bootstraps
[2017-10-31 17:30:19.048] [jointLog] [info] wrote 966 bootstraps
[2017-10-31 17:30:19.428] [jointLog] [info] wrote 967 bootstraps
[2017-10-31 17:30:19.921] [jointLog] [info] wrote 968 bootstraps
[2017-10-31 17:30:21.724] [jointLog] [info] wrote 969 bootstraps
[2017-10-31 17:30:23.091] [jointLog] [info] wrote 970 bootstraps
[2017-10-31 17:30:24.036] [jointLog] [info] wrote 971 bootstraps
[2017-10-31 17:30:24.239] [jointLog] [info] wrote 972 bootstraps
[2017-10-31 17:30:26.551] [jointLog] [info] wrote 973 bootstraps
[2017-10-31 17:30:26.631] [jointLog] [info] wrote 974 bootstraps
[2017-10-31 17:30:26.970] [jointLog] [info] wrote 975 bootstraps
[2017-10-31 17:30:28.187] [jointLog] [info] wrote 976 bootstraps
[2017-10-31 17:30:30.200] [jointLog] [info] wrote 977 bootstraps
[2017-10-31 17:30:30.242] [jointLog] [info] wrote 978 bootstraps
[2017-10-31 17:30:31.439] [jointLog] [info] wrote 979 bootstraps
[2017-10-31 17:30:32.739] [jointLog] [info] wrote 980 bootstraps
[2017-10-31 17:30:33.339] [jointLog] [info] wrote 981 bootstraps
[2017-10-31 17:30:33.874] [jointLog] [info] wrote 982 bootstraps
[2017-10-31 17:30:35.600] [jointLog] [info] wrote 983 bootstraps
[2017-10-31 17:30:36.042] [jointLog] [info] wrote 984 bootstraps
[2017-10-31 17:30:38.009] [jointLog] [info] wrote 985 bootstraps
[2017-10-31 17:30:39.244] [jointLog] [info] wrote 986 bootstraps
[2017-10-31 17:30:39.270] [jointLog] [info] wrote 987 bootstraps
[2017-10-31 17:30:39.472] [jointLog] [info] wrote 988 bootstraps
[2017-10-31 17:30:41.408] [jointLog] [info] wrote 989 bootstraps
[2017-10-31 17:30:41.996] [jointLog] [info] wrote 990 bootstraps
[2017-10-31 17:30:43.223] [jointLog] [info] wrote 991 bootstraps
[2017-10-31 17:30:45.288] [jointLog] [info] wrote 992 bootstraps
[2017-10-31 17:30:45.825] [jointLog] [info] wrote 993 bootstraps
[2017-10-31 17:30:45.896] [jointLog] [info] wrote 994 bootstraps
[2017-10-31 17:30:46.265] [jointLog] [info] wrote 995 bootstraps
[2017-10-31 17:30:47.942] [jointLog] [info] wrote 996 bootstraps
[2017-10-31 17:30:48.142] [jointLog] [info] wrote 997 bootstraps
[2017-10-31 17:30:48.906] [jointLog] [info] wrote 998 bootstraps
[2017-10-31 17:30:49.398] [jointLog] [info] wrote 999 bootstraps
[2017-10-31 17:30:49.851] [jointLog] [info] wrote 1000 bootstraps
[2017-10-31 17:30:49.854] [jointLog] [info] Finished Bootstrapping
[2017-10-31 17:30:49.854] [jointLog] [warning] NOTE: Read Lib [athaliana/data/SRR6080009/SRR6080009.fastq.gz] :

Detected a *potential* strand bias > 1% in an unstranded protocol check the file: athaliana/quants/PRJNA408323/SRR6080009_quant/lib_format_counts.json for details

