[2017-10-31 17:30:50.387] [jointLog] [info] parsing read library format
[2017-10-31 17:30:50.387] [jointLog] [info] There is 1 library.
[2017-10-31 17:30:50.401] [jointLog] [info] Loading Quasi index
[2017-10-31 17:30:50.401] [jointLog] [info] Loading 32-bit quasi index
[2017-10-31 17:30:51.866] [jointLog] [info] done
[2017-10-31 17:30:51.866] [jointLog] [info] Index contained 55157 targets
[2017-10-31 17:30:52.051] [jointLog] [info] Automatically detected most likely library type as U
[2017-10-31 17:31:26.124] [fileLog] [info] 
At end of round 0
==================
Observed 23418045 total fragments (23418045 in most recent round)

[2017-10-31 17:31:26.124] [jointLog] [info] Computed 59899 rich equivalence classes for further processing
[2017-10-31 17:31:26.124] [jointLog] [info] Counted 22762315 total reads in the equivalence classes 
[2017-10-31 17:31:26.128] [jointLog] [info] Mapping rate = 97.1999%

[2017-10-31 17:31:26.128] [jointLog] [info] finished quantifyLibrary()
[2017-10-31 17:31:26.128] [jointLog] [info] Starting optimizer
[2017-10-31 17:31:26.153] [jointLog] [info] Marked 0 weighted equivalence classes as degenerate
[2017-10-31 17:31:26.154] [jointLog] [info] iteration = 0 | max rel diff. = 203.582
[2017-10-31 17:31:26.166] [jointLog] [info] iteration 11, adjusting effective lengths to account for biases
[2017-10-31 17:31:27.803] [jointLog] [info] Computed expected counts (for bias correction)
[2017-10-31 17:31:27.804] [jointLog] [info] processed bias for 0.0% of the transcripts
[2017-10-31 17:31:29.175] [jointLog] [info] processed bias for 10.0% of the transcripts
[2017-10-31 17:31:30.548] [jointLog] [info] processed bias for 20.0% of the transcripts
[2017-10-31 17:31:31.908] [jointLog] [info] processed bias for 30.0% of the transcripts
[2017-10-31 17:31:33.381] [jointLog] [info] processed bias for 40.0% of the transcripts
[2017-10-31 17:31:34.811] [jointLog] [info] processed bias for 50.0% of the transcripts
[2017-10-31 17:31:36.178] [jointLog] [info] processed bias for 60.0% of the transcripts
[2017-10-31 17:31:37.620] [jointLog] [info] processed bias for 70.0% of the transcripts
[2017-10-31 17:31:39.069] [jointLog] [info] processed bias for 80.0% of the transcripts
[2017-10-31 17:31:39.383] [jointLog] [info] processed bias for 100.0% of the transcripts
[2017-10-31 17:31:39.510] [jointLog] [info] iteration = 100 | max rel diff. = 0.270842
[2017-10-31 17:31:39.643] [jointLog] [info] iteration = 200 | max rel diff. = 0.0966731
[2017-10-31 17:31:39.777] [jointLog] [info] iteration = 300 | max rel diff. = 0.0420087
[2017-10-31 17:31:39.914] [jointLog] [info] iteration = 400 | max rel diff. = 0.0288583
[2017-10-31 17:31:40.049] [jointLog] [info] iteration = 500 | max rel diff. = 0.0249336
[2017-10-31 17:31:40.180] [jointLog] [info] iteration = 600 | max rel diff. = 0.019683
[2017-10-31 17:31:40.315] [jointLog] [info] iteration = 700 | max rel diff. = 0.0167496
[2017-10-31 17:31:40.458] [jointLog] [info] iteration = 800 | max rel diff. = 0.0152979
[2017-10-31 17:31:40.593] [jointLog] [info] iteration = 900 | max rel diff. = 0.0125473
[2017-10-31 17:31:40.728] [jointLog] [info] iteration = 1000 | max rel diff. = 0.0114622
[2017-10-31 17:31:40.865] [jointLog] [info] iteration = 1100 | max rel diff. = 0.0114626
[2017-10-31 17:31:40.965] [jointLog] [info] iteration = 1176 | max rel diff. = 0.00952137
[2017-10-31 17:31:40.967] [jointLog] [info] Finished optimizer
[2017-10-31 17:31:40.967] [jointLog] [info] writing output 

[2017-10-31 17:31:41.027] [jointLog] [info] Starting Bootstrapping
[2017-10-31 17:31:41.033] [jointLog] [info] Will draw 1000 bootstrap samples
[2017-10-31 17:31:41.033] [jointLog] [info] Optimizing over 59899 equivalence classes
[2017-10-31 17:31:41.035] [jointLog] [info] Marked 0 weighted equivalence classes as degenerate
[2017-10-31 17:31:47.165] [jointLog] [info] wrote 1 bootstraps
[2017-10-31 17:31:47.668] [jointLog] [info] wrote 2 bootstraps
[2017-10-31 17:31:47.983] [jointLog] [info] wrote 3 bootstraps
[2017-10-31 17:31:48.331] [jointLog] [info] wrote 4 bootstraps
[2017-10-31 17:31:48.430] [jointLog] [info] wrote 5 bootstraps
[2017-10-31 17:31:49.099] [jointLog] [info] wrote 6 bootstraps
[2017-10-31 17:31:49.226] [jointLog] [info] wrote 7 bootstraps
[2017-10-31 17:31:54.213] [jointLog] [info] wrote 8 bootstraps
[2017-10-31 17:31:54.348] [jointLog] [info] wrote 9 bootstraps
[2017-10-31 17:31:55.058] [jointLog] [info] wrote 10 bootstraps
[2017-10-31 17:31:55.085] [jointLog] [info] wrote 11 bootstraps
[2017-10-31 17:31:55.972] [jointLog] [info] wrote 12 bootstraps
[2017-10-31 17:31:56.207] [jointLog] [info] wrote 13 bootstraps
[2017-10-31 17:31:57.015] [jointLog] [info] wrote 14 bootstraps
[2017-10-31 17:32:01.674] [jointLog] [info] wrote 15 bootstraps
[2017-10-31 17:32:02.349] [jointLog] [info] wrote 16 bootstraps
[2017-10-31 17:32:02.380] [jointLog] [info] wrote 17 bootstraps
[2017-10-31 17:32:02.831] [jointLog] [info] wrote 18 bootstraps
[2017-10-31 17:32:02.916] [jointLog] [info] wrote 19 bootstraps
[2017-10-31 17:32:02.947] [jointLog] [info] wrote 20 bootstraps
[2017-10-31 17:32:03.702] [jointLog] [info] wrote 21 bootstraps
[2017-10-31 17:32:08.912] [jointLog] [info] wrote 22 bootstraps
[2017-10-31 17:32:09.184] [jointLog] [info] wrote 23 bootstraps
[2017-10-31 17:32:09.267] [jointLog] [info] wrote 24 bootstraps
[2017-10-31 17:32:09.298] [jointLog] [info] wrote 25 bootstraps
[2017-10-31 17:32:09.637] [jointLog] [info] wrote 26 bootstraps
[2017-10-31 17:32:11.231] [jointLog] [info] wrote 27 bootstraps
[2017-10-31 17:32:11.828] [jointLog] [info] wrote 28 bootstraps
[2017-10-31 17:32:15.254] [jointLog] [info] wrote 29 bootstraps
[2017-10-31 17:32:15.498] [jointLog] [info] wrote 30 bootstraps
[2017-10-31 17:32:16.026] [jointLog] [info] wrote 31 bootstraps
[2017-10-31 17:32:17.325] [jointLog] [info] wrote 32 bootstraps
[2017-10-31 17:32:17.462] [jointLog] [info] wrote 33 bootstraps
[2017-10-31 17:32:18.892] [jointLog] [info] wrote 34 bootstraps
[2017-10-31 17:32:19.835] [jointLog] [info] wrote 35 bootstraps
[2017-10-31 17:32:21.266] [jointLog] [info] wrote 36 bootstraps
[2017-10-31 17:32:22.850] [jointLog] [info] wrote 37 bootstraps
[2017-10-31 17:32:23.020] [jointLog] [info] wrote 38 bootstraps
[2017-10-31 17:32:25.100] [jointLog] [info] wrote 39 bootstraps
[2017-10-31 17:32:25.555] [jointLog] [info] wrote 40 bootstraps
[2017-10-31 17:32:25.685] [jointLog] [info] wrote 41 bootstraps
[2017-10-31 17:32:27.766] [jointLog] [info] wrote 42 bootstraps
[2017-10-31 17:32:28.568] [jointLog] [info] wrote 43 bootstraps
[2017-10-31 17:32:29.141] [jointLog] [info] wrote 44 bootstraps
[2017-10-31 17:32:29.624] [jointLog] [info] wrote 45 bootstraps
[2017-10-31 17:32:32.398] [jointLog] [info] wrote 46 bootstraps
[2017-10-31 17:32:32.573] [jointLog] [info] wrote 47 bootstraps
[2017-10-31 17:32:33.747] [jointLog] [info] wrote 48 bootstraps
[2017-10-31 17:32:34.911] [jointLog] [info] wrote 49 bootstraps
[2017-10-31 17:32:36.000] [jointLog] [info] wrote 50 bootstraps
[2017-10-31 17:32:36.131] [jointLog] [info] wrote 51 bootstraps
[2017-10-31 17:32:36.733] [jointLog] [info] wrote 52 bootstraps
[2017-10-31 17:32:39.434] [jointLog] [info] wrote 53 bootstraps
[2017-10-31 17:32:40.170] [jointLog] [info] wrote 54 bootstraps
[2017-10-31 17:32:41.090] [jointLog] [info] wrote 55 bootstraps
[2017-10-31 17:32:41.578] [jointLog] [info] wrote 56 bootstraps
[2017-10-31 17:32:42.961] [jointLog] [info] wrote 57 bootstraps
[2017-10-31 17:32:43.044] [jointLog] [info] wrote 58 bootstraps
[2017-10-31 17:32:43.916] [jointLog] [info] wrote 59 bootstraps
[2017-10-31 17:32:46.847] [jointLog] [info] wrote 60 bootstraps
[2017-10-31 17:32:47.531] [jointLog] [info] wrote 61 bootstraps
[2017-10-31 17:32:48.280] [jointLog] [info] wrote 62 bootstraps
[2017-10-31 17:32:48.731] [jointLog] [info] wrote 63 bootstraps
[2017-10-31 17:32:49.620] [jointLog] [info] wrote 64 bootstraps
[2017-10-31 17:32:50.904] [jointLog] [info] wrote 65 bootstraps
[2017-10-31 17:32:51.300] [jointLog] [info] wrote 66 bootstraps
[2017-10-31 17:32:53.868] [jointLog] [info] wrote 67 bootstraps
[2017-10-31 17:32:55.474] [jointLog] [info] wrote 68 bootstraps
[2017-10-31 17:32:55.507] [jointLog] [info] wrote 69 bootstraps
[2017-10-31 17:32:55.537] [jointLog] [info] wrote 70 bootstraps
[2017-10-31 17:32:57.563] [jointLog] [info] wrote 71 bootstraps
[2017-10-31 17:32:57.894] [jointLog] [info] wrote 72 bootstraps
[2017-10-31 17:32:58.554] [jointLog] [info] wrote 73 bootstraps
[2017-10-31 17:33:01.561] [jointLog] [info] wrote 74 bootstraps
[2017-10-31 17:33:02.196] [jointLog] [info] wrote 75 bootstraps
[2017-10-31 17:33:02.752] [jointLog] [info] wrote 76 bootstraps
[2017-10-31 17:33:02.995] [jointLog] [info] wrote 77 bootstraps
[2017-10-31 17:33:04.328] [jointLog] [info] wrote 78 bootstraps
[2017-10-31 17:33:05.346] [jointLog] [info] wrote 79 bootstraps
[2017-10-31 17:33:06.233] [jointLog] [info] wrote 80 bootstraps
[2017-10-31 17:33:08.847] [jointLog] [info] wrote 81 bootstraps
[2017-10-31 17:33:09.063] [jointLog] [info] wrote 82 bootstraps
[2017-10-31 17:33:09.751] [jointLog] [info] wrote 83 bootstraps
[2017-10-31 17:33:10.334] [jointLog] [info] wrote 84 bootstraps
[2017-10-31 17:33:10.978] [jointLog] [info] wrote 85 bootstraps
[2017-10-31 17:33:13.237] [jointLog] [info] wrote 86 bootstraps
[2017-10-31 17:33:14.085] [jointLog] [info] wrote 87 bootstraps
[2017-10-31 17:33:15.526] [jointLog] [info] wrote 88 bootstraps
[2017-10-31 17:33:16.394] [jointLog] [info] wrote 89 bootstraps
[2017-10-31 17:33:16.549] [jointLog] [info] wrote 90 bootstraps
[2017-10-31 17:33:16.798] [jointLog] [info] wrote 91 bootstraps
[2017-10-31 17:33:19.155] [jointLog] [info] wrote 92 bootstraps
[2017-10-31 17:33:21.238] [jointLog] [info] wrote 93 bootstraps
[2017-10-31 17:33:21.307] [jointLog] [info] wrote 94 bootstraps
[2017-10-31 17:33:22.621] [jointLog] [info] wrote 95 bootstraps
[2017-10-31 17:33:23.054] [jointLog] [info] wrote 96 bootstraps
[2017-10-31 17:33:23.569] [jointLog] [info] wrote 97 bootstraps
[2017-10-31 17:33:24.466] [jointLog] [info] wrote 98 bootstraps
[2017-10-31 17:33:27.235] [jointLog] [info] wrote 99 bootstraps
[2017-10-31 17:33:27.909] [jointLog] [info] wrote 100 bootstraps
[2017-10-31 17:33:29.066] [jointLog] [info] wrote 101 bootstraps
[2017-10-31 17:33:29.788] [jointLog] [info] wrote 102 bootstraps
[2017-10-31 17:33:30.210] [jointLog] [info] wrote 103 bootstraps
[2017-10-31 17:33:30.241] [jointLog] [info] wrote 104 bootstraps
[2017-10-31 17:33:31.885] [jointLog] [info] wrote 105 bootstraps
[2017-10-31 17:33:33.645] [jointLog] [info] wrote 106 bootstraps
[2017-10-31 17:33:35.015] [jointLog] [info] wrote 107 bootstraps
[2017-10-31 17:33:36.416] [jointLog] [info] wrote 108 bootstraps
[2017-10-31 17:33:37.515] [jointLog] [info] wrote 109 bootstraps
[2017-10-31 17:33:37.949] [jointLog] [info] wrote 110 bootstraps
[2017-10-31 17:33:38.140] [jointLog] [info] wrote 111 bootstraps
[2017-10-31 17:33:39.470] [jointLog] [info] wrote 112 bootstraps
[2017-10-31 17:33:39.750] [jointLog] [info] wrote 113 bootstraps
[2017-10-31 17:33:42.260] [jointLog] [info] wrote 114 bootstraps
[2017-10-31 17:33:43.227] [jointLog] [info] wrote 115 bootstraps
[2017-10-31 17:33:44.897] [jointLog] [info] wrote 116 bootstraps
[2017-10-31 17:33:45.305] [jointLog] [info] wrote 117 bootstraps
[2017-10-31 17:33:45.385] [jointLog] [info] wrote 118 bootstraps
[2017-10-31 17:33:46.465] [jointLog] [info] wrote 119 bootstraps
[2017-10-31 17:33:46.536] [jointLog] [info] wrote 120 bootstraps
[2017-10-31 17:33:49.445] [jointLog] [info] wrote 121 bootstraps
[2017-10-31 17:33:50.225] [jointLog] [info] wrote 122 bootstraps
[2017-10-31 17:33:51.601] [jointLog] [info] wrote 123 bootstraps
[2017-10-31 17:33:52.128] [jointLog] [info] wrote 124 bootstraps
[2017-10-31 17:33:52.940] [jointLog] [info] wrote 125 bootstraps
[2017-10-31 17:33:53.206] [jointLog] [info] wrote 126 bootstraps
[2017-10-31 17:33:54.599] [jointLog] [info] wrote 127 bootstraps
[2017-10-31 17:33:57.364] [jointLog] [info] wrote 128 bootstraps
[2017-10-31 17:33:57.521] [jointLog] [info] wrote 129 bootstraps
[2017-10-31 17:33:58.611] [jointLog] [info] wrote 130 bootstraps
[2017-10-31 17:33:59.197] [jointLog] [info] wrote 131 bootstraps
[2017-10-31 17:34:00.492] [jointLog] [info] wrote 132 bootstraps
[2017-10-31 17:34:01.099] [jointLog] [info] wrote 133 bootstraps
[2017-10-31 17:34:01.255] [jointLog] [info] wrote 134 bootstraps
[2017-10-31 17:34:04.285] [jointLog] [info] wrote 135 bootstraps
[2017-10-31 17:34:04.865] [jointLog] [info] wrote 136 bootstraps
[2017-10-31 17:34:05.622] [jointLog] [info] wrote 137 bootstraps
[2017-10-31 17:34:05.853] [jointLog] [info] wrote 138 bootstraps
[2017-10-31 17:34:08.068] [jointLog] [info] wrote 139 bootstraps
[2017-10-31 17:34:08.674] [jointLog] [info] wrote 140 bootstraps
[2017-10-31 17:34:09.364] [jointLog] [info] wrote 141 bootstraps
[2017-10-31 17:34:11.988] [jointLog] [info] wrote 142 bootstraps
[2017-10-31 17:34:12.568] [jointLog] [info] wrote 143 bootstraps
[2017-10-31 17:34:12.860] [jointLog] [info] wrote 144 bootstraps
[2017-10-31 17:34:13.083] [jointLog] [info] wrote 145 bootstraps
[2017-10-31 17:34:14.852] [jointLog] [info] wrote 146 bootstraps
[2017-10-31 17:34:15.365] [jointLog] [info] wrote 147 bootstraps
[2017-10-31 17:34:16.035] [jointLog] [info] wrote 148 bootstraps
[2017-10-31 17:34:19.198] [jointLog] [info] wrote 149 bootstraps
[2017-10-31 17:34:19.949] [jointLog] [info] wrote 150 bootstraps
[2017-10-31 17:34:20.654] [jointLog] [info] wrote 151 bootstraps
[2017-10-31 17:34:21.176] [jointLog] [info] wrote 152 bootstraps
[2017-10-31 17:34:21.746] [jointLog] [info] wrote 153 bootstraps
[2017-10-31 17:34:22.428] [jointLog] [info] wrote 154 bootstraps
[2017-10-31 17:34:23.065] [jointLog] [info] wrote 155 bootstraps
[2017-10-31 17:34:26.537] [jointLog] [info] wrote 156 bootstraps
[2017-10-31 17:34:27.920] [jointLog] [info] wrote 157 bootstraps
[2017-10-31 17:34:28.571] [jointLog] [info] wrote 158 bootstraps
[2017-10-31 17:34:28.913] [jointLog] [info] wrote 159 bootstraps
[2017-10-31 17:34:28.944] [jointLog] [info] wrote 160 bootstraps
[2017-10-31 17:34:28.966] [jointLog] [info] wrote 161 bootstraps
[2017-10-31 17:34:29.654] [jointLog] [info] wrote 162 bootstraps
[2017-10-31 17:34:32.843] [jointLog] [info] wrote 163 bootstraps
[2017-10-31 17:34:35.084] [jointLog] [info] wrote 164 bootstraps
[2017-10-31 17:34:35.638] [jointLog] [info] wrote 165 bootstraps
[2017-10-31 17:34:36.293] [jointLog] [info] wrote 166 bootstraps
[2017-10-31 17:34:36.778] [jointLog] [info] wrote 167 bootstraps
[2017-10-31 17:34:36.901] [jointLog] [info] wrote 168 bootstraps
[2017-10-31 17:34:37.183] [jointLog] [info] wrote 169 bootstraps
[2017-10-31 17:34:40.742] [jointLog] [info] wrote 170 bootstraps
[2017-10-31 17:34:41.637] [jointLog] [info] wrote 171 bootstraps
[2017-10-31 17:34:42.850] [jointLog] [info] wrote 172 bootstraps
[2017-10-31 17:34:42.968] [jointLog] [info] wrote 173 bootstraps
[2017-10-31 17:34:43.464] [jointLog] [info] wrote 174 bootstraps
[2017-10-31 17:34:44.342] [jointLog] [info] wrote 175 bootstraps
[2017-10-31 17:34:45.386] [jointLog] [info] wrote 176 bootstraps
[2017-10-31 17:34:47.727] [jointLog] [info] wrote 177 bootstraps
[2017-10-31 17:34:48.672] [jointLog] [info] wrote 178 bootstraps
[2017-10-31 17:34:49.374] [jointLog] [info] wrote 179 bootstraps
[2017-10-31 17:34:50.955] [jointLog] [info] wrote 180 bootstraps
[2017-10-31 17:34:51.041] [jointLog] [info] wrote 181 bootstraps
[2017-10-31 17:34:51.202] [jointLog] [info] wrote 182 bootstraps
[2017-10-31 17:34:53.340] [jointLog] [info] wrote 183 bootstraps
[2017-10-31 17:34:55.387] [jointLog] [info] wrote 184 bootstraps
[2017-10-31 17:34:55.692] [jointLog] [info] wrote 185 bootstraps
[2017-10-31 17:34:56.469] [jointLog] [info] wrote 186 bootstraps
[2017-10-31 17:34:56.720] [jointLog] [info] wrote 187 bootstraps
[2017-10-31 17:34:58.821] [jointLog] [info] wrote 188 bootstraps
[2017-10-31 17:34:58.859] [jointLog] [info] wrote 189 bootstraps
[2017-10-31 17:35:00.336] [jointLog] [info] wrote 190 bootstraps
[2017-10-31 17:35:02.366] [jointLog] [info] wrote 191 bootstraps
[2017-10-31 17:35:03.090] [jointLog] [info] wrote 192 bootstraps
[2017-10-31 17:35:04.245] [jointLog] [info] wrote 193 bootstraps
[2017-10-31 17:35:04.263] [jointLog] [info] wrote 194 bootstraps
[2017-10-31 17:35:04.855] [jointLog] [info] wrote 195 bootstraps
[2017-10-31 17:35:06.887] [jointLog] [info] wrote 196 bootstraps
[2017-10-31 17:35:08.203] [jointLog] [info] wrote 197 bootstraps
[2017-10-31 17:35:09.296] [jointLog] [info] wrote 198 bootstraps
[2017-10-31 17:35:09.952] [jointLog] [info] wrote 199 bootstraps
[2017-10-31 17:35:10.722] [jointLog] [info] wrote 200 bootstraps
[2017-10-31 17:35:11.673] [jointLog] [info] wrote 201 bootstraps
[2017-10-31 17:35:12.351] [jointLog] [info] wrote 202 bootstraps
[2017-10-31 17:35:14.967] [jointLog] [info] wrote 203 bootstraps
[2017-10-31 17:35:15.155] [jointLog] [info] wrote 204 bootstraps
[2017-10-31 17:35:16.758] [jointLog] [info] wrote 205 bootstraps
[2017-10-31 17:35:16.867] [jointLog] [info] wrote 206 bootstraps
[2017-10-31 17:35:17.667] [jointLog] [info] wrote 207 bootstraps
[2017-10-31 17:35:18.500] [jointLog] [info] wrote 208 bootstraps
[2017-10-31 17:35:20.635] [jointLog] [info] wrote 209 bootstraps
[2017-10-31 17:35:21.712] [jointLog] [info] wrote 210 bootstraps
[2017-10-31 17:35:23.071] [jointLog] [info] wrote 211 bootstraps
[2017-10-31 17:35:23.404] [jointLog] [info] wrote 212 bootstraps
[2017-10-31 17:35:24.629] [jointLog] [info] wrote 213 bootstraps
[2017-10-31 17:35:24.702] [jointLog] [info] wrote 214 bootstraps
[2017-10-31 17:35:25.762] [jointLog] [info] wrote 215 bootstraps
[2017-10-31 17:35:28.181] [jointLog] [info] wrote 216 bootstraps
[2017-10-31 17:35:28.475] [jointLog] [info] wrote 217 bootstraps
[2017-10-31 17:35:29.958] [jointLog] [info] wrote 218 bootstraps
[2017-10-31 17:35:30.958] [jointLog] [info] wrote 219 bootstraps
[2017-10-31 17:35:31.548] [jointLog] [info] wrote 220 bootstraps
[2017-10-31 17:35:31.815] [jointLog] [info] wrote 221 bootstraps
[2017-10-31 17:35:33.247] [jointLog] [info] wrote 222 bootstraps
[2017-10-31 17:35:34.574] [jointLog] [info] wrote 223 bootstraps
[2017-10-31 17:35:36.615] [jointLog] [info] wrote 224 bootstraps
[2017-10-31 17:35:36.962] [jointLog] [info] wrote 225 bootstraps
[2017-10-31 17:35:37.942] [jointLog] [info] wrote 226 bootstraps
[2017-10-31 17:35:38.154] [jointLog] [info] wrote 227 bootstraps
[2017-10-31 17:35:39.953] [jointLog] [info] wrote 228 bootstraps
[2017-10-31 17:35:40.348] [jointLog] [info] wrote 229 bootstraps
[2017-10-31 17:35:41.376] [jointLog] [info] wrote 230 bootstraps
[2017-10-31 17:35:44.629] [jointLog] [info] wrote 231 bootstraps
[2017-10-31 17:35:44.694] [jointLog] [info] wrote 232 bootstraps
[2017-10-31 17:35:45.579] [jointLog] [info] wrote 233 bootstraps
[2017-10-31 17:35:45.663] [jointLog] [info] wrote 234 bootstraps
[2017-10-31 17:35:47.503] [jointLog] [info] wrote 235 bootstraps
[2017-10-31 17:35:47.552] [jointLog] [info] wrote 236 bootstraps
[2017-10-31 17:35:47.804] [jointLog] [info] wrote 237 bootstraps
[2017-10-31 17:35:50.837] [jointLog] [info] wrote 238 bootstraps
[2017-10-31 17:35:52.571] [jointLog] [info] wrote 239 bootstraps
[2017-10-31 17:35:52.909] [jointLog] [info] wrote 240 bootstraps
[2017-10-31 17:35:53.166] [jointLog] [info] wrote 241 bootstraps
[2017-10-31 17:35:54.167] [jointLog] [info] wrote 242 bootstraps
[2017-10-31 17:35:54.861] [jointLog] [info] wrote 243 bootstraps
[2017-10-31 17:35:55.482] [jointLog] [info] wrote 244 bootstraps
[2017-10-31 17:35:58.176] [jointLog] [info] wrote 245 bootstraps
[2017-10-31 17:35:59.961] [jointLog] [info] wrote 246 bootstraps
[2017-10-31 17:36:00.077] [jointLog] [info] wrote 247 bootstraps
[2017-10-31 17:36:00.553] [jointLog] [info] wrote 248 bootstraps
[2017-10-31 17:36:01.286] [jointLog] [info] wrote 249 bootstraps
[2017-10-31 17:36:02.059] [jointLog] [info] wrote 250 bootstraps
[2017-10-31 17:36:02.259] [jointLog] [info] wrote 251 bootstraps
[2017-10-31 17:36:06.014] [jointLog] [info] wrote 252 bootstraps
[2017-10-31 17:36:06.841] [jointLog] [info] wrote 253 bootstraps
[2017-10-31 17:36:07.412] [jointLog] [info] wrote 254 bootstraps
[2017-10-31 17:36:08.005] [jointLog] [info] wrote 255 bootstraps
[2017-10-31 17:36:08.848] [jointLog] [info] wrote 256 bootstraps
[2017-10-31 17:36:09.299] [jointLog] [info] wrote 257 bootstraps
[2017-10-31 17:36:09.803] [jointLog] [info] wrote 258 bootstraps
[2017-10-31 17:36:12.498] [jointLog] [info] wrote 259 bootstraps
[2017-10-31 17:36:13.209] [jointLog] [info] wrote 260 bootstraps
[2017-10-31 17:36:14.316] [jointLog] [info] wrote 261 bootstraps
[2017-10-31 17:36:15.655] [jointLog] [info] wrote 262 bootstraps
[2017-10-31 17:36:16.003] [jointLog] [info] wrote 263 bootstraps
[2017-10-31 17:36:16.843] [jointLog] [info] wrote 264 bootstraps
[2017-10-31 17:36:17.819] [jointLog] [info] wrote 265 bootstraps
[2017-10-31 17:36:19.692] [jointLog] [info] wrote 266 bootstraps
[2017-10-31 17:36:20.847] [jointLog] [info] wrote 267 bootstraps
[2017-10-31 17:36:21.175] [jointLog] [info] wrote 268 bootstraps
[2017-10-31 17:36:22.800] [jointLog] [info] wrote 269 bootstraps
[2017-10-31 17:36:22.901] [jointLog] [info] wrote 270 bootstraps
[2017-10-31 17:36:23.175] [jointLog] [info] wrote 271 bootstraps
[2017-10-31 17:36:26.154] [jointLog] [info] wrote 272 bootstraps
[2017-10-31 17:36:26.842] [jointLog] [info] wrote 273 bootstraps
[2017-10-31 17:36:27.985] [jointLog] [info] wrote 274 bootstraps
[2017-10-31 17:36:29.267] [jointLog] [info] wrote 275 bootstraps
[2017-10-31 17:36:29.480] [jointLog] [info] wrote 276 bootstraps
[2017-10-31 17:36:29.652] [jointLog] [info] wrote 277 bootstraps
[2017-10-31 17:36:31.121] [jointLog] [info] wrote 278 bootstraps
[2017-10-31 17:36:32.888] [jointLog] [info] wrote 279 bootstraps
[2017-10-31 17:36:33.813] [jointLog] [info] wrote 280 bootstraps
[2017-10-31 17:36:34.456] [jointLog] [info] wrote 281 bootstraps
[2017-10-31 17:36:36.911] [jointLog] [info] wrote 282 bootstraps
[2017-10-31 17:36:37.279] [jointLog] [info] wrote 283 bootstraps
[2017-10-31 17:36:37.391] [jointLog] [info] wrote 284 bootstraps
[2017-10-31 17:36:37.495] [jointLog] [info] wrote 285 bootstraps
[2017-10-31 17:36:40.176] [jointLog] [info] wrote 286 bootstraps
[2017-10-31 17:36:41.220] [jointLog] [info] wrote 287 bootstraps
[2017-10-31 17:36:42.401] [jointLog] [info] wrote 288 bootstraps
[2017-10-31 17:36:43.599] [jointLog] [info] wrote 289 bootstraps
[2017-10-31 17:36:43.842] [jointLog] [info] wrote 290 bootstraps
[2017-10-31 17:36:44.501] [jointLog] [info] wrote 291 bootstraps
[2017-10-31 17:36:44.680] [jointLog] [info] wrote 292 bootstraps
[2017-10-31 17:36:48.255] [jointLog] [info] wrote 293 bootstraps
[2017-10-31 17:36:48.518] [jointLog] [info] wrote 294 bootstraps
[2017-10-31 17:36:49.984] [jointLog] [info] wrote 295 bootstraps
[2017-10-31 17:36:50.109] [jointLog] [info] wrote 296 bootstraps
[2017-10-31 17:36:50.523] [jointLog] [info] wrote 297 bootstraps
[2017-10-31 17:36:51.450] [jointLog] [info] wrote 298 bootstraps
[2017-10-31 17:36:52.063] [jointLog] [info] wrote 299 bootstraps
[2017-10-31 17:36:55.832] [jointLog] [info] wrote 300 bootstraps
[2017-10-31 17:36:56.287] [jointLog] [info] wrote 301 bootstraps
[2017-10-31 17:36:56.631] [jointLog] [info] wrote 302 bootstraps
[2017-10-31 17:36:56.814] [jointLog] [info] wrote 303 bootstraps
[2017-10-31 17:36:57.436] [jointLog] [info] wrote 304 bootstraps
[2017-10-31 17:36:59.492] [jointLog] [info] wrote 305 bootstraps
[2017-10-31 17:37:00.305] [jointLog] [info] wrote 306 bootstraps
[2017-10-31 17:37:02.187] [jointLog] [info] wrote 307 bootstraps
[2017-10-31 17:37:02.723] [jointLog] [info] wrote 308 bootstraps
[2017-10-31 17:37:03.954] [jointLog] [info] wrote 309 bootstraps
[2017-10-31 17:37:04.654] [jointLog] [info] wrote 310 bootstraps
[2017-10-31 17:37:04.807] [jointLog] [info] wrote 311 bootstraps
[2017-10-31 17:37:07.665] [jointLog] [info] wrote 312 bootstraps
[2017-10-31 17:37:08.154] [jointLog] [info] wrote 313 bootstraps
[2017-10-31 17:37:08.335] [jointLog] [info] wrote 314 bootstraps
[2017-10-31 17:37:08.899] [jointLog] [info] wrote 315 bootstraps
[2017-10-31 17:37:11.847] [jointLog] [info] wrote 316 bootstraps
[2017-10-31 17:37:11.882] [jointLog] [info] wrote 317 bootstraps
[2017-10-31 17:37:12.559] [jointLog] [info] wrote 318 bootstraps
[2017-10-31 17:37:14.961] [jointLog] [info] wrote 319 bootstraps
[2017-10-31 17:37:14.999] [jointLog] [info] wrote 320 bootstraps
[2017-10-31 17:37:15.351] [jointLog] [info] wrote 321 bootstraps
[2017-10-31 17:37:15.543] [jointLog] [info] wrote 322 bootstraps
[2017-10-31 17:37:18.186] [jointLog] [info] wrote 323 bootstraps
[2017-10-31 17:37:19.287] [jointLog] [info] wrote 324 bootstraps
[2017-10-31 17:37:20.765] [jointLog] [info] wrote 325 bootstraps
[2017-10-31 17:37:21.887] [jointLog] [info] wrote 326 bootstraps
[2017-10-31 17:37:22.669] [jointLog] [info] wrote 327 bootstraps
[2017-10-31 17:37:22.700] [jointLog] [info] wrote 328 bootstraps
[2017-10-31 17:37:23.171] [jointLog] [info] wrote 329 bootstraps
[2017-10-31 17:37:24.475] [jointLog] [info] wrote 330 bootstraps
[2017-10-31 17:37:27.252] [jointLog] [info] wrote 331 bootstraps
[2017-10-31 17:37:27.919] [jointLog] [info] wrote 332 bootstraps
[2017-10-31 17:37:29.852] [jointLog] [info] wrote 333 bootstraps
[2017-10-31 17:37:29.923] [jointLog] [info] wrote 334 bootstraps
[2017-10-31 17:37:30.017] [jointLog] [info] wrote 335 bootstraps
[2017-10-31 17:37:30.342] [jointLog] [info] wrote 336 bootstraps
[2017-10-31 17:37:31.317] [jointLog] [info] wrote 337 bootstraps
[2017-10-31 17:37:34.388] [jointLog] [info] wrote 338 bootstraps
[2017-10-31 17:37:35.340] [jointLog] [info] wrote 339 bootstraps
[2017-10-31 17:37:36.309] [jointLog] [info] wrote 340 bootstraps
[2017-10-31 17:37:36.434] [jointLog] [info] wrote 341 bootstraps
[2017-10-31 17:37:37.562] [jointLog] [info] wrote 342 bootstraps
[2017-10-31 17:37:38.057] [jointLog] [info] wrote 343 bootstraps
[2017-10-31 17:37:39.278] [jointLog] [info] wrote 344 bootstraps
[2017-10-31 17:37:41.493] [jointLog] [info] wrote 345 bootstraps
[2017-10-31 17:37:42.914] [jointLog] [info] wrote 346 bootstraps
[2017-10-31 17:37:43.315] [jointLog] [info] wrote 347 bootstraps
[2017-10-31 17:37:43.474] [jointLog] [info] wrote 348 bootstraps
[2017-10-31 17:37:44.333] [jointLog] [info] wrote 349 bootstraps
[2017-10-31 17:37:45.663] [jointLog] [info] wrote 350 bootstraps
[2017-10-31 17:37:46.297] [jointLog] [info] wrote 351 bootstraps
[2017-10-31 17:37:48.877] [jointLog] [info] wrote 352 bootstraps
[2017-10-31 17:37:49.705] [jointLog] [info] wrote 353 bootstraps
[2017-10-31 17:37:50.462] [jointLog] [info] wrote 354 bootstraps
[2017-10-31 17:37:51.301] [jointLog] [info] wrote 355 bootstraps
[2017-10-31 17:37:51.460] [jointLog] [info] wrote 356 bootstraps
[2017-10-31 17:37:52.888] [jointLog] [info] wrote 357 bootstraps
[2017-10-31 17:37:54.433] [jointLog] [info] wrote 358 bootstraps
[2017-10-31 17:37:55.548] [jointLog] [info] wrote 359 bootstraps
[2017-10-31 17:37:56.907] [jointLog] [info] wrote 360 bootstraps
[2017-10-31 17:37:57.152] [jointLog] [info] wrote 361 bootstraps
[2017-10-31 17:37:58.627] [jointLog] [info] wrote 362 bootstraps
[2017-10-31 17:37:59.099] [jointLog] [info] wrote 363 bootstraps
[2017-10-31 17:38:00.033] [jointLog] [info] wrote 364 bootstraps
[2017-10-31 17:38:02.508] [jointLog] [info] wrote 365 bootstraps
[2017-10-31 17:38:03.058] [jointLog] [info] wrote 366 bootstraps
[2017-10-31 17:38:03.140] [jointLog] [info] wrote 367 bootstraps
[2017-10-31 17:38:05.120] [jointLog] [info] wrote 368 bootstraps
[2017-10-31 17:38:05.782] [jointLog] [info] wrote 369 bootstraps
[2017-10-31 17:38:06.143] [jointLog] [info] wrote 370 bootstraps
[2017-10-31 17:38:06.589] [jointLog] [info] wrote 371 bootstraps
[2017-10-31 17:38:09.926] [jointLog] [info] wrote 372 bootstraps
[2017-10-31 17:38:10.579] [jointLog] [info] wrote 373 bootstraps
[2017-10-31 17:38:11.511] [jointLog] [info] wrote 374 bootstraps
[2017-10-31 17:38:12.033] [jointLog] [info] wrote 375 bootstraps
[2017-10-31 17:38:12.267] [jointLog] [info] wrote 376 bootstraps
[2017-10-31 17:38:13.348] [jointLog] [info] wrote 377 bootstraps
[2017-10-31 17:38:13.380] [jointLog] [info] wrote 378 bootstraps
[2017-10-31 17:38:18.061] [jointLog] [info] wrote 379 bootstraps
[2017-10-31 17:38:18.580] [jointLog] [info] wrote 380 bootstraps
[2017-10-31 17:38:18.683] [jointLog] [info] wrote 381 bootstraps
[2017-10-31 17:38:18.996] [jointLog] [info] wrote 382 bootstraps
[2017-10-31 17:38:19.156] [jointLog] [info] wrote 383 bootstraps
[2017-10-31 17:38:19.907] [jointLog] [info] wrote 384 bootstraps
[2017-10-31 17:38:21.300] [jointLog] [info] wrote 385 bootstraps
[2017-10-31 17:38:24.782] [jointLog] [info] wrote 386 bootstraps
[2017-10-31 17:38:24.829] [jointLog] [info] wrote 387 bootstraps
[2017-10-31 17:38:25.818] [jointLog] [info] wrote 388 bootstraps
[2017-10-31 17:38:27.209] [jointLog] [info] wrote 389 bootstraps
[2017-10-31 17:38:27.240] [jointLog] [info] wrote 390 bootstraps
[2017-10-31 17:38:27.368] [jointLog] [info] wrote 391 bootstraps
[2017-10-31 17:38:29.329] [jointLog] [info] wrote 392 bootstraps
[2017-10-31 17:38:30.981] [jointLog] [info] wrote 393 bootstraps
[2017-10-31 17:38:31.235] [jointLog] [info] wrote 394 bootstraps
[2017-10-31 17:38:32.896] [jointLog] [info] wrote 395 bootstraps
[2017-10-31 17:38:34.930] [jointLog] [info] wrote 396 bootstraps
[2017-10-31 17:38:35.311] [jointLog] [info] wrote 397 bootstraps
[2017-10-31 17:38:35.522] [jointLog] [info] wrote 398 bootstraps
[2017-10-31 17:38:35.752] [jointLog] [info] wrote 399 bootstraps
[2017-10-31 17:38:37.694] [jointLog] [info] wrote 400 bootstraps
[2017-10-31 17:38:38.997] [jointLog] [info] wrote 401 bootstraps
[2017-10-31 17:38:39.425] [jointLog] [info] wrote 402 bootstraps
[2017-10-31 17:38:42.535] [jointLog] [info] wrote 403 bootstraps
[2017-10-31 17:38:43.048] [jointLog] [info] wrote 404 bootstraps
[2017-10-31 17:38:43.565] [jointLog] [info] wrote 405 bootstraps
[2017-10-31 17:38:43.595] [jointLog] [info] wrote 406 bootstraps
[2017-10-31 17:38:43.865] [jointLog] [info] wrote 407 bootstraps
[2017-10-31 17:38:45.480] [jointLog] [info] wrote 408 bootstraps
[2017-10-31 17:38:46.079] [jointLog] [info] wrote 409 bootstraps
[2017-10-31 17:38:49.886] [jointLog] [info] wrote 410 bootstraps
[2017-10-31 17:38:49.980] [jointLog] [info] wrote 411 bootstraps
[2017-10-31 17:38:50.328] [jointLog] [info] wrote 412 bootstraps
[2017-10-31 17:38:51.370] [jointLog] [info] wrote 413 bootstraps
[2017-10-31 17:38:51.529] [jointLog] [info] wrote 414 bootstraps
[2017-10-31 17:38:52.369] [jointLog] [info] wrote 415 bootstraps
[2017-10-31 17:38:53.383] [jointLog] [info] wrote 416 bootstraps
[2017-10-31 17:38:57.064] [jointLog] [info] wrote 417 bootstraps
[2017-10-31 17:38:57.096] [jointLog] [info] wrote 418 bootstraps
[2017-10-31 17:38:57.231] [jointLog] [info] wrote 419 bootstraps
[2017-10-31 17:38:58.572] [jointLog] [info] wrote 420 bootstraps
[2017-10-31 17:38:59.519] [jointLog] [info] wrote 421 bootstraps
[2017-10-31 17:38:59.554] [jointLog] [info] wrote 422 bootstraps
[2017-10-31 17:39:00.993] [jointLog] [info] wrote 423 bootstraps
[2017-10-31 17:39:04.052] [jointLog] [info] wrote 424 bootstraps
[2017-10-31 17:39:04.211] [jointLog] [info] wrote 425 bootstraps
[2017-10-31 17:39:04.720] [jointLog] [info] wrote 426 bootstraps
[2017-10-31 17:39:04.854] [jointLog] [info] wrote 427 bootstraps
[2017-10-31 17:39:06.090] [jointLog] [info] wrote 428 bootstraps
[2017-10-31 17:39:07.872] [jointLog] [info] wrote 429 bootstraps
[2017-10-31 17:39:09.205] [jointLog] [info] wrote 430 bootstraps
[2017-10-31 17:39:10.900] [jointLog] [info] wrote 431 bootstraps
[2017-10-31 17:39:11.025] [jointLog] [info] wrote 432 bootstraps
[2017-10-31 17:39:12.004] [jointLog] [info] wrote 433 bootstraps
[2017-10-31 17:39:12.748] [jointLog] [info] wrote 434 bootstraps
[2017-10-31 17:39:12.770] [jointLog] [info] wrote 435 bootstraps
[2017-10-31 17:39:15.631] [jointLog] [info] wrote 436 bootstraps
[2017-10-31 17:39:16.714] [jointLog] [info] wrote 437 bootstraps
[2017-10-31 17:39:17.131] [jointLog] [info] wrote 438 bootstraps
[2017-10-31 17:39:18.060] [jointLog] [info] wrote 439 bootstraps
[2017-10-31 17:39:18.264] [jointLog] [info] wrote 440 bootstraps
[2017-10-31 17:39:20.503] [jointLog] [info] wrote 441 bootstraps
[2017-10-31 17:39:20.983] [jointLog] [info] wrote 442 bootstraps
[2017-10-31 17:39:22.531] [jointLog] [info] wrote 443 bootstraps
[2017-10-31 17:39:23.906] [jointLog] [info] wrote 444 bootstraps
[2017-10-31 17:39:24.664] [jointLog] [info] wrote 445 bootstraps
[2017-10-31 17:39:25.446] [jointLog] [info] wrote 446 bootstraps
[2017-10-31 17:39:25.527] [jointLog] [info] wrote 447 bootstraps
[2017-10-31 17:39:27.514] [jointLog] [info] wrote 448 bootstraps
[2017-10-31 17:39:29.275] [jointLog] [info] wrote 449 bootstraps
[2017-10-31 17:39:30.274] [jointLog] [info] wrote 450 bootstraps
[2017-10-31 17:39:31.066] [jointLog] [info] wrote 451 bootstraps
[2017-10-31 17:39:31.098] [jointLog] [info] wrote 452 bootstraps
[2017-10-31 17:39:33.088] [jointLog] [info] wrote 453 bootstraps
[2017-10-31 17:39:33.398] [jointLog] [info] wrote 454 bootstraps
[2017-10-31 17:39:33.506] [jointLog] [info] wrote 455 bootstraps
[2017-10-31 17:39:36.246] [jointLog] [info] wrote 456 bootstraps
[2017-10-31 17:39:37.307] [jointLog] [info] wrote 457 bootstraps
[2017-10-31 17:39:37.994] [jointLog] [info] wrote 458 bootstraps
[2017-10-31 17:39:39.156] [jointLog] [info] wrote 459 bootstraps
[2017-10-31 17:39:40.015] [jointLog] [info] wrote 460 bootstraps
[2017-10-31 17:39:40.163] [jointLog] [info] wrote 461 bootstraps
[2017-10-31 17:39:40.801] [jointLog] [info] wrote 462 bootstraps
[2017-10-31 17:39:43.052] [jointLog] [info] wrote 463 bootstraps
[2017-10-31 17:39:44.501] [jointLog] [info] wrote 464 bootstraps
[2017-10-31 17:39:45.963] [jointLog] [info] wrote 465 bootstraps
[2017-10-31 17:39:46.800] [jointLog] [info] wrote 466 bootstraps
[2017-10-31 17:39:47.443] [jointLog] [info] wrote 467 bootstraps
[2017-10-31 17:39:47.636] [jointLog] [info] wrote 468 bootstraps
[2017-10-31 17:39:47.673] [jointLog] [info] wrote 469 bootstraps
[2017-10-31 17:39:49.444] [jointLog] [info] wrote 470 bootstraps
[2017-10-31 17:39:52.719] [jointLog] [info] wrote 471 bootstraps
[2017-10-31 17:39:52.870] [jointLog] [info] wrote 472 bootstraps
[2017-10-31 17:39:53.678] [jointLog] [info] wrote 473 bootstraps
[2017-10-31 17:39:53.923] [jointLog] [info] wrote 474 bootstraps
[2017-10-31 17:39:55.444] [jointLog] [info] wrote 475 bootstraps
[2017-10-31 17:39:55.840] [jointLog] [info] wrote 476 bootstraps
[2017-10-31 17:39:56.736] [jointLog] [info] wrote 477 bootstraps
[2017-10-31 17:39:59.955] [jointLog] [info] wrote 478 bootstraps
[2017-10-31 17:40:00.009] [jointLog] [info] wrote 479 bootstraps
[2017-10-31 17:40:00.052] [jointLog] [info] wrote 480 bootstraps
[2017-10-31 17:40:01.871] [jointLog] [info] wrote 481 bootstraps
[2017-10-31 17:40:02.127] [jointLog] [info] wrote 482 bootstraps
[2017-10-31 17:40:03.958] [jointLog] [info] wrote 483 bootstraps
[2017-10-31 17:40:04.603] [jointLog] [info] wrote 484 bootstraps
[2017-10-31 17:40:05.618] [jointLog] [info] wrote 485 bootstraps
[2017-10-31 17:40:06.913] [jointLog] [info] wrote 486 bootstraps
[2017-10-31 17:40:07.908] [jointLog] [info] wrote 487 bootstraps
[2017-10-31 17:40:08.158] [jointLog] [info] wrote 488 bootstraps
[2017-10-31 17:40:09.831] [jointLog] [info] wrote 489 bootstraps
[2017-10-31 17:40:11.202] [jointLog] [info] wrote 490 bootstraps
[2017-10-31 17:40:12.578] [jointLog] [info] wrote 491 bootstraps
[2017-10-31 17:40:12.988] [jointLog] [info] wrote 492 bootstraps
[2017-10-31 17:40:13.805] [jointLog] [info] wrote 493 bootstraps
[2017-10-31 17:40:14.880] [jointLog] [info] wrote 494 bootstraps
[2017-10-31 17:40:16.001] [jointLog] [info] wrote 495 bootstraps
[2017-10-31 17:40:17.225] [jointLog] [info] wrote 496 bootstraps
[2017-10-31 17:40:17.797] [jointLog] [info] wrote 497 bootstraps
[2017-10-31 17:40:19.006] [jointLog] [info] wrote 498 bootstraps
[2017-10-31 17:40:21.002] [jointLog] [info] wrote 499 bootstraps
[2017-10-31 17:40:21.501] [jointLog] [info] wrote 500 bootstraps
[2017-10-31 17:40:21.955] [jointLog] [info] wrote 501 bootstraps
[2017-10-31 17:40:24.189] [jointLog] [info] wrote 502 bootstraps
[2017-10-31 17:40:24.722] [jointLog] [info] wrote 503 bootstraps
[2017-10-31 17:40:25.302] [jointLog] [info] wrote 504 bootstraps
[2017-10-31 17:40:25.357] [jointLog] [info] wrote 505 bootstraps
[2017-10-31 17:40:27.684] [jointLog] [info] wrote 506 bootstraps
[2017-10-31 17:40:27.895] [jointLog] [info] wrote 507 bootstraps
[2017-10-31 17:40:30.140] [jointLog] [info] wrote 508 bootstraps
[2017-10-31 17:40:31.826] [jointLog] [info] wrote 509 bootstraps
[2017-10-31 17:40:32.273] [jointLog] [info] wrote 510 bootstraps
[2017-10-31 17:40:32.558] [jointLog] [info] wrote 511 bootstraps
[2017-10-31 17:40:32.750] [jointLog] [info] wrote 512 bootstraps
[2017-10-31 17:40:33.616] [jointLog] [info] wrote 513 bootstraps
[2017-10-31 17:40:35.153] [jointLog] [info] wrote 514 bootstraps
[2017-10-31 17:40:38.106] [jointLog] [info] wrote 515 bootstraps
[2017-10-31 17:40:38.216] [jointLog] [info] wrote 516 bootstraps
[2017-10-31 17:40:39.305] [jointLog] [info] wrote 517 bootstraps
[2017-10-31 17:40:40.151] [jointLog] [info] wrote 518 bootstraps
[2017-10-31 17:40:40.242] [jointLog] [info] wrote 519 bootstraps
[2017-10-31 17:40:40.546] [jointLog] [info] wrote 520 bootstraps
[2017-10-31 17:40:42.257] [jointLog] [info] wrote 521 bootstraps
[2017-10-31 17:40:44.870] [jointLog] [info] wrote 522 bootstraps
[2017-10-31 17:40:45.623] [jointLog] [info] wrote 523 bootstraps
[2017-10-31 17:40:46.596] [jointLog] [info] wrote 524 bootstraps
[2017-10-31 17:40:47.427] [jointLog] [info] wrote 525 bootstraps
[2017-10-31 17:40:48.212] [jointLog] [info] wrote 526 bootstraps
[2017-10-31 17:40:48.300] [jointLog] [info] wrote 527 bootstraps
[2017-10-31 17:40:49.589] [jointLog] [info] wrote 528 bootstraps
[2017-10-31 17:40:51.670] [jointLog] [info] wrote 529 bootstraps
[2017-10-31 17:40:51.780] [jointLog] [info] wrote 530 bootstraps
[2017-10-31 17:40:54.019] [jointLog] [info] wrote 531 bootstraps
[2017-10-31 17:40:54.547] [jointLog] [info] wrote 532 bootstraps
[2017-10-31 17:40:56.385] [jointLog] [info] wrote 533 bootstraps
[2017-10-31 17:40:56.534] [jointLog] [info] wrote 534 bootstraps
[2017-10-31 17:40:57.114] [jointLog] [info] wrote 535 bootstraps
[2017-10-31 17:40:58.689] [jointLog] [info] wrote 536 bootstraps
[2017-10-31 17:40:58.938] [jointLog] [info] wrote 537 bootstraps
[2017-10-31 17:41:00.282] [jointLog] [info] wrote 538 bootstraps
[2017-10-31 17:41:01.220] [jointLog] [info] wrote 539 bootstraps
[2017-10-31 17:41:04.432] [jointLog] [info] wrote 540 bootstraps
[2017-10-31 17:41:04.626] [jointLog] [info] wrote 541 bootstraps
[2017-10-31 17:41:04.675] [jointLog] [info] wrote 542 bootstraps
[2017-10-31 17:41:05.750] [jointLog] [info] wrote 543 bootstraps
[2017-10-31 17:41:06.272] [jointLog] [info] wrote 544 bootstraps
[2017-10-31 17:41:07.575] [jointLog] [info] wrote 545 bootstraps
[2017-10-31 17:41:08.595] [jointLog] [info] wrote 546 bootstraps
[2017-10-31 17:41:10.639] [jointLog] [info] wrote 547 bootstraps
[2017-10-31 17:41:11.260] [jointLog] [info] wrote 548 bootstraps
[2017-10-31 17:41:12.463] [jointLog] [info] wrote 549 bootstraps
[2017-10-31 17:41:12.829] [jointLog] [info] wrote 550 bootstraps
[2017-10-31 17:41:13.216] [jointLog] [info] wrote 551 bootstraps
[2017-10-31 17:41:15.699] [jointLog] [info] wrote 552 bootstraps
[2017-10-31 17:41:16.284] [jointLog] [info] wrote 553 bootstraps
[2017-10-31 17:41:17.515] [jointLog] [info] wrote 554 bootstraps
[2017-10-31 17:41:17.978] [jointLog] [info] wrote 555 bootstraps
[2017-10-31 17:41:19.338] [jointLog] [info] wrote 556 bootstraps
[2017-10-31 17:41:19.619] [jointLog] [info] wrote 557 bootstraps
[2017-10-31 17:41:20.676] [jointLog] [info] wrote 558 bootstraps
[2017-10-31 17:41:23.231] [jointLog] [info] wrote 559 bootstraps
[2017-10-31 17:41:23.758] [jointLog] [info] wrote 560 bootstraps
[2017-10-31 17:41:23.909] [jointLog] [info] wrote 561 bootstraps
[2017-10-31 17:41:25.878] [jointLog] [info] wrote 562 bootstraps
[2017-10-31 17:41:26.768] [jointLog] [info] wrote 563 bootstraps
[2017-10-31 17:41:26.861] [jointLog] [info] wrote 564 bootstraps
[2017-10-31 17:41:28.955] [jointLog] [info] wrote 565 bootstraps
[2017-10-31 17:41:29.474] [jointLog] [info] wrote 566 bootstraps
[2017-10-31 17:41:30.038] [jointLog] [info] wrote 567 bootstraps
[2017-10-31 17:41:31.841] [jointLog] [info] wrote 568 bootstraps
[2017-10-31 17:41:33.186] [jointLog] [info] wrote 569 bootstraps
[2017-10-31 17:41:33.831] [jointLog] [info] wrote 570 bootstraps
[2017-10-31 17:41:34.578] [jointLog] [info] wrote 571 bootstraps
[2017-10-31 17:41:36.468] [jointLog] [info] wrote 572 bootstraps
[2017-10-31 17:41:36.681] [jointLog] [info] wrote 573 bootstraps
[2017-10-31 17:41:37.072] [jointLog] [info] wrote 574 bootstraps
[2017-10-31 17:41:39.484] [jointLog] [info] wrote 575 bootstraps
[2017-10-31 17:41:39.830] [jointLog] [info] wrote 576 bootstraps
[2017-10-31 17:41:40.760] [jointLog] [info] wrote 577 bootstraps
[2017-10-31 17:41:42.360] [jointLog] [info] wrote 578 bootstraps
[2017-10-31 17:41:43.646] [jointLog] [info] wrote 579 bootstraps
[2017-10-31 17:41:43.807] [jointLog] [info] wrote 580 bootstraps
[2017-10-31 17:41:44.722] [jointLog] [info] wrote 581 bootstraps
[2017-10-31 17:41:46.182] [jointLog] [info] wrote 582 bootstraps
[2017-10-31 17:41:46.252] [jointLog] [info] wrote 583 bootstraps
[2017-10-31 17:41:48.812] [jointLog] [info] wrote 584 bootstraps
[2017-10-31 17:41:50.468] [jointLog] [info] wrote 585 bootstraps
[2017-10-31 17:41:50.487] [jointLog] [info] wrote 586 bootstraps
[2017-10-31 17:41:51.845] [jointLog] [info] wrote 587 bootstraps
[2017-10-31 17:41:51.989] [jointLog] [info] wrote 588 bootstraps
[2017-10-31 17:41:52.154] [jointLog] [info] wrote 589 bootstraps
[2017-10-31 17:41:53.037] [jointLog] [info] wrote 590 bootstraps
[2017-10-31 17:41:55.635] [jointLog] [info] wrote 591 bootstraps
[2017-10-31 17:41:57.567] [jointLog] [info] wrote 592 bootstraps
[2017-10-31 17:41:58.492] [jointLog] [info] wrote 593 bootstraps
[2017-10-31 17:41:58.584] [jointLog] [info] wrote 594 bootstraps
[2017-10-31 17:41:58.753] [jointLog] [info] wrote 595 bootstraps
[2017-10-31 17:42:00.193] [jointLog] [info] wrote 596 bootstraps
[2017-10-31 17:42:01.344] [jointLog] [info] wrote 597 bootstraps
[2017-10-31 17:42:02.026] [jointLog] [info] wrote 598 bootstraps
[2017-10-31 17:42:04.178] [jointLog] [info] wrote 599 bootstraps
[2017-10-31 17:42:04.881] [jointLog] [info] wrote 600 bootstraps
[2017-10-31 17:42:06.633] [jointLog] [info] wrote 601 bootstraps
[2017-10-31 17:42:07.313] [jointLog] [info] wrote 602 bootstraps
[2017-10-31 17:42:08.559] [jointLog] [info] wrote 603 bootstraps
[2017-10-31 17:42:08.667] [jointLog] [info] wrote 604 bootstraps
[2017-10-31 17:42:09.241] [jointLog] [info] wrote 605 bootstraps
[2017-10-31 17:42:09.513] [jointLog] [info] wrote 606 bootstraps
[2017-10-31 17:42:11.678] [jointLog] [info] wrote 607 bootstraps
[2017-10-31 17:42:14.709] [jointLog] [info] wrote 608 bootstraps
[2017-10-31 17:42:15.368] [jointLog] [info] wrote 609 bootstraps
[2017-10-31 17:42:15.397] [jointLog] [info] wrote 610 bootstraps
[2017-10-31 17:42:16.417] [jointLog] [info] wrote 611 bootstraps
[2017-10-31 17:42:16.789] [jointLog] [info] wrote 612 bootstraps
[2017-10-31 17:42:16.934] [jointLog] [info] wrote 613 bootstraps
[2017-10-31 17:42:17.452] [jointLog] [info] wrote 614 bootstraps
[2017-10-31 17:42:21.974] [jointLog] [info] wrote 615 bootstraps
[2017-10-31 17:42:22.515] [jointLog] [info] wrote 616 bootstraps
[2017-10-31 17:42:23.306] [jointLog] [info] wrote 617 bootstraps
[2017-10-31 17:42:23.364] [jointLog] [info] wrote 618 bootstraps
[2017-10-31 17:42:23.567] [jointLog] [info] wrote 619 bootstraps
[2017-10-31 17:42:24.847] [jointLog] [info] wrote 620 bootstraps
[2017-10-31 17:42:25.449] [jointLog] [info] wrote 621 bootstraps
[2017-10-31 17:42:29.563] [jointLog] [info] wrote 622 bootstraps
[2017-10-31 17:42:29.850] [jointLog] [info] wrote 623 bootstraps
[2017-10-31 17:42:30.425] [jointLog] [info] wrote 624 bootstraps
[2017-10-31 17:42:30.612] [jointLog] [info] wrote 625 bootstraps
[2017-10-31 17:42:30.744] [jointLog] [info] wrote 626 bootstraps
[2017-10-31 17:42:31.654] [jointLog] [info] wrote 627 bootstraps
[2017-10-31 17:42:33.370] [jointLog] [info] wrote 628 bootstraps
[2017-10-31 17:42:36.858] [jointLog] [info] wrote 629 bootstraps
[2017-10-31 17:42:37.175] [jointLog] [info] wrote 630 bootstraps
[2017-10-31 17:42:37.563] [jointLog] [info] wrote 631 bootstraps
[2017-10-31 17:42:37.597] [jointLog] [info] wrote 632 bootstraps
[2017-10-31 17:42:38.299] [jointLog] [info] wrote 633 bootstraps
[2017-10-31 17:42:38.899] [jointLog] [info] wrote 634 bootstraps
[2017-10-31 17:42:40.928] [jointLog] [info] wrote 635 bootstraps
[2017-10-31 17:42:43.623] [jointLog] [info] wrote 636 bootstraps
[2017-10-31 17:42:43.933] [jointLog] [info] wrote 637 bootstraps
[2017-10-31 17:42:44.410] [jointLog] [info] wrote 638 bootstraps
[2017-10-31 17:42:45.146] [jointLog] [info] wrote 639 bootstraps
[2017-10-31 17:42:45.724] [jointLog] [info] wrote 640 bootstraps
[2017-10-31 17:42:46.345] [jointLog] [info] wrote 641 bootstraps
[2017-10-31 17:42:47.615] [jointLog] [info] wrote 642 bootstraps
[2017-10-31 17:42:50.054] [jointLog] [info] wrote 643 bootstraps
[2017-10-31 17:42:51.458] [jointLog] [info] wrote 644 bootstraps
[2017-10-31 17:42:52.365] [jointLog] [info] wrote 645 bootstraps
[2017-10-31 17:42:52.941] [jointLog] [info] wrote 646 bootstraps
[2017-10-31 17:42:53.151] [jointLog] [info] wrote 647 bootstraps
[2017-10-31 17:42:53.750] [jointLog] [info] wrote 648 bootstraps
[2017-10-31 17:42:54.719] [jointLog] [info] wrote 649 bootstraps
[2017-10-31 17:42:57.004] [jointLog] [info] wrote 650 bootstraps
[2017-10-31 17:42:59.233] [jointLog] [info] wrote 651 bootstraps
[2017-10-31 17:42:59.736] [jointLog] [info] wrote 652 bootstraps
[2017-10-31 17:43:00.031] [jointLog] [info] wrote 653 bootstraps
[2017-10-31 17:43:00.266] [jointLog] [info] wrote 654 bootstraps
[2017-10-31 17:43:01.066] [jointLog] [info] wrote 655 bootstraps
[2017-10-31 17:43:01.107] [jointLog] [info] wrote 656 bootstraps
[2017-10-31 17:43:03.991] [jointLog] [info] wrote 657 bootstraps
[2017-10-31 17:43:06.667] [jointLog] [info] wrote 658 bootstraps
[2017-10-31 17:43:07.214] [jointLog] [info] wrote 659 bootstraps
[2017-10-31 17:43:07.389] [jointLog] [info] wrote 660 bootstraps
[2017-10-31 17:43:07.411] [jointLog] [info] wrote 661 bootstraps
[2017-10-31 17:43:08.002] [jointLog] [info] wrote 662 bootstraps
[2017-10-31 17:43:08.191] [jointLog] [info] wrote 663 bootstraps
[2017-10-31 17:43:11.972] [jointLog] [info] wrote 664 bootstraps
[2017-10-31 17:43:13.609] [jointLog] [info] wrote 665 bootstraps
[2017-10-31 17:43:14.175] [jointLog] [info] wrote 666 bootstraps
[2017-10-31 17:43:14.214] [jointLog] [info] wrote 667 bootstraps
[2017-10-31 17:43:14.894] [jointLog] [info] wrote 668 bootstraps
[2017-10-31 17:43:15.565] [jointLog] [info] wrote 669 bootstraps
[2017-10-31 17:43:16.121] [jointLog] [info] wrote 670 bootstraps
[2017-10-31 17:43:19.921] [jointLog] [info] wrote 671 bootstraps
[2017-10-31 17:43:19.972] [jointLog] [info] wrote 672 bootstraps
[2017-10-31 17:43:20.688] [jointLog] [info] wrote 673 bootstraps
[2017-10-31 17:43:20.835] [jointLog] [info] wrote 674 bootstraps
[2017-10-31 17:43:21.824] [jointLog] [info] wrote 675 bootstraps
[2017-10-31 17:43:23.481] [jointLog] [info] wrote 676 bootstraps
[2017-10-31 17:43:23.520] [jointLog] [info] wrote 677 bootstraps
[2017-10-31 17:43:27.441] [jointLog] [info] wrote 678 bootstraps
[2017-10-31 17:43:27.512] [jointLog] [info] wrote 679 bootstraps
[2017-10-31 17:43:27.770] [jointLog] [info] wrote 680 bootstraps
[2017-10-31 17:43:27.968] [jointLog] [info] wrote 681 bootstraps
[2017-10-31 17:43:28.551] [jointLog] [info] wrote 682 bootstraps
[2017-10-31 17:43:29.809] [jointLog] [info] wrote 683 bootstraps
[2017-10-31 17:43:30.913] [jointLog] [info] wrote 684 bootstraps
[2017-10-31 17:43:34.577] [jointLog] [info] wrote 685 bootstraps
[2017-10-31 17:43:34.608] [jointLog] [info] wrote 686 bootstraps
[2017-10-31 17:43:36.125] [jointLog] [info] wrote 687 bootstraps
[2017-10-31 17:43:36.174] [jointLog] [info] wrote 688 bootstraps
[2017-10-31 17:43:36.339] [jointLog] [info] wrote 689 bootstraps
[2017-10-31 17:43:36.724] [jointLog] [info] wrote 690 bootstraps
[2017-10-31 17:43:37.685] [jointLog] [info] wrote 691 bootstraps
[2017-10-31 17:43:40.388] [jointLog] [info] wrote 692 bootstraps
[2017-10-31 17:43:41.265] [jointLog] [info] wrote 693 bootstraps
[2017-10-31 17:43:43.791] [jointLog] [info] wrote 694 bootstraps
[2017-10-31 17:43:43.908] [jointLog] [info] wrote 695 bootstraps
[2017-10-31 17:43:44.240] [jointLog] [info] wrote 696 bootstraps
[2017-10-31 17:43:44.374] [jointLog] [info] wrote 697 bootstraps
[2017-10-31 17:43:45.469] [jointLog] [info] wrote 698 bootstraps
[2017-10-31 17:43:46.269] [jointLog] [info] wrote 699 bootstraps
[2017-10-31 17:43:49.233] [jointLog] [info] wrote 700 bootstraps
[2017-10-31 17:43:50.207] [jointLog] [info] wrote 701 bootstraps
[2017-10-31 17:43:51.093] [jointLog] [info] wrote 702 bootstraps
[2017-10-31 17:43:51.966] [jointLog] [info] wrote 703 bootstraps
[2017-10-31 17:43:52.095] [jointLog] [info] wrote 704 bootstraps
[2017-10-31 17:43:52.604] [jointLog] [info] wrote 705 bootstraps
[2017-10-31 17:43:53.179] [jointLog] [info] wrote 706 bootstraps
[2017-10-31 17:43:56.395] [jointLog] [info] wrote 707 bootstraps
[2017-10-31 17:43:57.208] [jointLog] [info] wrote 708 bootstraps
[2017-10-31 17:43:57.894] [jointLog] [info] wrote 709 bootstraps
[2017-10-31 17:43:58.746] [jointLog] [info] wrote 710 bootstraps
[2017-10-31 17:43:59.405] [jointLog] [info] wrote 711 bootstraps
[2017-10-31 17:44:00.732] [jointLog] [info] wrote 712 bootstraps
[2017-10-31 17:44:01.284] [jointLog] [info] wrote 713 bootstraps
[2017-10-31 17:44:03.083] [jointLog] [info] wrote 714 bootstraps
[2017-10-31 17:44:03.967] [jointLog] [info] wrote 715 bootstraps
[2017-10-31 17:44:05.449] [jointLog] [info] wrote 716 bootstraps
[2017-10-31 17:44:06.504] [jointLog] [info] wrote 717 bootstraps
[2017-10-31 17:44:06.676] [jointLog] [info] wrote 718 bootstraps
[2017-10-31 17:44:08.492] [jointLog] [info] wrote 719 bootstraps
[2017-10-31 17:44:09.158] [jointLog] [info] wrote 720 bootstraps
[2017-10-31 17:44:10.138] [jointLog] [info] wrote 721 bootstraps
[2017-10-31 17:44:10.990] [jointLog] [info] wrote 722 bootstraps
[2017-10-31 17:44:12.147] [jointLog] [info] wrote 723 bootstraps
[2017-10-31 17:44:12.829] [jointLog] [info] wrote 724 bootstraps
[2017-10-31 17:44:14.621] [jointLog] [info] wrote 725 bootstraps
[2017-10-31 17:44:15.632] [jointLog] [info] wrote 726 bootstraps
[2017-10-31 17:44:17.267] [jointLog] [info] wrote 727 bootstraps
[2017-10-31 17:44:17.343] [jointLog] [info] wrote 728 bootstraps
[2017-10-31 17:44:18.524] [jointLog] [info] wrote 729 bootstraps
[2017-10-31 17:44:18.976] [jointLog] [info] wrote 730 bootstraps
[2017-10-31 17:44:19.473] [jointLog] [info] wrote 731 bootstraps
[2017-10-31 17:44:21.781] [jointLog] [info] wrote 732 bootstraps
[2017-10-31 17:44:23.299] [jointLog] [info] wrote 733 bootstraps
[2017-10-31 17:44:23.954] [jointLog] [info] wrote 734 bootstraps
[2017-10-31 17:44:25.089] [jointLog] [info] wrote 735 bootstraps
[2017-10-31 17:44:25.341] [jointLog] [info] wrote 736 bootstraps
[2017-10-31 17:44:27.225] [jointLog] [info] wrote 737 bootstraps
[2017-10-31 17:44:27.646] [jointLog] [info] wrote 738 bootstraps
[2017-10-31 17:44:28.403] [jointLog] [info] wrote 739 bootstraps
[2017-10-31 17:44:30.639] [jointLog] [info] wrote 740 bootstraps
[2017-10-31 17:44:31.440] [jointLog] [info] wrote 741 bootstraps
[2017-10-31 17:44:31.718] [jointLog] [info] wrote 742 bootstraps
[2017-10-31 17:44:33.227] [jointLog] [info] wrote 743 bootstraps
[2017-10-31 17:44:34.063] [jointLog] [info] wrote 744 bootstraps
[2017-10-31 17:44:34.680] [jointLog] [info] wrote 745 bootstraps
[2017-10-31 17:44:35.294] [jointLog] [info] wrote 746 bootstraps
[2017-10-31 17:44:37.485] [jointLog] [info] wrote 747 bootstraps
[2017-10-31 17:44:38.203] [jointLog] [info] wrote 748 bootstraps
[2017-10-31 17:44:39.848] [jointLog] [info] wrote 749 bootstraps
[2017-10-31 17:44:41.336] [jointLog] [info] wrote 750 bootstraps
[2017-10-31 17:44:41.382] [jointLog] [info] wrote 751 bootstraps
[2017-10-31 17:44:41.764] [jointLog] [info] wrote 752 bootstraps
[2017-10-31 17:44:42.034] [jointLog] [info] wrote 753 bootstraps
[2017-10-31 17:44:44.722] [jointLog] [info] wrote 754 bootstraps
[2017-10-31 17:44:45.402] [jointLog] [info] wrote 755 bootstraps
[2017-10-31 17:44:47.966] [jointLog] [info] wrote 756 bootstraps
[2017-10-31 17:44:48.267] [jointLog] [info] wrote 757 bootstraps
[2017-10-31 17:44:48.710] [jointLog] [info] wrote 758 bootstraps
[2017-10-31 17:44:49.059] [jointLog] [info] wrote 759 bootstraps
[2017-10-31 17:44:49.342] [jointLog] [info] wrote 760 bootstraps
[2017-10-31 17:44:51.248] [jointLog] [info] wrote 761 bootstraps
[2017-10-31 17:44:53.099] [jointLog] [info] wrote 762 bootstraps
[2017-10-31 17:44:54.995] [jointLog] [info] wrote 763 bootstraps
[2017-10-31 17:44:55.538] [jointLog] [info] wrote 764 bootstraps
[2017-10-31 17:44:56.166] [jointLog] [info] wrote 765 bootstraps
[2017-10-31 17:44:56.456] [jointLog] [info] wrote 766 bootstraps
[2017-10-31 17:44:57.395] [jointLog] [info] wrote 767 bootstraps
[2017-10-31 17:44:58.407] [jointLog] [info] wrote 768 bootstraps
[2017-10-31 17:44:59.473] [jointLog] [info] wrote 769 bootstraps
[2017-10-31 17:45:01.497] [jointLog] [info] wrote 770 bootstraps
[2017-10-31 17:45:02.657] [jointLog] [info] wrote 771 bootstraps
[2017-10-31 17:45:04.035] [jointLog] [info] wrote 772 bootstraps
[2017-10-31 17:45:04.322] [jointLog] [info] wrote 773 bootstraps
[2017-10-31 17:45:05.346] [jointLog] [info] wrote 774 bootstraps
[2017-10-31 17:45:05.702] [jointLog] [info] wrote 775 bootstraps
[2017-10-31 17:45:07.204] [jointLog] [info] wrote 776 bootstraps
[2017-10-31 17:45:07.543] [jointLog] [info] wrote 777 bootstraps
[2017-10-31 17:45:10.402] [jointLog] [info] wrote 778 bootstraps
[2017-10-31 17:45:11.134] [jointLog] [info] wrote 779 bootstraps
[2017-10-31 17:45:12.136] [jointLog] [info] wrote 780 bootstraps
[2017-10-31 17:45:12.160] [jointLog] [info] wrote 781 bootstraps
[2017-10-31 17:45:13.878] [jointLog] [info] wrote 782 bootstraps
[2017-10-31 17:45:14.124] [jointLog] [info] wrote 783 bootstraps
[2017-10-31 17:45:14.810] [jointLog] [info] wrote 784 bootstraps
[2017-10-31 17:45:16.772] [jointLog] [info] wrote 785 bootstraps
[2017-10-31 17:45:17.902] [jointLog] [info] wrote 786 bootstraps
[2017-10-31 17:45:18.808] [jointLog] [info] wrote 787 bootstraps
[2017-10-31 17:45:20.080] [jointLog] [info] wrote 788 bootstraps
[2017-10-31 17:45:20.712] [jointLog] [info] wrote 789 bootstraps
[2017-10-31 17:45:21.229] [jointLog] [info] wrote 790 bootstraps
[2017-10-31 17:45:21.956] [jointLog] [info] wrote 791 bootstraps
[2017-10-31 17:45:24.123] [jointLog] [info] wrote 792 bootstraps
[2017-10-31 17:45:25.728] [jointLog] [info] wrote 793 bootstraps
[2017-10-31 17:45:25.924] [jointLog] [info] wrote 794 bootstraps
[2017-10-31 17:45:27.168] [jointLog] [info] wrote 795 bootstraps
[2017-10-31 17:45:27.787] [jointLog] [info] wrote 796 bootstraps
[2017-10-31 17:45:28.168] [jointLog] [info] wrote 797 bootstraps
[2017-10-31 17:45:30.042] [jointLog] [info] wrote 798 bootstraps
[2017-10-31 17:45:30.922] [jointLog] [info] wrote 799 bootstraps
[2017-10-31 17:45:33.682] [jointLog] [info] wrote 800 bootstraps
[2017-10-31 17:45:34.008] [jointLog] [info] wrote 801 bootstraps
[2017-10-31 17:45:34.094] [jointLog] [info] wrote 802 bootstraps
[2017-10-31 17:45:35.134] [jointLog] [info] wrote 803 bootstraps
[2017-10-31 17:45:36.096] [jointLog] [info] wrote 804 bootstraps
[2017-10-31 17:45:36.348] [jointLog] [info] wrote 805 bootstraps
[2017-10-31 17:45:36.863] [jointLog] [info] wrote 806 bootstraps
[2017-10-31 17:45:40.010] [jointLog] [info] wrote 807 bootstraps
[2017-10-31 17:45:41.692] [jointLog] [info] wrote 808 bootstraps
[2017-10-31 17:45:42.162] [jointLog] [info] wrote 809 bootstraps
[2017-10-31 17:45:42.734] [jointLog] [info] wrote 810 bootstraps
[2017-10-31 17:45:43.180] [jointLog] [info] wrote 811 bootstraps
[2017-10-31 17:45:43.999] [jointLog] [info] wrote 812 bootstraps
[2017-10-31 17:45:44.290] [jointLog] [info] wrote 813 bootstraps
[2017-10-31 17:45:46.966] [jointLog] [info] wrote 814 bootstraps
[2017-10-31 17:45:47.505] [jointLog] [info] wrote 815 bootstraps
[2017-10-31 17:45:49.414] [jointLog] [info] wrote 816 bootstraps
[2017-10-31 17:45:50.428] [jointLog] [info] wrote 817 bootstraps
[2017-10-31 17:45:50.686] [jointLog] [info] wrote 818 bootstraps
[2017-10-31 17:45:51.545] [jointLog] [info] wrote 819 bootstraps
[2017-10-31 17:45:51.685] [jointLog] [info] wrote 820 bootstraps
[2017-10-31 17:45:52.875] [jointLog] [info] wrote 821 bootstraps
[2017-10-31 17:45:55.792] [jointLog] [info] wrote 822 bootstraps
[2017-10-31 17:45:56.474] [jointLog] [info] wrote 823 bootstraps
[2017-10-31 17:45:57.182] [jointLog] [info] wrote 824 bootstraps
[2017-10-31 17:45:58.238] [jointLog] [info] wrote 825 bootstraps
[2017-10-31 17:45:58.318] [jointLog] [info] wrote 826 bootstraps
[2017-10-31 17:45:59.646] [jointLog] [info] wrote 827 bootstraps
[2017-10-31 17:45:59.826] [jointLog] [info] wrote 828 bootstraps
[2017-10-31 17:46:03.655] [jointLog] [info] wrote 829 bootstraps
[2017-10-31 17:46:04.203] [jointLog] [info] wrote 830 bootstraps
[2017-10-31 17:46:04.233] [jointLog] [info] wrote 831 bootstraps
[2017-10-31 17:46:05.248] [jointLog] [info] wrote 832 bootstraps
[2017-10-31 17:46:06.058] [jointLog] [info] wrote 833 bootstraps
[2017-10-31 17:46:06.423] [jointLog] [info] wrote 834 bootstraps
[2017-10-31 17:46:07.188] [jointLog] [info] wrote 835 bootstraps
[2017-10-31 17:46:10.809] [jointLog] [info] wrote 836 bootstraps
[2017-10-31 17:46:11.093] [jointLog] [info] wrote 837 bootstraps
[2017-10-31 17:46:11.486] [jointLog] [info] wrote 838 bootstraps
[2017-10-31 17:46:11.854] [jointLog] [info] wrote 839 bootstraps
[2017-10-31 17:46:13.600] [jointLog] [info] wrote 840 bootstraps
[2017-10-31 17:46:14.842] [jointLog] [info] wrote 841 bootstraps
[2017-10-31 17:46:14.915] [jointLog] [info] wrote 842 bootstraps
[2017-10-31 17:46:17.174] [jointLog] [info] wrote 843 bootstraps
[2017-10-31 17:46:17.373] [jointLog] [info] wrote 844 bootstraps
[2017-10-31 17:46:18.487] [jointLog] [info] wrote 845 bootstraps
[2017-10-31 17:46:19.460] [jointLog] [info] wrote 846 bootstraps
[2017-10-31 17:46:21.674] [jointLog] [info] wrote 847 bootstraps
[2017-10-31 17:46:22.870] [jointLog] [info] wrote 848 bootstraps
[2017-10-31 17:46:23.043] [jointLog] [info] wrote 849 bootstraps
[2017-10-31 17:46:24.123] [jointLog] [info] wrote 850 bootstraps
[2017-10-31 17:46:24.206] [jointLog] [info] wrote 851 bootstraps
[2017-10-31 17:46:25.048] [jointLog] [info] wrote 852 bootstraps
[2017-10-31 17:46:25.614] [jointLog] [info] wrote 853 bootstraps
[2017-10-31 17:46:29.473] [jointLog] [info] wrote 854 bootstraps
[2017-10-31 17:46:29.734] [jointLog] [info] wrote 855 bootstraps
[2017-10-31 17:46:30.483] [jointLog] [info] wrote 856 bootstraps
[2017-10-31 17:46:31.096] [jointLog] [info] wrote 857 bootstraps
[2017-10-31 17:46:31.626] [jointLog] [info] wrote 858 bootstraps
[2017-10-31 17:46:32.064] [jointLog] [info] wrote 859 bootstraps
[2017-10-31 17:46:33.756] [jointLog] [info] wrote 860 bootstraps
[2017-10-31 17:46:35.851] [jointLog] [info] wrote 861 bootstraps
[2017-10-31 17:46:37.269] [jointLog] [info] wrote 862 bootstraps
[2017-10-31 17:46:37.601] [jointLog] [info] wrote 863 bootstraps
[2017-10-31 17:46:37.795] [jointLog] [info] wrote 864 bootstraps
[2017-10-31 17:46:39.176] [jointLog] [info] wrote 865 bootstraps
[2017-10-31 17:46:40.408] [jointLog] [info] wrote 866 bootstraps
[2017-10-31 17:46:41.495] [jointLog] [info] wrote 867 bootstraps
[2017-10-31 17:46:42.151] [jointLog] [info] wrote 868 bootstraps
[2017-10-31 17:46:43.847] [jointLog] [info] wrote 869 bootstraps
[2017-10-31 17:46:44.435] [jointLog] [info] wrote 870 bootstraps
[2017-10-31 17:46:46.010] [jointLog] [info] wrote 871 bootstraps
[2017-10-31 17:46:47.284] [jointLog] [info] wrote 872 bootstraps
[2017-10-31 17:46:48.120] [jointLog] [info] wrote 873 bootstraps
[2017-10-31 17:46:48.316] [jointLog] [info] wrote 874 bootstraps
[2017-10-31 17:46:48.848] [jointLog] [info] wrote 875 bootstraps
[2017-10-31 17:46:50.028] [jointLog] [info] wrote 876 bootstraps
[2017-10-31 17:46:52.353] [jointLog] [info] wrote 877 bootstraps
[2017-10-31 17:46:54.005] [jointLog] [info] wrote 878 bootstraps
[2017-10-31 17:46:54.593] [jointLog] [info] wrote 879 bootstraps
[2017-10-31 17:46:55.339] [jointLog] [info] wrote 880 bootstraps
[2017-10-31 17:46:55.434] [jointLog] [info] wrote 881 bootstraps
[2017-10-31 17:46:55.948] [jointLog] [info] wrote 882 bootstraps
[2017-10-31 17:46:56.526] [jointLog] [info] wrote 883 bootstraps
[2017-10-31 17:47:00.524] [jointLog] [info] wrote 884 bootstraps
[2017-10-31 17:47:00.611] [jointLog] [info] wrote 885 bootstraps
[2017-10-31 17:47:01.709] [jointLog] [info] wrote 886 bootstraps
[2017-10-31 17:47:01.988] [jointLog] [info] wrote 887 bootstraps
[2017-10-31 17:47:02.171] [jointLog] [info] wrote 888 bootstraps
[2017-10-31 17:47:03.240] [jointLog] [info] wrote 889 bootstraps
[2017-10-31 17:47:04.473] [jointLog] [info] wrote 890 bootstraps
[2017-10-31 17:47:07.793] [jointLog] [info] wrote 891 bootstraps
[2017-10-31 17:47:08.247] [jointLog] [info] wrote 892 bootstraps
[2017-10-31 17:47:08.603] [jointLog] [info] wrote 893 bootstraps
[2017-10-31 17:47:08.941] [jointLog] [info] wrote 894 bootstraps
[2017-10-31 17:47:09.077] [jointLog] [info] wrote 895 bootstraps
[2017-10-31 17:47:11.376] [jointLog] [info] wrote 896 bootstraps
[2017-10-31 17:47:11.481] [jointLog] [info] wrote 897 bootstraps
[2017-10-31 17:47:14.511] [jointLog] [info] wrote 898 bootstraps
[2017-10-31 17:47:14.532] [jointLog] [info] wrote 899 bootstraps
[2017-10-31 17:47:16.049] [jointLog] [info] wrote 900 bootstraps
[2017-10-31 17:47:16.758] [jointLog] [info] wrote 901 bootstraps
[2017-10-31 17:47:16.928] [jointLog] [info] wrote 902 bootstraps
[2017-10-31 17:47:18.217] [jointLog] [info] wrote 903 bootstraps
[2017-10-31 17:47:19.622] [jointLog] [info] wrote 904 bootstraps
[2017-10-31 17:47:20.814] [jointLog] [info] wrote 905 bootstraps
[2017-10-31 17:47:21.461] [jointLog] [info] wrote 906 bootstraps
[2017-10-31 17:47:23.634] [jointLog] [info] wrote 907 bootstraps
[2017-10-31 17:47:23.952] [jointLog] [info] wrote 908 bootstraps
[2017-10-31 17:47:25.067] [jointLog] [info] wrote 909 bootstraps
[2017-10-31 17:47:25.628] [jointLog] [info] wrote 910 bootstraps
[2017-10-31 17:47:27.340] [jointLog] [info] wrote 911 bootstraps
[2017-10-31 17:47:27.768] [jointLog] [info] wrote 912 bootstraps
[2017-10-31 17:47:27.958] [jointLog] [info] wrote 913 bootstraps
[2017-10-31 17:47:30.558] [jointLog] [info] wrote 914 bootstraps
[2017-10-31 17:47:31.177] [jointLog] [info] wrote 915 bootstraps
[2017-10-31 17:47:33.120] [jointLog] [info] wrote 916 bootstraps
[2017-10-31 17:47:33.318] [jointLog] [info] wrote 917 bootstraps
[2017-10-31 17:47:34.327] [jointLog] [info] wrote 918 bootstraps
[2017-10-31 17:47:34.461] [jointLog] [info] wrote 919 bootstraps
[2017-10-31 17:47:35.825] [jointLog] [info] wrote 920 bootstraps
[2017-10-31 17:47:36.309] [jointLog] [info] wrote 921 bootstraps
[2017-10-31 17:47:38.326] [jointLog] [info] wrote 922 bootstraps
[2017-10-31 17:47:41.044] [jointLog] [info] wrote 923 bootstraps
[2017-10-31 17:47:41.283] [jointLog] [info] wrote 924 bootstraps
[2017-10-31 17:47:41.603] [jointLog] [info] wrote 925 bootstraps
[2017-10-31 17:47:42.260] [jointLog] [info] wrote 926 bootstraps
[2017-10-31 17:47:43.002] [jointLog] [info] wrote 927 bootstraps
[2017-10-31 17:47:43.778] [jointLog] [info] wrote 928 bootstraps
[2017-10-31 17:47:44.737] [jointLog] [info] wrote 929 bootstraps
[2017-10-31 17:47:47.709] [jointLog] [info] wrote 930 bootstraps
[2017-10-31 17:47:48.191] [jointLog] [info] wrote 931 bootstraps
[2017-10-31 17:47:49.103] [jointLog] [info] wrote 932 bootstraps
[2017-10-31 17:47:49.264] [jointLog] [info] wrote 933 bootstraps
[2017-10-31 17:47:49.530] [jointLog] [info] wrote 934 bootstraps
[2017-10-31 17:47:51.675] [jointLog] [info] wrote 935 bootstraps
[2017-10-31 17:47:52.178] [jointLog] [info] wrote 936 bootstraps
[2017-10-31 17:47:55.516] [jointLog] [info] wrote 937 bootstraps
[2017-10-31 17:47:55.574] [jointLog] [info] wrote 938 bootstraps
[2017-10-31 17:47:55.754] [jointLog] [info] wrote 939 bootstraps
[2017-10-31 17:47:57.108] [jointLog] [info] wrote 940 bootstraps
[2017-10-31 17:47:57.147] [jointLog] [info] wrote 941 bootstraps
[2017-10-31 17:47:58.734] [jointLog] [info] wrote 942 bootstraps
[2017-10-31 17:47:59.813] [jointLog] [info] wrote 943 bootstraps
[2017-10-31 17:48:02.795] [jointLog] [info] wrote 944 bootstraps
[2017-10-31 17:48:03.146] [jointLog] [info] wrote 945 bootstraps
[2017-10-31 17:48:03.964] [jointLog] [info] wrote 946 bootstraps
[2017-10-31 17:48:04.112] [jointLog] [info] wrote 947 bootstraps
[2017-10-31 17:48:04.151] [jointLog] [info] wrote 948 bootstraps
[2017-10-31 17:48:06.002] [jointLog] [info] wrote 949 bootstraps
[2017-10-31 17:48:07.611] [jointLog] [info] wrote 950 bootstraps
[2017-10-31 17:48:09.046] [jointLog] [info] wrote 951 bootstraps
[2017-10-31 17:48:10.295] [jointLog] [info] wrote 952 bootstraps
[2017-10-31 17:48:11.148] [jointLog] [info] wrote 953 bootstraps
[2017-10-31 17:48:11.219] [jointLog] [info] wrote 954 bootstraps
[2017-10-31 17:48:11.568] [jointLog] [info] wrote 955 bootstraps
[2017-10-31 17:48:13.835] [jointLog] [info] wrote 956 bootstraps
[2017-10-31 17:48:15.743] [jointLog] [info] wrote 957 bootstraps
[2017-10-31 17:48:16.881] [jointLog] [info] wrote 958 bootstraps
[2017-10-31 17:48:16.925] [jointLog] [info] wrote 959 bootstraps
[2017-10-31 17:48:17.386] [jointLog] [info] wrote 960 bootstraps
[2017-10-31 17:48:18.726] [jointLog] [info] wrote 961 bootstraps
[2017-10-31 17:48:18.806] [jointLog] [info] wrote 962 bootstraps
[2017-10-31 17:48:20.223] [jointLog] [info] wrote 963 bootstraps
[2017-10-31 17:48:23.224] [jointLog] [info] wrote 964 bootstraps
[2017-10-31 17:48:23.364] [jointLog] [info] wrote 965 bootstraps
[2017-10-31 17:48:23.930] [jointLog] [info] wrote 966 bootstraps
[2017-10-31 17:48:25.008] [jointLog] [info] wrote 967 bootstraps
[2017-10-31 17:48:26.940] [jointLog] [info] wrote 968 bootstraps
[2017-10-31 17:48:27.047] [jointLog] [info] wrote 969 bootstraps
[2017-10-31 17:48:27.090] [jointLog] [info] wrote 970 bootstraps
[2017-10-31 17:48:29.730] [jointLog] [info] wrote 971 bootstraps
[2017-10-31 17:48:29.887] [jointLog] [info] wrote 972 bootstraps
[2017-10-31 17:48:31.899] [jointLog] [info] wrote 973 bootstraps
[2017-10-31 17:48:33.097] [jointLog] [info] wrote 974 bootstraps
[2017-10-31 17:48:33.664] [jointLog] [info] wrote 975 bootstraps
[2017-10-31 17:48:33.960] [jointLog] [info] wrote 976 bootstraps
[2017-10-31 17:48:34.030] [jointLog] [info] wrote 977 bootstraps
[2017-10-31 17:48:37.235] [jointLog] [info] wrote 978 bootstraps
[2017-10-31 17:48:37.541] [jointLog] [info] wrote 979 bootstraps
[2017-10-31 17:48:39.690] [jointLog] [info] wrote 980 bootstraps
[2017-10-31 17:48:39.921] [jointLog] [info] wrote 981 bootstraps
[2017-10-31 17:48:40.110] [jointLog] [info] wrote 982 bootstraps
[2017-10-31 17:48:41.638] [jointLog] [info] wrote 983 bootstraps
[2017-10-31 17:48:41.797] [jointLog] [info] wrote 984 bootstraps
[2017-10-31 17:48:43.932] [jointLog] [info] wrote 985 bootstraps
[2017-10-31 17:48:45.398] [jointLog] [info] wrote 986 bootstraps
[2017-10-31 17:48:47.209] [jointLog] [info] wrote 987 bootstraps
[2017-10-31 17:48:47.458] [jointLog] [info] wrote 988 bootstraps
[2017-10-31 17:48:47.563] [jointLog] [info] wrote 989 bootstraps
[2017-10-31 17:48:48.138] [jointLog] [info] wrote 990 bootstraps
[2017-10-31 17:48:48.349] [jointLog] [info] wrote 991 bootstraps
[2017-10-31 17:48:50.512] [jointLog] [info] wrote 992 bootstraps
[2017-10-31 17:48:53.136] [jointLog] [info] wrote 993 bootstraps
[2017-10-31 17:48:53.928] [jointLog] [info] wrote 994 bootstraps
[2017-10-31 17:48:54.838] [jointLog] [info] wrote 995 bootstraps
[2017-10-31 17:48:54.878] [jointLog] [info] wrote 996 bootstraps
[2017-10-31 17:48:55.135] [jointLog] [info] wrote 997 bootstraps
[2017-10-31 17:48:55.201] [jointLog] [info] wrote 998 bootstraps
[2017-10-31 17:48:56.290] [jointLog] [info] wrote 999 bootstraps
[2017-10-31 17:48:57.322] [jointLog] [info] wrote 1000 bootstraps
[2017-10-31 17:48:57.325] [jointLog] [info] Finished Bootstrapping
[2017-10-31 17:48:57.325] [jointLog] [warning] NOTE: Read Lib [athaliana/data/SRR6080012/SRR6080012.fastq.gz] :

Detected a *potential* strand bias > 1% in an unstranded protocol check the file: athaliana/quants/PRJNA408323/SRR6080012_quant/lib_format_counts.json for details

