[2017-10-31 16:38:11.702] [jointLog] [info] parsing read library format
[2017-10-31 16:38:11.702] [jointLog] [info] There is 1 library.
[2017-10-31 16:38:11.716] [jointLog] [info] Loading Quasi index
[2017-10-31 16:38:11.716] [jointLog] [info] Loading 32-bit quasi index
[2017-10-31 16:38:13.183] [jointLog] [info] done
[2017-10-31 16:38:13.183] [jointLog] [info] Index contained 55157 targets
[2017-10-31 16:38:13.358] [jointLog] [info] Automatically detected most likely library type as U
[2017-10-31 16:38:48.855] [fileLog] [info] 
At end of round 0
==================
Observed 23377895 total fragments (23377895 in most recent round)

[2017-10-31 16:38:48.855] [jointLog] [info] Computed 56416 rich equivalence classes for further processing
[2017-10-31 16:38:48.855] [jointLog] [info] Counted 22666146 total reads in the equivalence classes 
[2017-10-31 16:38:48.857] [jointLog] [info] Mapping rate = 96.9555%

[2017-10-31 16:38:48.857] [jointLog] [info] finished quantifyLibrary()
[2017-10-31 16:38:48.858] [jointLog] [info] Starting optimizer
[2017-10-31 16:38:48.881] [jointLog] [info] Marked 0 weighted equivalence classes as degenerate
[2017-10-31 16:38:48.883] [jointLog] [info] iteration = 0 | max rel diff. = 193.572
[2017-10-31 16:38:48.895] [jointLog] [info] iteration 11, adjusting effective lengths to account for biases
[2017-10-31 16:38:50.546] [jointLog] [info] Computed expected counts (for bias correction)
[2017-10-31 16:38:50.547] [jointLog] [info] processed bias for 0.0% of the transcripts
[2017-10-31 16:38:51.937] [jointLog] [info] processed bias for 10.0% of the transcripts
[2017-10-31 16:38:53.294] [jointLog] [info] processed bias for 20.0% of the transcripts
[2017-10-31 16:38:54.720] [jointLog] [info] processed bias for 30.0% of the transcripts
[2017-10-31 16:38:56.233] [jointLog] [info] processed bias for 40.0% of the transcripts
[2017-10-31 16:38:57.706] [jointLog] [info] processed bias for 50.0% of the transcripts
[2017-10-31 16:38:59.214] [jointLog] [info] processed bias for 60.0% of the transcripts
[2017-10-31 16:39:00.590] [jointLog] [info] processed bias for 70.0% of the transcripts
[2017-10-31 16:39:02.064] [jointLog] [info] processed bias for 80.0% of the transcripts
[2017-10-31 16:39:02.139] [jointLog] [info] processed bias for 100.0% of the transcripts
[2017-10-31 16:39:02.254] [jointLog] [info] iteration = 100 | max rel diff. = 0.136234
[2017-10-31 16:39:02.384] [jointLog] [info] iteration = 200 | max rel diff. = 0.310317
[2017-10-31 16:39:02.515] [jointLog] [info] iteration = 300 | max rel diff. = 0.0508495
[2017-10-31 16:39:02.647] [jointLog] [info] iteration = 400 | max rel diff. = 0.0612835
[2017-10-31 16:39:02.782] [jointLog] [info] iteration = 500 | max rel diff. = 0.026118
[2017-10-31 16:39:02.910] [jointLog] [info] iteration = 600 | max rel diff. = 0.0193699
[2017-10-31 16:39:03.047] [jointLog] [info] iteration = 700 | max rel diff. = 0.0179621
[2017-10-31 16:39:03.178] [jointLog] [info] iteration = 800 | max rel diff. = 0.0158623
[2017-10-31 16:39:03.313] [jointLog] [info] iteration = 900 | max rel diff. = 0.012044
[2017-10-31 16:39:03.449] [jointLog] [info] iteration = 1000 | max rel diff. = 0.0107441
[2017-10-31 16:39:03.504] [jointLog] [info] iteration = 1042 | max rel diff. = 0.00998336
[2017-10-31 16:39:03.506] [jointLog] [info] Finished optimizer
[2017-10-31 16:39:03.506] [jointLog] [info] writing output 

[2017-10-31 16:39:03.563] [jointLog] [info] Starting Bootstrapping
[2017-10-31 16:39:03.569] [jointLog] [info] Will draw 1000 bootstrap samples
[2017-10-31 16:39:03.569] [jointLog] [info] Optimizing over 56416 equivalence classes
[2017-10-31 16:39:03.570] [jointLog] [info] Marked 0 weighted equivalence classes as degenerate
[2017-10-31 16:39:09.048] [jointLog] [info] wrote 1 bootstraps
[2017-10-31 16:39:10.300] [jointLog] [info] wrote 2 bootstraps
[2017-10-31 16:39:10.464] [jointLog] [info] wrote 3 bootstraps
[2017-10-31 16:39:10.699] [jointLog] [info] wrote 4 bootstraps
[2017-10-31 16:39:10.760] [jointLog] [info] wrote 5 bootstraps
[2017-10-31 16:39:11.125] [jointLog] [info] wrote 6 bootstraps
[2017-10-31 16:39:11.433] [jointLog] [info] wrote 7 bootstraps
[2017-10-31 16:39:15.980] [jointLog] [info] wrote 8 bootstraps
[2017-10-31 16:39:16.374] [jointLog] [info] wrote 9 bootstraps
[2017-10-31 16:39:17.177] [jointLog] [info] wrote 10 bootstraps
[2017-10-31 16:39:17.606] [jointLog] [info] wrote 11 bootstraps
[2017-10-31 16:39:18.077] [jointLog] [info] wrote 12 bootstraps
[2017-10-31 16:39:18.210] [jointLog] [info] wrote 13 bootstraps
[2017-10-31 16:39:18.815] [jointLog] [info] wrote 14 bootstraps
[2017-10-31 16:39:23.316] [jointLog] [info] wrote 15 bootstraps
[2017-10-31 16:39:23.401] [jointLog] [info] wrote 16 bootstraps
[2017-10-31 16:39:24.066] [jointLog] [info] wrote 17 bootstraps
[2017-10-31 16:39:24.112] [jointLog] [info] wrote 18 bootstraps
[2017-10-31 16:39:25.145] [jointLog] [info] wrote 19 bootstraps
[2017-10-31 16:39:25.690] [jointLog] [info] wrote 20 bootstraps
[2017-10-31 16:39:25.943] [jointLog] [info] wrote 21 bootstraps
[2017-10-31 16:39:30.743] [jointLog] [info] wrote 22 bootstraps
[2017-10-31 16:39:30.949] [jointLog] [info] wrote 23 bootstraps
[2017-10-31 16:39:30.974] [jointLog] [info] wrote 24 bootstraps
[2017-10-31 16:39:31.463] [jointLog] [info] wrote 25 bootstraps
[2017-10-31 16:39:32.131] [jointLog] [info] wrote 26 bootstraps
[2017-10-31 16:39:32.490] [jointLog] [info] wrote 27 bootstraps
[2017-10-31 16:39:32.784] [jointLog] [info] wrote 28 bootstraps
[2017-10-31 16:39:37.006] [jointLog] [info] wrote 29 bootstraps
[2017-10-31 16:39:38.305] [jointLog] [info] wrote 30 bootstraps
[2017-10-31 16:39:38.382] [jointLog] [info] wrote 31 bootstraps
[2017-10-31 16:39:38.641] [jointLog] [info] wrote 32 bootstraps
[2017-10-31 16:39:38.955] [jointLog] [info] wrote 33 bootstraps
[2017-10-31 16:39:39.747] [jointLog] [info] wrote 34 bootstraps
[2017-10-31 16:39:40.354] [jointLog] [info] wrote 35 bootstraps
[2017-10-31 16:39:43.019] [jointLog] [info] wrote 36 bootstraps
[2017-10-31 16:39:44.844] [jointLog] [info] wrote 37 bootstraps
[2017-10-31 16:39:44.870] [jointLog] [info] wrote 38 bootstraps
[2017-10-31 16:39:45.824] [jointLog] [info] wrote 39 bootstraps
[2017-10-31 16:39:46.708] [jointLog] [info] wrote 40 bootstraps
[2017-10-31 16:39:46.813] [jointLog] [info] wrote 41 bootstraps
[2017-10-31 16:39:48.247] [jointLog] [info] wrote 42 bootstraps
[2017-10-31 16:39:49.681] [jointLog] [info] wrote 43 bootstraps
[2017-10-31 16:39:51.821] [jointLog] [info] wrote 44 bootstraps
[2017-10-31 16:39:51.866] [jointLog] [info] wrote 45 bootstraps
[2017-10-31 16:39:52.694] [jointLog] [info] wrote 46 bootstraps
[2017-10-31 16:39:53.256] [jointLog] [info] wrote 47 bootstraps
[2017-10-31 16:39:54.070] [jointLog] [info] wrote 48 bootstraps
[2017-10-31 16:39:55.247] [jointLog] [info] wrote 49 bootstraps
[2017-10-31 16:39:56.424] [jointLog] [info] wrote 50 bootstraps
[2017-10-31 16:39:59.378] [jointLog] [info] wrote 51 bootstraps
[2017-10-31 16:39:59.498] [jointLog] [info] wrote 52 bootstraps
[2017-10-31 16:39:59.572] [jointLog] [info] wrote 53 bootstraps
[2017-10-31 16:39:59.699] [jointLog] [info] wrote 54 bootstraps
[2017-10-31 16:40:01.910] [jointLog] [info] wrote 55 bootstraps
[2017-10-31 16:40:01.940] [jointLog] [info] wrote 56 bootstraps
[2017-10-31 16:40:03.262] [jointLog] [info] wrote 57 bootstraps
[2017-10-31 16:40:05.707] [jointLog] [info] wrote 58 bootstraps
[2017-10-31 16:40:05.730] [jointLog] [info] wrote 59 bootstraps
[2017-10-31 16:40:06.894] [jointLog] [info] wrote 60 bootstraps
[2017-10-31 16:40:07.272] [jointLog] [info] wrote 61 bootstraps
[2017-10-31 16:40:08.800] [jointLog] [info] wrote 62 bootstraps
[2017-10-31 16:40:09.636] [jointLog] [info] wrote 63 bootstraps
[2017-10-31 16:40:10.367] [jointLog] [info] wrote 64 bootstraps
[2017-10-31 16:40:12.971] [jointLog] [info] wrote 65 bootstraps
[2017-10-31 16:40:13.023] [jointLog] [info] wrote 66 bootstraps
[2017-10-31 16:40:13.133] [jointLog] [info] wrote 67 bootstraps
[2017-10-31 16:40:14.591] [jointLog] [info] wrote 68 bootstraps
[2017-10-31 16:40:16.210] [jointLog] [info] wrote 69 bootstraps
[2017-10-31 16:40:17.226] [jointLog] [info] wrote 70 bootstraps
[2017-10-31 16:40:17.400] [jointLog] [info] wrote 71 bootstraps
[2017-10-31 16:40:19.163] [jointLog] [info] wrote 72 bootstraps
[2017-10-31 16:40:19.918] [jointLog] [info] wrote 73 bootstraps
[2017-10-31 16:40:20.729] [jointLog] [info] wrote 74 bootstraps
[2017-10-31 16:40:20.754] [jointLog] [info] wrote 75 bootstraps
[2017-10-31 16:40:23.223] [jointLog] [info] wrote 76 bootstraps
[2017-10-31 16:40:25.038] [jointLog] [info] wrote 77 bootstraps
[2017-10-31 16:40:25.193] [jointLog] [info] wrote 78 bootstraps
[2017-10-31 16:40:26.932] [jointLog] [info] wrote 79 bootstraps
[2017-10-31 16:40:27.085] [jointLog] [info] wrote 80 bootstraps
[2017-10-31 16:40:27.411] [jointLog] [info] wrote 81 bootstraps
[2017-10-31 16:40:27.866] [jointLog] [info] wrote 82 bootstraps
[2017-10-31 16:40:30.160] [jointLog] [info] wrote 83 bootstraps
[2017-10-31 16:40:30.710] [jointLog] [info] wrote 84 bootstraps
[2017-10-31 16:40:32.736] [jointLog] [info] wrote 85 bootstraps
[2017-10-31 16:40:33.765] [jointLog] [info] wrote 86 bootstraps
[2017-10-31 16:40:33.991] [jointLog] [info] wrote 87 bootstraps
[2017-10-31 16:40:34.579] [jointLog] [info] wrote 88 bootstraps
[2017-10-31 16:40:34.829] [jointLog] [info] wrote 89 bootstraps
[2017-10-31 16:40:37.620] [jointLog] [info] wrote 90 bootstraps
[2017-10-31 16:40:38.526] [jointLog] [info] wrote 91 bootstraps
[2017-10-31 16:40:39.376] [jointLog] [info] wrote 92 bootstraps
[2017-10-31 16:40:40.556] [jointLog] [info] wrote 93 bootstraps
[2017-10-31 16:40:40.683] [jointLog] [info] wrote 94 bootstraps
[2017-10-31 16:40:40.939] [jointLog] [info] wrote 95 bootstraps
[2017-10-31 16:40:41.854] [jointLog] [info] wrote 96 bootstraps
[2017-10-31 16:40:45.353] [jointLog] [info] wrote 97 bootstraps
[2017-10-31 16:40:46.218] [jointLog] [info] wrote 98 bootstraps
[2017-10-31 16:40:46.797] [jointLog] [info] wrote 99 bootstraps
[2017-10-31 16:40:47.022] [jointLog] [info] wrote 100 bootstraps
[2017-10-31 16:40:47.795] [jointLog] [info] wrote 101 bootstraps
[2017-10-31 16:40:47.909] [jointLog] [info] wrote 102 bootstraps
[2017-10-31 16:40:48.013] [jointLog] [info] wrote 103 bootstraps
[2017-10-31 16:40:52.285] [jointLog] [info] wrote 104 bootstraps
[2017-10-31 16:40:53.170] [jointLog] [info] wrote 105 bootstraps
[2017-10-31 16:40:53.390] [jointLog] [info] wrote 106 bootstraps
[2017-10-31 16:40:53.995] [jointLog] [info] wrote 107 bootstraps
[2017-10-31 16:40:54.805] [jointLog] [info] wrote 108 bootstraps
[2017-10-31 16:40:55.780] [jointLog] [info] wrote 109 bootstraps
[2017-10-31 16:40:55.824] [jointLog] [info] wrote 110 bootstraps
[2017-10-31 16:40:58.599] [jointLog] [info] wrote 111 bootstraps
[2017-10-31 16:40:59.785] [jointLog] [info] wrote 112 bootstraps
[2017-10-31 16:41:00.883] [jointLog] [info] wrote 113 bootstraps
[2017-10-31 16:41:01.252] [jointLog] [info] wrote 114 bootstraps
[2017-10-31 16:41:01.610] [jointLog] [info] wrote 115 bootstraps
[2017-10-31 16:41:02.584] [jointLog] [info] wrote 116 bootstraps
[2017-10-31 16:41:03.019] [jointLog] [info] wrote 117 bootstraps
[2017-10-31 16:41:05.358] [jointLog] [info] wrote 118 bootstraps
[2017-10-31 16:41:06.880] [jointLog] [info] wrote 119 bootstraps
[2017-10-31 16:41:07.374] [jointLog] [info] wrote 120 bootstraps
[2017-10-31 16:41:08.432] [jointLog] [info] wrote 121 bootstraps
[2017-10-31 16:41:09.512] [jointLog] [info] wrote 122 bootstraps
[2017-10-31 16:41:10.283] [jointLog] [info] wrote 123 bootstraps
[2017-10-31 16:41:10.459] [jointLog] [info] wrote 124 bootstraps
[2017-10-31 16:41:11.182] [jointLog] [info] wrote 125 bootstraps
[2017-10-31 16:41:13.953] [jointLog] [info] wrote 126 bootstraps
[2017-10-31 16:41:15.335] [jointLog] [info] wrote 127 bootstraps
[2017-10-31 16:41:16.317] [jointLog] [info] wrote 128 bootstraps
[2017-10-31 16:41:16.597] [jointLog] [info] wrote 129 bootstraps
[2017-10-31 16:41:16.696] [jointLog] [info] wrote 130 bootstraps
[2017-10-31 16:41:17.131] [jointLog] [info] wrote 131 bootstraps
[2017-10-31 16:41:18.235] [jointLog] [info] wrote 132 bootstraps
[2017-10-31 16:41:20.312] [jointLog] [info] wrote 133 bootstraps
[2017-10-31 16:41:21.414] [jointLog] [info] wrote 134 bootstraps
[2017-10-31 16:41:23.563] [jointLog] [info] wrote 135 bootstraps
[2017-10-31 16:41:23.877] [jointLog] [info] wrote 136 bootstraps
[2017-10-31 16:41:23.999] [jointLog] [info] wrote 137 bootstraps
[2017-10-31 16:41:24.775] [jointLog] [info] wrote 138 bootstraps
[2017-10-31 16:41:25.625] [jointLog] [info] wrote 139 bootstraps
[2017-10-31 16:41:27.113] [jointLog] [info] wrote 140 bootstraps
[2017-10-31 16:41:28.025] [jointLog] [info] wrote 141 bootstraps
[2017-10-31 16:41:29.604] [jointLog] [info] wrote 142 bootstraps
[2017-10-31 16:41:31.108] [jointLog] [info] wrote 143 bootstraps
[2017-10-31 16:41:31.341] [jointLog] [info] wrote 144 bootstraps
[2017-10-31 16:41:31.371] [jointLog] [info] wrote 145 bootstraps
[2017-10-31 16:41:33.589] [jointLog] [info] wrote 146 bootstraps
[2017-10-31 16:41:34.259] [jointLog] [info] wrote 147 bootstraps
[2017-10-31 16:41:35.057] [jointLog] [info] wrote 148 bootstraps
[2017-10-31 16:41:35.612] [jointLog] [info] wrote 149 bootstraps
[2017-10-31 16:41:37.767] [jointLog] [info] wrote 150 bootstraps
[2017-10-31 16:41:39.025] [jointLog] [info] wrote 151 bootstraps
[2017-10-31 16:41:39.204] [jointLog] [info] wrote 152 bootstraps
[2017-10-31 16:41:40.967] [jointLog] [info] wrote 153 bootstraps
[2017-10-31 16:41:41.286] [jointLog] [info] wrote 154 bootstraps
[2017-10-31 16:41:41.484] [jointLog] [info] wrote 155 bootstraps
[2017-10-31 16:41:42.155] [jointLog] [info] wrote 156 bootstraps
[2017-10-31 16:41:44.809] [jointLog] [info] wrote 157 bootstraps
[2017-10-31 16:41:45.041] [jointLog] [info] wrote 158 bootstraps
[2017-10-31 16:41:46.194] [jointLog] [info] wrote 159 bootstraps
[2017-10-31 16:41:47.854] [jointLog] [info] wrote 160 bootstraps
[2017-10-31 16:41:49.081] [jointLog] [info] wrote 161 bootstraps
[2017-10-31 16:41:49.207] [jointLog] [info] wrote 162 bootstraps
[2017-10-31 16:41:49.693] [jointLog] [info] wrote 163 bootstraps
[2017-10-31 16:41:51.040] [jointLog] [info] wrote 164 bootstraps
[2017-10-31 16:41:51.822] [jointLog] [info] wrote 165 bootstraps
[2017-10-31 16:41:53.776] [jointLog] [info] wrote 166 bootstraps
[2017-10-31 16:41:54.404] [jointLog] [info] wrote 167 bootstraps
[2017-10-31 16:41:54.571] [jointLog] [info] wrote 168 bootstraps
[2017-10-31 16:41:56.607] [jointLog] [info] wrote 169 bootstraps
[2017-10-31 16:41:57.302] [jointLog] [info] wrote 170 bootstraps
[2017-10-31 16:41:58.818] [jointLog] [info] wrote 171 bootstraps
[2017-10-31 16:41:59.080] [jointLog] [info] wrote 172 bootstraps
[2017-10-31 16:42:00.957] [jointLog] [info] wrote 173 bootstraps
[2017-10-31 16:42:01.117] [jointLog] [info] wrote 174 bootstraps
[2017-10-31 16:42:01.512] [jointLog] [info] wrote 175 bootstraps
[2017-10-31 16:42:03.051] [jointLog] [info] wrote 176 bootstraps
[2017-10-31 16:42:05.341] [jointLog] [info] wrote 177 bootstraps
[2017-10-31 16:42:06.008] [jointLog] [info] wrote 178 bootstraps
[2017-10-31 16:42:06.778] [jointLog] [info] wrote 179 bootstraps
[2017-10-31 16:42:07.001] [jointLog] [info] wrote 180 bootstraps
[2017-10-31 16:42:07.901] [jointLog] [info] wrote 181 bootstraps
[2017-10-31 16:42:07.950] [jointLog] [info] wrote 182 bootstraps
[2017-10-31 16:42:10.373] [jointLog] [info] wrote 183 bootstraps
[2017-10-31 16:42:12.912] [jointLog] [info] wrote 184 bootstraps
[2017-10-31 16:42:13.184] [jointLog] [info] wrote 185 bootstraps
[2017-10-31 16:42:13.420] [jointLog] [info] wrote 186 bootstraps
[2017-10-31 16:42:14.223] [jointLog] [info] wrote 187 bootstraps
[2017-10-31 16:42:14.607] [jointLog] [info] wrote 188 bootstraps
[2017-10-31 16:42:15.767] [jointLog] [info] wrote 189 bootstraps
[2017-10-31 16:42:17.558] [jointLog] [info] wrote 190 bootstraps
[2017-10-31 16:42:20.032] [jointLog] [info] wrote 191 bootstraps
[2017-10-31 16:42:20.741] [jointLog] [info] wrote 192 bootstraps
[2017-10-31 16:42:20.828] [jointLog] [info] wrote 193 bootstraps
[2017-10-31 16:42:20.859] [jointLog] [info] wrote 194 bootstraps
[2017-10-31 16:42:22.292] [jointLog] [info] wrote 195 bootstraps
[2017-10-31 16:42:22.440] [jointLog] [info] wrote 196 bootstraps
[2017-10-31 16:42:23.726] [jointLog] [info] wrote 197 bootstraps
[2017-10-31 16:42:26.447] [jointLog] [info] wrote 198 bootstraps
[2017-10-31 16:42:27.554] [jointLog] [info] wrote 199 bootstraps
[2017-10-31 16:42:28.618] [jointLog] [info] wrote 200 bootstraps
[2017-10-31 16:42:28.736] [jointLog] [info] wrote 201 bootstraps
[2017-10-31 16:42:29.203] [jointLog] [info] wrote 202 bootstraps
[2017-10-31 16:42:29.856] [jointLog] [info] wrote 203 bootstraps
[2017-10-31 16:42:30.245] [jointLog] [info] wrote 204 bootstraps
[2017-10-31 16:42:33.101] [jointLog] [info] wrote 205 bootstraps
[2017-10-31 16:42:34.799] [jointLog] [info] wrote 206 bootstraps
[2017-10-31 16:42:35.022] [jointLog] [info] wrote 207 bootstraps
[2017-10-31 16:42:35.718] [jointLog] [info] wrote 208 bootstraps
[2017-10-31 16:42:36.303] [jointLog] [info] wrote 209 bootstraps
[2017-10-31 16:42:36.736] [jointLog] [info] wrote 210 bootstraps
[2017-10-31 16:42:37.707] [jointLog] [info] wrote 211 bootstraps
[2017-10-31 16:42:40.163] [jointLog] [info] wrote 212 bootstraps
[2017-10-31 16:42:40.588] [jointLog] [info] wrote 213 bootstraps
[2017-10-31 16:42:42.105] [jointLog] [info] wrote 214 bootstraps
[2017-10-31 16:42:42.948] [jointLog] [info] wrote 215 bootstraps
[2017-10-31 16:42:43.546] [jointLog] [info] wrote 216 bootstraps
[2017-10-31 16:42:44.284] [jointLog] [info] wrote 217 bootstraps
[2017-10-31 16:42:45.581] [jointLog] [info] wrote 218 bootstraps
[2017-10-31 16:42:45.621] [jointLog] [info] wrote 219 bootstraps
[2017-10-31 16:42:46.692] [jointLog] [info] wrote 220 bootstraps
[2017-10-31 16:42:49.250] [jointLog] [info] wrote 221 bootstraps
[2017-10-31 16:42:50.776] [jointLog] [info] wrote 222 bootstraps
[2017-10-31 16:42:51.204] [jointLog] [info] wrote 223 bootstraps
[2017-10-31 16:42:51.413] [jointLog] [info] wrote 224 bootstraps
[2017-10-31 16:42:52.141] [jointLog] [info] wrote 225 bootstraps
[2017-10-31 16:42:52.250] [jointLog] [info] wrote 226 bootstraps
[2017-10-31 16:42:53.827] [jointLog] [info] wrote 227 bootstraps
[2017-10-31 16:42:56.225] [jointLog] [info] wrote 228 bootstraps
[2017-10-31 16:42:57.298] [jointLog] [info] wrote 229 bootstraps
[2017-10-31 16:42:57.633] [jointLog] [info] wrote 230 bootstraps
[2017-10-31 16:42:57.994] [jointLog] [info] wrote 231 bootstraps
[2017-10-31 16:42:59.869] [jointLog] [info] wrote 232 bootstraps
[2017-10-31 16:43:00.351] [jointLog] [info] wrote 233 bootstraps
[2017-10-31 16:43:01.236] [jointLog] [info] wrote 234 bootstraps
[2017-10-31 16:43:03.206] [jointLog] [info] wrote 235 bootstraps
[2017-10-31 16:43:03.495] [jointLog] [info] wrote 236 bootstraps
[2017-10-31 16:43:04.368] [jointLog] [info] wrote 237 bootstraps
[2017-10-31 16:43:05.193] [jointLog] [info] wrote 238 bootstraps
[2017-10-31 16:43:07.724] [jointLog] [info] wrote 239 bootstraps
[2017-10-31 16:43:08.126] [jointLog] [info] wrote 240 bootstraps
[2017-10-31 16:43:08.848] [jointLog] [info] wrote 241 bootstraps
[2017-10-31 16:43:09.234] [jointLog] [info] wrote 242 bootstraps
[2017-10-31 16:43:09.836] [jointLog] [info] wrote 243 bootstraps
[2017-10-31 16:43:11.647] [jointLog] [info] wrote 244 bootstraps
[2017-10-31 16:43:12.372] [jointLog] [info] wrote 245 bootstraps
[2017-10-31 16:43:15.042] [jointLog] [info] wrote 246 bootstraps
[2017-10-31 16:43:15.336] [jointLog] [info] wrote 247 bootstraps
[2017-10-31 16:43:15.394] [jointLog] [info] wrote 248 bootstraps
[2017-10-31 16:43:15.790] [jointLog] [info] wrote 249 bootstraps
[2017-10-31 16:43:16.720] [jointLog] [info] wrote 250 bootstraps
[2017-10-31 16:43:19.573] [jointLog] [info] wrote 251 bootstraps
[2017-10-31 16:43:20.287] [jointLog] [info] wrote 252 bootstraps
[2017-10-31 16:43:20.999] [jointLog] [info] wrote 253 bootstraps
[2017-10-31 16:43:21.271] [jointLog] [info] wrote 254 bootstraps
[2017-10-31 16:43:22.029] [jointLog] [info] wrote 255 bootstraps
[2017-10-31 16:43:23.158] [jointLog] [info] wrote 256 bootstraps
[2017-10-31 16:43:24.515] [jointLog] [info] wrote 257 bootstraps
[2017-10-31 16:43:26.627] [jointLog] [info] wrote 258 bootstraps
[2017-10-31 16:43:27.549] [jointLog] [info] wrote 259 bootstraps
[2017-10-31 16:43:27.665] [jointLog] [info] wrote 260 bootstraps
[2017-10-31 16:43:28.591] [jointLog] [info] wrote 261 bootstraps
[2017-10-31 16:43:29.710] [jointLog] [info] wrote 262 bootstraps
[2017-10-31 16:43:30.247] [jointLog] [info] wrote 263 bootstraps
[2017-10-31 16:43:32.196] [jointLog] [info] wrote 264 bootstraps
[2017-10-31 16:43:32.347] [jointLog] [info] wrote 265 bootstraps
[2017-10-31 16:43:34.239] [jointLog] [info] wrote 266 bootstraps
[2017-10-31 16:43:35.597] [jointLog] [info] wrote 267 bootstraps
[2017-10-31 16:43:36.068] [jointLog] [info] wrote 268 bootstraps
[2017-10-31 16:43:37.116] [jointLog] [info] wrote 269 bootstraps
[2017-10-31 16:43:37.553] [jointLog] [info] wrote 270 bootstraps
[2017-10-31 16:43:38.261] [jointLog] [info] wrote 271 bootstraps
[2017-10-31 16:43:39.979] [jointLog] [info] wrote 272 bootstraps
[2017-10-31 16:43:40.403] [jointLog] [info] wrote 273 bootstraps
[2017-10-31 16:43:43.401] [jointLog] [info] wrote 274 bootstraps
[2017-10-31 16:43:43.478] [jointLog] [info] wrote 275 bootstraps
[2017-10-31 16:43:43.988] [jointLog] [info] wrote 276 bootstraps
[2017-10-31 16:43:44.312] [jointLog] [info] wrote 277 bootstraps
[2017-10-31 16:43:45.390] [jointLog] [info] wrote 278 bootstraps
[2017-10-31 16:43:46.578] [jointLog] [info] wrote 279 bootstraps
[2017-10-31 16:43:47.670] [jointLog] [info] wrote 280 bootstraps
[2017-10-31 16:43:49.878] [jointLog] [info] wrote 281 bootstraps
[2017-10-31 16:43:50.412] [jointLog] [info] wrote 282 bootstraps
[2017-10-31 16:43:50.596] [jointLog] [info] wrote 283 bootstraps
[2017-10-31 16:43:51.769] [jointLog] [info] wrote 284 bootstraps
[2017-10-31 16:43:52.727] [jointLog] [info] wrote 285 bootstraps
[2017-10-31 16:43:53.124] [jointLog] [info] wrote 286 bootstraps
[2017-10-31 16:43:55.480] [jointLog] [info] wrote 287 bootstraps
[2017-10-31 16:43:55.846] [jointLog] [info] wrote 288 bootstraps
[2017-10-31 16:43:56.940] [jointLog] [info] wrote 289 bootstraps
[2017-10-31 16:43:57.802] [jointLog] [info] wrote 290 bootstraps
[2017-10-31 16:43:58.926] [jointLog] [info] wrote 291 bootstraps
[2017-10-31 16:43:59.201] [jointLog] [info] wrote 292 bootstraps
[2017-10-31 16:44:01.243] [jointLog] [info] wrote 293 bootstraps
[2017-10-31 16:44:02.143] [jointLog] [info] wrote 294 bootstraps
[2017-10-31 16:44:03.255] [jointLog] [info] wrote 295 bootstraps
[2017-10-31 16:44:03.359] [jointLog] [info] wrote 296 bootstraps
[2017-10-31 16:44:05.589] [jointLog] [info] wrote 297 bootstraps
[2017-10-31 16:44:06.729] [jointLog] [info] wrote 298 bootstraps
[2017-10-31 16:44:06.993] [jointLog] [info] wrote 299 bootstraps
[2017-10-31 16:44:07.428] [jointLog] [info] wrote 300 bootstraps
[2017-10-31 16:44:08.824] [jointLog] [info] wrote 301 bootstraps
[2017-10-31 16:44:10.066] [jointLog] [info] wrote 302 bootstraps
[2017-10-31 16:44:11.116] [jointLog] [info] wrote 303 bootstraps
[2017-10-31 16:44:12.548] [jointLog] [info] wrote 304 bootstraps
[2017-10-31 16:44:13.375] [jointLog] [info] wrote 305 bootstraps
[2017-10-31 16:44:13.445] [jointLog] [info] wrote 306 bootstraps
[2017-10-31 16:44:14.903] [jointLog] [info] wrote 307 bootstraps
[2017-10-31 16:44:15.667] [jointLog] [info] wrote 308 bootstraps
[2017-10-31 16:44:17.886] [jointLog] [info] wrote 309 bootstraps
[2017-10-31 16:44:18.631] [jointLog] [info] wrote 310 bootstraps
[2017-10-31 16:44:19.118] [jointLog] [info] wrote 311 bootstraps
[2017-10-31 16:44:20.180] [jointLog] [info] wrote 312 bootstraps
[2017-10-31 16:44:21.038] [jointLog] [info] wrote 313 bootstraps
[2017-10-31 16:44:22.149] [jointLog] [info] wrote 314 bootstraps
[2017-10-31 16:44:22.859] [jointLog] [info] wrote 315 bootstraps
[2017-10-31 16:44:25.128] [jointLog] [info] wrote 316 bootstraps
[2017-10-31 16:44:25.634] [jointLog] [info] wrote 317 bootstraps
[2017-10-31 16:44:26.463] [jointLog] [info] wrote 318 bootstraps
[2017-10-31 16:44:26.493] [jointLog] [info] wrote 319 bootstraps
[2017-10-31 16:44:28.129] [jointLog] [info] wrote 320 bootstraps
[2017-10-31 16:44:28.262] [jointLog] [info] wrote 321 bootstraps
[2017-10-31 16:44:30.836] [jointLog] [info] wrote 322 bootstraps
[2017-10-31 16:44:31.860] [jointLog] [info] wrote 323 bootstraps
[2017-10-31 16:44:32.500] [jointLog] [info] wrote 324 bootstraps
[2017-10-31 16:44:33.155] [jointLog] [info] wrote 325 bootstraps
[2017-10-31 16:44:33.384] [jointLog] [info] wrote 326 bootstraps
[2017-10-31 16:44:33.998] [jointLog] [info] wrote 327 bootstraps
[2017-10-31 16:44:36.494] [jointLog] [info] wrote 328 bootstraps
[2017-10-31 16:44:38.701] [jointLog] [info] wrote 329 bootstraps
[2017-10-31 16:44:38.881] [jointLog] [info] wrote 330 bootstraps
[2017-10-31 16:44:39.012] [jointLog] [info] wrote 331 bootstraps
[2017-10-31 16:44:40.059] [jointLog] [info] wrote 332 bootstraps
[2017-10-31 16:44:40.757] [jointLog] [info] wrote 333 bootstraps
[2017-10-31 16:44:41.106] [jointLog] [info] wrote 334 bootstraps
[2017-10-31 16:44:44.134] [jointLog] [info] wrote 335 bootstraps
[2017-10-31 16:44:44.803] [jointLog] [info] wrote 336 bootstraps
[2017-10-31 16:44:45.073] [jointLog] [info] wrote 337 bootstraps
[2017-10-31 16:44:45.765] [jointLog] [info] wrote 338 bootstraps
[2017-10-31 16:44:46.499] [jointLog] [info] wrote 339 bootstraps
[2017-10-31 16:44:48.298] [jointLog] [info] wrote 340 bootstraps
[2017-10-31 16:44:48.709] [jointLog] [info] wrote 341 bootstraps
[2017-10-31 16:44:51.034] [jointLog] [info] wrote 342 bootstraps
[2017-10-31 16:44:51.459] [jointLog] [info] wrote 343 bootstraps
[2017-10-31 16:44:51.907] [jointLog] [info] wrote 344 bootstraps
[2017-10-31 16:44:52.043] [jointLog] [info] wrote 345 bootstraps
[2017-10-31 16:44:54.518] [jointLog] [info] wrote 346 bootstraps
[2017-10-31 16:44:55.988] [jointLog] [info] wrote 347 bootstraps
[2017-10-31 16:44:56.352] [jointLog] [info] wrote 348 bootstraps
[2017-10-31 16:44:56.911] [jointLog] [info] wrote 349 bootstraps
[2017-10-31 16:44:58.092] [jointLog] [info] wrote 350 bootstraps
[2017-10-31 16:44:58.604] [jointLog] [info] wrote 351 bootstraps
[2017-10-31 16:44:59.584] [jointLog] [info] wrote 352 bootstraps
[2017-10-31 16:45:00.985] [jointLog] [info] wrote 353 bootstraps
[2017-10-31 16:45:03.059] [jointLog] [info] wrote 354 bootstraps
[2017-10-31 16:45:03.346] [jointLog] [info] wrote 355 bootstraps
[2017-10-31 16:45:04.365] [jointLog] [info] wrote 356 bootstraps
[2017-10-31 16:45:05.035] [jointLog] [info] wrote 357 bootstraps
[2017-10-31 16:45:05.675] [jointLog] [info] wrote 358 bootstraps
[2017-10-31 16:45:07.664] [jointLog] [info] wrote 359 bootstraps
[2017-10-31 16:45:08.422] [jointLog] [info] wrote 360 bootstraps
[2017-10-31 16:45:08.798] [jointLog] [info] wrote 361 bootstraps
[2017-10-31 16:45:10.599] [jointLog] [info] wrote 362 bootstraps
[2017-10-31 16:45:10.631] [jointLog] [info] wrote 363 bootstraps
[2017-10-31 16:45:12.205] [jointLog] [info] wrote 364 bootstraps
[2017-10-31 16:45:12.489] [jointLog] [info] wrote 365 bootstraps
[2017-10-31 16:45:14.565] [jointLog] [info] wrote 366 bootstraps
[2017-10-31 16:45:15.410] [jointLog] [info] wrote 367 bootstraps
[2017-10-31 16:45:16.568] [jointLog] [info] wrote 368 bootstraps
[2017-10-31 16:45:17.576] [jointLog] [info] wrote 369 bootstraps
[2017-10-31 16:45:18.132] [jointLog] [info] wrote 370 bootstraps
[2017-10-31 16:45:19.200] [jointLog] [info] wrote 371 bootstraps
[2017-10-31 16:45:19.320] [jointLog] [info] wrote 372 bootstraps
[2017-10-31 16:45:21.206] [jointLog] [info] wrote 373 bootstraps
[2017-10-31 16:45:22.469] [jointLog] [info] wrote 374 bootstraps
[2017-10-31 16:45:24.523] [jointLog] [info] wrote 375 bootstraps
[2017-10-31 16:45:24.749] [jointLog] [info] wrote 376 bootstraps
[2017-10-31 16:45:24.787] [jointLog] [info] wrote 377 bootstraps
[2017-10-31 16:45:26.129] [jointLog] [info] wrote 378 bootstraps
[2017-10-31 16:45:26.292] [jointLog] [info] wrote 379 bootstraps
[2017-10-31 16:45:27.322] [jointLog] [info] wrote 380 bootstraps
[2017-10-31 16:45:29.802] [jointLog] [info] wrote 381 bootstraps
[2017-10-31 16:45:31.454] [jointLog] [info] wrote 382 bootstraps
[2017-10-31 16:45:31.493] [jointLog] [info] wrote 383 bootstraps
[2017-10-31 16:45:31.932] [jointLog] [info] wrote 384 bootstraps
[2017-10-31 16:45:33.371] [jointLog] [info] wrote 385 bootstraps
[2017-10-31 16:45:33.421] [jointLog] [info] wrote 386 bootstraps
[2017-10-31 16:45:33.645] [jointLog] [info] wrote 387 bootstraps
[2017-10-31 16:45:37.370] [jointLog] [info] wrote 388 bootstraps
[2017-10-31 16:45:39.162] [jointLog] [info] wrote 389 bootstraps
[2017-10-31 16:45:39.210] [jointLog] [info] wrote 390 bootstraps
[2017-10-31 16:45:39.249] [jointLog] [info] wrote 391 bootstraps
[2017-10-31 16:45:39.739] [jointLog] [info] wrote 392 bootstraps
[2017-10-31 16:45:39.846] [jointLog] [info] wrote 393 bootstraps
[2017-10-31 16:45:40.257] [jointLog] [info] wrote 394 bootstraps
[2017-10-31 16:45:44.910] [jointLog] [info] wrote 395 bootstraps
[2017-10-31 16:45:46.013] [jointLog] [info] wrote 396 bootstraps
[2017-10-31 16:45:46.105] [jointLog] [info] wrote 397 bootstraps
[2017-10-31 16:45:46.604] [jointLog] [info] wrote 398 bootstraps
[2017-10-31 16:45:46.799] [jointLog] [info] wrote 399 bootstraps
[2017-10-31 16:45:46.994] [jointLog] [info] wrote 400 bootstraps
[2017-10-31 16:45:47.539] [jointLog] [info] wrote 401 bootstraps
[2017-10-31 16:45:50.745] [jointLog] [info] wrote 402 bootstraps
[2017-10-31 16:45:52.741] [jointLog] [info] wrote 403 bootstraps
[2017-10-31 16:45:52.815] [jointLog] [info] wrote 404 bootstraps
[2017-10-31 16:45:53.893] [jointLog] [info] wrote 405 bootstraps
[2017-10-31 16:45:54.040] [jointLog] [info] wrote 406 bootstraps
[2017-10-31 16:45:54.511] [jointLog] [info] wrote 407 bootstraps
[2017-10-31 16:45:54.979] [jointLog] [info] wrote 408 bootstraps
[2017-10-31 16:45:57.824] [jointLog] [info] wrote 409 bootstraps
[2017-10-31 16:46:00.251] [jointLog] [info] wrote 410 bootstraps
[2017-10-31 16:46:00.283] [jointLog] [info] wrote 411 bootstraps
[2017-10-31 16:46:00.661] [jointLog] [info] wrote 412 bootstraps
[2017-10-31 16:46:01.334] [jointLog] [info] wrote 413 bootstraps
[2017-10-31 16:46:01.483] [jointLog] [info] wrote 414 bootstraps
[2017-10-31 16:46:01.585] [jointLog] [info] wrote 415 bootstraps
[2017-10-31 16:46:04.618] [jointLog] [info] wrote 416 bootstraps
[2017-10-31 16:46:06.692] [jointLog] [info] wrote 417 bootstraps
[2017-10-31 16:46:07.705] [jointLog] [info] wrote 418 bootstraps
[2017-10-31 16:46:07.731] [jointLog] [info] wrote 419 bootstraps
[2017-10-31 16:46:07.834] [jointLog] [info] wrote 420 bootstraps
[2017-10-31 16:46:08.294] [jointLog] [info] wrote 421 bootstraps
[2017-10-31 16:46:08.652] [jointLog] [info] wrote 422 bootstraps
[2017-10-31 16:46:12.373] [jointLog] [info] wrote 423 bootstraps
[2017-10-31 16:46:13.200] [jointLog] [info] wrote 424 bootstraps
[2017-10-31 16:46:13.317] [jointLog] [info] wrote 425 bootstraps
[2017-10-31 16:46:14.714] [jointLog] [info] wrote 426 bootstraps
[2017-10-31 16:46:15.360] [jointLog] [info] wrote 427 bootstraps
[2017-10-31 16:46:15.760] [jointLog] [info] wrote 428 bootstraps
[2017-10-31 16:46:15.918] [jointLog] [info] wrote 429 bootstraps
[2017-10-31 16:46:19.455] [jointLog] [info] wrote 430 bootstraps
[2017-10-31 16:46:19.606] [jointLog] [info] wrote 431 bootstraps
[2017-10-31 16:46:20.150] [jointLog] [info] wrote 432 bootstraps
[2017-10-31 16:46:22.334] [jointLog] [info] wrote 433 bootstraps
[2017-10-31 16:46:22.377] [jointLog] [info] wrote 434 bootstraps
[2017-10-31 16:46:22.669] [jointLog] [info] wrote 435 bootstraps
[2017-10-31 16:46:23.700] [jointLog] [info] wrote 436 bootstraps
[2017-10-31 16:46:26.267] [jointLog] [info] wrote 437 bootstraps
[2017-10-31 16:46:26.633] [jointLog] [info] wrote 438 bootstraps
[2017-10-31 16:46:27.510] [jointLog] [info] wrote 439 bootstraps
[2017-10-31 16:46:28.875] [jointLog] [info] wrote 440 bootstraps
[2017-10-31 16:46:29.387] [jointLog] [info] wrote 441 bootstraps
[2017-10-31 16:46:30.016] [jointLog] [info] wrote 442 bootstraps
[2017-10-31 16:46:31.161] [jointLog] [info] wrote 443 bootstraps
[2017-10-31 16:46:32.476] [jointLog] [info] wrote 444 bootstraps
[2017-10-31 16:46:33.322] [jointLog] [info] wrote 445 bootstraps
[2017-10-31 16:46:34.647] [jointLog] [info] wrote 446 bootstraps
[2017-10-31 16:46:36.566] [jointLog] [info] wrote 447 bootstraps
[2017-10-31 16:46:36.621] [jointLog] [info] wrote 448 bootstraps
[2017-10-31 16:46:37.154] [jointLog] [info] wrote 449 bootstraps
[2017-10-31 16:46:37.474] [jointLog] [info] wrote 450 bootstraps
[2017-10-31 16:46:38.657] [jointLog] [info] wrote 451 bootstraps
[2017-10-31 16:46:40.452] [jointLog] [info] wrote 452 bootstraps
[2017-10-31 16:46:41.736] [jointLog] [info] wrote 453 bootstraps
[2017-10-31 16:46:43.523] [jointLog] [info] wrote 454 bootstraps
[2017-10-31 16:46:44.086] [jointLog] [info] wrote 455 bootstraps
[2017-10-31 16:46:44.120] [jointLog] [info] wrote 456 bootstraps
[2017-10-31 16:46:44.262] [jointLog] [info] wrote 457 bootstraps
[2017-10-31 16:46:45.853] [jointLog] [info] wrote 458 bootstraps
[2017-10-31 16:46:47.810] [jointLog] [info] wrote 459 bootstraps
[2017-10-31 16:46:49.524] [jointLog] [info] wrote 460 bootstraps
[2017-10-31 16:46:50.346] [jointLog] [info] wrote 461 bootstraps
[2017-10-31 16:46:50.633] [jointLog] [info] wrote 462 bootstraps
[2017-10-31 16:46:50.917] [jointLog] [info] wrote 463 bootstraps
[2017-10-31 16:46:51.705] [jointLog] [info] wrote 464 bootstraps
[2017-10-31 16:46:53.436] [jointLog] [info] wrote 465 bootstraps
[2017-10-31 16:46:54.917] [jointLog] [info] wrote 466 bootstraps
[2017-10-31 16:46:56.894] [jointLog] [info] wrote 467 bootstraps
[2017-10-31 16:46:57.158] [jointLog] [info] wrote 468 bootstraps
[2017-10-31 16:46:57.387] [jointLog] [info] wrote 469 bootstraps
[2017-10-31 16:46:57.871] [jointLog] [info] wrote 470 bootstraps
[2017-10-31 16:46:59.381] [jointLog] [info] wrote 471 bootstraps
[2017-10-31 16:47:00.850] [jointLog] [info] wrote 472 bootstraps
[2017-10-31 16:47:02.527] [jointLog] [info] wrote 473 bootstraps
[2017-10-31 16:47:03.382] [jointLog] [info] wrote 474 bootstraps
[2017-10-31 16:47:03.455] [jointLog] [info] wrote 475 bootstraps
[2017-10-31 16:47:05.089] [jointLog] [info] wrote 476 bootstraps
[2017-10-31 16:47:05.389] [jointLog] [info] wrote 477 bootstraps
[2017-10-31 16:47:05.873] [jointLog] [info] wrote 478 bootstraps
[2017-10-31 16:47:07.833] [jointLog] [info] wrote 479 bootstraps
[2017-10-31 16:47:09.756] [jointLog] [info] wrote 480 bootstraps
[2017-10-31 16:47:09.858] [jointLog] [info] wrote 481 bootstraps
[2017-10-31 16:47:10.832] [jointLog] [info] wrote 482 bootstraps
[2017-10-31 16:47:12.040] [jointLog] [info] wrote 483 bootstraps
[2017-10-31 16:47:13.032] [jointLog] [info] wrote 484 bootstraps
[2017-10-31 16:47:13.208] [jointLog] [info] wrote 485 bootstraps
[2017-10-31 16:47:14.487] [jointLog] [info] wrote 486 bootstraps
[2017-10-31 16:47:16.109] [jointLog] [info] wrote 487 bootstraps
[2017-10-31 16:47:16.772] [jointLog] [info] wrote 488 bootstraps
[2017-10-31 16:47:17.487] [jointLog] [info] wrote 489 bootstraps
[2017-10-31 16:47:19.078] [jointLog] [info] wrote 490 bootstraps
[2017-10-31 16:47:20.269] [jointLog] [info] wrote 491 bootstraps
[2017-10-31 16:47:20.999] [jointLog] [info] wrote 492 bootstraps
[2017-10-31 16:47:22.527] [jointLog] [info] wrote 493 bootstraps
[2017-10-31 16:47:22.552] [jointLog] [info] wrote 494 bootstraps
[2017-10-31 16:47:22.856] [jointLog] [info] wrote 495 bootstraps
[2017-10-31 16:47:24.647] [jointLog] [info] wrote 496 bootstraps
[2017-10-31 16:47:26.893] [jointLog] [info] wrote 497 bootstraps
[2017-10-31 16:47:27.364] [jointLog] [info] wrote 498 bootstraps
[2017-10-31 16:47:27.546] [jointLog] [info] wrote 499 bootstraps
[2017-10-31 16:47:29.412] [jointLog] [info] wrote 500 bootstraps
[2017-10-31 16:47:29.745] [jointLog] [info] wrote 501 bootstraps
[2017-10-31 16:47:29.775] [jointLog] [info] wrote 502 bootstraps
[2017-10-31 16:47:31.231] [jointLog] [info] wrote 503 bootstraps
[2017-10-31 16:47:33.951] [jointLog] [info] wrote 504 bootstraps
[2017-10-31 16:47:34.009] [jointLog] [info] wrote 505 bootstraps
[2017-10-31 16:47:34.630] [jointLog] [info] wrote 506 bootstraps
[2017-10-31 16:47:36.179] [jointLog] [info] wrote 507 bootstraps
[2017-10-31 16:47:36.917] [jointLog] [info] wrote 508 bootstraps
[2017-10-31 16:47:37.566] [jointLog] [info] wrote 509 bootstraps
[2017-10-31 16:47:38.605] [jointLog] [info] wrote 510 bootstraps
[2017-10-31 16:47:41.332] [jointLog] [info] wrote 511 bootstraps
[2017-10-31 16:47:41.377] [jointLog] [info] wrote 512 bootstraps
[2017-10-31 16:47:41.561] [jointLog] [info] wrote 513 bootstraps
[2017-10-31 16:47:42.007] [jointLog] [info] wrote 514 bootstraps
[2017-10-31 16:47:43.836] [jointLog] [info] wrote 515 bootstraps
[2017-10-31 16:47:45.113] [jointLog] [info] wrote 516 bootstraps
[2017-10-31 16:47:46.209] [jointLog] [info] wrote 517 bootstraps
[2017-10-31 16:47:46.941] [jointLog] [info] wrote 518 bootstraps
[2017-10-31 16:47:47.709] [jointLog] [info] wrote 519 bootstraps
[2017-10-31 16:47:48.396] [jointLog] [info] wrote 520 bootstraps
[2017-10-31 16:47:49.893] [jointLog] [info] wrote 521 bootstraps
[2017-10-31 16:47:50.815] [jointLog] [info] wrote 522 bootstraps
[2017-10-31 16:47:53.157] [jointLog] [info] wrote 523 bootstraps
[2017-10-31 16:47:53.271] [jointLog] [info] wrote 524 bootstraps
[2017-10-31 16:47:53.371] [jointLog] [info] wrote 525 bootstraps
[2017-10-31 16:47:54.796] [jointLog] [info] wrote 526 bootstraps
[2017-10-31 16:47:55.170] [jointLog] [info] wrote 527 bootstraps
[2017-10-31 16:47:57.671] [jointLog] [info] wrote 528 bootstraps
[2017-10-31 16:47:58.560] [jointLog] [info] wrote 529 bootstraps
[2017-10-31 16:47:59.423] [jointLog] [info] wrote 530 bootstraps
[2017-10-31 16:48:00.525] [jointLog] [info] wrote 531 bootstraps
[2017-10-31 16:48:00.622] [jointLog] [info] wrote 532 bootstraps
[2017-10-31 16:48:00.874] [jointLog] [info] wrote 533 bootstraps
[2017-10-31 16:48:02.209] [jointLog] [info] wrote 534 bootstraps
[2017-10-31 16:48:04.941] [jointLog] [info] wrote 535 bootstraps
[2017-10-31 16:48:06.329] [jointLog] [info] wrote 536 bootstraps
[2017-10-31 16:48:06.866] [jointLog] [info] wrote 537 bootstraps
[2017-10-31 16:48:07.741] [jointLog] [info] wrote 538 bootstraps
[2017-10-31 16:48:08.079] [jointLog] [info] wrote 539 bootstraps
[2017-10-31 16:48:08.312] [jointLog] [info] wrote 540 bootstraps
[2017-10-31 16:48:08.540] [jointLog] [info] wrote 541 bootstraps
[2017-10-31 16:48:10.296] [jointLog] [info] wrote 542 bootstraps
[2017-10-31 16:48:13.818] [jointLog] [info] wrote 543 bootstraps
[2017-10-31 16:48:13.985] [jointLog] [info] wrote 544 bootstraps
[2017-10-31 16:48:15.223] [jointLog] [info] wrote 545 bootstraps
[2017-10-31 16:48:15.254] [jointLog] [info] wrote 546 bootstraps
[2017-10-31 16:48:15.285] [jointLog] [info] wrote 547 bootstraps
[2017-10-31 16:48:15.894] [jointLog] [info] wrote 548 bootstraps
[2017-10-31 16:48:16.053] [jointLog] [info] wrote 549 bootstraps
[2017-10-31 16:48:20.634] [jointLog] [info] wrote 550 bootstraps
[2017-10-31 16:48:21.065] [jointLog] [info] wrote 551 bootstraps
[2017-10-31 16:48:21.446] [jointLog] [info] wrote 552 bootstraps
[2017-10-31 16:48:21.577] [jointLog] [info] wrote 553 bootstraps
[2017-10-31 16:48:23.021] [jointLog] [info] wrote 554 bootstraps
[2017-10-31 16:48:23.180] [jointLog] [info] wrote 555 bootstraps
[2017-10-31 16:48:23.974] [jointLog] [info] wrote 556 bootstraps
[2017-10-31 16:48:26.834] [jointLog] [info] wrote 557 bootstraps
[2017-10-31 16:48:28.049] [jointLog] [info] wrote 558 bootstraps
[2017-10-31 16:48:28.398] [jointLog] [info] wrote 559 bootstraps
[2017-10-31 16:48:29.052] [jointLog] [info] wrote 560 bootstraps
[2017-10-31 16:48:30.114] [jointLog] [info] wrote 561 bootstraps
[2017-10-31 16:48:30.663] [jointLog] [info] wrote 562 bootstraps
[2017-10-31 16:48:30.844] [jointLog] [info] wrote 563 bootstraps
[2017-10-31 16:48:34.191] [jointLog] [info] wrote 564 bootstraps
[2017-10-31 16:48:34.702] [jointLog] [info] wrote 565 bootstraps
[2017-10-31 16:48:35.923] [jointLog] [info] wrote 566 bootstraps
[2017-10-31 16:48:36.099] [jointLog] [info] wrote 567 bootstraps
[2017-10-31 16:48:36.906] [jointLog] [info] wrote 568 bootstraps
[2017-10-31 16:48:37.318] [jointLog] [info] wrote 569 bootstraps
[2017-10-31 16:48:37.941] [jointLog] [info] wrote 570 bootstraps
[2017-10-31 16:48:40.786] [jointLog] [info] wrote 571 bootstraps
[2017-10-31 16:48:42.222] [jointLog] [info] wrote 572 bootstraps
[2017-10-31 16:48:42.243] [jointLog] [info] wrote 573 bootstraps
[2017-10-31 16:48:42.297] [jointLog] [info] wrote 574 bootstraps
[2017-10-31 16:48:44.261] [jointLog] [info] wrote 575 bootstraps
[2017-10-31 16:48:44.328] [jointLog] [info] wrote 576 bootstraps
[2017-10-31 16:48:45.433] [jointLog] [info] wrote 577 bootstraps
[2017-10-31 16:48:48.183] [jointLog] [info] wrote 578 bootstraps
[2017-10-31 16:48:48.958] [jointLog] [info] wrote 579 bootstraps
[2017-10-31 16:48:49.223] [jointLog] [info] wrote 580 bootstraps
[2017-10-31 16:48:50.102] [jointLog] [info] wrote 581 bootstraps
[2017-10-31 16:48:50.928] [jointLog] [info] wrote 582 bootstraps
[2017-10-31 16:48:51.598] [jointLog] [info] wrote 583 bootstraps
[2017-10-31 16:48:52.239] [jointLog] [info] wrote 584 bootstraps
[2017-10-31 16:48:54.952] [jointLog] [info] wrote 585 bootstraps
[2017-10-31 16:48:55.971] [jointLog] [info] wrote 586 bootstraps
[2017-10-31 16:48:56.629] [jointLog] [info] wrote 587 bootstraps
[2017-10-31 16:48:56.965] [jointLog] [info] wrote 588 bootstraps
[2017-10-31 16:48:57.889] [jointLog] [info] wrote 589 bootstraps
[2017-10-31 16:48:58.490] [jointLog] [info] wrote 590 bootstraps
[2017-10-31 16:48:59.897] [jointLog] [info] wrote 591 bootstraps
[2017-10-31 16:49:02.188] [jointLog] [info] wrote 592 bootstraps
[2017-10-31 16:49:02.852] [jointLog] [info] wrote 593 bootstraps
[2017-10-31 16:49:03.580] [jointLog] [info] wrote 594 bootstraps
[2017-10-31 16:49:03.928] [jointLog] [info] wrote 595 bootstraps
[2017-10-31 16:49:05.114] [jointLog] [info] wrote 596 bootstraps
[2017-10-31 16:49:05.883] [jointLog] [info] wrote 597 bootstraps
[2017-10-31 16:49:06.239] [jointLog] [info] wrote 598 bootstraps
[2017-10-31 16:49:07.382] [jointLog] [info] wrote 599 bootstraps
[2017-10-31 16:49:10.096] [jointLog] [info] wrote 600 bootstraps
[2017-10-31 16:49:10.682] [jointLog] [info] wrote 601 bootstraps
[2017-10-31 16:49:11.260] [jointLog] [info] wrote 602 bootstraps
[2017-10-31 16:49:12.467] [jointLog] [info] wrote 603 bootstraps
[2017-10-31 16:49:12.918] [jointLog] [info] wrote 604 bootstraps
[2017-10-31 16:49:13.747] [jointLog] [info] wrote 605 bootstraps
[2017-10-31 16:49:13.922] [jointLog] [info] wrote 606 bootstraps
[2017-10-31 16:49:15.446] [jointLog] [info] wrote 607 bootstraps
[2017-10-31 16:49:18.473] [jointLog] [info] wrote 608 bootstraps
[2017-10-31 16:49:18.663] [jointLog] [info] wrote 609 bootstraps
[2017-10-31 16:49:18.957] [jointLog] [info] wrote 610 bootstraps
[2017-10-31 16:49:20.157] [jointLog] [info] wrote 611 bootstraps
[2017-10-31 16:49:20.632] [jointLog] [info] wrote 612 bootstraps
[2017-10-31 16:49:21.644] [jointLog] [info] wrote 613 bootstraps
[2017-10-31 16:49:22.562] [jointLog] [info] wrote 614 bootstraps
[2017-10-31 16:49:25.299] [jointLog] [info] wrote 615 bootstraps
[2017-10-31 16:49:26.261] [jointLog] [info] wrote 616 bootstraps
[2017-10-31 16:49:26.411] [jointLog] [info] wrote 617 bootstraps
[2017-10-31 16:49:26.861] [jointLog] [info] wrote 618 bootstraps
[2017-10-31 16:49:27.235] [jointLog] [info] wrote 619 bootstraps
[2017-10-31 16:49:27.573] [jointLog] [info] wrote 620 bootstraps
[2017-10-31 16:49:29.686] [jointLog] [info] wrote 621 bootstraps
[2017-10-31 16:49:31.201] [jointLog] [info] wrote 622 bootstraps
[2017-10-31 16:49:33.951] [jointLog] [info] wrote 623 bootstraps
[2017-10-31 16:49:34.006] [jointLog] [info] wrote 624 bootstraps
[2017-10-31 16:49:34.304] [jointLog] [info] wrote 625 bootstraps
[2017-10-31 16:49:34.390] [jointLog] [info] wrote 626 bootstraps
[2017-10-31 16:49:34.566] [jointLog] [info] wrote 627 bootstraps
[2017-10-31 16:49:36.242] [jointLog] [info] wrote 628 bootstraps
[2017-10-31 16:49:37.856] [jointLog] [info] wrote 629 bootstraps
[2017-10-31 16:49:41.085] [jointLog] [info] wrote 630 bootstraps
[2017-10-31 16:49:41.335] [jointLog] [info] wrote 631 bootstraps
[2017-10-31 16:49:41.515] [jointLog] [info] wrote 632 bootstraps
[2017-10-31 16:49:41.741] [jointLog] [info] wrote 633 bootstraps
[2017-10-31 16:49:42.176] [jointLog] [info] wrote 634 bootstraps
[2017-10-31 16:49:42.998] [jointLog] [info] wrote 635 bootstraps
[2017-10-31 16:49:44.189] [jointLog] [info] wrote 636 bootstraps
[2017-10-31 16:49:48.147] [jointLog] [info] wrote 637 bootstraps
[2017-10-31 16:49:48.390] [jointLog] [info] wrote 638 bootstraps
[2017-10-31 16:49:48.693] [jointLog] [info] wrote 639 bootstraps
[2017-10-31 16:49:49.299] [jointLog] [info] wrote 640 bootstraps
[2017-10-31 16:49:49.328] [jointLog] [info] wrote 641 bootstraps
[2017-10-31 16:49:49.873] [jointLog] [info] wrote 642 bootstraps
[2017-10-31 16:49:51.269] [jointLog] [info] wrote 643 bootstraps
[2017-10-31 16:49:55.268] [jointLog] [info] wrote 644 bootstraps
[2017-10-31 16:49:55.604] [jointLog] [info] wrote 645 bootstraps
[2017-10-31 16:49:55.919] [jointLog] [info] wrote 646 bootstraps
[2017-10-31 16:49:55.973] [jointLog] [info] wrote 647 bootstraps
[2017-10-31 16:49:56.100] [jointLog] [info] wrote 648 bootstraps
[2017-10-31 16:49:56.376] [jointLog] [info] wrote 649 bootstraps
[2017-10-31 16:49:59.050] [jointLog] [info] wrote 650 bootstraps
[2017-10-31 16:50:01.912] [jointLog] [info] wrote 651 bootstraps
[2017-10-31 16:50:02.682] [jointLog] [info] wrote 652 bootstraps
[2017-10-31 16:50:02.808] [jointLog] [info] wrote 653 bootstraps
[2017-10-31 16:50:02.832] [jointLog] [info] wrote 654 bootstraps
[2017-10-31 16:50:03.123] [jointLog] [info] wrote 655 bootstraps
[2017-10-31 16:50:03.632] [jointLog] [info] wrote 656 bootstraps
[2017-10-31 16:50:05.673] [jointLog] [info] wrote 657 bootstraps
[2017-10-31 16:50:08.706] [jointLog] [info] wrote 658 bootstraps
[2017-10-31 16:50:08.903] [jointLog] [info] wrote 659 bootstraps
[2017-10-31 16:50:09.966] [jointLog] [info] wrote 660 bootstraps
[2017-10-31 16:50:10.611] [jointLog] [info] wrote 661 bootstraps
[2017-10-31 16:50:10.977] [jointLog] [info] wrote 662 bootstraps
[2017-10-31 16:50:11.603] [jointLog] [info] wrote 663 bootstraps
[2017-10-31 16:50:12.190] [jointLog] [info] wrote 664 bootstraps
[2017-10-31 16:50:14.843] [jointLog] [info] wrote 665 bootstraps
[2017-10-31 16:50:14.864] [jointLog] [info] wrote 666 bootstraps
[2017-10-31 16:50:17.900] [jointLog] [info] wrote 667 bootstraps
[2017-10-31 16:50:17.954] [jointLog] [info] wrote 668 bootstraps
[2017-10-31 16:50:18.400] [jointLog] [info] wrote 669 bootstraps
[2017-10-31 16:50:18.942] [jointLog] [info] wrote 670 bootstraps
[2017-10-31 16:50:19.305] [jointLog] [info] wrote 671 bootstraps
[2017-10-31 16:50:20.806] [jointLog] [info] wrote 672 bootstraps
[2017-10-31 16:50:21.308] [jointLog] [info] wrote 673 bootstraps
[2017-10-31 16:50:24.008] [jointLog] [info] wrote 674 bootstraps
[2017-10-31 16:50:25.005] [jointLog] [info] wrote 675 bootstraps
[2017-10-31 16:50:25.820] [jointLog] [info] wrote 676 bootstraps
[2017-10-31 16:50:26.363] [jointLog] [info] wrote 677 bootstraps
[2017-10-31 16:50:27.118] [jointLog] [info] wrote 678 bootstraps
[2017-10-31 16:50:27.376] [jointLog] [info] wrote 679 bootstraps
[2017-10-31 16:50:28.581] [jointLog] [info] wrote 680 bootstraps
[2017-10-31 16:50:30.142] [jointLog] [info] wrote 681 bootstraps
[2017-10-31 16:50:31.417] [jointLog] [info] wrote 682 bootstraps
[2017-10-31 16:50:33.492] [jointLog] [info] wrote 683 bootstraps
[2017-10-31 16:50:33.871] [jointLog] [info] wrote 684 bootstraps
[2017-10-31 16:50:34.249] [jointLog] [info] wrote 685 bootstraps
[2017-10-31 16:50:34.375] [jointLog] [info] wrote 686 bootstraps
[2017-10-31 16:50:36.202] [jointLog] [info] wrote 687 bootstraps
[2017-10-31 16:50:37.244] [jointLog] [info] wrote 688 bootstraps
[2017-10-31 16:50:38.559] [jointLog] [info] wrote 689 bootstraps
[2017-10-31 16:50:40.202] [jointLog] [info] wrote 690 bootstraps
[2017-10-31 16:50:40.623] [jointLog] [info] wrote 691 bootstraps
[2017-10-31 16:50:41.460] [jointLog] [info] wrote 692 bootstraps
[2017-10-31 16:50:42.066] [jointLog] [info] wrote 693 bootstraps
[2017-10-31 16:50:42.919] [jointLog] [info] wrote 694 bootstraps
[2017-10-31 16:50:43.826] [jointLog] [info] wrote 695 bootstraps
[2017-10-31 16:50:46.507] [jointLog] [info] wrote 696 bootstraps
[2017-10-31 16:50:46.631] [jointLog] [info] wrote 697 bootstraps
[2017-10-31 16:50:47.572] [jointLog] [info] wrote 698 bootstraps
[2017-10-31 16:50:48.545] [jointLog] [info] wrote 699 bootstraps
[2017-10-31 16:50:49.494] [jointLog] [info] wrote 700 bootstraps
[2017-10-31 16:50:50.260] [jointLog] [info] wrote 701 bootstraps
[2017-10-31 16:50:51.751] [jointLog] [info] wrote 702 bootstraps
[2017-10-31 16:50:53.074] [jointLog] [info] wrote 703 bootstraps
[2017-10-31 16:50:54.080] [jointLog] [info] wrote 704 bootstraps
[2017-10-31 16:50:54.466] [jointLog] [info] wrote 705 bootstraps
[2017-10-31 16:50:54.927] [jointLog] [info] wrote 706 bootstraps
[2017-10-31 16:50:55.250] [jointLog] [info] wrote 707 bootstraps
[2017-10-31 16:50:58.311] [jointLog] [info] wrote 708 bootstraps
[2017-10-31 16:50:59.132] [jointLog] [info] wrote 709 bootstraps
[2017-10-31 16:50:59.769] [jointLog] [info] wrote 710 bootstraps
[2017-10-31 16:51:01.145] [jointLog] [info] wrote 711 bootstraps
[2017-10-31 16:51:01.637] [jointLog] [info] wrote 712 bootstraps
[2017-10-31 16:51:01.737] [jointLog] [info] wrote 713 bootstraps
[2017-10-31 16:51:02.170] [jointLog] [info] wrote 714 bootstraps
[2017-10-31 16:51:06.106] [jointLog] [info] wrote 715 bootstraps
[2017-10-31 16:51:06.843] [jointLog] [info] wrote 716 bootstraps
[2017-10-31 16:51:06.904] [jointLog] [info] wrote 717 bootstraps
[2017-10-31 16:51:08.093] [jointLog] [info] wrote 718 bootstraps
[2017-10-31 16:51:08.268] [jointLog] [info] wrote 719 bootstraps
[2017-10-31 16:51:09.221] [jointLog] [info] wrote 720 bootstraps
[2017-10-31 16:51:09.283] [jointLog] [info] wrote 721 bootstraps
[2017-10-31 16:51:11.898] [jointLog] [info] wrote 722 bootstraps
[2017-10-31 16:51:13.347] [jointLog] [info] wrote 723 bootstraps
[2017-10-31 16:51:14.352] [jointLog] [info] wrote 724 bootstraps
[2017-10-31 16:51:15.610] [jointLog] [info] wrote 725 bootstraps
[2017-10-31 16:51:15.650] [jointLog] [info] wrote 726 bootstraps
[2017-10-31 16:51:15.822] [jointLog] [info] wrote 727 bootstraps
[2017-10-31 16:51:16.723] [jointLog] [info] wrote 728 bootstraps
[2017-10-31 16:51:18.335] [jointLog] [info] wrote 729 bootstraps
[2017-10-31 16:51:20.551] [jointLog] [info] wrote 730 bootstraps
[2017-10-31 16:51:21.215] [jointLog] [info] wrote 731 bootstraps
[2017-10-31 16:51:22.656] [jointLog] [info] wrote 732 bootstraps
[2017-10-31 16:51:23.041] [jointLog] [info] wrote 733 bootstraps
[2017-10-31 16:51:23.098] [jointLog] [info] wrote 734 bootstraps
[2017-10-31 16:51:23.852] [jointLog] [info] wrote 735 bootstraps
[2017-10-31 16:51:25.131] [jointLog] [info] wrote 736 bootstraps
[2017-10-31 16:51:27.089] [jointLog] [info] wrote 737 bootstraps
[2017-10-31 16:51:28.395] [jointLog] [info] wrote 738 bootstraps
[2017-10-31 16:51:28.758] [jointLog] [info] wrote 739 bootstraps
[2017-10-31 16:51:28.824] [jointLog] [info] wrote 740 bootstraps
[2017-10-31 16:51:30.896] [jointLog] [info] wrote 741 bootstraps
[2017-10-31 16:51:31.702] [jointLog] [info] wrote 742 bootstraps
[2017-10-31 16:51:33.135] [jointLog] [info] wrote 743 bootstraps
[2017-10-31 16:51:33.154] [jointLog] [info] wrote 744 bootstraps
[2017-10-31 16:51:34.279] [jointLog] [info] wrote 745 bootstraps
[2017-10-31 16:51:34.793] [jointLog] [info] wrote 746 bootstraps
[2017-10-31 16:51:36.593] [jointLog] [info] wrote 747 bootstraps
[2017-10-31 16:51:38.396] [jointLog] [info] wrote 748 bootstraps
[2017-10-31 16:51:38.701] [jointLog] [info] wrote 749 bootstraps
[2017-10-31 16:51:40.035] [jointLog] [info] wrote 750 bootstraps
[2017-10-31 16:51:40.889] [jointLog] [info] wrote 751 bootstraps
[2017-10-31 16:51:41.071] [jointLog] [info] wrote 752 bootstraps
[2017-10-31 16:51:41.288] [jointLog] [info] wrote 753 bootstraps
[2017-10-31 16:51:44.257] [jointLog] [info] wrote 754 bootstraps
[2017-10-31 16:51:44.984] [jointLog] [info] wrote 755 bootstraps
[2017-10-31 16:51:46.310] [jointLog] [info] wrote 756 bootstraps
[2017-10-31 16:51:46.565] [jointLog] [info] wrote 757 bootstraps
[2017-10-31 16:51:47.651] [jointLog] [info] wrote 758 bootstraps
[2017-10-31 16:51:48.065] [jointLog] [info] wrote 759 bootstraps
[2017-10-31 16:51:48.290] [jointLog] [info] wrote 760 bootstraps
[2017-10-31 16:51:51.572] [jointLog] [info] wrote 761 bootstraps
[2017-10-31 16:51:51.811] [jointLog] [info] wrote 762 bootstraps
[2017-10-31 16:51:52.345] [jointLog] [info] wrote 763 bootstraps
[2017-10-31 16:51:53.732] [jointLog] [info] wrote 764 bootstraps
[2017-10-31 16:51:54.174] [jointLog] [info] wrote 765 bootstraps
[2017-10-31 16:51:55.749] [jointLog] [info] wrote 766 bootstraps
[2017-10-31 16:51:55.796] [jointLog] [info] wrote 767 bootstraps
[2017-10-31 16:51:58.745] [jointLog] [info] wrote 768 bootstraps
[2017-10-31 16:51:59.332] [jointLog] [info] wrote 769 bootstraps
[2017-10-31 16:51:59.554] [jointLog] [info] wrote 770 bootstraps
[2017-10-31 16:51:59.632] [jointLog] [info] wrote 771 bootstraps
[2017-10-31 16:52:01.776] [jointLog] [info] wrote 772 bootstraps
[2017-10-31 16:52:02.029] [jointLog] [info] wrote 773 bootstraps
[2017-10-31 16:52:03.607] [jointLog] [info] wrote 774 bootstraps
[2017-10-31 16:52:05.812] [jointLog] [info] wrote 775 bootstraps
[2017-10-31 16:52:06.433] [jointLog] [info] wrote 776 bootstraps
[2017-10-31 16:52:06.503] [jointLog] [info] wrote 777 bootstraps
[2017-10-31 16:52:06.990] [jointLog] [info] wrote 778 bootstraps
[2017-10-31 16:52:08.142] [jointLog] [info] wrote 779 bootstraps
[2017-10-31 16:52:08.710] [jointLog] [info] wrote 780 bootstraps
[2017-10-31 16:52:11.946] [jointLog] [info] wrote 781 bootstraps
[2017-10-31 16:52:12.474] [jointLog] [info] wrote 782 bootstraps
[2017-10-31 16:52:13.768] [jointLog] [info] wrote 783 bootstraps
[2017-10-31 16:52:14.213] [jointLog] [info] wrote 784 bootstraps
[2017-10-31 16:52:14.564] [jointLog] [info] wrote 785 bootstraps
[2017-10-31 16:52:14.609] [jointLog] [info] wrote 786 bootstraps
[2017-10-31 16:52:14.671] [jointLog] [info] wrote 787 bootstraps
[2017-10-31 16:52:18.843] [jointLog] [info] wrote 788 bootstraps
[2017-10-31 16:52:19.539] [jointLog] [info] wrote 789 bootstraps
[2017-10-31 16:52:19.981] [jointLog] [info] wrote 790 bootstraps
[2017-10-31 16:52:20.809] [jointLog] [info] wrote 791 bootstraps
[2017-10-31 16:52:21.422] [jointLog] [info] wrote 792 bootstraps
[2017-10-31 16:52:22.237] [jointLog] [info] wrote 793 bootstraps
[2017-10-31 16:52:22.486] [jointLog] [info] wrote 794 bootstraps
[2017-10-31 16:52:26.585] [jointLog] [info] wrote 795 bootstraps
[2017-10-31 16:52:26.702] [jointLog] [info] wrote 796 bootstraps
[2017-10-31 16:52:27.001] [jointLog] [info] wrote 797 bootstraps
[2017-10-31 16:52:28.161] [jointLog] [info] wrote 798 bootstraps
[2017-10-31 16:52:28.199] [jointLog] [info] wrote 799 bootstraps
[2017-10-31 16:52:28.831] [jointLog] [info] wrote 800 bootstraps
[2017-10-31 16:52:29.501] [jointLog] [info] wrote 801 bootstraps
[2017-10-31 16:52:33.498] [jointLog] [info] wrote 802 bootstraps
[2017-10-31 16:52:33.617] [jointLog] [info] wrote 803 bootstraps
[2017-10-31 16:52:34.049] [jointLog] [info] wrote 804 bootstraps
[2017-10-31 16:52:35.073] [jointLog] [info] wrote 805 bootstraps
[2017-10-31 16:52:35.393] [jointLog] [info] wrote 806 bootstraps
[2017-10-31 16:52:35.707] [jointLog] [info] wrote 807 bootstraps
[2017-10-31 16:52:36.179] [jointLog] [info] wrote 808 bootstraps
[2017-10-31 16:52:40.334] [jointLog] [info] wrote 809 bootstraps
[2017-10-31 16:52:40.575] [jointLog] [info] wrote 810 bootstraps
[2017-10-31 16:52:40.771] [jointLog] [info] wrote 811 bootstraps
[2017-10-31 16:52:41.654] [jointLog] [info] wrote 812 bootstraps
[2017-10-31 16:52:42.007] [jointLog] [info] wrote 813 bootstraps
[2017-10-31 16:52:42.686] [jointLog] [info] wrote 814 bootstraps
[2017-10-31 16:52:43.991] [jointLog] [info] wrote 815 bootstraps
[2017-10-31 16:52:47.270] [jointLog] [info] wrote 816 bootstraps
[2017-10-31 16:52:47.375] [jointLog] [info] wrote 817 bootstraps
[2017-10-31 16:52:47.664] [jointLog] [info] wrote 818 bootstraps
[2017-10-31 16:52:48.007] [jointLog] [info] wrote 819 bootstraps
[2017-10-31 16:52:49.034] [jointLog] [info] wrote 820 bootstraps
[2017-10-31 16:52:49.900] [jointLog] [info] wrote 821 bootstraps
[2017-10-31 16:52:51.558] [jointLog] [info] wrote 822 bootstraps
[2017-10-31 16:52:53.113] [jointLog] [info] wrote 823 bootstraps
[2017-10-31 16:52:54.460] [jointLog] [info] wrote 824 bootstraps
[2017-10-31 16:52:54.590] [jointLog] [info] wrote 825 bootstraps
[2017-10-31 16:52:54.681] [jointLog] [info] wrote 826 bootstraps
[2017-10-31 16:52:56.829] [jointLog] [info] wrote 827 bootstraps
[2017-10-31 16:52:57.262] [jointLog] [info] wrote 828 bootstraps
[2017-10-31 16:52:58.813] [jointLog] [info] wrote 829 bootstraps
[2017-10-31 16:53:00.431] [jointLog] [info] wrote 830 bootstraps
[2017-10-31 16:53:00.615] [jointLog] [info] wrote 831 bootstraps
[2017-10-31 16:53:01.190] [jointLog] [info] wrote 832 bootstraps
[2017-10-31 16:53:01.937] [jointLog] [info] wrote 833 bootstraps
[2017-10-31 16:53:03.505] [jointLog] [info] wrote 834 bootstraps
[2017-10-31 16:53:05.013] [jointLog] [info] wrote 835 bootstraps
[2017-10-31 16:53:06.866] [jointLog] [info] wrote 836 bootstraps
[2017-10-31 16:53:07.177] [jointLog] [info] wrote 837 bootstraps
[2017-10-31 16:53:07.426] [jointLog] [info] wrote 838 bootstraps
[2017-10-31 16:53:09.042] [jointLog] [info] wrote 839 bootstraps
[2017-10-31 16:53:09.324] [jointLog] [info] wrote 840 bootstraps
[2017-10-31 16:53:10.697] [jointLog] [info] wrote 841 bootstraps
[2017-10-31 16:53:11.209] [jointLog] [info] wrote 842 bootstraps
[2017-10-31 16:53:13.487] [jointLog] [info] wrote 843 bootstraps
[2017-10-31 16:53:14.065] [jointLog] [info] wrote 844 bootstraps
[2017-10-31 16:53:14.805] [jointLog] [info] wrote 845 bootstraps
[2017-10-31 16:53:15.326] [jointLog] [info] wrote 846 bootstraps
[2017-10-31 16:53:16.911] [jointLog] [info] wrote 847 bootstraps
[2017-10-31 16:53:17.808] [jointLog] [info] wrote 848 bootstraps
[2017-10-31 16:53:18.913] [jointLog] [info] wrote 849 bootstraps
[2017-10-31 16:53:20.211] [jointLog] [info] wrote 850 bootstraps
[2017-10-31 16:53:21.620] [jointLog] [info] wrote 851 bootstraps
[2017-10-31 16:53:21.797] [jointLog] [info] wrote 852 bootstraps
[2017-10-31 16:53:22.360] [jointLog] [info] wrote 853 bootstraps
[2017-10-31 16:53:23.301] [jointLog] [info] wrote 854 bootstraps
[2017-10-31 16:53:25.119] [jointLog] [info] wrote 855 bootstraps
[2017-10-31 16:53:25.577] [jointLog] [info] wrote 856 bootstraps
[2017-10-31 16:53:27.784] [jointLog] [info] wrote 857 bootstraps
[2017-10-31 16:53:28.323] [jointLog] [info] wrote 858 bootstraps
[2017-10-31 16:53:29.019] [jointLog] [info] wrote 859 bootstraps
[2017-10-31 16:53:29.387] [jointLog] [info] wrote 860 bootstraps
[2017-10-31 16:53:30.001] [jointLog] [info] wrote 861 bootstraps
[2017-10-31 16:53:32.067] [jointLog] [info] wrote 862 bootstraps
[2017-10-31 16:53:32.711] [jointLog] [info] wrote 863 bootstraps
[2017-10-31 16:53:34.863] [jointLog] [info] wrote 864 bootstraps
[2017-10-31 16:53:35.284] [jointLog] [info] wrote 865 bootstraps
[2017-10-31 16:53:36.032] [jointLog] [info] wrote 866 bootstraps
[2017-10-31 16:53:36.342] [jointLog] [info] wrote 867 bootstraps
[2017-10-31 16:53:36.374] [jointLog] [info] wrote 868 bootstraps
[2017-10-31 16:53:39.876] [jointLog] [info] wrote 869 bootstraps
[2017-10-31 16:53:40.671] [jointLog] [info] wrote 870 bootstraps
[2017-10-31 16:53:41.216] [jointLog] [info] wrote 871 bootstraps
[2017-10-31 16:53:42.274] [jointLog] [info] wrote 872 bootstraps
[2017-10-31 16:53:42.557] [jointLog] [info] wrote 873 bootstraps
[2017-10-31 16:53:42.704] [jointLog] [info] wrote 874 bootstraps
[2017-10-31 16:53:43.655] [jointLog] [info] wrote 875 bootstraps
[2017-10-31 16:53:47.458] [jointLog] [info] wrote 876 bootstraps
[2017-10-31 16:53:48.138] [jointLog] [info] wrote 877 bootstraps
[2017-10-31 16:53:48.490] [jointLog] [info] wrote 878 bootstraps
[2017-10-31 16:53:48.835] [jointLog] [info] wrote 879 bootstraps
[2017-10-31 16:53:49.748] [jointLog] [info] wrote 880 bootstraps
[2017-10-31 16:53:49.782] [jointLog] [info] wrote 881 bootstraps
[2017-10-31 16:53:50.216] [jointLog] [info] wrote 882 bootstraps
[2017-10-31 16:53:54.583] [jointLog] [info] wrote 883 bootstraps
[2017-10-31 16:53:54.824] [jointLog] [info] wrote 884 bootstraps
[2017-10-31 16:53:55.156] [jointLog] [info] wrote 885 bootstraps
[2017-10-31 16:53:55.866] [jointLog] [info] wrote 886 bootstraps
[2017-10-31 16:53:57.181] [jointLog] [info] wrote 887 bootstraps
[2017-10-31 16:53:57.297] [jointLog] [info] wrote 888 bootstraps
[2017-10-31 16:53:57.664] [jointLog] [info] wrote 889 bootstraps
[2017-10-31 16:54:01.956] [jointLog] [info] wrote 890 bootstraps
[2017-10-31 16:54:02.012] [jointLog] [info] wrote 891 bootstraps
[2017-10-31 16:54:02.138] [jointLog] [info] wrote 892 bootstraps
[2017-10-31 16:54:02.375] [jointLog] [info] wrote 893 bootstraps
[2017-10-31 16:54:03.168] [jointLog] [info] wrote 894 bootstraps
[2017-10-31 16:54:04.267] [jointLog] [info] wrote 895 bootstraps
[2017-10-31 16:54:05.462] [jointLog] [info] wrote 896 bootstraps
[2017-10-31 16:54:09.290] [jointLog] [info] wrote 897 bootstraps
[2017-10-31 16:54:09.506] [jointLog] [info] wrote 898 bootstraps
[2017-10-31 16:54:09.798] [jointLog] [info] wrote 899 bootstraps
[2017-10-31 16:54:09.884] [jointLog] [info] wrote 900 bootstraps
[2017-10-31 16:54:10.081] [jointLog] [info] wrote 901 bootstraps
[2017-10-31 16:54:10.720] [jointLog] [info] wrote 902 bootstraps
[2017-10-31 16:54:11.641] [jointLog] [info] wrote 903 bootstraps
[2017-10-31 16:54:16.064] [jointLog] [info] wrote 904 bootstraps
[2017-10-31 16:54:16.817] [jointLog] [info] wrote 905 bootstraps
[2017-10-31 16:54:16.848] [jointLog] [info] wrote 906 bootstraps
[2017-10-31 16:54:17.066] [jointLog] [info] wrote 907 bootstraps
[2017-10-31 16:54:17.115] [jointLog] [info] wrote 908 bootstraps
[2017-10-31 16:54:17.622] [jointLog] [info] wrote 909 bootstraps
[2017-10-31 16:54:18.022] [jointLog] [info] wrote 910 bootstraps
[2017-10-31 16:54:23.285] [jointLog] [info] wrote 911 bootstraps
[2017-10-31 16:54:23.337] [jointLog] [info] wrote 912 bootstraps
[2017-10-31 16:54:23.853] [jointLog] [info] wrote 913 bootstraps
[2017-10-31 16:54:24.003] [jointLog] [info] wrote 914 bootstraps
[2017-10-31 16:54:24.357] [jointLog] [info] wrote 915 bootstraps
[2017-10-31 16:54:24.407] [jointLog] [info] wrote 916 bootstraps
[2017-10-31 16:54:25.298] [jointLog] [info] wrote 917 bootstraps
[2017-10-31 16:54:30.080] [jointLog] [info] wrote 918 bootstraps
[2017-10-31 16:54:30.326] [jointLog] [info] wrote 919 bootstraps
[2017-10-31 16:54:30.356] [jointLog] [info] wrote 920 bootstraps
[2017-10-31 16:54:31.018] [jointLog] [info] wrote 921 bootstraps
[2017-10-31 16:54:31.535] [jointLog] [info] wrote 922 bootstraps
[2017-10-31 16:54:31.593] [jointLog] [info] wrote 923 bootstraps
[2017-10-31 16:54:33.507] [jointLog] [info] wrote 924 bootstraps
[2017-10-31 16:54:35.870] [jointLog] [info] wrote 925 bootstraps
[2017-10-31 16:54:36.581] [jointLog] [info] wrote 926 bootstraps
[2017-10-31 16:54:38.446] [jointLog] [info] wrote 927 bootstraps
[2017-10-31 16:54:38.675] [jointLog] [info] wrote 928 bootstraps
[2017-10-31 16:54:38.702] [jointLog] [info] wrote 929 bootstraps
[2017-10-31 16:54:38.971] [jointLog] [info] wrote 930 bootstraps
[2017-10-31 16:54:40.101] [jointLog] [info] wrote 931 bootstraps
[2017-10-31 16:54:42.890] [jointLog] [info] wrote 932 bootstraps
[2017-10-31 16:54:42.939] [jointLog] [info] wrote 933 bootstraps
[2017-10-31 16:54:45.927] [jointLog] [info] wrote 934 bootstraps
[2017-10-31 16:54:46.108] [jointLog] [info] wrote 935 bootstraps
[2017-10-31 16:54:46.300] [jointLog] [info] wrote 936 bootstraps
[2017-10-31 16:54:46.547] [jointLog] [info] wrote 937 bootstraps
[2017-10-31 16:54:46.736] [jointLog] [info] wrote 938 bootstraps
[2017-10-31 16:54:48.931] [jointLog] [info] wrote 939 bootstraps
[2017-10-31 16:54:50.108] [jointLog] [info] wrote 940 bootstraps
[2017-10-31 16:54:52.960] [jointLog] [info] wrote 941 bootstraps
[2017-10-31 16:54:53.662] [jointLog] [info] wrote 942 bootstraps
[2017-10-31 16:54:53.918] [jointLog] [info] wrote 943 bootstraps
[2017-10-31 16:54:53.989] [jointLog] [info] wrote 944 bootstraps
[2017-10-31 16:54:54.123] [jointLog] [info] wrote 945 bootstraps
[2017-10-31 16:54:56.307] [jointLog] [info] wrote 946 bootstraps
[2017-10-31 16:54:56.731] [jointLog] [info] wrote 947 bootstraps
[2017-10-31 16:54:58.757] [jointLog] [info] wrote 948 bootstraps
[2017-10-31 16:55:00.393] [jointLog] [info] wrote 949 bootstraps
[2017-10-31 16:55:00.772] [jointLog] [info] wrote 950 bootstraps
[2017-10-31 16:55:01.118] [jointLog] [info] wrote 951 bootstraps
[2017-10-31 16:55:01.626] [jointLog] [info] wrote 952 bootstraps
[2017-10-31 16:55:04.013] [jointLog] [info] wrote 953 bootstraps
[2017-10-31 16:55:04.141] [jointLog] [info] wrote 954 bootstraps
[2017-10-31 16:55:05.183] [jointLog] [info] wrote 955 bootstraps
[2017-10-31 16:55:07.409] [jointLog] [info] wrote 956 bootstraps
[2017-10-31 16:55:07.838] [jointLog] [info] wrote 957 bootstraps
[2017-10-31 16:55:07.884] [jointLog] [info] wrote 958 bootstraps
[2017-10-31 16:55:08.652] [jointLog] [info] wrote 959 bootstraps
[2017-10-31 16:55:11.826] [jointLog] [info] wrote 960 bootstraps
[2017-10-31 16:55:12.095] [jointLog] [info] wrote 961 bootstraps
[2017-10-31 16:55:12.537] [jointLog] [info] wrote 962 bootstraps
[2017-10-31 16:55:13.188] [jointLog] [info] wrote 963 bootstraps
[2017-10-31 16:55:13.848] [jointLog] [info] wrote 964 bootstraps
[2017-10-31 16:55:15.058] [jointLog] [info] wrote 965 bootstraps
[2017-10-31 16:55:15.559] [jointLog] [info] wrote 966 bootstraps
[2017-10-31 16:55:18.653] [jointLog] [info] wrote 967 bootstraps
[2017-10-31 16:55:19.543] [jointLog] [info] wrote 968 bootstraps
[2017-10-31 16:55:20.176] [jointLog] [info] wrote 969 bootstraps
[2017-10-31 16:55:20.316] [jointLog] [info] wrote 970 bootstraps
[2017-10-31 16:55:20.405] [jointLog] [info] wrote 971 bootstraps
[2017-10-31 16:55:21.045] [jointLog] [info] wrote 972 bootstraps
[2017-10-31 16:55:23.391] [jointLog] [info] wrote 973 bootstraps
[2017-10-31 16:55:26.309] [jointLog] [info] wrote 974 bootstraps
[2017-10-31 16:55:26.453] [jointLog] [info] wrote 975 bootstraps
[2017-10-31 16:55:26.524] [jointLog] [info] wrote 976 bootstraps
[2017-10-31 16:55:27.152] [jointLog] [info] wrote 977 bootstraps
[2017-10-31 16:55:27.415] [jointLog] [info] wrote 978 bootstraps
[2017-10-31 16:55:27.435] [jointLog] [info] wrote 979 bootstraps
[2017-10-31 16:55:31.067] [jointLog] [info] wrote 980 bootstraps
[2017-10-31 16:55:32.771] [jointLog] [info] wrote 981 bootstraps
[2017-10-31 16:55:33.495] [jointLog] [info] wrote 982 bootstraps
[2017-10-31 16:55:33.685] [jointLog] [info] wrote 983 bootstraps
[2017-10-31 16:55:34.308] [jointLog] [info] wrote 984 bootstraps
[2017-10-31 16:55:34.353] [jointLog] [info] wrote 985 bootstraps
[2017-10-31 16:55:35.263] [jointLog] [info] wrote 986 bootstraps
[2017-10-31 16:55:38.830] [jointLog] [info] wrote 987 bootstraps
[2017-10-31 16:55:38.997] [jointLog] [info] wrote 988 bootstraps
[2017-10-31 16:55:39.182] [jointLog] [info] wrote 989 bootstraps
[2017-10-31 16:55:40.814] [jointLog] [info] wrote 990 bootstraps
[2017-10-31 16:55:42.029] [jointLog] [info] wrote 991 bootstraps
[2017-10-31 16:55:42.350] [jointLog] [info] wrote 992 bootstraps
[2017-10-31 16:55:42.545] [jointLog] [info] wrote 993 bootstraps
[2017-10-31 16:55:45.421] [jointLog] [info] wrote 994 bootstraps
[2017-10-31 16:55:45.464] [jointLog] [info] wrote 995 bootstraps
[2017-10-31 16:55:45.665] [jointLog] [info] wrote 996 bootstraps
[2017-10-31 16:55:46.744] [jointLog] [info] wrote 997 bootstraps
[2017-10-31 16:55:47.572] [jointLog] [info] wrote 998 bootstraps
[2017-10-31 16:55:47.668] [jointLog] [info] wrote 999 bootstraps
[2017-10-31 16:55:47.819] [jointLog] [info] wrote 1000 bootstraps
[2017-10-31 16:55:47.822] [jointLog] [info] Finished Bootstrapping
[2017-10-31 16:55:47.823] [jointLog] [warning] NOTE: Read Lib [athaliana/data/SRR6080007/SRR6080007.fastq.gz] :

Detected a *potential* strand bias > 1% in an unstranded protocol check the file: athaliana/quants/PRJNA408323/SRR6080007_quant/lib_format_counts.json for details

