[2017-10-31 17:48:58.006] [jointLog] [info] parsing read library format
[2017-10-31 17:48:58.006] [jointLog] [info] There is 1 library.
[2017-10-31 17:48:58.020] [jointLog] [info] Loading Quasi index
[2017-10-31 17:48:58.020] [jointLog] [info] Loading 32-bit quasi index
[2017-10-31 17:48:59.500] [jointLog] [info] done
[2017-10-31 17:48:59.500] [jointLog] [info] Index contained 55157 targets
[2017-10-31 17:48:59.702] [jointLog] [info] Automatically detected most likely library type as U
[2017-10-31 17:49:37.123] [jointLog] [info] Computed 58918 rich equivalence classes for further processing
[2017-10-31 17:49:37.123] [jointLog] [info] Counted 22719976 total reads in the equivalence classes 
[2017-10-31 17:49:37.126] [jointLog] [info] Mapping rate = 97.2188%

[2017-10-31 17:49:37.126] [jointLog] [info] finished quantifyLibrary()
[2017-10-31 17:49:37.126] [jointLog] [info] Starting optimizer
[2017-10-31 17:49:37.150] [jointLog] [info] Marked 0 weighted equivalence classes as degenerate
[2017-10-31 17:49:37.152] [jointLog] [info] iteration = 0 | max rel diff. = 201.744
[2017-10-31 17:49:37.169] [jointLog] [info] iteration 11, adjusting effective lengths to account for biases
[2017-10-31 17:49:37.123] [fileLog] [info] 
At end of round 0
==================
Observed 23369935 total fragments (23369935 in most recent round)

[2017-10-31 17:49:38.811] [jointLog] [info] Computed expected counts (for bias correction)
[2017-10-31 17:49:38.812] [jointLog] [info] processed bias for 0.0% of the transcripts
[2017-10-31 17:49:40.174] [jointLog] [info] processed bias for 10.0% of the transcripts
[2017-10-31 17:49:41.516] [jointLog] [info] processed bias for 20.0% of the transcripts
[2017-10-31 17:49:42.923] [jointLog] [info] processed bias for 30.0% of the transcripts
[2017-10-31 17:49:44.351] [jointLog] [info] processed bias for 40.0% of the transcripts
[2017-10-31 17:49:45.810] [jointLog] [info] processed bias for 50.0% of the transcripts
[2017-10-31 17:49:47.280] [jointLog] [info] processed bias for 60.0% of the transcripts
[2017-10-31 17:49:48.774] [jointLog] [info] processed bias for 70.0% of the transcripts
[2017-10-31 17:49:50.149] [jointLog] [info] processed bias for 80.0% of the transcripts
[2017-10-31 17:49:50.312] [jointLog] [info] processed bias for 100.0% of the transcripts
[2017-10-31 17:49:50.431] [jointLog] [info] iteration = 100 | max rel diff. = 0.137948
[2017-10-31 17:49:50.568] [jointLog] [info] iteration = 200 | max rel diff. = 0.0620344
[2017-10-31 17:49:50.704] [jointLog] [info] iteration = 300 | max rel diff. = 0.0407896
[2017-10-31 17:49:50.838] [jointLog] [info] iteration = 400 | max rel diff. = 0.0337115
[2017-10-31 17:49:50.975] [jointLog] [info] iteration = 500 | max rel diff. = 0.0235522
[2017-10-31 17:49:51.109] [jointLog] [info] iteration = 600 | max rel diff. = 0.0199374
[2017-10-31 17:49:51.248] [jointLog] [info] iteration = 700 | max rel diff. = 0.0163038
[2017-10-31 17:49:51.384] [jointLog] [info] iteration = 800 | max rel diff. = 0.0150719
[2017-10-31 17:49:51.523] [jointLog] [info] iteration = 900 | max rel diff. = 0.0128198
[2017-10-31 17:49:51.658] [jointLog] [info] iteration = 1000 | max rel diff. = 0.0108945
[2017-10-31 17:49:51.791] [jointLog] [info] iteration = 1100 | max rel diff. = 0.010551
[2017-10-31 17:49:51.827] [jointLog] [info] iteration = 1122 | max rel diff. = 0.00984445
[2017-10-31 17:49:51.829] [jointLog] [info] Finished optimizer
[2017-10-31 17:49:51.829] [jointLog] [info] writing output 

[2017-10-31 17:49:51.887] [jointLog] [info] Starting Bootstrapping
[2017-10-31 17:49:51.893] [jointLog] [info] Will draw 1000 bootstrap samples
[2017-10-31 17:49:51.893] [jointLog] [info] Optimizing over 58918 equivalence classes
[2017-10-31 17:49:51.895] [jointLog] [info] Marked 0 weighted equivalence classes as degenerate
[2017-10-31 17:49:58.356] [jointLog] [info] wrote 1 bootstraps
[2017-10-31 17:49:58.774] [jointLog] [info] wrote 2 bootstraps
[2017-10-31 17:49:58.986] [jointLog] [info] wrote 3 bootstraps
[2017-10-31 17:49:59.132] [jointLog] [info] wrote 4 bootstraps
[2017-10-31 17:49:59.459] [jointLog] [info] wrote 5 bootstraps
[2017-10-31 17:49:59.489] [jointLog] [info] wrote 6 bootstraps
[2017-10-31 17:49:59.585] [jointLog] [info] wrote 7 bootstraps
[2017-10-31 17:50:05.311] [jointLog] [info] wrote 8 bootstraps
[2017-10-31 17:50:05.679] [jointLog] [info] wrote 9 bootstraps
[2017-10-31 17:50:05.967] [jointLog] [info] wrote 10 bootstraps
[2017-10-31 17:50:06.267] [jointLog] [info] wrote 11 bootstraps
[2017-10-31 17:50:06.644] [jointLog] [info] wrote 12 bootstraps
[2017-10-31 17:50:07.011] [jointLog] [info] wrote 13 bootstraps
[2017-10-31 17:50:07.164] [jointLog] [info] wrote 14 bootstraps
[2017-10-31 17:50:11.686] [jointLog] [info] wrote 15 bootstraps
[2017-10-31 17:50:12.378] [jointLog] [info] wrote 16 bootstraps
[2017-10-31 17:50:12.772] [jointLog] [info] wrote 17 bootstraps
[2017-10-31 17:50:13.641] [jointLog] [info] wrote 18 bootstraps
[2017-10-31 17:50:14.098] [jointLog] [info] wrote 19 bootstraps
[2017-10-31 17:50:14.229] [jointLog] [info] wrote 20 bootstraps
[2017-10-31 17:50:14.953] [jointLog] [info] wrote 21 bootstraps
[2017-10-31 17:50:18.319] [jointLog] [info] wrote 22 bootstraps
[2017-10-31 17:50:19.065] [jointLog] [info] wrote 23 bootstraps
[2017-10-31 17:50:19.219] [jointLog] [info] wrote 24 bootstraps
[2017-10-31 17:50:20.703] [jointLog] [info] wrote 25 bootstraps
[2017-10-31 17:50:21.055] [jointLog] [info] wrote 26 bootstraps
[2017-10-31 17:50:22.078] [jointLog] [info] wrote 27 bootstraps
[2017-10-31 17:50:23.050] [jointLog] [info] wrote 28 bootstraps
[2017-10-31 17:50:25.184] [jointLog] [info] wrote 29 bootstraps
[2017-10-31 17:50:25.770] [jointLog] [info] wrote 30 bootstraps
[2017-10-31 17:50:25.911] [jointLog] [info] wrote 31 bootstraps
[2017-10-31 17:50:26.721] [jointLog] [info] wrote 32 bootstraps
[2017-10-31 17:50:28.698] [jointLog] [info] wrote 33 bootstraps
[2017-10-31 17:50:29.948] [jointLog] [info] wrote 34 bootstraps
[2017-10-31 17:50:30.899] [jointLog] [info] wrote 35 bootstraps
[2017-10-31 17:50:32.255] [jointLog] [info] wrote 36 bootstraps
[2017-10-31 17:50:32.950] [jointLog] [info] wrote 37 bootstraps
[2017-10-31 17:50:33.174] [jointLog] [info] wrote 38 bootstraps
[2017-10-31 17:50:33.586] [jointLog] [info] wrote 39 bootstraps
[2017-10-31 17:50:35.475] [jointLog] [info] wrote 40 bootstraps
[2017-10-31 17:50:38.053] [jointLog] [info] wrote 41 bootstraps
[2017-10-31 17:50:38.478] [jointLog] [info] wrote 42 bootstraps
[2017-10-31 17:50:39.152] [jointLog] [info] wrote 43 bootstraps
[2017-10-31 17:50:39.848] [jointLog] [info] wrote 44 bootstraps
[2017-10-31 17:50:40.606] [jointLog] [info] wrote 45 bootstraps
[2017-10-31 17:50:41.104] [jointLog] [info] wrote 46 bootstraps
[2017-10-31 17:50:41.614] [jointLog] [info] wrote 47 bootstraps
[2017-10-31 17:50:45.229] [jointLog] [info] wrote 48 bootstraps
[2017-10-31 17:50:46.332] [jointLog] [info] wrote 49 bootstraps
[2017-10-31 17:50:46.389] [jointLog] [info] wrote 50 bootstraps
[2017-10-31 17:50:46.849] [jointLog] [info] wrote 51 bootstraps
[2017-10-31 17:50:47.498] [jointLog] [info] wrote 52 bootstraps
[2017-10-31 17:50:48.257] [jointLog] [info] wrote 53 bootstraps
[2017-10-31 17:50:48.505] [jointLog] [info] wrote 54 bootstraps
[2017-10-31 17:50:52.850] [jointLog] [info] wrote 55 bootstraps
[2017-10-31 17:50:53.569] [jointLog] [info] wrote 56 bootstraps
[2017-10-31 17:50:53.910] [jointLog] [info] wrote 57 bootstraps
[2017-10-31 17:50:54.175] [jointLog] [info] wrote 58 bootstraps
[2017-10-31 17:50:54.347] [jointLog] [info] wrote 59 bootstraps
[2017-10-31 17:50:54.735] [jointLog] [info] wrote 60 bootstraps
[2017-10-31 17:50:55.508] [jointLog] [info] wrote 61 bootstraps
[2017-10-31 17:51:00.214] [jointLog] [info] wrote 62 bootstraps
[2017-10-31 17:51:00.625] [jointLog] [info] wrote 63 bootstraps
[2017-10-31 17:51:00.874] [jointLog] [info] wrote 64 bootstraps
[2017-10-31 17:51:01.164] [jointLog] [info] wrote 65 bootstraps
[2017-10-31 17:51:01.223] [jointLog] [info] wrote 66 bootstraps
[2017-10-31 17:51:02.159] [jointLog] [info] wrote 67 bootstraps
[2017-10-31 17:51:03.653] [jointLog] [info] wrote 68 bootstraps
[2017-10-31 17:51:06.095] [jointLog] [info] wrote 69 bootstraps
[2017-10-31 17:51:07.377] [jointLog] [info] wrote 70 bootstraps
[2017-10-31 17:51:07.416] [jointLog] [info] wrote 71 bootstraps
[2017-10-31 17:51:08.886] [jointLog] [info] wrote 72 bootstraps
[2017-10-31 17:51:09.123] [jointLog] [info] wrote 73 bootstraps
[2017-10-31 17:51:10.158] [jointLog] [info] wrote 74 bootstraps
[2017-10-31 17:51:11.610] [jointLog] [info] wrote 75 bootstraps
[2017-10-31 17:51:13.391] [jointLog] [info] wrote 76 bootstraps
[2017-10-31 17:51:13.803] [jointLog] [info] wrote 77 bootstraps
[2017-10-31 17:51:14.670] [jointLog] [info] wrote 78 bootstraps
[2017-10-31 17:51:15.016] [jointLog] [info] wrote 79 bootstraps
[2017-10-31 17:51:16.319] [jointLog] [info] wrote 80 bootstraps
[2017-10-31 17:51:18.144] [jointLog] [info] wrote 81 bootstraps
[2017-10-31 17:51:19.626] [jointLog] [info] wrote 82 bootstraps
[2017-10-31 17:51:20.201] [jointLog] [info] wrote 83 bootstraps
[2017-10-31 17:51:21.027] [jointLog] [info] wrote 84 bootstraps
[2017-10-31 17:51:21.232] [jointLog] [info] wrote 85 bootstraps
[2017-10-31 17:51:21.637] [jointLog] [info] wrote 86 bootstraps
[2017-10-31 17:51:23.569] [jointLog] [info] wrote 87 bootstraps
[2017-10-31 17:51:26.179] [jointLog] [info] wrote 88 bootstraps
[2017-10-31 17:51:27.262] [jointLog] [info] wrote 89 bootstraps
[2017-10-31 17:51:27.289] [jointLog] [info] wrote 90 bootstraps
[2017-10-31 17:51:27.407] [jointLog] [info] wrote 91 bootstraps
[2017-10-31 17:51:28.294] [jointLog] [info] wrote 92 bootstraps
[2017-10-31 17:51:28.328] [jointLog] [info] wrote 93 bootstraps
[2017-10-31 17:51:30.428] [jointLog] [info] wrote 94 bootstraps
[2017-10-31 17:51:34.009] [jointLog] [info] wrote 95 bootstraps
[2017-10-31 17:51:34.340] [jointLog] [info] wrote 96 bootstraps
[2017-10-31 17:51:34.392] [jointLog] [info] wrote 97 bootstraps
[2017-10-31 17:51:35.227] [jointLog] [info] wrote 98 bootstraps
[2017-10-31 17:51:35.362] [jointLog] [info] wrote 99 bootstraps
[2017-10-31 17:51:36.335] [jointLog] [info] wrote 100 bootstraps
[2017-10-31 17:51:36.779] [jointLog] [info] wrote 101 bootstraps
[2017-10-31 17:51:40.158] [jointLog] [info] wrote 102 bootstraps
[2017-10-31 17:51:41.400] [jointLog] [info] wrote 103 bootstraps
[2017-10-31 17:51:41.914] [jointLog] [info] wrote 104 bootstraps
[2017-10-31 17:51:42.457] [jointLog] [info] wrote 105 bootstraps
[2017-10-31 17:51:43.064] [jointLog] [info] wrote 106 bootstraps
[2017-10-31 17:51:43.088] [jointLog] [info] wrote 107 bootstraps
[2017-10-31 17:51:43.466] [jointLog] [info] wrote 108 bootstraps
[2017-10-31 17:51:47.461] [jointLog] [info] wrote 109 bootstraps
[2017-10-31 17:51:48.235] [jointLog] [info] wrote 110 bootstraps
[2017-10-31 17:51:49.601] [jointLog] [info] wrote 111 bootstraps
[2017-10-31 17:51:49.841] [jointLog] [info] wrote 112 bootstraps
[2017-10-31 17:51:49.956] [jointLog] [info] wrote 113 bootstraps
[2017-10-31 17:51:49.986] [jointLog] [info] wrote 114 bootstraps
[2017-10-31 17:51:50.711] [jointLog] [info] wrote 115 bootstraps
[2017-10-31 17:51:55.361] [jointLog] [info] wrote 116 bootstraps
[2017-10-31 17:51:56.259] [jointLog] [info] wrote 117 bootstraps
[2017-10-31 17:51:56.348] [jointLog] [info] wrote 118 bootstraps
[2017-10-31 17:51:56.466] [jointLog] [info] wrote 119 bootstraps
[2017-10-31 17:51:56.749] [jointLog] [info] wrote 120 bootstraps
[2017-10-31 17:51:57.501] [jointLog] [info] wrote 121 bootstraps
[2017-10-31 17:51:57.956] [jointLog] [info] wrote 122 bootstraps
[2017-10-31 17:52:02.575] [jointLog] [info] wrote 123 bootstraps
[2017-10-31 17:52:02.950] [jointLog] [info] wrote 124 bootstraps
[2017-10-31 17:52:03.257] [jointLog] [info] wrote 125 bootstraps
[2017-10-31 17:52:04.246] [jointLog] [info] wrote 126 bootstraps
[2017-10-31 17:52:04.391] [jointLog] [info] wrote 127 bootstraps
[2017-10-31 17:52:04.432] [jointLog] [info] wrote 128 bootstraps
[2017-10-31 17:52:06.340] [jointLog] [info] wrote 129 bootstraps
[2017-10-31 17:52:08.421] [jointLog] [info] wrote 130 bootstraps
[2017-10-31 17:52:09.833] [jointLog] [info] wrote 131 bootstraps
[2017-10-31 17:52:11.064] [jointLog] [info] wrote 132 bootstraps
[2017-10-31 17:52:11.197] [jointLog] [info] wrote 133 bootstraps
[2017-10-31 17:52:11.548] [jointLog] [info] wrote 134 bootstraps
[2017-10-31 17:52:11.974] [jointLog] [info] wrote 135 bootstraps
[2017-10-31 17:52:13.685] [jointLog] [info] wrote 136 bootstraps
[2017-10-31 17:52:15.282] [jointLog] [info] wrote 137 bootstraps
[2017-10-31 17:52:16.968] [jointLog] [info] wrote 138 bootstraps
[2017-10-31 17:52:18.614] [jointLog] [info] wrote 139 bootstraps
[2017-10-31 17:52:18.788] [jointLog] [info] wrote 140 bootstraps
[2017-10-31 17:52:18.997] [jointLog] [info] wrote 141 bootstraps
[2017-10-31 17:52:19.030] [jointLog] [info] wrote 142 bootstraps
[2017-10-31 17:52:21.527] [jointLog] [info] wrote 143 bootstraps
[2017-10-31 17:52:22.020] [jointLog] [info] wrote 144 bootstraps
[2017-10-31 17:52:22.845] [jointLog] [info] wrote 145 bootstraps
[2017-10-31 17:52:25.251] [jointLog] [info] wrote 146 bootstraps
[2017-10-31 17:52:26.603] [jointLog] [info] wrote 147 bootstraps
[2017-10-31 17:52:26.759] [jointLog] [info] wrote 148 bootstraps
[2017-10-31 17:52:27.127] [jointLog] [info] wrote 149 bootstraps
[2017-10-31 17:52:27.591] [jointLog] [info] wrote 150 bootstraps
[2017-10-31 17:52:29.529] [jointLog] [info] wrote 151 bootstraps
[2017-10-31 17:52:30.837] [jointLog] [info] wrote 152 bootstraps
[2017-10-31 17:52:31.569] [jointLog] [info] wrote 153 bootstraps
[2017-10-31 17:52:32.948] [jointLog] [info] wrote 154 bootstraps
[2017-10-31 17:52:34.008] [jointLog] [info] wrote 155 bootstraps
[2017-10-31 17:52:34.261] [jointLog] [info] wrote 156 bootstraps
[2017-10-31 17:52:34.735] [jointLog] [info] wrote 157 bootstraps
[2017-10-31 17:52:37.375] [jointLog] [info] wrote 158 bootstraps
[2017-10-31 17:52:37.769] [jointLog] [info] wrote 159 bootstraps
[2017-10-31 17:52:38.918] [jointLog] [info] wrote 160 bootstraps
[2017-10-31 17:52:39.483] [jointLog] [info] wrote 161 bootstraps
[2017-10-31 17:52:40.570] [jointLog] [info] wrote 162 bootstraps
[2017-10-31 17:52:42.138] [jointLog] [info] wrote 163 bootstraps
[2017-10-31 17:52:42.488] [jointLog] [info] wrote 164 bootstraps
[2017-10-31 17:52:44.105] [jointLog] [info] wrote 165 bootstraps
[2017-10-31 17:52:45.332] [jointLog] [info] wrote 166 bootstraps
[2017-10-31 17:52:45.811] [jointLog] [info] wrote 167 bootstraps
[2017-10-31 17:52:46.835] [jointLog] [info] wrote 168 bootstraps
[2017-10-31 17:52:48.128] [jointLog] [info] wrote 169 bootstraps
[2017-10-31 17:52:49.177] [jointLog] [info] wrote 170 bootstraps
[2017-10-31 17:52:50.160] [jointLog] [info] wrote 171 bootstraps
[2017-10-31 17:52:50.405] [jointLog] [info] wrote 172 bootstraps
[2017-10-31 17:52:52.939] [jointLog] [info] wrote 173 bootstraps
[2017-10-31 17:52:53.858] [jointLog] [info] wrote 174 bootstraps
[2017-10-31 17:52:54.377] [jointLog] [info] wrote 175 bootstraps
[2017-10-31 17:52:55.327] [jointLog] [info] wrote 176 bootstraps
[2017-10-31 17:52:56.113] [jointLog] [info] wrote 177 bootstraps
[2017-10-31 17:52:56.529] [jointLog] [info] wrote 178 bootstraps
[2017-10-31 17:52:57.251] [jointLog] [info] wrote 179 bootstraps
[2017-10-31 17:53:00.447] [jointLog] [info] wrote 180 bootstraps
[2017-10-31 17:53:01.483] [jointLog] [info] wrote 181 bootstraps
[2017-10-31 17:53:01.742] [jointLog] [info] wrote 182 bootstraps
[2017-10-31 17:53:02.216] [jointLog] [info] wrote 183 bootstraps
[2017-10-31 17:53:02.682] [jointLog] [info] wrote 184 bootstraps
[2017-10-31 17:53:02.828] [jointLog] [info] wrote 185 bootstraps
[2017-10-31 17:53:05.204] [jointLog] [info] wrote 186 bootstraps
[2017-10-31 17:53:08.342] [jointLog] [info] wrote 187 bootstraps
[2017-10-31 17:53:08.373] [jointLog] [info] wrote 188 bootstraps
[2017-10-31 17:53:08.566] [jointLog] [info] wrote 189 bootstraps
[2017-10-31 17:53:09.724] [jointLog] [info] wrote 190 bootstraps
[2017-10-31 17:53:10.025] [jointLog] [info] wrote 191 bootstraps
[2017-10-31 17:53:10.523] [jointLog] [info] wrote 192 bootstraps
[2017-10-31 17:53:12.558] [jointLog] [info] wrote 193 bootstraps
[2017-10-31 17:53:14.571] [jointLog] [info] wrote 194 bootstraps
[2017-10-31 17:53:14.821] [jointLog] [info] wrote 195 bootstraps
[2017-10-31 17:53:15.753] [jointLog] [info] wrote 196 bootstraps
[2017-10-31 17:53:17.491] [jointLog] [info] wrote 197 bootstraps
[2017-10-31 17:53:17.934] [jointLog] [info] wrote 198 bootstraps
[2017-10-31 17:53:18.555] [jointLog] [info] wrote 199 bootstraps
[2017-10-31 17:53:19.636] [jointLog] [info] wrote 200 bootstraps
[2017-10-31 17:53:21.207] [jointLog] [info] wrote 201 bootstraps
[2017-10-31 17:53:22.389] [jointLog] [info] wrote 202 bootstraps
[2017-10-31 17:53:23.680] [jointLog] [info] wrote 203 bootstraps
[2017-10-31 17:53:23.768] [jointLog] [info] wrote 204 bootstraps
[2017-10-31 17:53:26.344] [jointLog] [info] wrote 205 bootstraps
[2017-10-31 17:53:26.372] [jointLog] [info] wrote 206 bootstraps
[2017-10-31 17:53:27.144] [jointLog] [info] wrote 207 bootstraps
[2017-10-31 17:53:27.547] [jointLog] [info] wrote 208 bootstraps
[2017-10-31 17:53:29.551] [jointLog] [info] wrote 209 bootstraps
[2017-10-31 17:53:30.195] [jointLog] [info] wrote 210 bootstraps
[2017-10-31 17:53:31.406] [jointLog] [info] wrote 211 bootstraps
[2017-10-31 17:53:32.836] [jointLog] [info] wrote 212 bootstraps
[2017-10-31 17:53:32.866] [jointLog] [info] wrote 213 bootstraps
[2017-10-31 17:53:34.303] [jointLog] [info] wrote 214 bootstraps
[2017-10-31 17:53:35.602] [jointLog] [info] wrote 215 bootstraps
[2017-10-31 17:53:36.140] [jointLog] [info] wrote 216 bootstraps
[2017-10-31 17:53:37.116] [jointLog] [info] wrote 217 bootstraps
[2017-10-31 17:53:38.320] [jointLog] [info] wrote 218 bootstraps
[2017-10-31 17:53:39.796] [jointLog] [info] wrote 219 bootstraps
[2017-10-31 17:53:40.003] [jointLog] [info] wrote 220 bootstraps
[2017-10-31 17:53:42.507] [jointLog] [info] wrote 221 bootstraps
[2017-10-31 17:53:42.955] [jointLog] [info] wrote 222 bootstraps
[2017-10-31 17:53:43.495] [jointLog] [info] wrote 223 bootstraps
[2017-10-31 17:53:45.067] [jointLog] [info] wrote 224 bootstraps
[2017-10-31 17:53:45.090] [jointLog] [info] wrote 225 bootstraps
[2017-10-31 17:53:46.292] [jointLog] [info] wrote 226 bootstraps
[2017-10-31 17:53:47.917] [jointLog] [info] wrote 227 bootstraps
[2017-10-31 17:53:49.292] [jointLog] [info] wrote 228 bootstraps
[2017-10-31 17:53:50.665] [jointLog] [info] wrote 229 bootstraps
[2017-10-31 17:53:51.024] [jointLog] [info] wrote 230 bootstraps
[2017-10-31 17:53:51.098] [jointLog] [info] wrote 231 bootstraps
[2017-10-31 17:53:52.862] [jointLog] [info] wrote 232 bootstraps
[2017-10-31 17:53:53.005] [jointLog] [info] wrote 233 bootstraps
[2017-10-31 17:53:55.412] [jointLog] [info] wrote 234 bootstraps
[2017-10-31 17:53:55.955] [jointLog] [info] wrote 235 bootstraps
[2017-10-31 17:53:57.720] [jointLog] [info] wrote 236 bootstraps
[2017-10-31 17:53:58.147] [jointLog] [info] wrote 237 bootstraps
[2017-10-31 17:53:58.710] [jointLog] [info] wrote 238 bootstraps
[2017-10-31 17:54:00.236] [jointLog] [info] wrote 239 bootstraps
[2017-10-31 17:54:00.715] [jointLog] [info] wrote 240 bootstraps
[2017-10-31 17:54:02.217] [jointLog] [info] wrote 241 bootstraps
[2017-10-31 17:54:02.467] [jointLog] [info] wrote 242 bootstraps
[2017-10-31 17:54:05.364] [jointLog] [info] wrote 243 bootstraps
[2017-10-31 17:54:05.635] [jointLog] [info] wrote 244 bootstraps
[2017-10-31 17:54:06.217] [jointLog] [info] wrote 245 bootstraps
[2017-10-31 17:54:06.869] [jointLog] [info] wrote 246 bootstraps
[2017-10-31 17:54:08.021] [jointLog] [info] wrote 247 bootstraps
[2017-10-31 17:54:09.023] [jointLog] [info] wrote 248 bootstraps
[2017-10-31 17:54:09.686] [jointLog] [info] wrote 249 bootstraps
[2017-10-31 17:54:13.145] [jointLog] [info] wrote 250 bootstraps
[2017-10-31 17:54:13.186] [jointLog] [info] wrote 251 bootstraps
[2017-10-31 17:54:13.396] [jointLog] [info] wrote 252 bootstraps
[2017-10-31 17:54:13.491] [jointLog] [info] wrote 253 bootstraps
[2017-10-31 17:54:15.492] [jointLog] [info] wrote 254 bootstraps
[2017-10-31 17:54:16.134] [jointLog] [info] wrote 255 bootstraps
[2017-10-31 17:54:17.183] [jointLog] [info] wrote 256 bootstraps
[2017-10-31 17:54:18.711] [jointLog] [info] wrote 257 bootstraps
[2017-10-31 17:54:19.858] [jointLog] [info] wrote 258 bootstraps
[2017-10-31 17:54:20.757] [jointLog] [info] wrote 259 bootstraps
[2017-10-31 17:54:21.213] [jointLog] [info] wrote 260 bootstraps
[2017-10-31 17:54:23.191] [jointLog] [info] wrote 261 bootstraps
[2017-10-31 17:54:23.922] [jointLog] [info] wrote 262 bootstraps
[2017-10-31 17:54:23.952] [jointLog] [info] wrote 263 bootstraps
[2017-10-31 17:54:26.249] [jointLog] [info] wrote 264 bootstraps
[2017-10-31 17:54:26.764] [jointLog] [info] wrote 265 bootstraps
[2017-10-31 17:54:27.948] [jointLog] [info] wrote 266 bootstraps
[2017-10-31 17:54:27.992] [jointLog] [info] wrote 267 bootstraps
[2017-10-31 17:54:30.011] [jointLog] [info] wrote 268 bootstraps
[2017-10-31 17:54:31.247] [jointLog] [info] wrote 269 bootstraps
[2017-10-31 17:54:31.940] [jointLog] [info] wrote 270 bootstraps
[2017-10-31 17:54:33.113] [jointLog] [info] wrote 271 bootstraps
[2017-10-31 17:54:34.134] [jointLog] [info] wrote 272 bootstraps
[2017-10-31 17:54:34.381] [jointLog] [info] wrote 273 bootstraps
[2017-10-31 17:54:35.107] [jointLog] [info] wrote 274 bootstraps
[2017-10-31 17:54:35.968] [jointLog] [info] wrote 275 bootstraps
[2017-10-31 17:54:39.463] [jointLog] [info] wrote 276 bootstraps
[2017-10-31 17:54:39.636] [jointLog] [info] wrote 277 bootstraps
[2017-10-31 17:54:39.918] [jointLog] [info] wrote 278 bootstraps
[2017-10-31 17:54:41.338] [jointLog] [info] wrote 279 bootstraps
[2017-10-31 17:54:42.137] [jointLog] [info] wrote 280 bootstraps
[2017-10-31 17:54:42.162] [jointLog] [info] wrote 281 bootstraps
[2017-10-31 17:54:42.896] [jointLog] [info] wrote 282 bootstraps
[2017-10-31 17:54:46.207] [jointLog] [info] wrote 283 bootstraps
[2017-10-31 17:54:46.352] [jointLog] [info] wrote 284 bootstraps
[2017-10-31 17:54:47.552] [jointLog] [info] wrote 285 bootstraps
[2017-10-31 17:54:48.723] [jointLog] [info] wrote 286 bootstraps
[2017-10-31 17:54:49.157] [jointLog] [info] wrote 287 bootstraps
[2017-10-31 17:54:49.558] [jointLog] [info] wrote 288 bootstraps
[2017-10-31 17:54:50.105] [jointLog] [info] wrote 289 bootstraps
[2017-10-31 17:54:53.257] [jointLog] [info] wrote 290 bootstraps
[2017-10-31 17:54:53.787] [jointLog] [info] wrote 291 bootstraps
[2017-10-31 17:54:55.602] [jointLog] [info] wrote 292 bootstraps
[2017-10-31 17:54:55.677] [jointLog] [info] wrote 293 bootstraps
[2017-10-31 17:54:55.870] [jointLog] [info] wrote 294 bootstraps
[2017-10-31 17:54:56.977] [jointLog] [info] wrote 295 bootstraps
[2017-10-31 17:54:58.072] [jointLog] [info] wrote 296 bootstraps
[2017-10-31 17:54:59.416] [jointLog] [info] wrote 297 bootstraps
[2017-10-31 17:55:01.003] [jointLog] [info] wrote 298 bootstraps
[2017-10-31 17:55:02.143] [jointLog] [info] wrote 299 bootstraps
[2017-10-31 17:55:03.218] [jointLog] [info] wrote 300 bootstraps
[2017-10-31 17:55:03.526] [jointLog] [info] wrote 301 bootstraps
[2017-10-31 17:55:03.946] [jointLog] [info] wrote 302 bootstraps
[2017-10-31 17:55:06.102] [jointLog] [info] wrote 303 bootstraps
[2017-10-31 17:55:07.155] [jointLog] [info] wrote 304 bootstraps
[2017-10-31 17:55:07.787] [jointLog] [info] wrote 305 bootstraps
[2017-10-31 17:55:07.900] [jointLog] [info] wrote 306 bootstraps
[2017-10-31 17:55:10.763] [jointLog] [info] wrote 307 bootstraps
[2017-10-31 17:55:11.191] [jointLog] [info] wrote 308 bootstraps
[2017-10-31 17:55:12.061] [jointLog] [info] wrote 309 bootstraps
[2017-10-31 17:55:13.878] [jointLog] [info] wrote 310 bootstraps
[2017-10-31 17:55:14.050] [jointLog] [info] wrote 311 bootstraps
[2017-10-31 17:55:14.133] [jointLog] [info] wrote 312 bootstraps
[2017-10-31 17:55:14.964] [jointLog] [info] wrote 313 bootstraps
[2017-10-31 17:55:17.209] [jointLog] [info] wrote 314 bootstraps
[2017-10-31 17:55:18.971] [jointLog] [info] wrote 315 bootstraps
[2017-10-31 17:55:20.001] [jointLog] [info] wrote 316 bootstraps
[2017-10-31 17:55:20.028] [jointLog] [info] wrote 317 bootstraps
[2017-10-31 17:55:21.312] [jointLog] [info] wrote 318 bootstraps
[2017-10-31 17:55:21.581] [jointLog] [info] wrote 319 bootstraps
[2017-10-31 17:55:22.169] [jointLog] [info] wrote 320 bootstraps
[2017-10-31 17:55:23.718] [jointLog] [info] wrote 321 bootstraps
[2017-10-31 17:55:26.563] [jointLog] [info] wrote 322 bootstraps
[2017-10-31 17:55:27.221] [jointLog] [info] wrote 323 bootstraps
[2017-10-31 17:55:27.327] [jointLog] [info] wrote 324 bootstraps
[2017-10-31 17:55:27.922] [jointLog] [info] wrote 325 bootstraps
[2017-10-31 17:55:29.149] [jointLog] [info] wrote 326 bootstraps
[2017-10-31 17:55:29.664] [jointLog] [info] wrote 327 bootstraps
[2017-10-31 17:55:31.024] [jointLog] [info] wrote 328 bootstraps
[2017-10-31 17:55:33.870] [jointLog] [info] wrote 329 bootstraps
[2017-10-31 17:55:34.522] [jointLog] [info] wrote 330 bootstraps
[2017-10-31 17:55:34.649] [jointLog] [info] wrote 331 bootstraps
[2017-10-31 17:55:35.067] [jointLog] [info] wrote 332 bootstraps
[2017-10-31 17:55:35.564] [jointLog] [info] wrote 333 bootstraps
[2017-10-31 17:55:36.826] [jointLog] [info] wrote 334 bootstraps
[2017-10-31 17:55:39.452] [jointLog] [info] wrote 335 bootstraps
[2017-10-31 17:55:40.335] [jointLog] [info] wrote 336 bootstraps
[2017-10-31 17:55:40.883] [jointLog] [info] wrote 337 bootstraps
[2017-10-31 17:55:41.424] [jointLog] [info] wrote 338 bootstraps
[2017-10-31 17:55:42.750] [jointLog] [info] wrote 339 bootstraps
[2017-10-31 17:55:43.463] [jointLog] [info] wrote 340 bootstraps
[2017-10-31 17:55:44.904] [jointLog] [info] wrote 341 bootstraps
[2017-10-31 17:55:46.589] [jointLog] [info] wrote 342 bootstraps
[2017-10-31 17:55:47.166] [jointLog] [info] wrote 343 bootstraps
[2017-10-31 17:55:47.459] [jointLog] [info] wrote 344 bootstraps
[2017-10-31 17:55:47.520] [jointLog] [info] wrote 345 bootstraps
[2017-10-31 17:55:50.668] [jointLog] [info] wrote 346 bootstraps
[2017-10-31 17:55:50.873] [jointLog] [info] wrote 347 bootstraps
[2017-10-31 17:55:52.982] [jointLog] [info] wrote 348 bootstraps
[2017-10-31 17:55:53.241] [jointLog] [info] wrote 349 bootstraps
[2017-10-31 17:55:53.361] [jointLog] [info] wrote 350 bootstraps
[2017-10-31 17:55:55.495] [jointLog] [info] wrote 351 bootstraps
[2017-10-31 17:55:55.784] [jointLog] [info] wrote 352 bootstraps
[2017-10-31 17:55:57.305] [jointLog] [info] wrote 353 bootstraps
[2017-10-31 17:55:58.899] [jointLog] [info] wrote 354 bootstraps
[2017-10-31 17:55:59.451] [jointLog] [info] wrote 355 bootstraps
[2017-10-31 17:55:59.489] [jointLog] [info] wrote 356 bootstraps
[2017-10-31 17:56:01.191] [jointLog] [info] wrote 357 bootstraps
[2017-10-31 17:56:03.490] [jointLog] [info] wrote 358 bootstraps
[2017-10-31 17:56:03.520] [jointLog] [info] wrote 359 bootstraps
[2017-10-31 17:56:03.764] [jointLog] [info] wrote 360 bootstraps
[2017-10-31 17:56:05.405] [jointLog] [info] wrote 361 bootstraps
[2017-10-31 17:56:05.732] [jointLog] [info] wrote 362 bootstraps
[2017-10-31 17:56:06.974] [jointLog] [info] wrote 363 bootstraps
[2017-10-31 17:56:09.264] [jointLog] [info] wrote 364 bootstraps
[2017-10-31 17:56:09.942] [jointLog] [info] wrote 365 bootstraps
[2017-10-31 17:56:11.323] [jointLog] [info] wrote 366 bootstraps
[2017-10-31 17:56:11.716] [jointLog] [info] wrote 367 bootstraps
[2017-10-31 17:56:11.813] [jointLog] [info] wrote 368 bootstraps
[2017-10-31 17:56:13.202] [jointLog] [info] wrote 369 bootstraps
[2017-10-31 17:56:13.564] [jointLog] [info] wrote 370 bootstraps
[2017-10-31 17:56:16.019] [jointLog] [info] wrote 371 bootstraps
[2017-10-31 17:56:17.317] [jointLog] [info] wrote 372 bootstraps
[2017-10-31 17:56:18.402] [jointLog] [info] wrote 373 bootstraps
[2017-10-31 17:56:18.867] [jointLog] [info] wrote 374 bootstraps
[2017-10-31 17:56:19.637] [jointLog] [info] wrote 375 bootstraps
[2017-10-31 17:56:20.078] [jointLog] [info] wrote 376 bootstraps
[2017-10-31 17:56:21.223] [jointLog] [info] wrote 377 bootstraps
[2017-10-31 17:56:23.152] [jointLog] [info] wrote 378 bootstraps
[2017-10-31 17:56:24.663] [jointLog] [info] wrote 379 bootstraps
[2017-10-31 17:56:25.224] [jointLog] [info] wrote 380 bootstraps
[2017-10-31 17:56:26.449] [jointLog] [info] wrote 381 bootstraps
[2017-10-31 17:56:26.948] [jointLog] [info] wrote 382 bootstraps
[2017-10-31 17:56:27.661] [jointLog] [info] wrote 383 bootstraps
[2017-10-31 17:56:28.094] [jointLog] [info] wrote 384 bootstraps
[2017-10-31 17:56:30.310] [jointLog] [info] wrote 385 bootstraps
[2017-10-31 17:56:31.034] [jointLog] [info] wrote 386 bootstraps
[2017-10-31 17:56:32.685] [jointLog] [info] wrote 387 bootstraps
[2017-10-31 17:56:33.709] [jointLog] [info] wrote 388 bootstraps
[2017-10-31 17:56:33.896] [jointLog] [info] wrote 389 bootstraps
[2017-10-31 17:56:34.935] [jointLog] [info] wrote 390 bootstraps
[2017-10-31 17:56:36.126] [jointLog] [info] wrote 391 bootstraps
[2017-10-31 17:56:36.893] [jointLog] [info] wrote 392 bootstraps
[2017-10-31 17:56:38.890] [jointLog] [info] wrote 393 bootstraps
[2017-10-31 17:56:39.139] [jointLog] [info] wrote 394 bootstraps
[2017-10-31 17:56:40.318] [jointLog] [info] wrote 395 bootstraps
[2017-10-31 17:56:41.694] [jointLog] [info] wrote 396 bootstraps
[2017-10-31 17:56:42.644] [jointLog] [info] wrote 397 bootstraps
[2017-10-31 17:56:42.794] [jointLog] [info] wrote 398 bootstraps
[2017-10-31 17:56:44.233] [jointLog] [info] wrote 399 bootstraps
[2017-10-31 17:56:45.753] [jointLog] [info] wrote 400 bootstraps
[2017-10-31 17:56:46.559] [jointLog] [info] wrote 401 bootstraps
[2017-10-31 17:56:47.243] [jointLog] [info] wrote 402 bootstraps
[2017-10-31 17:56:48.859] [jointLog] [info] wrote 403 bootstraps
[2017-10-31 17:56:49.767] [jointLog] [info] wrote 404 bootstraps
[2017-10-31 17:56:49.896] [jointLog] [info] wrote 405 bootstraps
[2017-10-31 17:56:51.805] [jointLog] [info] wrote 406 bootstraps
[2017-10-31 17:56:52.521] [jointLog] [info] wrote 407 bootstraps
[2017-10-31 17:56:54.059] [jointLog] [info] wrote 408 bootstraps
[2017-10-31 17:56:54.733] [jointLog] [info] wrote 409 bootstraps
[2017-10-31 17:56:55.312] [jointLog] [info] wrote 410 bootstraps
[2017-10-31 17:56:56.552] [jointLog] [info] wrote 411 bootstraps
[2017-10-31 17:56:57.802] [jointLog] [info] wrote 412 bootstraps
[2017-10-31 17:56:59.041] [jointLog] [info] wrote 413 bootstraps
[2017-10-31 17:56:59.844] [jointLog] [info] wrote 414 bootstraps
[2017-10-31 17:57:01.743] [jointLog] [info] wrote 415 bootstraps
[2017-10-31 17:57:02.355] [jointLog] [info] wrote 416 bootstraps
[2017-10-31 17:57:02.635] [jointLog] [info] wrote 417 bootstraps
[2017-10-31 17:57:03.489] [jointLog] [info] wrote 418 bootstraps
[2017-10-31 17:57:05.067] [jointLog] [info] wrote 419 bootstraps
[2017-10-31 17:57:05.801] [jointLog] [info] wrote 420 bootstraps
[2017-10-31 17:57:07.614] [jointLog] [info] wrote 421 bootstraps
[2017-10-31 17:57:08.426] [jointLog] [info] wrote 422 bootstraps
[2017-10-31 17:57:08.481] [jointLog] [info] wrote 423 bootstraps
[2017-10-31 17:57:09.949] [jointLog] [info] wrote 424 bootstraps
[2017-10-31 17:57:11.196] [jointLog] [info] wrote 425 bootstraps
[2017-10-31 17:57:11.495] [jointLog] [info] wrote 426 bootstraps
[2017-10-31 17:57:13.748] [jointLog] [info] wrote 427 bootstraps
[2017-10-31 17:57:14.259] [jointLog] [info] wrote 428 bootstraps
[2017-10-31 17:57:15.608] [jointLog] [info] wrote 429 bootstraps
[2017-10-31 17:57:16.412] [jointLog] [info] wrote 430 bootstraps
[2017-10-31 17:57:17.314] [jointLog] [info] wrote 431 bootstraps
[2017-10-31 17:57:17.614] [jointLog] [info] wrote 432 bootstraps
[2017-10-31 17:57:19.462] [jointLog] [info] wrote 433 bootstraps
[2017-10-31 17:57:20.159] [jointLog] [info] wrote 434 bootstraps
[2017-10-31 17:57:21.422] [jointLog] [info] wrote 435 bootstraps
[2017-10-31 17:57:23.080] [jointLog] [info] wrote 436 bootstraps
[2017-10-31 17:57:23.909] [jointLog] [info] wrote 437 bootstraps
[2017-10-31 17:57:24.117] [jointLog] [info] wrote 438 bootstraps
[2017-10-31 17:57:25.794] [jointLog] [info] wrote 439 bootstraps
[2017-10-31 17:57:26.105] [jointLog] [info] wrote 440 bootstraps
[2017-10-31 17:57:27.297] [jointLog] [info] wrote 441 bootstraps
[2017-10-31 17:57:28.220] [jointLog] [info] wrote 442 bootstraps
[2017-10-31 17:57:29.232] [jointLog] [info] wrote 443 bootstraps
[2017-10-31 17:57:31.371] [jointLog] [info] wrote 444 bootstraps
[2017-10-31 17:57:31.499] [jointLog] [info] wrote 445 bootstraps
[2017-10-31 17:57:32.409] [jointLog] [info] wrote 446 bootstraps
[2017-10-31 17:57:34.110] [jointLog] [info] wrote 447 bootstraps
[2017-10-31 17:57:35.063] [jointLog] [info] wrote 448 bootstraps
[2017-10-31 17:57:35.568] [jointLog] [info] wrote 449 bootstraps
[2017-10-31 17:57:37.326] [jointLog] [info] wrote 450 bootstraps
[2017-10-31 17:57:37.922] [jointLog] [info] wrote 451 bootstraps
[2017-10-31 17:57:38.862] [jointLog] [info] wrote 452 bootstraps
[2017-10-31 17:57:39.458] [jointLog] [info] wrote 453 bootstraps
[2017-10-31 17:57:40.680] [jointLog] [info] wrote 454 bootstraps
[2017-10-31 17:57:42.326] [jointLog] [info] wrote 455 bootstraps
[2017-10-31 17:57:43.486] [jointLog] [info] wrote 456 bootstraps
[2017-10-31 17:57:44.254] [jointLog] [info] wrote 457 bootstraps
[2017-10-31 17:57:45.233] [jointLog] [info] wrote 458 bootstraps
[2017-10-31 17:57:45.376] [jointLog] [info] wrote 459 bootstraps
[2017-10-31 17:57:46.529] [jointLog] [info] wrote 460 bootstraps
[2017-10-31 17:57:47.271] [jointLog] [info] wrote 461 bootstraps
[2017-10-31 17:57:50.400] [jointLog] [info] wrote 462 bootstraps
[2017-10-31 17:57:50.788] [jointLog] [info] wrote 463 bootstraps
[2017-10-31 17:57:51.513] [jointLog] [info] wrote 464 bootstraps
[2017-10-31 17:57:51.796] [jointLog] [info] wrote 465 bootstraps
[2017-10-31 17:57:52.114] [jointLog] [info] wrote 466 bootstraps
[2017-10-31 17:57:53.476] [jointLog] [info] wrote 467 bootstraps
[2017-10-31 17:57:55.284] [jointLog] [info] wrote 468 bootstraps
[2017-10-31 17:57:56.974] [jointLog] [info] wrote 469 bootstraps
[2017-10-31 17:57:57.796] [jointLog] [info] wrote 470 bootstraps
[2017-10-31 17:57:58.739] [jointLog] [info] wrote 471 bootstraps
[2017-10-31 17:57:59.561] [jointLog] [info] wrote 472 bootstraps
[2017-10-31 17:58:00.033] [jointLog] [info] wrote 473 bootstraps
[2017-10-31 17:58:00.379] [jointLog] [info] wrote 474 bootstraps
[2017-10-31 17:58:03.249] [jointLog] [info] wrote 475 bootstraps
[2017-10-31 17:58:04.271] [jointLog] [info] wrote 476 bootstraps
[2017-10-31 17:58:04.986] [jointLog] [info] wrote 477 bootstraps
[2017-10-31 17:58:05.824] [jointLog] [info] wrote 478 bootstraps
[2017-10-31 17:58:06.212] [jointLog] [info] wrote 479 bootstraps
[2017-10-31 17:58:07.363] [jointLog] [info] wrote 480 bootstraps
[2017-10-31 17:58:07.707] [jointLog] [info] wrote 481 bootstraps
[2017-10-31 17:58:10.204] [jointLog] [info] wrote 482 bootstraps
[2017-10-31 17:58:11.032] [jointLog] [info] wrote 483 bootstraps
[2017-10-31 17:58:12.319] [jointLog] [info] wrote 484 bootstraps
[2017-10-31 17:58:12.901] [jointLog] [info] wrote 485 bootstraps
[2017-10-31 17:58:13.903] [jointLog] [info] wrote 486 bootstraps
[2017-10-31 17:58:15.348] [jointLog] [info] wrote 487 bootstraps
[2017-10-31 17:58:15.373] [jointLog] [info] wrote 488 bootstraps
[2017-10-31 17:58:16.630] [jointLog] [info] wrote 489 bootstraps
[2017-10-31 17:58:17.762] [jointLog] [info] wrote 490 bootstraps
[2017-10-31 17:58:18.462] [jointLog] [info] wrote 491 bootstraps
[2017-10-31 17:58:21.010] [jointLog] [info] wrote 492 bootstraps
[2017-10-31 17:58:21.610] [jointLog] [info] wrote 493 bootstraps
[2017-10-31 17:58:22.949] [jointLog] [info] wrote 494 bootstraps
[2017-10-31 17:58:23.436] [jointLog] [info] wrote 495 bootstraps
[2017-10-31 17:58:23.520] [jointLog] [info] wrote 496 bootstraps
[2017-10-31 17:58:23.931] [jointLog] [info] wrote 497 bootstraps
[2017-10-31 17:58:25.130] [jointLog] [info] wrote 498 bootstraps
[2017-10-31 17:58:28.766] [jointLog] [info] wrote 499 bootstraps
[2017-10-31 17:58:28.961] [jointLog] [info] wrote 500 bootstraps
[2017-10-31 17:58:29.507] [jointLog] [info] wrote 501 bootstraps
[2017-10-31 17:58:30.468] [jointLog] [info] wrote 502 bootstraps
[2017-10-31 17:58:30.717] [jointLog] [info] wrote 503 bootstraps
[2017-10-31 17:58:31.160] [jointLog] [info] wrote 504 bootstraps
[2017-10-31 17:58:32.484] [jointLog] [info] wrote 505 bootstraps
[2017-10-31 17:58:36.262] [jointLog] [info] wrote 506 bootstraps
[2017-10-31 17:58:36.917] [jointLog] [info] wrote 507 bootstraps
[2017-10-31 17:58:37.017] [jointLog] [info] wrote 508 bootstraps
[2017-10-31 17:58:37.035] [jointLog] [info] wrote 509 bootstraps
[2017-10-31 17:58:37.145] [jointLog] [info] wrote 510 bootstraps
[2017-10-31 17:58:39.187] [jointLog] [info] wrote 511 bootstraps
[2017-10-31 17:58:39.911] [jointLog] [info] wrote 512 bootstraps
[2017-10-31 17:58:42.166] [jointLog] [info] wrote 513 bootstraps
[2017-10-31 17:58:43.069] [jointLog] [info] wrote 514 bootstraps
[2017-10-31 17:58:44.674] [jointLog] [info] wrote 515 bootstraps
[2017-10-31 17:58:44.704] [jointLog] [info] wrote 516 bootstraps
[2017-10-31 17:58:45.112] [jointLog] [info] wrote 517 bootstraps
[2017-10-31 17:58:45.999] [jointLog] [info] wrote 518 bootstraps
[2017-10-31 17:58:47.893] [jointLog] [info] wrote 519 bootstraps
[2017-10-31 17:58:48.644] [jointLog] [info] wrote 520 bootstraps
[2017-10-31 17:58:48.834] [jointLog] [info] wrote 521 bootstraps
[2017-10-31 17:58:52.637] [jointLog] [info] wrote 522 bootstraps
[2017-10-31 17:58:52.671] [jointLog] [info] wrote 523 bootstraps
[2017-10-31 17:58:52.822] [jointLog] [info] wrote 524 bootstraps
[2017-10-31 17:58:53.140] [jointLog] [info] wrote 525 bootstraps
[2017-10-31 17:58:54.882] [jointLog] [info] wrote 526 bootstraps
[2017-10-31 17:58:55.458] [jointLog] [info] wrote 527 bootstraps
[2017-10-31 17:58:55.931] [jointLog] [info] wrote 528 bootstraps
[2017-10-31 17:58:58.513] [jointLog] [info] wrote 529 bootstraps
[2017-10-31 17:59:00.595] [jointLog] [info] wrote 530 bootstraps
[2017-10-31 17:59:00.954] [jointLog] [info] wrote 531 bootstraps
[2017-10-31 17:59:00.984] [jointLog] [info] wrote 532 bootstraps
[2017-10-31 17:59:01.149] [jointLog] [info] wrote 533 bootstraps
[2017-10-31 17:59:01.485] [jointLog] [info] wrote 534 bootstraps
[2017-10-31 17:59:03.931] [jointLog] [info] wrote 535 bootstraps
[2017-10-31 17:59:05.419] [jointLog] [info] wrote 536 bootstraps
[2017-10-31 17:59:07.112] [jointLog] [info] wrote 537 bootstraps
[2017-10-31 17:59:08.108] [jointLog] [info] wrote 538 bootstraps
[2017-10-31 17:59:08.437] [jointLog] [info] wrote 539 bootstraps
[2017-10-31 17:59:08.836] [jointLog] [info] wrote 540 bootstraps
[2017-10-31 17:59:08.911] [jointLog] [info] wrote 541 bootstraps
[2017-10-31 17:59:11.356] [jointLog] [info] wrote 542 bootstraps
[2017-10-31 17:59:11.837] [jointLog] [info] wrote 543 bootstraps
[2017-10-31 17:59:13.659] [jointLog] [info] wrote 544 bootstraps
[2017-10-31 17:59:14.067] [jointLog] [info] wrote 545 bootstraps
[2017-10-31 17:59:16.078] [jointLog] [info] wrote 546 bootstraps
[2017-10-31 17:59:16.530] [jointLog] [info] wrote 547 bootstraps
[2017-10-31 17:59:16.770] [jointLog] [info] wrote 548 bootstraps
[2017-10-31 17:59:18.123] [jointLog] [info] wrote 549 bootstraps
[2017-10-31 17:59:19.657] [jointLog] [info] wrote 550 bootstraps
[2017-10-31 17:59:20.020] [jointLog] [info] wrote 551 bootstraps
[2017-10-31 17:59:20.584] [jointLog] [info] wrote 552 bootstraps
[2017-10-31 17:59:23.403] [jointLog] [info] wrote 553 bootstraps
[2017-10-31 17:59:24.082] [jointLog] [info] wrote 554 bootstraps
[2017-10-31 17:59:24.722] [jointLog] [info] wrote 555 bootstraps
[2017-10-31 17:59:26.518] [jointLog] [info] wrote 556 bootstraps
[2017-10-31 17:59:26.600] [jointLog] [info] wrote 557 bootstraps
[2017-10-31 17:59:26.668] [jointLog] [info] wrote 558 bootstraps
[2017-10-31 17:59:28.115] [jointLog] [info] wrote 559 bootstraps
[2017-10-31 17:59:29.629] [jointLog] [info] wrote 560 bootstraps
[2017-10-31 17:59:32.198] [jointLog] [info] wrote 561 bootstraps
[2017-10-31 17:59:32.544] [jointLog] [info] wrote 562 bootstraps
[2017-10-31 17:59:32.624] [jointLog] [info] wrote 563 bootstraps
[2017-10-31 17:59:33.737] [jointLog] [info] wrote 564 bootstraps
[2017-10-31 17:59:34.413] [jointLog] [info] wrote 565 bootstraps
[2017-10-31 17:59:35.731] [jointLog] [info] wrote 566 bootstraps
[2017-10-31 17:59:36.141] [jointLog] [info] wrote 567 bootstraps
[2017-10-31 17:59:38.292] [jointLog] [info] wrote 568 bootstraps
[2017-10-31 17:59:38.672] [jointLog] [info] wrote 569 bootstraps
[2017-10-31 17:59:40.715] [jointLog] [info] wrote 570 bootstraps
[2017-10-31 17:59:41.842] [jointLog] [info] wrote 571 bootstraps
[2017-10-31 17:59:41.863] [jointLog] [info] wrote 572 bootstraps
[2017-10-31 17:59:42.288] [jointLog] [info] wrote 573 bootstraps
[2017-10-31 17:59:43.860] [jointLog] [info] wrote 574 bootstraps
[2017-10-31 17:59:44.701] [jointLog] [info] wrote 575 bootstraps
[2017-10-31 17:59:44.807] [jointLog] [info] wrote 576 bootstraps
[2017-10-31 17:59:48.510] [jointLog] [info] wrote 577 bootstraps
[2017-10-31 17:59:49.326] [jointLog] [info] wrote 578 bootstraps
[2017-10-31 17:59:49.505] [jointLog] [info] wrote 579 bootstraps
[2017-10-31 17:59:50.018] [jointLog] [info] wrote 580 bootstraps
[2017-10-31 17:59:50.736] [jointLog] [info] wrote 581 bootstraps
[2017-10-31 17:59:51.471] [jointLog] [info] wrote 582 bootstraps
[2017-10-31 17:59:52.002] [jointLog] [info] wrote 583 bootstraps
[2017-10-31 17:59:55.653] [jointLog] [info] wrote 584 bootstraps
[2017-10-31 17:59:56.549] [jointLog] [info] wrote 585 bootstraps
[2017-10-31 17:59:56.937] [jointLog] [info] wrote 586 bootstraps
[2017-10-31 17:59:57.576] [jointLog] [info] wrote 587 bootstraps
[2017-10-31 17:59:57.928] [jointLog] [info] wrote 588 bootstraps
[2017-10-31 17:59:58.512] [jointLog] [info] wrote 589 bootstraps
[2017-10-31 17:59:59.980] [jointLog] [info] wrote 590 bootstraps
[2017-10-31 18:00:02.854] [jointLog] [info] wrote 591 bootstraps
[2017-10-31 18:00:03.102] [jointLog] [info] wrote 592 bootstraps
[2017-10-31 18:00:04.579] [jointLog] [info] wrote 593 bootstraps
[2017-10-31 18:00:04.814] [jointLog] [info] wrote 594 bootstraps
[2017-10-31 18:00:04.946] [jointLog] [info] wrote 595 bootstraps
[2017-10-31 18:00:05.017] [jointLog] [info] wrote 596 bootstraps
[2017-10-31 18:00:07.903] [jointLog] [info] wrote 597 bootstraps
[2017-10-31 18:00:08.636] [jointLog] [info] wrote 598 bootstraps
[2017-10-31 18:00:10.776] [jointLog] [info] wrote 599 bootstraps
[2017-10-31 18:00:11.365] [jointLog] [info] wrote 600 bootstraps
[2017-10-31 18:00:12.298] [jointLog] [info] wrote 601 bootstraps
[2017-10-31 18:00:12.416] [jointLog] [info] wrote 602 bootstraps
[2017-10-31 18:00:13.015] [jointLog] [info] wrote 603 bootstraps
[2017-10-31 18:00:15.208] [jointLog] [info] wrote 604 bootstraps
[2017-10-31 18:00:16.016] [jointLog] [info] wrote 605 bootstraps
[2017-10-31 18:00:17.214] [jointLog] [info] wrote 606 bootstraps
[2017-10-31 18:00:18.915] [jointLog] [info] wrote 607 bootstraps
[2017-10-31 18:00:19.247] [jointLog] [info] wrote 608 bootstraps
[2017-10-31 18:00:19.926] [jointLog] [info] wrote 609 bootstraps
[2017-10-31 18:00:20.555] [jointLog] [info] wrote 610 bootstraps
[2017-10-31 18:00:21.816] [jointLog] [info] wrote 611 bootstraps
[2017-10-31 18:00:23.946] [jointLog] [info] wrote 612 bootstraps
[2017-10-31 18:00:24.724] [jointLog] [info] wrote 613 bootstraps
[2017-10-31 18:00:24.802] [jointLog] [info] wrote 614 bootstraps
[2017-10-31 18:00:25.636] [jointLog] [info] wrote 615 bootstraps
[2017-10-31 18:00:27.518] [jointLog] [info] wrote 616 bootstraps
[2017-10-31 18:00:28.542] [jointLog] [info] wrote 617 bootstraps
[2017-10-31 18:00:29.719] [jointLog] [info] wrote 618 bootstraps
[2017-10-31 18:00:30.969] [jointLog] [info] wrote 619 bootstraps
[2017-10-31 18:00:31.680] [jointLog] [info] wrote 620 bootstraps
[2017-10-31 18:00:31.822] [jointLog] [info] wrote 621 bootstraps
[2017-10-31 18:00:32.123] [jointLog] [info] wrote 622 bootstraps
[2017-10-31 18:00:35.198] [jointLog] [info] wrote 623 bootstraps
[2017-10-31 18:00:35.232] [jointLog] [info] wrote 624 bootstraps
[2017-10-31 18:00:37.667] [jointLog] [info] wrote 625 bootstraps
[2017-10-31 18:00:37.765] [jointLog] [info] wrote 626 bootstraps
[2017-10-31 18:00:38.167] [jointLog] [info] wrote 627 bootstraps
[2017-10-31 18:00:39.837] [jointLog] [info] wrote 628 bootstraps
[2017-10-31 18:00:40.231] [jointLog] [info] wrote 629 bootstraps
[2017-10-31 18:00:41.697] [jointLog] [info] wrote 630 bootstraps
[2017-10-31 18:00:43.400] [jointLog] [info] wrote 631 bootstraps
[2017-10-31 18:00:43.819] [jointLog] [info] wrote 632 bootstraps
[2017-10-31 18:00:43.893] [jointLog] [info] wrote 633 bootstraps
[2017-10-31 18:00:45.902] [jointLog] [info] wrote 634 bootstraps
[2017-10-31 18:00:47.571] [jointLog] [info] wrote 635 bootstraps
[2017-10-31 18:00:48.365] [jointLog] [info] wrote 636 bootstraps
[2017-10-31 18:00:48.503] [jointLog] [info] wrote 637 bootstraps
[2017-10-31 18:00:49.795] [jointLog] [info] wrote 638 bootstraps
[2017-10-31 18:00:50.481] [jointLog] [info] wrote 639 bootstraps
[2017-10-31 18:00:51.351] [jointLog] [info] wrote 640 bootstraps
[2017-10-31 18:00:53.935] [jointLog] [info] wrote 641 bootstraps
[2017-10-31 18:00:54.077] [jointLog] [info] wrote 642 bootstraps
[2017-10-31 18:00:55.989] [jointLog] [info] wrote 643 bootstraps
[2017-10-31 18:00:56.531] [jointLog] [info] wrote 644 bootstraps
[2017-10-31 18:00:56.859] [jointLog] [info] wrote 645 bootstraps
[2017-10-31 18:00:57.355] [jointLog] [info] wrote 646 bootstraps
[2017-10-31 18:00:59.254] [jointLog] [info] wrote 647 bootstraps
[2017-10-31 18:01:00.240] [jointLog] [info] wrote 648 bootstraps
[2017-10-31 18:01:01.912] [jointLog] [info] wrote 649 bootstraps
[2017-10-31 18:01:02.767] [jointLog] [info] wrote 650 bootstraps
[2017-10-31 18:01:04.176] [jointLog] [info] wrote 651 bootstraps
[2017-10-31 18:01:04.423] [jointLog] [info] wrote 652 bootstraps
[2017-10-31 18:01:04.998] [jointLog] [info] wrote 653 bootstraps
[2017-10-31 18:01:05.754] [jointLog] [info] wrote 654 bootstraps
[2017-10-31 18:01:06.469] [jointLog] [info] wrote 655 bootstraps
[2017-10-31 18:01:09.725] [jointLog] [info] wrote 656 bootstraps
[2017-10-31 18:01:09.967] [jointLog] [info] wrote 657 bootstraps
[2017-10-31 18:01:10.713] [jointLog] [info] wrote 658 bootstraps
[2017-10-31 18:01:11.787] [jointLog] [info] wrote 659 bootstraps
[2017-10-31 18:01:12.903] [jointLog] [info] wrote 660 bootstraps
[2017-10-31 18:01:13.749] [jointLog] [info] wrote 661 bootstraps
[2017-10-31 18:01:13.823] [jointLog] [info] wrote 662 bootstraps
[2017-10-31 18:01:15.257] [jointLog] [info] wrote 663 bootstraps
[2017-10-31 18:01:16.786] [jointLog] [info] wrote 664 bootstraps
[2017-10-31 18:01:17.791] [jointLog] [info] wrote 665 bootstraps
[2017-10-31 18:01:19.510] [jointLog] [info] wrote 666 bootstraps
[2017-10-31 18:01:19.773] [jointLog] [info] wrote 667 bootstraps
[2017-10-31 18:01:20.239] [jointLog] [info] wrote 668 bootstraps
[2017-10-31 18:01:21.769] [jointLog] [info] wrote 669 bootstraps
[2017-10-31 18:01:22.717] [jointLog] [info] wrote 670 bootstraps
[2017-10-31 18:01:23.417] [jointLog] [info] wrote 671 bootstraps
[2017-10-31 18:01:25.682] [jointLog] [info] wrote 672 bootstraps
[2017-10-31 18:01:26.368] [jointLog] [info] wrote 673 bootstraps
[2017-10-31 18:01:27.433] [jointLog] [info] wrote 674 bootstraps
[2017-10-31 18:01:27.768] [jointLog] [info] wrote 675 bootstraps
[2017-10-31 18:01:28.183] [jointLog] [info] wrote 676 bootstraps
[2017-10-31 18:01:29.679] [jointLog] [info] wrote 677 bootstraps
[2017-10-31 18:01:29.862] [jointLog] [info] wrote 678 bootstraps
[2017-10-31 18:01:33.364] [jointLog] [info] wrote 679 bootstraps
[2017-10-31 18:01:33.542] [jointLog] [info] wrote 680 bootstraps
[2017-10-31 18:01:34.894] [jointLog] [info] wrote 681 bootstraps
[2017-10-31 18:01:35.003] [jointLog] [info] wrote 682 bootstraps
[2017-10-31 18:01:35.495] [jointLog] [info] wrote 683 bootstraps
[2017-10-31 18:01:36.542] [jointLog] [info] wrote 684 bootstraps
[2017-10-31 18:01:37.373] [jointLog] [info] wrote 685 bootstraps
[2017-10-31 18:01:39.950] [jointLog] [info] wrote 686 bootstraps
[2017-10-31 18:01:40.475] [jointLog] [info] wrote 687 bootstraps
[2017-10-31 18:01:42.086] [jointLog] [info] wrote 688 bootstraps
[2017-10-31 18:01:42.485] [jointLog] [info] wrote 689 bootstraps
[2017-10-31 18:01:42.664] [jointLog] [info] wrote 690 bootstraps
[2017-10-31 18:01:43.237] [jointLog] [info] wrote 691 bootstraps
[2017-10-31 18:01:45.287] [jointLog] [info] wrote 692 bootstraps
[2017-10-31 18:01:46.934] [jointLog] [info] wrote 693 bootstraps
[2017-10-31 18:01:47.141] [jointLog] [info] wrote 694 bootstraps
[2017-10-31 18:01:48.987] [jointLog] [info] wrote 695 bootstraps
[2017-10-31 18:01:49.649] [jointLog] [info] wrote 696 bootstraps
[2017-10-31 18:01:50.326] [jointLog] [info] wrote 697 bootstraps
[2017-10-31 18:01:50.650] [jointLog] [info] wrote 698 bootstraps
[2017-10-31 18:01:53.419] [jointLog] [info] wrote 699 bootstraps
[2017-10-31 18:01:53.579] [jointLog] [info] wrote 700 bootstraps
[2017-10-31 18:01:53.817] [jointLog] [info] wrote 701 bootstraps
[2017-10-31 18:01:56.088] [jointLog] [info] wrote 702 bootstraps
[2017-10-31 18:01:56.452] [jointLog] [info] wrote 703 bootstraps
[2017-10-31 18:01:56.780] [jointLog] [info] wrote 704 bootstraps
[2017-10-31 18:01:58.749] [jointLog] [info] wrote 705 bootstraps
[2017-10-31 18:02:00.779] [jointLog] [info] wrote 706 bootstraps
[2017-10-31 18:02:01.465] [jointLog] [info] wrote 707 bootstraps
[2017-10-31 18:02:01.496] [jointLog] [info] wrote 708 bootstraps
[2017-10-31 18:02:02.312] [jointLog] [info] wrote 709 bootstraps
[2017-10-31 18:02:03.446] [jointLog] [info] wrote 710 bootstraps
[2017-10-31 18:02:03.608] [jointLog] [info] wrote 711 bootstraps
[2017-10-31 18:02:06.847] [jointLog] [info] wrote 712 bootstraps
[2017-10-31 18:02:06.956] [jointLog] [info] wrote 713 bootstraps
[2017-10-31 18:02:08.847] [jointLog] [info] wrote 714 bootstraps
[2017-10-31 18:02:08.902] [jointLog] [info] wrote 715 bootstraps
[2017-10-31 18:02:09.353] [jointLog] [info] wrote 716 bootstraps
[2017-10-31 18:02:10.350] [jointLog] [info] wrote 717 bootstraps
[2017-10-31 18:02:11.160] [jointLog] [info] wrote 718 bootstraps
[2017-10-31 18:02:13.766] [jointLog] [info] wrote 719 bootstraps
[2017-10-31 18:02:14.285] [jointLog] [info] wrote 720 bootstraps
[2017-10-31 18:02:16.469] [jointLog] [info] wrote 721 bootstraps
[2017-10-31 18:02:16.524] [jointLog] [info] wrote 722 bootstraps
[2017-10-31 18:02:16.651] [jointLog] [info] wrote 723 bootstraps
[2017-10-31 18:02:17.172] [jointLog] [info] wrote 724 bootstraps
[2017-10-31 18:02:18.283] [jointLog] [info] wrote 725 bootstraps
[2017-10-31 18:02:21.033] [jointLog] [info] wrote 726 bootstraps
[2017-10-31 18:02:21.215] [jointLog] [info] wrote 727 bootstraps
[2017-10-31 18:02:23.300] [jointLog] [info] wrote 728 bootstraps
[2017-10-31 18:02:24.060] [jointLog] [info] wrote 729 bootstraps
[2017-10-31 18:02:24.412] [jointLog] [info] wrote 730 bootstraps
[2017-10-31 18:02:24.585] [jointLog] [info] wrote 731 bootstraps
[2017-10-31 18:02:25.199] [jointLog] [info] wrote 732 bootstraps
[2017-10-31 18:02:27.647] [jointLog] [info] wrote 733 bootstraps
[2017-10-31 18:02:28.876] [jointLog] [info] wrote 734 bootstraps
[2017-10-31 18:02:29.416] [jointLog] [info] wrote 735 bootstraps
[2017-10-31 18:02:30.970] [jointLog] [info] wrote 736 bootstraps
[2017-10-31 18:02:31.990] [jointLog] [info] wrote 737 bootstraps
[2017-10-31 18:02:32.572] [jointLog] [info] wrote 738 bootstraps
[2017-10-31 18:02:32.602] [jointLog] [info] wrote 739 bootstraps
[2017-10-31 18:02:34.871] [jointLog] [info] wrote 740 bootstraps
[2017-10-31 18:02:35.599] [jointLog] [info] wrote 741 bootstraps
[2017-10-31 18:02:36.045] [jointLog] [info] wrote 742 bootstraps
[2017-10-31 18:02:38.358] [jointLog] [info] wrote 743 bootstraps
[2017-10-31 18:02:38.524] [jointLog] [info] wrote 744 bootstraps
[2017-10-31 18:02:39.351] [jointLog] [info] wrote 745 bootstraps
[2017-10-31 18:02:40.825] [jointLog] [info] wrote 746 bootstraps
[2017-10-31 18:02:41.271] [jointLog] [info] wrote 747 bootstraps
[2017-10-31 18:02:43.029] [jointLog] [info] wrote 748 bootstraps
[2017-10-31 18:02:43.575] [jointLog] [info] wrote 749 bootstraps
[2017-10-31 18:02:45.328] [jointLog] [info] wrote 750 bootstraps
[2017-10-31 18:02:46.353] [jointLog] [info] wrote 751 bootstraps
[2017-10-31 18:02:46.541] [jointLog] [info] wrote 752 bootstraps
[2017-10-31 18:02:47.279] [jointLog] [info] wrote 753 bootstraps
[2017-10-31 18:02:48.248] [jointLog] [info] wrote 754 bootstraps
[2017-10-31 18:02:51.029] [jointLog] [info] wrote 755 bootstraps
[2017-10-31 18:02:51.722] [jointLog] [info] wrote 756 bootstraps
[2017-10-31 18:02:52.527] [jointLog] [info] wrote 757 bootstraps
[2017-10-31 18:02:53.343] [jointLog] [info] wrote 758 bootstraps
[2017-10-31 18:02:54.274] [jointLog] [info] wrote 759 bootstraps
[2017-10-31 18:02:54.553] [jointLog] [info] wrote 760 bootstraps
[2017-10-31 18:02:54.724] [jointLog] [info] wrote 761 bootstraps
[2017-10-31 18:02:57.676] [jointLog] [info] wrote 762 bootstraps
[2017-10-31 18:02:58.789] [jointLog] [info] wrote 763 bootstraps
[2017-10-31 18:02:58.858] [jointLog] [info] wrote 764 bootstraps
[2017-10-31 18:03:01.423] [jointLog] [info] wrote 765 bootstraps
[2017-10-31 18:03:02.127] [jointLog] [info] wrote 766 bootstraps
[2017-10-31 18:03:02.537] [jointLog] [info] wrote 767 bootstraps
[2017-10-31 18:03:02.825] [jointLog] [info] wrote 768 bootstraps
[2017-10-31 18:03:03.900] [jointLog] [info] wrote 769 bootstraps
[2017-10-31 18:03:04.819] [jointLog] [info] wrote 770 bootstraps
[2017-10-31 18:03:05.062] [jointLog] [info] wrote 771 bootstraps
[2017-10-31 18:03:09.192] [jointLog] [info] wrote 772 bootstraps
[2017-10-31 18:03:09.752] [jointLog] [info] wrote 773 bootstraps
[2017-10-31 18:03:10.015] [jointLog] [info] wrote 774 bootstraps
[2017-10-31 18:03:10.216] [jointLog] [info] wrote 775 bootstraps
[2017-10-31 18:03:11.235] [jointLog] [info] wrote 776 bootstraps
[2017-10-31 18:03:11.577] [jointLog] [info] wrote 777 bootstraps
[2017-10-31 18:03:11.715] [jointLog] [info] wrote 778 bootstraps
[2017-10-31 18:03:16.211] [jointLog] [info] wrote 779 bootstraps
[2017-10-31 18:03:16.284] [jointLog] [info] wrote 780 bootstraps
[2017-10-31 18:03:17.076] [jointLog] [info] wrote 781 bootstraps
[2017-10-31 18:03:17.203] [jointLog] [info] wrote 782 bootstraps
[2017-10-31 18:03:17.901] [jointLog] [info] wrote 783 bootstraps
[2017-10-31 18:03:19.676] [jointLog] [info] wrote 784 bootstraps
[2017-10-31 18:03:19.876] [jointLog] [info] wrote 785 bootstraps
[2017-10-31 18:03:22.784] [jointLog] [info] wrote 786 bootstraps
[2017-10-31 18:03:23.335] [jointLog] [info] wrote 787 bootstraps
[2017-10-31 18:03:23.719] [jointLog] [info] wrote 788 bootstraps
[2017-10-31 18:03:24.247] [jointLog] [info] wrote 789 bootstraps
[2017-10-31 18:03:25.934] [jointLog] [info] wrote 790 bootstraps
[2017-10-31 18:03:27.413] [jointLog] [info] wrote 791 bootstraps
[2017-10-31 18:03:27.555] [jointLog] [info] wrote 792 bootstraps
[2017-10-31 18:03:28.919] [jointLog] [info] wrote 793 bootstraps
[2017-10-31 18:03:30.823] [jointLog] [info] wrote 794 bootstraps
[2017-10-31 18:03:31.411] [jointLog] [info] wrote 795 bootstraps
[2017-10-31 18:03:31.478] [jointLog] [info] wrote 796 bootstraps
[2017-10-31 18:03:32.928] [jointLog] [info] wrote 797 bootstraps
[2017-10-31 18:03:33.553] [jointLog] [info] wrote 798 bootstraps
[2017-10-31 18:03:35.256] [jointLog] [info] wrote 799 bootstraps
[2017-10-31 18:03:35.749] [jointLog] [info] wrote 800 bootstraps
[2017-10-31 18:03:38.037] [jointLog] [info] wrote 801 bootstraps
[2017-10-31 18:03:38.075] [jointLog] [info] wrote 802 bootstraps
[2017-10-31 18:03:39.289] [jointLog] [info] wrote 803 bootstraps
[2017-10-31 18:03:40.013] [jointLog] [info] wrote 804 bootstraps
[2017-10-31 18:03:40.403] [jointLog] [info] wrote 805 bootstraps
[2017-10-31 18:03:42.780] [jointLog] [info] wrote 806 bootstraps
[2017-10-31 18:03:43.107] [jointLog] [info] wrote 807 bootstraps
[2017-10-31 18:03:45.031] [jointLog] [info] wrote 808 bootstraps
[2017-10-31 18:03:45.603] [jointLog] [info] wrote 809 bootstraps
[2017-10-31 18:03:45.755] [jointLog] [info] wrote 810 bootstraps
[2017-10-31 18:03:47.239] [jointLog] [info] wrote 811 bootstraps
[2017-10-31 18:03:47.897] [jointLog] [info] wrote 812 bootstraps
[2017-10-31 18:03:50.085] [jointLog] [info] wrote 813 bootstraps
[2017-10-31 18:03:51.001] [jointLog] [info] wrote 814 bootstraps
[2017-10-31 18:03:51.434] [jointLog] [info] wrote 815 bootstraps
[2017-10-31 18:03:51.938] [jointLog] [info] wrote 816 bootstraps
[2017-10-31 18:03:53.087] [jointLog] [info] wrote 817 bootstraps
[2017-10-31 18:03:54.800] [jointLog] [info] wrote 818 bootstraps
[2017-10-31 18:03:55.523] [jointLog] [info] wrote 819 bootstraps
[2017-10-31 18:03:57.075] [jointLog] [info] wrote 820 bootstraps
[2017-10-31 18:03:57.476] [jointLog] [info] wrote 821 bootstraps
[2017-10-31 18:03:58.935] [jointLog] [info] wrote 822 bootstraps
[2017-10-31 18:03:59.842] [jointLog] [info] wrote 823 bootstraps
[2017-10-31 18:04:00.095] [jointLog] [info] wrote 824 bootstraps
[2017-10-31 18:04:02.194] [jointLog] [info] wrote 825 bootstraps
[2017-10-31 18:04:03.388] [jointLog] [info] wrote 826 bootstraps
[2017-10-31 18:04:03.439] [jointLog] [info] wrote 827 bootstraps
[2017-10-31 18:04:04.252] [jointLog] [info] wrote 828 bootstraps
[2017-10-31 18:04:05.652] [jointLog] [info] wrote 829 bootstraps
[2017-10-31 18:04:07.655] [jointLog] [info] wrote 830 bootstraps
[2017-10-31 18:04:07.906] [jointLog] [info] wrote 831 bootstraps
[2017-10-31 18:04:09.719] [jointLog] [info] wrote 832 bootstraps
[2017-10-31 18:04:09.898] [jointLog] [info] wrote 833 bootstraps
[2017-10-31 18:04:10.946] [jointLog] [info] wrote 834 bootstraps
[2017-10-31 18:04:11.307] [jointLog] [info] wrote 835 bootstraps
[2017-10-31 18:04:11.920] [jointLog] [info] wrote 836 bootstraps
[2017-10-31 18:04:14.325] [jointLog] [info] wrote 837 bootstraps
[2017-10-31 18:04:15.942] [jointLog] [info] wrote 838 bootstraps
[2017-10-31 18:04:16.982] [jointLog] [info] wrote 839 bootstraps
[2017-10-31 18:04:17.285] [jointLog] [info] wrote 840 bootstraps
[2017-10-31 18:04:18.188] [jointLog] [info] wrote 841 bootstraps
[2017-10-31 18:04:18.378] [jointLog] [info] wrote 842 bootstraps
[2017-10-31 18:04:19.168] [jointLog] [info] wrote 843 bootstraps
[2017-10-31 18:04:22.085] [jointLog] [info] wrote 844 bootstraps
[2017-10-31 18:04:22.641] [jointLog] [info] wrote 845 bootstraps
[2017-10-31 18:04:23.741] [jointLog] [info] wrote 846 bootstraps
[2017-10-31 18:04:24.512] [jointLog] [info] wrote 847 bootstraps
[2017-10-31 18:04:25.633] [jointLog] [info] wrote 848 bootstraps
[2017-10-31 18:04:25.972] [jointLog] [info] wrote 849 bootstraps
[2017-10-31 18:04:26.458] [jointLog] [info] wrote 850 bootstraps
[2017-10-31 18:04:28.854] [jointLog] [info] wrote 851 bootstraps
[2017-10-31 18:04:29.914] [jointLog] [info] wrote 852 bootstraps
[2017-10-31 18:04:30.909] [jointLog] [info] wrote 853 bootstraps
[2017-10-31 18:04:31.209] [jointLog] [info] wrote 854 bootstraps
[2017-10-31 18:04:32.941] [jointLog] [info] wrote 855 bootstraps
[2017-10-31 18:04:33.331] [jointLog] [info] wrote 856 bootstraps
[2017-10-31 18:04:34.240] [jointLog] [info] wrote 857 bootstraps
[2017-10-31 18:04:35.041] [jointLog] [info] wrote 858 bootstraps
[2017-10-31 18:04:37.951] [jointLog] [info] wrote 859 bootstraps
[2017-10-31 18:04:38.361] [jointLog] [info] wrote 860 bootstraps
[2017-10-31 18:04:38.942] [jointLog] [info] wrote 861 bootstraps
[2017-10-31 18:04:39.293] [jointLog] [info] wrote 862 bootstraps
[2017-10-31 18:04:40.327] [jointLog] [info] wrote 863 bootstraps
[2017-10-31 18:04:42.182] [jointLog] [info] wrote 864 bootstraps
[2017-10-31 18:04:42.244] [jointLog] [info] wrote 865 bootstraps
[2017-10-31 18:04:45.067] [jointLog] [info] wrote 866 bootstraps
[2017-10-31 18:04:45.712] [jointLog] [info] wrote 867 bootstraps
[2017-10-31 18:04:46.061] [jointLog] [info] wrote 868 bootstraps
[2017-10-31 18:04:46.090] [jointLog] [info] wrote 869 bootstraps
[2017-10-31 18:04:47.762] [jointLog] [info] wrote 870 bootstraps
[2017-10-31 18:04:49.272] [jointLog] [info] wrote 871 bootstraps
[2017-10-31 18:04:50.154] [jointLog] [info] wrote 872 bootstraps
[2017-10-31 18:04:51.546] [jointLog] [info] wrote 873 bootstraps
[2017-10-31 18:04:52.969] [jointLog] [info] wrote 874 bootstraps
[2017-10-31 18:04:52.999] [jointLog] [info] wrote 875 bootstraps
[2017-10-31 18:04:54.184] [jointLog] [info] wrote 876 bootstraps
[2017-10-31 18:04:54.821] [jointLog] [info] wrote 877 bootstraps
[2017-10-31 18:04:56.161] [jointLog] [info] wrote 878 bootstraps
[2017-10-31 18:04:58.124] [jointLog] [info] wrote 879 bootstraps
[2017-10-31 18:04:59.222] [jointLog] [info] wrote 880 bootstraps
[2017-10-31 18:04:59.252] [jointLog] [info] wrote 881 bootstraps
[2017-10-31 18:05:00.039] [jointLog] [info] wrote 882 bootstraps
[2017-10-31 18:05:01.767] [jointLog] [info] wrote 883 bootstraps
[2017-10-31 18:05:02.112] [jointLog] [info] wrote 884 bootstraps
[2017-10-31 18:05:02.556] [jointLog] [info] wrote 885 bootstraps
[2017-10-31 18:05:05.411] [jointLog] [info] wrote 886 bootstraps
[2017-10-31 18:05:06.161] [jointLog] [info] wrote 887 bootstraps
[2017-10-31 18:05:06.238] [jointLog] [info] wrote 888 bootstraps
[2017-10-31 18:05:07.663] [jointLog] [info] wrote 889 bootstraps
[2017-10-31 18:05:09.171] [jointLog] [info] wrote 890 bootstraps
[2017-10-31 18:05:09.870] [jointLog] [info] wrote 891 bootstraps
[2017-10-31 18:05:09.982] [jointLog] [info] wrote 892 bootstraps
[2017-10-31 18:05:11.806] [jointLog] [info] wrote 893 bootstraps
[2017-10-31 18:05:13.210] [jointLog] [info] wrote 894 bootstraps
[2017-10-31 18:05:13.667] [jointLog] [info] wrote 895 bootstraps
[2017-10-31 18:05:15.335] [jointLog] [info] wrote 896 bootstraps
[2017-10-31 18:05:17.041] [jointLog] [info] wrote 897 bootstraps
[2017-10-31 18:05:17.071] [jointLog] [info] wrote 898 bootstraps
[2017-10-31 18:05:17.232] [jointLog] [info] wrote 899 bootstraps
[2017-10-31 18:05:18.275] [jointLog] [info] wrote 900 bootstraps
[2017-10-31 18:05:19.701] [jointLog] [info] wrote 901 bootstraps
[2017-10-31 18:05:21.062] [jointLog] [info] wrote 902 bootstraps
[2017-10-31 18:05:22.420] [jointLog] [info] wrote 903 bootstraps
[2017-10-31 18:05:24.529] [jointLog] [info] wrote 904 bootstraps
[2017-10-31 18:05:24.676] [jointLog] [info] wrote 905 bootstraps
[2017-10-31 18:05:24.939] [jointLog] [info] wrote 906 bootstraps
[2017-10-31 18:05:25.408] [jointLog] [info] wrote 907 bootstraps
[2017-10-31 18:05:26.479] [jointLog] [info] wrote 908 bootstraps
[2017-10-31 18:05:27.785] [jointLog] [info] wrote 909 bootstraps
[2017-10-31 18:05:29.207] [jointLog] [info] wrote 910 bootstraps
[2017-10-31 18:05:31.733] [jointLog] [info] wrote 911 bootstraps
[2017-10-31 18:05:32.329] [jointLog] [info] wrote 912 bootstraps
[2017-10-31 18:05:32.604] [jointLog] [info] wrote 913 bootstraps
[2017-10-31 18:05:33.066] [jointLog] [info] wrote 914 bootstraps
[2017-10-31 18:05:33.325] [jointLog] [info] wrote 915 bootstraps
[2017-10-31 18:05:35.323] [jointLog] [info] wrote 916 bootstraps
[2017-10-31 18:05:35.798] [jointLog] [info] wrote 917 bootstraps
[2017-10-31 18:05:38.415] [jointLog] [info] wrote 918 bootstraps
[2017-10-31 18:05:39.314] [jointLog] [info] wrote 919 bootstraps
[2017-10-31 18:05:40.138] [jointLog] [info] wrote 920 bootstraps
[2017-10-31 18:05:40.328] [jointLog] [info] wrote 921 bootstraps
[2017-10-31 18:05:40.373] [jointLog] [info] wrote 922 bootstraps
[2017-10-31 18:05:42.499] [jointLog] [info] wrote 923 bootstraps
[2017-10-31 18:05:43.028] [jointLog] [info] wrote 924 bootstraps
[2017-10-31 18:05:45.998] [jointLog] [info] wrote 925 bootstraps
[2017-10-31 18:05:46.022] [jointLog] [info] wrote 926 bootstraps
[2017-10-31 18:05:46.620] [jointLog] [info] wrote 927 bootstraps
[2017-10-31 18:05:48.061] [jointLog] [info] wrote 928 bootstraps
[2017-10-31 18:05:48.237] [jointLog] [info] wrote 929 bootstraps
[2017-10-31 18:05:49.662] [jointLog] [info] wrote 930 bootstraps
[2017-10-31 18:05:50.775] [jointLog] [info] wrote 931 bootstraps
[2017-10-31 18:05:51.718] [jointLog] [info] wrote 932 bootstraps
[2017-10-31 18:05:53.070] [jointLog] [info] wrote 933 bootstraps
[2017-10-31 18:05:53.454] [jointLog] [info] wrote 934 bootstraps
[2017-10-31 18:05:55.811] [jointLog] [info] wrote 935 bootstraps
[2017-10-31 18:05:56.381] [jointLog] [info] wrote 936 bootstraps
[2017-10-31 18:05:56.562] [jointLog] [info] wrote 937 bootstraps
[2017-10-31 18:05:57.206] [jointLog] [info] wrote 938 bootstraps
[2017-10-31 18:05:58.650] [jointLog] [info] wrote 939 bootstraps
[2017-10-31 18:05:59.707] [jointLog] [info] wrote 940 bootstraps
[2017-10-31 18:06:01.504] [jointLog] [info] wrote 941 bootstraps
[2017-10-31 18:06:03.100] [jointLog] [info] wrote 942 bootstraps
[2017-10-31 18:06:03.780] [jointLog] [info] wrote 943 bootstraps
[2017-10-31 18:06:04.323] [jointLog] [info] wrote 944 bootstraps
[2017-10-31 18:06:04.429] [jointLog] [info] wrote 945 bootstraps
[2017-10-31 18:06:04.560] [jointLog] [info] wrote 946 bootstraps
[2017-10-31 18:06:07.348] [jointLog] [info] wrote 947 bootstraps
[2017-10-31 18:06:08.731] [jointLog] [info] wrote 948 bootstraps
[2017-10-31 18:06:09.325] [jointLog] [info] wrote 949 bootstraps
[2017-10-31 18:06:10.970] [jointLog] [info] wrote 950 bootstraps
[2017-10-31 18:06:11.250] [jointLog] [info] wrote 951 bootstraps
[2017-10-31 18:06:11.958] [jointLog] [info] wrote 952 bootstraps
[2017-10-31 18:06:12.148] [jointLog] [info] wrote 953 bootstraps
[2017-10-31 18:06:14.597] [jointLog] [info] wrote 954 bootstraps
[2017-10-31 18:06:16.033] [jointLog] [info] wrote 955 bootstraps
[2017-10-31 18:06:16.336] [jointLog] [info] wrote 956 bootstraps
[2017-10-31 18:06:17.944] [jointLog] [info] wrote 957 bootstraps
[2017-10-31 18:06:18.365] [jointLog] [info] wrote 958 bootstraps
[2017-10-31 18:06:18.700] [jointLog] [info] wrote 959 bootstraps
[2017-10-31 18:06:19.556] [jointLog] [info] wrote 960 bootstraps
[2017-10-31 18:06:22.649] [jointLog] [info] wrote 961 bootstraps
[2017-10-31 18:06:22.736] [jointLog] [info] wrote 962 bootstraps
[2017-10-31 18:06:23.472] [jointLog] [info] wrote 963 bootstraps
[2017-10-31 18:06:25.205] [jointLog] [info] wrote 964 bootstraps
[2017-10-31 18:06:25.366] [jointLog] [info] wrote 965 bootstraps
[2017-10-31 18:06:25.522] [jointLog] [info] wrote 966 bootstraps
[2017-10-31 18:06:27.153] [jointLog] [info] wrote 967 bootstraps
[2017-10-31 18:06:29.965] [jointLog] [info] wrote 968 bootstraps
[2017-10-31 18:06:30.527] [jointLog] [info] wrote 969 bootstraps
[2017-10-31 18:06:30.668] [jointLog] [info] wrote 970 bootstraps
[2017-10-31 18:06:30.698] [jointLog] [info] wrote 971 bootstraps
[2017-10-31 18:06:32.568] [jointLog] [info] wrote 972 bootstraps
[2017-10-31 18:06:32.699] [jointLog] [info] wrote 973 bootstraps
[2017-10-31 18:06:34.184] [jointLog] [info] wrote 974 bootstraps
[2017-10-31 18:06:37.344] [jointLog] [info] wrote 975 bootstraps
[2017-10-31 18:06:37.975] [jointLog] [info] wrote 976 bootstraps
[2017-10-31 18:06:38.140] [jointLog] [info] wrote 977 bootstraps
[2017-10-31 18:06:38.260] [jointLog] [info] wrote 978 bootstraps
[2017-10-31 18:06:39.749] [jointLog] [info] wrote 979 bootstraps
[2017-10-31 18:06:40.515] [jointLog] [info] wrote 980 bootstraps
[2017-10-31 18:06:40.792] [jointLog] [info] wrote 981 bootstraps
[2017-10-31 18:06:43.344] [jointLog] [info] wrote 982 bootstraps
[2017-10-31 18:06:45.219] [jointLog] [info] wrote 983 bootstraps
[2017-10-31 18:06:45.895] [jointLog] [info] wrote 984 bootstraps
[2017-10-31 18:06:46.081] [jointLog] [info] wrote 985 bootstraps
[2017-10-31 18:06:46.377] [jointLog] [info] wrote 986 bootstraps
[2017-10-31 18:06:46.981] [jointLog] [info] wrote 987 bootstraps
[2017-10-31 18:06:48.919] [jointLog] [info] wrote 988 bootstraps
[2017-10-31 18:06:50.412] [jointLog] [info] wrote 989 bootstraps
[2017-10-31 18:06:50.794] [jointLog] [info] wrote 990 bootstraps
[2017-10-31 18:06:53.612] [jointLog] [info] wrote 991 bootstraps
[2017-10-31 18:06:53.903] [jointLog] [info] wrote 992 bootstraps
[2017-10-31 18:06:54.190] [jointLog] [info] wrote 993 bootstraps
[2017-10-31 18:06:54.400] [jointLog] [info] wrote 994 bootstraps
[2017-10-31 18:06:56.945] [jointLog] [info] wrote 995 bootstraps
[2017-10-31 18:06:56.975] [jointLog] [info] wrote 996 bootstraps
[2017-10-31 18:06:57.181] [jointLog] [info] wrote 997 bootstraps
[2017-10-31 18:06:58.653] [jointLog] [info] wrote 998 bootstraps
[2017-10-31 18:06:58.670] [jointLog] [info] wrote 999 bootstraps
[2017-10-31 18:06:59.768] [jointLog] [info] wrote 1000 bootstraps
[2017-10-31 18:06:59.771] [jointLog] [info] Finished Bootstrapping
[2017-10-31 18:06:59.771] [jointLog] [warning] NOTE: Read Lib [athaliana/data/SRR6080013/SRR6080013.fastq.gz] :

Detected a *potential* strand bias > 1% in an unstranded protocol check the file: athaliana/quants/PRJNA408323/SRR6080013_quant/lib_format_counts.json for details

