[2017-10-31 16:17:13.347] [jointLog] [info] parsing read library format
[2017-10-31 16:17:13.347] [jointLog] [info] There is 1 library.
[2017-10-31 16:17:13.377] [jointLog] [info] Loading Quasi index
[2017-10-31 16:17:13.380] [jointLog] [info] Loading 32-bit quasi index
[2017-10-31 16:17:22.708] [jointLog] [info] done
[2017-10-31 16:17:22.708] [jointLog] [info] Index contained 55157 targets
[2017-10-31 16:17:23.348] [jointLog] [info] Automatically detected most likely library type as ISR
[2017-10-31 16:18:36.580] [jointLog] [info] Computed 52988 rich equivalence classes for further processing
[2017-10-31 16:18:36.580] [jointLog] [info] Counted 11674255 total reads in the equivalence classes 
[2017-10-31 16:18:36.582] [jointLog] [info] Mapping rate = 96.1009%

[2017-10-31 16:18:36.582] [jointLog] [info] finished quantifyLibrary()
[2017-10-31 16:18:36.582] [jointLog] [info] Starting optimizer
[2017-10-31 16:18:36.618] [jointLog] [info] Marked 0 weighted equivalence classes as degenerate
[2017-10-31 16:18:36.620] [jointLog] [info] iteration = 0 | max rel diff. = 137.14
[2017-10-31 16:18:36.630] [jointLog] [info] iteration 11, adjusting effective lengths to account for biases
[2017-10-31 16:18:36.580] [fileLog] [info] 
At end of round 0
==================
Observed 12147911 total fragments (12147911 in most recent round)

[2017-10-31 16:19:04.322] [jointLog] [info] Computed expected counts (for bias correction)
[2017-10-31 16:19:04.323] [jointLog] [info] processed bias for 0.0% of the transcripts
[2017-10-31 16:19:08.280] [jointLog] [info] processed bias for 10.0% of the transcripts
[2017-10-31 16:19:12.067] [jointLog] [info] processed bias for 20.0% of the transcripts
[2017-10-31 16:19:16.099] [jointLog] [info] processed bias for 30.0% of the transcripts
[2017-10-31 16:19:20.252] [jointLog] [info] processed bias for 40.0% of the transcripts
[2017-10-31 16:19:24.264] [jointLog] [info] processed bias for 50.0% of the transcripts
[2017-10-31 16:19:28.446] [jointLog] [info] processed bias for 60.0% of the transcripts
[2017-10-31 16:19:32.059] [jointLog] [info] processed bias for 70.0% of the transcripts
[2017-10-31 16:19:36.237] [jointLog] [info] processed bias for 100.0% of the transcripts
[2017-10-31 16:19:36.351] [jointLog] [info] iteration = 100 | max rel diff. = 0.118446
[2017-10-31 16:19:36.480] [jointLog] [info] iteration = 200 | max rel diff. = 0.0576372
[2017-10-31 16:19:36.597] [jointLog] [info] iteration = 300 | max rel diff. = 0.0361375
[2017-10-31 16:19:36.721] [jointLog] [info] iteration = 400 | max rel diff. = 0.029304
[2017-10-31 16:19:36.856] [jointLog] [info] iteration = 500 | max rel diff. = 0.0277458
[2017-10-31 16:19:36.985] [jointLog] [info] iteration = 600 | max rel diff. = 0.0174219
[2017-10-31 16:19:37.110] [jointLog] [info] iteration = 700 | max rel diff. = 0.016155
[2017-10-31 16:19:37.237] [jointLog] [info] iteration = 800 | max rel diff. = 0.0154162
[2017-10-31 16:19:37.364] [jointLog] [info] iteration = 900 | max rel diff. = 0.0116264
[2017-10-31 16:19:37.503] [jointLog] [info] iteration = 1000 | max rel diff. = 0.0107622
[2017-10-31 16:19:37.505] [jointLog] [info] iteration = 1002 | max rel diff. = 0.00995706
[2017-10-31 16:19:37.506] [jointLog] [info] Finished optimizer
[2017-10-31 16:19:37.506] [jointLog] [info] writing output 

[2017-10-31 16:19:37.566] [jointLog] [info] Starting Bootstrapping
[2017-10-31 16:19:37.571] [jointLog] [info] Will draw 1000 bootstrap samples
[2017-10-31 16:19:37.571] [jointLog] [info] Optimizing over 52988 equivalence classes
[2017-10-31 16:19:37.572] [jointLog] [info] Marked 0 weighted equivalence classes as degenerate
[2017-10-31 16:19:40.930] [jointLog] [info] wrote 1 bootstraps
[2017-10-31 16:19:41.199] [jointLog] [info] wrote 2 bootstraps
[2017-10-31 16:19:41.861] [jointLog] [info] wrote 3 bootstraps
[2017-10-31 16:19:42.013] [jointLog] [info] wrote 4 bootstraps
[2017-10-31 16:19:42.199] [jointLog] [info] wrote 5 bootstraps
[2017-10-31 16:19:42.477] [jointLog] [info] wrote 6 bootstraps
[2017-10-31 16:19:42.523] [jointLog] [info] wrote 7 bootstraps
[2017-10-31 16:19:45.327] [jointLog] [info] wrote 8 bootstraps
[2017-10-31 16:19:45.835] [jointLog] [info] wrote 9 bootstraps
[2017-10-31 16:19:45.867] [jointLog] [info] wrote 10 bootstraps
[2017-10-31 16:19:46.178] [jointLog] [info] wrote 11 bootstraps
[2017-10-31 16:19:46.318] [jointLog] [info] wrote 12 bootstraps
[2017-10-31 16:19:46.976] [jointLog] [info] wrote 13 bootstraps
[2017-10-31 16:19:47.054] [jointLog] [info] wrote 14 bootstraps
[2017-10-31 16:19:49.429] [jointLog] [info] wrote 15 bootstraps
[2017-10-31 16:19:49.899] [jointLog] [info] wrote 16 bootstraps
[2017-10-31 16:19:50.536] [jointLog] [info] wrote 17 bootstraps
[2017-10-31 16:19:50.602] [jointLog] [info] wrote 18 bootstraps
[2017-10-31 16:19:50.818] [jointLog] [info] wrote 19 bootstraps
[2017-10-31 16:19:51.225] [jointLog] [info] wrote 20 bootstraps
[2017-10-31 16:19:51.335] [jointLog] [info] wrote 21 bootstraps
[2017-10-31 16:19:54.089] [jointLog] [info] wrote 22 bootstraps
[2017-10-31 16:19:54.304] [jointLog] [info] wrote 23 bootstraps
[2017-10-31 16:19:54.523] [jointLog] [info] wrote 24 bootstraps
[2017-10-31 16:19:55.033] [jointLog] [info] wrote 25 bootstraps
[2017-10-31 16:19:55.486] [jointLog] [info] wrote 26 bootstraps
[2017-10-31 16:19:55.541] [jointLog] [info] wrote 27 bootstraps
[2017-10-31 16:19:55.644] [jointLog] [info] wrote 28 bootstraps
[2017-10-31 16:19:58.446] [jointLog] [info] wrote 29 bootstraps
[2017-10-31 16:19:58.736] [jointLog] [info] wrote 30 bootstraps
[2017-10-31 16:19:59.191] [jointLog] [info] wrote 31 bootstraps
[2017-10-31 16:19:59.233] [jointLog] [info] wrote 32 bootstraps
[2017-10-31 16:19:59.263] [jointLog] [info] wrote 33 bootstraps
[2017-10-31 16:19:59.895] [jointLog] [info] wrote 34 bootstraps
[2017-10-31 16:20:00.799] [jointLog] [info] wrote 35 bootstraps
[2017-10-31 16:20:02.044] [jointLog] [info] wrote 36 bootstraps
[2017-10-31 16:20:02.858] [jointLog] [info] wrote 37 bootstraps
[2017-10-31 16:20:03.075] [jointLog] [info] wrote 38 bootstraps
[2017-10-31 16:20:04.062] [jointLog] [info] wrote 39 bootstraps
[2017-10-31 16:20:04.131] [jointLog] [info] wrote 40 bootstraps
[2017-10-31 16:20:04.466] [jointLog] [info] wrote 41 bootstraps
[2017-10-31 16:20:05.596] [jointLog] [info] wrote 42 bootstraps
[2017-10-31 16:20:06.490] [jointLog] [info] wrote 43 bootstraps
[2017-10-31 16:20:06.872] [jointLog] [info] wrote 44 bootstraps
[2017-10-31 16:20:07.279] [jointLog] [info] wrote 45 bootstraps
[2017-10-31 16:20:08.121] [jointLog] [info] wrote 46 bootstraps
[2017-10-31 16:20:08.820] [jointLog] [info] wrote 47 bootstraps
[2017-10-31 16:20:09.145] [jointLog] [info] wrote 48 bootstraps
[2017-10-31 16:20:10.588] [jointLog] [info] wrote 49 bootstraps
[2017-10-31 16:20:10.803] [jointLog] [info] wrote 50 bootstraps
[2017-10-31 16:20:11.237] [jointLog] [info] wrote 51 bootstraps
[2017-10-31 16:20:11.301] [jointLog] [info] wrote 52 bootstraps
[2017-10-31 16:20:11.500] [jointLog] [info] wrote 53 bootstraps
[2017-10-31 16:20:13.050] [jointLog] [info] wrote 54 bootstraps
[2017-10-31 16:20:13.791] [jointLog] [info] wrote 55 bootstraps
[2017-10-31 16:20:14.548] [jointLog] [info] wrote 56 bootstraps
[2017-10-31 16:20:14.844] [jointLog] [info] wrote 57 bootstraps
[2017-10-31 16:20:15.249] [jointLog] [info] wrote 58 bootstraps
[2017-10-31 16:20:15.712] [jointLog] [info] wrote 59 bootstraps
[2017-10-31 16:20:16.332] [jointLog] [info] wrote 60 bootstraps
[2017-10-31 16:20:17.335] [jointLog] [info] wrote 61 bootstraps
[2017-10-31 16:20:18.541] [jointLog] [info] wrote 62 bootstraps
[2017-10-31 16:20:18.776] [jointLog] [info] wrote 63 bootstraps
[2017-10-31 16:20:19.055] [jointLog] [info] wrote 64 bootstraps
[2017-10-31 16:20:19.326] [jointLog] [info] wrote 65 bootstraps
[2017-10-31 16:20:19.413] [jointLog] [info] wrote 66 bootstraps
[2017-10-31 16:20:20.842] [jointLog] [info] wrote 67 bootstraps
[2017-10-31 16:20:21.949] [jointLog] [info] wrote 68 bootstraps
[2017-10-31 16:20:22.326] [jointLog] [info] wrote 69 bootstraps
[2017-10-31 16:20:23.362] [jointLog] [info] wrote 70 bootstraps
[2017-10-31 16:20:23.521] [jointLog] [info] wrote 71 bootstraps
[2017-10-31 16:20:23.538] [jointLog] [info] wrote 72 bootstraps
[2017-10-31 16:20:23.708] [jointLog] [info] wrote 73 bootstraps
[2017-10-31 16:20:25.648] [jointLog] [info] wrote 74 bootstraps
[2017-10-31 16:20:25.928] [jointLog] [info] wrote 75 bootstraps
[2017-10-31 16:20:27.019] [jointLog] [info] wrote 76 bootstraps
[2017-10-31 16:20:27.106] [jointLog] [info] wrote 77 bootstraps
[2017-10-31 16:20:27.797] [jointLog] [info] wrote 78 bootstraps
[2017-10-31 16:20:28.159] [jointLog] [info] wrote 79 bootstraps
[2017-10-31 16:20:28.202] [jointLog] [info] wrote 80 bootstraps
[2017-10-31 16:20:29.608] [jointLog] [info] wrote 81 bootstraps
[2017-10-31 16:20:30.061] [jointLog] [info] wrote 82 bootstraps
[2017-10-31 16:20:31.663] [jointLog] [info] wrote 83 bootstraps
[2017-10-31 16:20:31.805] [jointLog] [info] wrote 84 bootstraps
[2017-10-31 16:20:32.238] [jointLog] [info] wrote 85 bootstraps
[2017-10-31 16:20:32.785] [jointLog] [info] wrote 86 bootstraps
[2017-10-31 16:20:33.037] [jointLog] [info] wrote 87 bootstraps
[2017-10-31 16:20:33.630] [jointLog] [info] wrote 88 bootstraps
[2017-10-31 16:20:33.670] [jointLog] [info] wrote 89 bootstraps
[2017-10-31 16:20:35.643] [jointLog] [info] wrote 90 bootstraps
[2017-10-31 16:20:36.484] [jointLog] [info] wrote 91 bootstraps
[2017-10-31 16:20:36.555] [jointLog] [info] wrote 92 bootstraps
[2017-10-31 16:20:37.384] [jointLog] [info] wrote 93 bootstraps
[2017-10-31 16:20:37.690] [jointLog] [info] wrote 94 bootstraps
[2017-10-31 16:20:37.893] [jointLog] [info] wrote 95 bootstraps
[2017-10-31 16:20:37.937] [jointLog] [info] wrote 96 bootstraps
[2017-10-31 16:20:39.534] [jointLog] [info] wrote 97 bootstraps
[2017-10-31 16:20:40.895] [jointLog] [info] wrote 98 bootstraps
[2017-10-31 16:20:41.065] [jointLog] [info] wrote 99 bootstraps
[2017-10-31 16:20:41.266] [jointLog] [info] wrote 100 bootstraps
[2017-10-31 16:20:42.409] [jointLog] [info] wrote 101 bootstraps
[2017-10-31 16:20:42.856] [jointLog] [info] wrote 102 bootstraps
[2017-10-31 16:20:42.954] [jointLog] [info] wrote 103 bootstraps
[2017-10-31 16:20:43.783] [jointLog] [info] wrote 104 bootstraps
[2017-10-31 16:20:44.275] [jointLog] [info] wrote 105 bootstraps
[2017-10-31 16:20:44.350] [jointLog] [info] wrote 106 bootstraps
[2017-10-31 16:20:45.771] [jointLog] [info] wrote 107 bootstraps
[2017-10-31 16:20:47.356] [jointLog] [info] wrote 108 bootstraps
[2017-10-31 16:20:47.428] [jointLog] [info] wrote 109 bootstraps
[2017-10-31 16:20:47.465] [jointLog] [info] wrote 110 bootstraps
[2017-10-31 16:20:48.352] [jointLog] [info] wrote 111 bootstraps
[2017-10-31 16:20:48.408] [jointLog] [info] wrote 112 bootstraps
[2017-10-31 16:20:48.813] [jointLog] [info] wrote 113 bootstraps
[2017-10-31 16:20:49.709] [jointLog] [info] wrote 114 bootstraps
[2017-10-31 16:20:51.315] [jointLog] [info] wrote 115 bootstraps
[2017-10-31 16:20:51.544] [jointLog] [info] wrote 116 bootstraps
[2017-10-31 16:20:51.693] [jointLog] [info] wrote 117 bootstraps
[2017-10-31 16:20:52.474] [jointLog] [info] wrote 118 bootstraps
[2017-10-31 16:20:52.933] [jointLog] [info] wrote 119 bootstraps
[2017-10-31 16:20:53.937] [jointLog] [info] wrote 120 bootstraps
[2017-10-31 16:20:54.319] [jointLog] [info] wrote 121 bootstraps
[2017-10-31 16:20:55.661] [jointLog] [info] wrote 122 bootstraps
[2017-10-31 16:20:55.974] [jointLog] [info] wrote 123 bootstraps
[2017-10-31 16:20:56.159] [jointLog] [info] wrote 124 bootstraps
[2017-10-31 16:20:56.189] [jointLog] [info] wrote 125 bootstraps
[2017-10-31 16:20:57.576] [jointLog] [info] wrote 126 bootstraps
[2017-10-31 16:20:57.700] [jointLog] [info] wrote 127 bootstraps
[2017-10-31 16:20:59.240] [jointLog] [info] wrote 128 bootstraps
[2017-10-31 16:20:59.701] [jointLog] [info] wrote 129 bootstraps
[2017-10-31 16:21:00.055] [jointLog] [info] wrote 130 bootstraps
[2017-10-31 16:21:00.795] [jointLog] [info] wrote 131 bootstraps
[2017-10-31 16:21:01.026] [jointLog] [info] wrote 132 bootstraps
[2017-10-31 16:21:02.036] [jointLog] [info] wrote 133 bootstraps
[2017-10-31 16:21:02.304] [jointLog] [info] wrote 134 bootstraps
[2017-10-31 16:21:03.417] [jointLog] [info] wrote 135 bootstraps
[2017-10-31 16:21:04.152] [jointLog] [info] wrote 136 bootstraps
[2017-10-31 16:21:04.208] [jointLog] [info] wrote 137 bootstraps
[2017-10-31 16:21:04.710] [jointLog] [info] wrote 138 bootstraps
[2017-10-31 16:21:05.745] [jointLog] [info] wrote 139 bootstraps
[2017-10-31 16:21:06.386] [jointLog] [info] wrote 140 bootstraps
[2017-10-31 16:21:07.004] [jointLog] [info] wrote 141 bootstraps
[2017-10-31 16:21:07.699] [jointLog] [info] wrote 142 bootstraps
[2017-10-31 16:21:08.684] [jointLog] [info] wrote 143 bootstraps
[2017-10-31 16:21:09.034] [jointLog] [info] wrote 144 bootstraps
[2017-10-31 16:21:09.141] [jointLog] [info] wrote 145 bootstraps
[2017-10-31 16:21:10.361] [jointLog] [info] wrote 146 bootstraps
[2017-10-31 16:21:10.604] [jointLog] [info] wrote 147 bootstraps
[2017-10-31 16:21:11.314] [jointLog] [info] wrote 148 bootstraps
[2017-10-31 16:21:11.651] [jointLog] [info] wrote 149 bootstraps
[2017-10-31 16:21:12.290] [jointLog] [info] wrote 150 bootstraps
[2017-10-31 16:21:13.306] [jointLog] [info] wrote 151 bootstraps
[2017-10-31 16:21:14.063] [jointLog] [info] wrote 152 bootstraps
[2017-10-31 16:21:14.849] [jointLog] [info] wrote 153 bootstraps
[2017-10-31 16:21:15.356] [jointLog] [info] wrote 154 bootstraps
[2017-10-31 16:21:15.540] [jointLog] [info] wrote 155 bootstraps
[2017-10-31 16:21:16.059] [jointLog] [info] wrote 156 bootstraps
[2017-10-31 16:21:16.481] [jointLog] [info] wrote 157 bootstraps
[2017-10-31 16:21:17.988] [jointLog] [info] wrote 158 bootstraps
[2017-10-31 16:21:18.319] [jointLog] [info] wrote 159 bootstraps
[2017-10-31 16:21:18.522] [jointLog] [info] wrote 160 bootstraps
[2017-10-31 16:21:18.929] [jointLog] [info] wrote 161 bootstraps
[2017-10-31 16:21:20.052] [jointLog] [info] wrote 162 bootstraps
[2017-10-31 16:21:20.552] [jointLog] [info] wrote 163 bootstraps
[2017-10-31 16:21:21.427] [jointLog] [info] wrote 164 bootstraps
[2017-10-31 16:21:22.188] [jointLog] [info] wrote 165 bootstraps
[2017-10-31 16:21:22.810] [jointLog] [info] wrote 166 bootstraps
[2017-10-31 16:21:23.425] [jointLog] [info] wrote 167 bootstraps
[2017-10-31 16:21:23.583] [jointLog] [info] wrote 168 bootstraps
[2017-10-31 16:21:24.310] [jointLog] [info] wrote 169 bootstraps
[2017-10-31 16:21:24.487] [jointLog] [info] wrote 170 bootstraps
[2017-10-31 16:21:25.222] [jointLog] [info] wrote 171 bootstraps
[2017-10-31 16:21:26.455] [jointLog] [info] wrote 172 bootstraps
[2017-10-31 16:21:26.698] [jointLog] [info] wrote 173 bootstraps
[2017-10-31 16:21:28.082] [jointLog] [info] wrote 174 bootstraps
[2017-10-31 16:21:28.346] [jointLog] [info] wrote 175 bootstraps
[2017-10-31 16:21:28.631] [jointLog] [info] wrote 176 bootstraps
[2017-10-31 16:21:29.054] [jointLog] [info] wrote 177 bootstraps
[2017-10-31 16:21:30.221] [jointLog] [info] wrote 178 bootstraps
[2017-10-31 16:21:30.249] [jointLog] [info] wrote 179 bootstraps
[2017-10-31 16:21:30.457] [jointLog] [info] wrote 180 bootstraps
[2017-10-31 16:21:32.419] [jointLog] [info] wrote 181 bootstraps
[2017-10-31 16:21:33.117] [jointLog] [info] wrote 182 bootstraps
[2017-10-31 16:21:33.160] [jointLog] [info] wrote 183 bootstraps
[2017-10-31 16:21:33.291] [jointLog] [info] wrote 184 bootstraps
[2017-10-31 16:21:34.410] [jointLog] [info] wrote 185 bootstraps
[2017-10-31 16:21:34.514] [jointLog] [info] wrote 186 bootstraps
[2017-10-31 16:21:34.718] [jointLog] [info] wrote 187 bootstraps
[2017-10-31 16:21:36.518] [jointLog] [info] wrote 188 bootstraps
[2017-10-31 16:21:37.050] [jointLog] [info] wrote 189 bootstraps
[2017-10-31 16:21:37.632] [jointLog] [info] wrote 190 bootstraps
[2017-10-31 16:21:38.223] [jointLog] [info] wrote 191 bootstraps
[2017-10-31 16:21:38.478] [jointLog] [info] wrote 192 bootstraps
[2017-10-31 16:21:38.889] [jointLog] [info] wrote 193 bootstraps
[2017-10-31 16:21:39.321] [jointLog] [info] wrote 194 bootstraps
[2017-10-31 16:21:40.465] [jointLog] [info] wrote 195 bootstraps
[2017-10-31 16:21:41.291] [jointLog] [info] wrote 196 bootstraps
[2017-10-31 16:21:42.114] [jointLog] [info] wrote 197 bootstraps
[2017-10-31 16:21:42.437] [jointLog] [info] wrote 198 bootstraps
[2017-10-31 16:21:42.942] [jointLog] [info] wrote 199 bootstraps
[2017-10-31 16:21:43.533] [jointLog] [info] wrote 200 bootstraps
[2017-10-31 16:21:44.239] [jointLog] [info] wrote 201 bootstraps
[2017-10-31 16:21:44.415] [jointLog] [info] wrote 202 bootstraps
[2017-10-31 16:21:44.946] [jointLog] [info] wrote 203 bootstraps
[2017-10-31 16:21:46.389] [jointLog] [info] wrote 204 bootstraps
[2017-10-31 16:21:47.246] [jointLog] [info] wrote 205 bootstraps
[2017-10-31 16:21:47.327] [jointLog] [info] wrote 206 bootstraps
[2017-10-31 16:21:47.573] [jointLog] [info] wrote 207 bootstraps
[2017-10-31 16:21:47.648] [jointLog] [info] wrote 208 bootstraps
[2017-10-31 16:21:49.028] [jointLog] [info] wrote 209 bootstraps
[2017-10-31 16:21:49.582] [jointLog] [info] wrote 210 bootstraps
[2017-10-31 16:21:50.151] [jointLog] [info] wrote 211 bootstraps
[2017-10-31 16:21:50.995] [jointLog] [info] wrote 212 bootstraps
[2017-10-31 16:21:51.389] [jointLog] [info] wrote 213 bootstraps
[2017-10-31 16:21:52.419] [jointLog] [info] wrote 214 bootstraps
[2017-10-31 16:21:52.605] [jointLog] [info] wrote 215 bootstraps
[2017-10-31 16:21:53.689] [jointLog] [info] wrote 216 bootstraps
[2017-10-31 16:21:53.968] [jointLog] [info] wrote 217 bootstraps
[2017-10-31 16:21:54.799] [jointLog] [info] wrote 218 bootstraps
[2017-10-31 16:21:55.199] [jointLog] [info] wrote 219 bootstraps
[2017-10-31 16:21:55.289] [jointLog] [info] wrote 220 bootstraps
[2017-10-31 16:21:56.927] [jointLog] [info] wrote 221 bootstraps
[2017-10-31 16:21:56.954] [jointLog] [info] wrote 222 bootstraps
[2017-10-31 16:21:57.946] [jointLog] [info] wrote 223 bootstraps
[2017-10-31 16:21:58.528] [jointLog] [info] wrote 224 bootstraps
[2017-10-31 16:21:59.007] [jointLog] [info] wrote 225 bootstraps
[2017-10-31 16:21:59.194] [jointLog] [info] wrote 226 bootstraps
[2017-10-31 16:21:59.540] [jointLog] [info] wrote 227 bootstraps
[2017-10-31 16:22:01.793] [jointLog] [info] wrote 228 bootstraps
[2017-10-31 16:22:01.831] [jointLog] [info] wrote 229 bootstraps
[2017-10-31 16:22:01.855] [jointLog] [info] wrote 230 bootstraps
[2017-10-31 16:22:02.891] [jointLog] [info] wrote 231 bootstraps
[2017-10-31 16:22:03.338] [jointLog] [info] wrote 232 bootstraps
[2017-10-31 16:22:03.407] [jointLog] [info] wrote 233 bootstraps
[2017-10-31 16:22:04.557] [jointLog] [info] wrote 234 bootstraps
[2017-10-31 16:22:05.654] [jointLog] [info] wrote 235 bootstraps
[2017-10-31 16:22:06.100] [jointLog] [info] wrote 236 bootstraps
[2017-10-31 16:22:06.417] [jointLog] [info] wrote 237 bootstraps
[2017-10-31 16:22:06.863] [jointLog] [info] wrote 238 bootstraps
[2017-10-31 16:22:07.542] [jointLog] [info] wrote 239 bootstraps
[2017-10-31 16:22:08.051] [jointLog] [info] wrote 240 bootstraps
[2017-10-31 16:22:09.408] [jointLog] [info] wrote 241 bootstraps
[2017-10-31 16:22:09.509] [jointLog] [info] wrote 242 bootstraps
[2017-10-31 16:22:09.934] [jointLog] [info] wrote 243 bootstraps
[2017-10-31 16:22:10.884] [jointLog] [info] wrote 244 bootstraps
[2017-10-31 16:22:11.350] [jointLog] [info] wrote 245 bootstraps
[2017-10-31 16:22:12.237] [jointLog] [info] wrote 246 bootstraps
[2017-10-31 16:22:12.357] [jointLog] [info] wrote 247 bootstraps
[2017-10-31 16:22:13.825] [jointLog] [info] wrote 248 bootstraps
[2017-10-31 16:22:13.895] [jointLog] [info] wrote 249 bootstraps
[2017-10-31 16:22:14.238] [jointLog] [info] wrote 250 bootstraps
[2017-10-31 16:22:15.103] [jointLog] [info] wrote 251 bootstraps
[2017-10-31 16:22:16.215] [jointLog] [info] wrote 252 bootstraps
[2017-10-31 16:22:16.257] [jointLog] [info] wrote 253 bootstraps
[2017-10-31 16:22:17.308] [jointLog] [info] wrote 254 bootstraps
[2017-10-31 16:22:17.861] [jointLog] [info] wrote 255 bootstraps
[2017-10-31 16:22:17.891] [jointLog] [info] wrote 256 bootstraps
[2017-10-31 16:22:19.251] [jointLog] [info] wrote 257 bootstraps
[2017-10-31 16:22:19.412] [jointLog] [info] wrote 258 bootstraps
[2017-10-31 16:22:19.507] [jointLog] [info] wrote 259 bootstraps
[2017-10-31 16:22:21.065] [jointLog] [info] wrote 260 bootstraps
[2017-10-31 16:22:22.054] [jointLog] [info] wrote 261 bootstraps
[2017-10-31 16:22:22.202] [jointLog] [info] wrote 262 bootstraps
[2017-10-31 16:22:22.364] [jointLog] [info] wrote 263 bootstraps
[2017-10-31 16:22:23.541] [jointLog] [info] wrote 264 bootstraps
[2017-10-31 16:22:24.004] [jointLog] [info] wrote 265 bootstraps
[2017-10-31 16:22:24.096] [jointLog] [info] wrote 266 bootstraps
[2017-10-31 16:22:25.772] [jointLog] [info] wrote 267 bootstraps
[2017-10-31 16:22:25.805] [jointLog] [info] wrote 268 bootstraps
[2017-10-31 16:22:26.378] [jointLog] [info] wrote 269 bootstraps
[2017-10-31 16:22:26.587] [jointLog] [info] wrote 270 bootstraps
[2017-10-31 16:22:27.218] [jointLog] [info] wrote 271 bootstraps
[2017-10-31 16:22:28.672] [jointLog] [info] wrote 272 bootstraps
[2017-10-31 16:22:28.996] [jointLog] [info] wrote 273 bootstraps
[2017-10-31 16:22:29.940] [jointLog] [info] wrote 274 bootstraps
[2017-10-31 16:22:30.519] [jointLog] [info] wrote 275 bootstraps
[2017-10-31 16:22:30.611] [jointLog] [info] wrote 276 bootstraps
[2017-10-31 16:22:30.918] [jointLog] [info] wrote 277 bootstraps
[2017-10-31 16:22:31.806] [jointLog] [info] wrote 278 bootstraps
[2017-10-31 16:22:32.826] [jointLog] [info] wrote 279 bootstraps
[2017-10-31 16:22:33.297] [jointLog] [info] wrote 280 bootstraps
[2017-10-31 16:22:34.676] [jointLog] [info] wrote 281 bootstraps
[2017-10-31 16:22:34.796] [jointLog] [info] wrote 282 bootstraps
[2017-10-31 16:22:35.333] [jointLog] [info] wrote 283 bootstraps
[2017-10-31 16:22:35.649] [jointLog] [info] wrote 284 bootstraps
[2017-10-31 16:22:35.867] [jointLog] [info] wrote 285 bootstraps
[2017-10-31 16:22:36.853] [jointLog] [info] wrote 286 bootstraps
[2017-10-31 16:22:37.627] [jointLog] [info] wrote 287 bootstraps
[2017-10-31 16:22:39.082] [jointLog] [info] wrote 288 bootstraps
[2017-10-31 16:22:39.282] [jointLog] [info] wrote 289 bootstraps
[2017-10-31 16:22:39.506] [jointLog] [info] wrote 290 bootstraps
[2017-10-31 16:22:40.176] [jointLog] [info] wrote 291 bootstraps
[2017-10-31 16:22:40.533] [jointLog] [info] wrote 292 bootstraps
[2017-10-31 16:22:40.837] [jointLog] [info] wrote 293 bootstraps
[2017-10-31 16:22:42.631] [jointLog] [info] wrote 294 bootstraps
[2017-10-31 16:22:42.978] [jointLog] [info] wrote 295 bootstraps
[2017-10-31 16:22:43.121] [jointLog] [info] wrote 296 bootstraps
[2017-10-31 16:22:44.067] [jointLog] [info] wrote 297 bootstraps
[2017-10-31 16:22:44.782] [jointLog] [info] wrote 298 bootstraps
[2017-10-31 16:22:44.978] [jointLog] [info] wrote 299 bootstraps
[2017-10-31 16:22:45.083] [jointLog] [info] wrote 300 bootstraps
[2017-10-31 16:22:46.758] [jointLog] [info] wrote 301 bootstraps
[2017-10-31 16:22:47.476] [jointLog] [info] wrote 302 bootstraps
[2017-10-31 16:22:47.519] [jointLog] [info] wrote 303 bootstraps
[2017-10-31 16:22:47.619] [jointLog] [info] wrote 304 bootstraps
[2017-10-31 16:22:49.472] [jointLog] [info] wrote 305 bootstraps
[2017-10-31 16:22:49.650] [jointLog] [info] wrote 306 bootstraps
[2017-10-31 16:22:49.731] [jointLog] [info] wrote 307 bootstraps
[2017-10-31 16:22:51.385] [jointLog] [info] wrote 308 bootstraps
[2017-10-31 16:22:51.545] [jointLog] [info] wrote 309 bootstraps
[2017-10-31 16:22:51.608] [jointLog] [info] wrote 310 bootstraps
[2017-10-31 16:22:51.877] [jointLog] [info] wrote 311 bootstraps
[2017-10-31 16:22:54.234] [jointLog] [info] wrote 312 bootstraps
[2017-10-31 16:22:54.265] [jointLog] [info] wrote 313 bootstraps
[2017-10-31 16:22:54.425] [jointLog] [info] wrote 314 bootstraps
[2017-10-31 16:22:55.519] [jointLog] [info] wrote 315 bootstraps
[2017-10-31 16:22:55.843] [jointLog] [info] wrote 316 bootstraps
[2017-10-31 16:22:55.978] [jointLog] [info] wrote 317 bootstraps
[2017-10-31 16:22:56.009] [jointLog] [info] wrote 318 bootstraps
[2017-10-31 16:22:58.224] [jointLog] [info] wrote 319 bootstraps
[2017-10-31 16:22:58.509] [jointLog] [info] wrote 320 bootstraps
[2017-10-31 16:22:59.532] [jointLog] [info] wrote 321 bootstraps
[2017-10-31 16:22:59.914] [jointLog] [info] wrote 322 bootstraps
[2017-10-31 16:23:00.598] [jointLog] [info] wrote 323 bootstraps
[2017-10-31 16:23:00.623] [jointLog] [info] wrote 324 bootstraps
[2017-10-31 16:23:00.656] [jointLog] [info] wrote 325 bootstraps
[2017-10-31 16:23:01.662] [jointLog] [info] wrote 326 bootstraps
[2017-10-31 16:23:03.286] [jointLog] [info] wrote 327 bootstraps
[2017-10-31 16:23:03.693] [jointLog] [info] wrote 328 bootstraps
[2017-10-31 16:23:03.750] [jointLog] [info] wrote 329 bootstraps
[2017-10-31 16:23:05.189] [jointLog] [info] wrote 330 bootstraps
[2017-10-31 16:23:05.315] [jointLog] [info] wrote 331 bootstraps
[2017-10-31 16:23:05.475] [jointLog] [info] wrote 332 bootstraps
[2017-10-31 16:23:05.660] [jointLog] [info] wrote 333 bootstraps
[2017-10-31 16:23:07.561] [jointLog] [info] wrote 334 bootstraps
[2017-10-31 16:23:07.785] [jointLog] [info] wrote 335 bootstraps
[2017-10-31 16:23:08.051] [jointLog] [info] wrote 336 bootstraps
[2017-10-31 16:23:09.568] [jointLog] [info] wrote 337 bootstraps
[2017-10-31 16:23:09.870] [jointLog] [info] wrote 338 bootstraps
[2017-10-31 16:23:09.948] [jointLog] [info] wrote 339 bootstraps
[2017-10-31 16:23:10.444] [jointLog] [info] wrote 340 bootstraps
[2017-10-31 16:23:12.083] [jointLog] [info] wrote 341 bootstraps
[2017-10-31 16:23:12.178] [jointLog] [info] wrote 342 bootstraps
[2017-10-31 16:23:12.208] [jointLog] [info] wrote 343 bootstraps
[2017-10-31 16:23:12.889] [jointLog] [info] wrote 344 bootstraps
[2017-10-31 16:23:14.145] [jointLog] [info] wrote 345 bootstraps
[2017-10-31 16:23:14.648] [jointLog] [info] wrote 346 bootstraps
[2017-10-31 16:23:14.683] [jointLog] [info] wrote 347 bootstraps
[2017-10-31 16:23:16.150] [jointLog] [info] wrote 348 bootstraps
[2017-10-31 16:23:17.046] [jointLog] [info] wrote 349 bootstraps
[2017-10-31 16:23:17.221] [jointLog] [info] wrote 350 bootstraps
[2017-10-31 16:23:17.476] [jointLog] [info] wrote 351 bootstraps
[2017-10-31 16:23:17.709] [jointLog] [info] wrote 352 bootstraps
[2017-10-31 16:23:18.465] [jointLog] [info] wrote 353 bootstraps
[2017-10-31 16:23:19.480] [jointLog] [info] wrote 354 bootstraps
[2017-10-31 16:23:19.892] [jointLog] [info] wrote 355 bootstraps
[2017-10-31 16:23:21.169] [jointLog] [info] wrote 356 bootstraps
[2017-10-31 16:23:21.977] [jointLog] [info] wrote 357 bootstraps
[2017-10-31 16:23:22.082] [jointLog] [info] wrote 358 bootstraps
[2017-10-31 16:23:22.397] [jointLog] [info] wrote 359 bootstraps
[2017-10-31 16:23:22.562] [jointLog] [info] wrote 360 bootstraps
[2017-10-31 16:23:23.829] [jointLog] [info] wrote 361 bootstraps
[2017-10-31 16:23:24.317] [jointLog] [info] wrote 362 bootstraps
[2017-10-31 16:23:25.118] [jointLog] [info] wrote 363 bootstraps
[2017-10-31 16:23:25.419] [jointLog] [info] wrote 364 bootstraps
[2017-10-31 16:23:27.086] [jointLog] [info] wrote 365 bootstraps
[2017-10-31 16:23:27.187] [jointLog] [info] wrote 366 bootstraps
[2017-10-31 16:23:27.234] [jointLog] [info] wrote 367 bootstraps
[2017-10-31 16:23:27.880] [jointLog] [info] wrote 368 bootstraps
[2017-10-31 16:23:28.658] [jointLog] [info] wrote 369 bootstraps
[2017-10-31 16:23:28.886] [jointLog] [info] wrote 370 bootstraps
[2017-10-31 16:23:29.165] [jointLog] [info] wrote 371 bootstraps
[2017-10-31 16:23:31.424] [jointLog] [info] wrote 372 bootstraps
[2017-10-31 16:23:31.714] [jointLog] [info] wrote 373 bootstraps
[2017-10-31 16:23:31.850] [jointLog] [info] wrote 374 bootstraps
[2017-10-31 16:23:32.127] [jointLog] [info] wrote 375 bootstraps
[2017-10-31 16:23:32.357] [jointLog] [info] wrote 376 bootstraps
[2017-10-31 16:23:33.717] [jointLog] [info] wrote 377 bootstraps
[2017-10-31 16:23:33.747] [jointLog] [info] wrote 378 bootstraps
[2017-10-31 16:23:35.343] [jointLog] [info] wrote 379 bootstraps
[2017-10-31 16:23:36.176] [jointLog] [info] wrote 380 bootstraps
[2017-10-31 16:23:36.390] [jointLog] [info] wrote 381 bootstraps
[2017-10-31 16:23:36.520] [jointLog] [info] wrote 382 bootstraps
[2017-10-31 16:23:37.231] [jointLog] [info] wrote 383 bootstraps
[2017-10-31 16:23:37.741] [jointLog] [info] wrote 384 bootstraps
[2017-10-31 16:23:37.992] [jointLog] [info] wrote 385 bootstraps
[2017-10-31 16:23:39.991] [jointLog] [info] wrote 386 bootstraps
[2017-10-31 16:23:40.413] [jointLog] [info] wrote 387 bootstraps
[2017-10-31 16:23:40.843] [jointLog] [info] wrote 388 bootstraps
[2017-10-31 16:23:41.092] [jointLog] [info] wrote 389 bootstraps
[2017-10-31 16:23:41.682] [jointLog] [info] wrote 390 bootstraps
[2017-10-31 16:23:41.708] [jointLog] [info] wrote 391 bootstraps
[2017-10-31 16:23:42.475] [jointLog] [info] wrote 392 bootstraps
[2017-10-31 16:23:44.472] [jointLog] [info] wrote 393 bootstraps
[2017-10-31 16:23:44.574] [jointLog] [info] wrote 394 bootstraps
[2017-10-31 16:23:44.867] [jointLog] [info] wrote 395 bootstraps
[2017-10-31 16:23:45.897] [jointLog] [info] wrote 396 bootstraps
[2017-10-31 16:23:46.183] [jointLog] [info] wrote 397 bootstraps
[2017-10-31 16:23:46.367] [jointLog] [info] wrote 398 bootstraps
[2017-10-31 16:23:46.529] [jointLog] [info] wrote 399 bootstraps
[2017-10-31 16:23:48.708] [jointLog] [info] wrote 400 bootstraps
[2017-10-31 16:23:49.099] [jointLog] [info] wrote 401 bootstraps
[2017-10-31 16:23:49.716] [jointLog] [info] wrote 402 bootstraps
[2017-10-31 16:23:49.985] [jointLog] [info] wrote 403 bootstraps
[2017-10-31 16:23:50.096] [jointLog] [info] wrote 404 bootstraps
[2017-10-31 16:23:50.847] [jointLog] [info] wrote 405 bootstraps
[2017-10-31 16:23:51.300] [jointLog] [info] wrote 406 bootstraps
[2017-10-31 16:23:52.910] [jointLog] [info] wrote 407 bootstraps
[2017-10-31 16:23:53.419] [jointLog] [info] wrote 408 bootstraps
[2017-10-31 16:23:53.787] [jointLog] [info] wrote 409 bootstraps
[2017-10-31 16:23:54.016] [jointLog] [info] wrote 410 bootstraps
[2017-10-31 16:23:54.847] [jointLog] [info] wrote 411 bootstraps
[2017-10-31 16:23:55.398] [jointLog] [info] wrote 412 bootstraps
[2017-10-31 16:23:56.371] [jointLog] [info] wrote 413 bootstraps
[2017-10-31 16:23:56.871] [jointLog] [info] wrote 414 bootstraps
[2017-10-31 16:23:57.438] [jointLog] [info] wrote 415 bootstraps
[2017-10-31 16:23:58.169] [jointLog] [info] wrote 416 bootstraps
[2017-10-31 16:23:58.202] [jointLog] [info] wrote 417 bootstraps
[2017-10-31 16:23:59.446] [jointLog] [info] wrote 418 bootstraps
[2017-10-31 16:23:59.883] [jointLog] [info] wrote 419 bootstraps
[2017-10-31 16:24:00.603] [jointLog] [info] wrote 420 bootstraps
[2017-10-31 16:24:00.746] [jointLog] [info] wrote 421 bootstraps
[2017-10-31 16:24:01.817] [jointLog] [info] wrote 422 bootstraps
[2017-10-31 16:24:03.125] [jointLog] [info] wrote 423 bootstraps
[2017-10-31 16:24:03.211] [jointLog] [info] wrote 424 bootstraps
[2017-10-31 16:24:04.051] [jointLog] [info] wrote 425 bootstraps
[2017-10-31 16:24:04.389] [jointLog] [info] wrote 426 bootstraps
[2017-10-31 16:24:04.480] [jointLog] [info] wrote 427 bootstraps
[2017-10-31 16:24:05.279] [jointLog] [info] wrote 428 bootstraps
[2017-10-31 16:24:05.876] [jointLog] [info] wrote 429 bootstraps
[2017-10-31 16:24:07.429] [jointLog] [info] wrote 430 bootstraps
[2017-10-31 16:24:07.618] [jointLog] [info] wrote 431 bootstraps
[2017-10-31 16:24:08.240] [jointLog] [info] wrote 432 bootstraps
[2017-10-31 16:24:08.499] [jointLog] [info] wrote 433 bootstraps
[2017-10-31 16:24:09.104] [jointLog] [info] wrote 434 bootstraps
[2017-10-31 16:24:10.150] [jointLog] [info] wrote 435 bootstraps
[2017-10-31 16:24:10.490] [jointLog] [info] wrote 436 bootstraps
[2017-10-31 16:24:11.758] [jointLog] [info] wrote 437 bootstraps
[2017-10-31 16:24:11.806] [jointLog] [info] wrote 438 bootstraps
[2017-10-31 16:24:12.312] [jointLog] [info] wrote 439 bootstraps
[2017-10-31 16:24:12.798] [jointLog] [info] wrote 440 bootstraps
[2017-10-31 16:24:12.869] [jointLog] [info] wrote 441 bootstraps
[2017-10-31 16:24:15.053] [jointLog] [info] wrote 442 bootstraps
[2017-10-31 16:24:15.229] [jointLog] [info] wrote 443 bootstraps
[2017-10-31 16:24:15.984] [jointLog] [info] wrote 444 bootstraps
[2017-10-31 16:24:16.212] [jointLog] [info] wrote 445 bootstraps
[2017-10-31 16:24:16.382] [jointLog] [info] wrote 446 bootstraps
[2017-10-31 16:24:16.414] [jointLog] [info] wrote 447 bootstraps
[2017-10-31 16:24:17.905] [jointLog] [info] wrote 448 bootstraps
[2017-10-31 16:24:19.053] [jointLog] [info] wrote 449 bootstraps
[2017-10-31 16:24:19.755] [jointLog] [info] wrote 450 bootstraps
[2017-10-31 16:24:20.031] [jointLog] [info] wrote 451 bootstraps
[2017-10-31 16:24:20.758] [jointLog] [info] wrote 452 bootstraps
[2017-10-31 16:24:20.896] [jointLog] [info] wrote 453 bootstraps
[2017-10-31 16:24:20.967] [jointLog] [info] wrote 454 bootstraps
[2017-10-31 16:24:21.230] [jointLog] [info] wrote 455 bootstraps
[2017-10-31 16:24:22.952] [jointLog] [info] wrote 456 bootstraps
[2017-10-31 16:24:23.791] [jointLog] [info] wrote 457 bootstraps
[2017-10-31 16:24:24.548] [jointLog] [info] wrote 458 bootstraps
[2017-10-31 16:24:24.838] [jointLog] [info] wrote 459 bootstraps
[2017-10-31 16:24:25.601] [jointLog] [info] wrote 460 bootstraps
[2017-10-31 16:24:25.690] [jointLog] [info] wrote 461 bootstraps
[2017-10-31 16:24:25.797] [jointLog] [info] wrote 462 bootstraps
[2017-10-31 16:24:26.336] [jointLog] [info] wrote 463 bootstraps
[2017-10-31 16:24:28.070] [jointLog] [info] wrote 464 bootstraps
[2017-10-31 16:24:28.689] [jointLog] [info] wrote 465 bootstraps
[2017-10-31 16:24:29.477] [jointLog] [info] wrote 466 bootstraps
[2017-10-31 16:24:29.582] [jointLog] [info] wrote 467 bootstraps
[2017-10-31 16:24:30.400] [jointLog] [info] wrote 468 bootstraps
[2017-10-31 16:24:30.440] [jointLog] [info] wrote 469 bootstraps
[2017-10-31 16:24:30.692] [jointLog] [info] wrote 470 bootstraps
[2017-10-31 16:24:32.005] [jointLog] [info] wrote 471 bootstraps
[2017-10-31 16:24:32.644] [jointLog] [info] wrote 472 bootstraps
[2017-10-31 16:24:33.753] [jointLog] [info] wrote 473 bootstraps
[2017-10-31 16:24:34.122] [jointLog] [info] wrote 474 bootstraps
[2017-10-31 16:24:35.064] [jointLog] [info] wrote 475 bootstraps
[2017-10-31 16:24:35.269] [jointLog] [info] wrote 476 bootstraps
[2017-10-31 16:24:35.629] [jointLog] [info] wrote 477 bootstraps
[2017-10-31 16:24:35.981] [jointLog] [info] wrote 478 bootstraps
[2017-10-31 16:24:36.546] [jointLog] [info] wrote 479 bootstraps
[2017-10-31 16:24:37.698] [jointLog] [info] wrote 480 bootstraps
[2017-10-31 16:24:38.718] [jointLog] [info] wrote 481 bootstraps
[2017-10-31 16:24:39.728] [jointLog] [info] wrote 482 bootstraps
[2017-10-31 16:24:40.002] [jointLog] [info] wrote 483 bootstraps
[2017-10-31 16:24:40.412] [jointLog] [info] wrote 484 bootstraps
[2017-10-31 16:24:40.519] [jointLog] [info] wrote 485 bootstraps
[2017-10-31 16:24:40.935] [jointLog] [info] wrote 486 bootstraps
[2017-10-31 16:24:41.997] [jointLog] [info] wrote 487 bootstraps
[2017-10-31 16:24:42.538] [jointLog] [info] wrote 488 bootstraps
[2017-10-31 16:24:44.076] [jointLog] [info] wrote 489 bootstraps
[2017-10-31 16:24:44.411] [jointLog] [info] wrote 490 bootstraps
[2017-10-31 16:24:44.552] [jointLog] [info] wrote 491 bootstraps
[2017-10-31 16:24:45.156] [jointLog] [info] wrote 492 bootstraps
[2017-10-31 16:24:45.469] [jointLog] [info] wrote 493 bootstraps
[2017-10-31 16:24:45.996] [jointLog] [info] wrote 494 bootstraps
[2017-10-31 16:24:47.116] [jointLog] [info] wrote 495 bootstraps
[2017-10-31 16:24:47.813] [jointLog] [info] wrote 496 bootstraps
[2017-10-31 16:24:48.772] [jointLog] [info] wrote 497 bootstraps
[2017-10-31 16:24:49.002] [jointLog] [info] wrote 498 bootstraps
[2017-10-31 16:24:49.925] [jointLog] [info] wrote 499 bootstraps
[2017-10-31 16:24:50.157] [jointLog] [info] wrote 500 bootstraps
[2017-10-31 16:24:50.268] [jointLog] [info] wrote 501 bootstraps
[2017-10-31 16:24:52.167] [jointLog] [info] wrote 502 bootstraps
[2017-10-31 16:24:52.588] [jointLog] [info] wrote 503 bootstraps
[2017-10-31 16:24:52.945] [jointLog] [info] wrote 504 bootstraps
[2017-10-31 16:24:52.975] [jointLog] [info] wrote 505 bootstraps
[2017-10-31 16:24:53.369] [jointLog] [info] wrote 506 bootstraps
[2017-10-31 16:24:54.853] [jointLog] [info] wrote 507 bootstraps
[2017-10-31 16:24:55.158] [jointLog] [info] wrote 508 bootstraps
[2017-10-31 16:24:56.415] [jointLog] [info] wrote 509 bootstraps
[2017-10-31 16:24:56.888] [jointLog] [info] wrote 510 bootstraps
[2017-10-31 16:24:57.135] [jointLog] [info] wrote 511 bootstraps
[2017-10-31 16:24:57.293] [jointLog] [info] wrote 512 bootstraps
[2017-10-31 16:24:57.368] [jointLog] [info] wrote 513 bootstraps
[2017-10-31 16:24:59.628] [jointLog] [info] wrote 514 bootstraps
[2017-10-31 16:24:59.884] [jointLog] [info] wrote 515 bootstraps
[2017-10-31 16:25:00.733] [jointLog] [info] wrote 516 bootstraps
[2017-10-31 16:25:01.134] [jointLog] [info] wrote 517 bootstraps
[2017-10-31 16:25:01.167] [jointLog] [info] wrote 518 bootstraps
[2017-10-31 16:25:01.413] [jointLog] [info] wrote 519 bootstraps
[2017-10-31 16:25:02.378] [jointLog] [info] wrote 520 bootstraps
[2017-10-31 16:25:03.701] [jointLog] [info] wrote 521 bootstraps
[2017-10-31 16:25:04.434] [jointLog] [info] wrote 522 bootstraps
[2017-10-31 16:25:04.638] [jointLog] [info] wrote 523 bootstraps
[2017-10-31 16:25:04.677] [jointLog] [info] wrote 524 bootstraps
[2017-10-31 16:25:05.772] [jointLog] [info] wrote 525 bootstraps
[2017-10-31 16:25:06.166] [jointLog] [info] wrote 526 bootstraps
[2017-10-31 16:25:06.972] [jointLog] [info] wrote 527 bootstraps
[2017-10-31 16:25:07.700] [jointLog] [info] wrote 528 bootstraps
[2017-10-31 16:25:08.398] [jointLog] [info] wrote 529 bootstraps
[2017-10-31 16:25:09.503] [jointLog] [info] wrote 530 bootstraps
[2017-10-31 16:25:09.561] [jointLog] [info] wrote 531 bootstraps
[2017-10-31 16:25:10.095] [jointLog] [info] wrote 532 bootstraps
[2017-10-31 16:25:10.793] [jointLog] [info] wrote 533 bootstraps
[2017-10-31 16:25:11.667] [jointLog] [info] wrote 534 bootstraps
[2017-10-31 16:25:11.920] [jointLog] [info] wrote 535 bootstraps
[2017-10-31 16:25:11.985] [jointLog] [info] wrote 536 bootstraps
[2017-10-31 16:25:13.682] [jointLog] [info] wrote 537 bootstraps
[2017-10-31 16:25:14.091] [jointLog] [info] wrote 538 bootstraps
[2017-10-31 16:25:14.121] [jointLog] [info] wrote 539 bootstraps
[2017-10-31 16:25:15.878] [jointLog] [info] wrote 540 bootstraps
[2017-10-31 16:25:15.955] [jointLog] [info] wrote 541 bootstraps
[2017-10-31 16:25:15.977] [jointLog] [info] wrote 542 bootstraps
[2017-10-31 16:25:16.389] [jointLog] [info] wrote 543 bootstraps
[2017-10-31 16:25:18.095] [jointLog] [info] wrote 544 bootstraps
[2017-10-31 16:25:18.154] [jointLog] [info] wrote 545 bootstraps
[2017-10-31 16:25:18.730] [jointLog] [info] wrote 546 bootstraps
[2017-10-31 16:25:19.934] [jointLog] [info] wrote 547 bootstraps
[2017-10-31 16:25:20.137] [jointLog] [info] wrote 548 bootstraps
[2017-10-31 16:25:20.314] [jointLog] [info] wrote 549 bootstraps
[2017-10-31 16:25:21.258] [jointLog] [info] wrote 550 bootstraps
[2017-10-31 16:25:21.934] [jointLog] [info] wrote 551 bootstraps
[2017-10-31 16:25:22.529] [jointLog] [info] wrote 552 bootstraps
[2017-10-31 16:25:23.333] [jointLog] [info] wrote 553 bootstraps
[2017-10-31 16:25:23.481] [jointLog] [info] wrote 554 bootstraps
[2017-10-31 16:25:24.371] [jointLog] [info] wrote 555 bootstraps
[2017-10-31 16:25:25.075] [jointLog] [info] wrote 556 bootstraps
[2017-10-31 16:25:25.842] [jointLog] [info] wrote 557 bootstraps
[2017-10-31 16:25:26.619] [jointLog] [info] wrote 558 bootstraps
[2017-10-31 16:25:26.805] [jointLog] [info] wrote 559 bootstraps
[2017-10-31 16:25:27.262] [jointLog] [info] wrote 560 bootstraps
[2017-10-31 16:25:27.434] [jointLog] [info] wrote 561 bootstraps
[2017-10-31 16:25:28.190] [jointLog] [info] wrote 562 bootstraps
[2017-10-31 16:25:30.011] [jointLog] [info] wrote 563 bootstraps
[2017-10-31 16:25:30.550] [jointLog] [info] wrote 564 bootstraps
[2017-10-31 16:25:30.629] [jointLog] [info] wrote 565 bootstraps
[2017-10-31 16:25:31.090] [jointLog] [info] wrote 566 bootstraps
[2017-10-31 16:25:31.383] [jointLog] [info] wrote 567 bootstraps
[2017-10-31 16:25:31.474] [jointLog] [info] wrote 568 bootstraps
[2017-10-31 16:25:32.220] [jointLog] [info] wrote 569 bootstraps
[2017-10-31 16:25:34.611] [jointLog] [info] wrote 570 bootstraps
[2017-10-31 16:25:34.852] [jointLog] [info] wrote 571 bootstraps
[2017-10-31 16:25:34.946] [jointLog] [info] wrote 572 bootstraps
[2017-10-31 16:25:35.498] [jointLog] [info] wrote 573 bootstraps
[2017-10-31 16:25:35.911] [jointLog] [info] wrote 574 bootstraps
[2017-10-31 16:25:36.190] [jointLog] [info] wrote 575 bootstraps
[2017-10-31 16:25:36.212] [jointLog] [info] wrote 576 bootstraps
[2017-10-31 16:25:37.975] [jointLog] [info] wrote 577 bootstraps
[2017-10-31 16:25:39.502] [jointLog] [info] wrote 578 bootstraps
[2017-10-31 16:25:39.780] [jointLog] [info] wrote 579 bootstraps
[2017-10-31 16:25:39.820] [jointLog] [info] wrote 580 bootstraps
[2017-10-31 16:25:40.004] [jointLog] [info] wrote 581 bootstraps
[2017-10-31 16:25:40.816] [jointLog] [info] wrote 582 bootstraps
[2017-10-31 16:25:41.172] [jointLog] [info] wrote 583 bootstraps
[2017-10-31 16:25:41.997] [jointLog] [info] wrote 584 bootstraps
[2017-10-31 16:25:43.915] [jointLog] [info] wrote 585 bootstraps
[2017-10-31 16:25:43.946] [jointLog] [info] wrote 586 bootstraps
[2017-10-31 16:25:44.391] [jointLog] [info] wrote 587 bootstraps
[2017-10-31 16:25:44.469] [jointLog] [info] wrote 588 bootstraps
[2017-10-31 16:25:45.016] [jointLog] [info] wrote 589 bootstraps
[2017-10-31 16:25:45.361] [jointLog] [info] wrote 590 bootstraps
[2017-10-31 16:25:46.162] [jointLog] [info] wrote 591 bootstraps
[2017-10-31 16:25:48.304] [jointLog] [info] wrote 592 bootstraps
[2017-10-31 16:25:48.588] [jointLog] [info] wrote 593 bootstraps
[2017-10-31 16:25:48.618] [jointLog] [info] wrote 594 bootstraps
[2017-10-31 16:25:48.867] [jointLog] [info] wrote 595 bootstraps
[2017-10-31 16:25:49.400] [jointLog] [info] wrote 596 bootstraps
[2017-10-31 16:25:49.860] [jointLog] [info] wrote 597 bootstraps
[2017-10-31 16:25:50.198] [jointLog] [info] wrote 598 bootstraps
[2017-10-31 16:25:52.229] [jointLog] [info] wrote 599 bootstraps
[2017-10-31 16:25:52.809] [jointLog] [info] wrote 600 bootstraps
[2017-10-31 16:25:53.455] [jointLog] [info] wrote 601 bootstraps
[2017-10-31 16:25:53.535] [jointLog] [info] wrote 602 bootstraps
[2017-10-31 16:25:53.899] [jointLog] [info] wrote 603 bootstraps
[2017-10-31 16:25:53.922] [jointLog] [info] wrote 604 bootstraps
[2017-10-31 16:25:54.646] [jointLog] [info] wrote 605 bootstraps
[2017-10-31 16:25:56.464] [jointLog] [info] wrote 606 bootstraps
[2017-10-31 16:25:57.446] [jointLog] [info] wrote 607 bootstraps
[2017-10-31 16:25:57.537] [jointLog] [info] wrote 608 bootstraps
[2017-10-31 16:25:57.925] [jointLog] [info] wrote 609 bootstraps
[2017-10-31 16:25:58.390] [jointLog] [info] wrote 610 bootstraps
[2017-10-31 16:25:58.665] [jointLog] [info] wrote 611 bootstraps
[2017-10-31 16:25:59.430] [jointLog] [info] wrote 612 bootstraps
[2017-10-31 16:26:00.262] [jointLog] [info] wrote 613 bootstraps
[2017-10-31 16:26:01.257] [jointLog] [info] wrote 614 bootstraps
[2017-10-31 16:26:02.112] [jointLog] [info] wrote 615 bootstraps
[2017-10-31 16:26:02.511] [jointLog] [info] wrote 616 bootstraps
[2017-10-31 16:26:03.024] [jointLog] [info] wrote 617 bootstraps
[2017-10-31 16:26:03.360] [jointLog] [info] wrote 618 bootstraps
[2017-10-31 16:26:03.865] [jointLog] [info] wrote 619 bootstraps
[2017-10-31 16:26:04.798] [jointLog] [info] wrote 620 bootstraps
[2017-10-31 16:26:05.028] [jointLog] [info] wrote 621 bootstraps
[2017-10-31 16:26:05.847] [jointLog] [info] wrote 622 bootstraps
[2017-10-31 16:26:07.301] [jointLog] [info] wrote 623 bootstraps
[2017-10-31 16:26:07.693] [jointLog] [info] wrote 624 bootstraps
[2017-10-31 16:26:07.903] [jointLog] [info] wrote 625 bootstraps
[2017-10-31 16:26:07.929] [jointLog] [info] wrote 626 bootstraps
[2017-10-31 16:26:08.869] [jointLog] [info] wrote 627 bootstraps
[2017-10-31 16:26:09.577] [jointLog] [info] wrote 628 bootstraps
[2017-10-31 16:26:09.973] [jointLog] [info] wrote 629 bootstraps
[2017-10-31 16:26:11.563] [jointLog] [info] wrote 630 bootstraps
[2017-10-31 16:26:11.766] [jointLog] [info] wrote 631 bootstraps
[2017-10-31 16:26:11.992] [jointLog] [info] wrote 632 bootstraps
[2017-10-31 16:26:12.386] [jointLog] [info] wrote 633 bootstraps
[2017-10-31 16:26:13.370] [jointLog] [info] wrote 634 bootstraps
[2017-10-31 16:26:13.726] [jointLog] [info] wrote 635 bootstraps
[2017-10-31 16:26:14.567] [jointLog] [info] wrote 636 bootstraps
[2017-10-31 16:26:15.219] [jointLog] [info] wrote 637 bootstraps
[2017-10-31 16:26:16.082] [jointLog] [info] wrote 638 bootstraps
[2017-10-31 16:26:16.226] [jointLog] [info] wrote 639 bootstraps
[2017-10-31 16:26:17.124] [jointLog] [info] wrote 640 bootstraps
[2017-10-31 16:26:17.262] [jointLog] [info] wrote 641 bootstraps
[2017-10-31 16:26:18.214] [jointLog] [info] wrote 642 bootstraps
[2017-10-31 16:26:19.150] [jointLog] [info] wrote 643 bootstraps
[2017-10-31 16:26:19.263] [jointLog] [info] wrote 644 bootstraps
[2017-10-31 16:26:20.289] [jointLog] [info] wrote 645 bootstraps
[2017-10-31 16:26:20.518] [jointLog] [info] wrote 646 bootstraps
[2017-10-31 16:26:21.250] [jointLog] [info] wrote 647 bootstraps
[2017-10-31 16:26:22.225] [jointLog] [info] wrote 648 bootstraps
[2017-10-31 16:26:22.885] [jointLog] [info] wrote 649 bootstraps
[2017-10-31 16:26:23.405] [jointLog] [info] wrote 650 bootstraps
[2017-10-31 16:26:23.901] [jointLog] [info] wrote 651 bootstraps
[2017-10-31 16:26:24.139] [jointLog] [info] wrote 652 bootstraps
[2017-10-31 16:26:24.342] [jointLog] [info] wrote 653 bootstraps
[2017-10-31 16:26:25.617] [jointLog] [info] wrote 654 bootstraps
[2017-10-31 16:26:26.994] [jointLog] [info] wrote 655 bootstraps
[2017-10-31 16:26:27.445] [jointLog] [info] wrote 656 bootstraps
[2017-10-31 16:26:27.525] [jointLog] [info] wrote 657 bootstraps
[2017-10-31 16:26:27.852] [jointLog] [info] wrote 658 bootstraps
[2017-10-31 16:26:28.249] [jointLog] [info] wrote 659 bootstraps
[2017-10-31 16:26:29.142] [jointLog] [info] wrote 660 bootstraps
[2017-10-31 16:26:29.317] [jointLog] [info] wrote 661 bootstraps
[2017-10-31 16:26:31.037] [jointLog] [info] wrote 662 bootstraps
[2017-10-31 16:26:31.753] [jointLog] [info] wrote 663 bootstraps
[2017-10-31 16:26:32.133] [jointLog] [info] wrote 664 bootstraps
[2017-10-31 16:26:32.519] [jointLog] [info] wrote 665 bootstraps
[2017-10-31 16:26:32.547] [jointLog] [info] wrote 666 bootstraps
[2017-10-31 16:26:32.859] [jointLog] [info] wrote 667 bootstraps
[2017-10-31 16:26:34.016] [jointLog] [info] wrote 668 bootstraps
[2017-10-31 16:26:34.980] [jointLog] [info] wrote 669 bootstraps
[2017-10-31 16:26:36.296] [jointLog] [info] wrote 670 bootstraps
[2017-10-31 16:26:36.670] [jointLog] [info] wrote 671 bootstraps
[2017-10-31 16:26:36.716] [jointLog] [info] wrote 672 bootstraps
[2017-10-31 16:26:36.979] [jointLog] [info] wrote 673 bootstraps
[2017-10-31 16:26:37.702] [jointLog] [info] wrote 674 bootstraps
[2017-10-31 16:26:38.766] [jointLog] [info] wrote 675 bootstraps
[2017-10-31 16:26:39.568] [jointLog] [info] wrote 676 bootstraps
[2017-10-31 16:26:40.213] [jointLog] [info] wrote 677 bootstraps
[2017-10-31 16:26:40.373] [jointLog] [info] wrote 678 bootstraps
[2017-10-31 16:26:41.206] [jointLog] [info] wrote 679 bootstraps
[2017-10-31 16:26:41.447] [jointLog] [info] wrote 680 bootstraps
[2017-10-31 16:26:42.461] [jointLog] [info] wrote 681 bootstraps
[2017-10-31 16:26:42.661] [jointLog] [info] wrote 682 bootstraps
[2017-10-31 16:26:43.422] [jointLog] [info] wrote 683 bootstraps
[2017-10-31 16:26:45.136] [jointLog] [info] wrote 684 bootstraps
[2017-10-31 16:26:45.166] [jointLog] [info] wrote 685 bootstraps
[2017-10-31 16:26:45.285] [jointLog] [info] wrote 686 bootstraps
[2017-10-31 16:26:45.435] [jointLog] [info] wrote 687 bootstraps
[2017-10-31 16:26:46.667] [jointLog] [info] wrote 688 bootstraps
[2017-10-31 16:26:47.319] [jointLog] [info] wrote 689 bootstraps
[2017-10-31 16:26:47.989] [jointLog] [info] wrote 690 bootstraps
[2017-10-31 16:26:49.424] [jointLog] [info] wrote 691 bootstraps
[2017-10-31 16:26:49.810] [jointLog] [info] wrote 692 bootstraps
[2017-10-31 16:26:49.965] [jointLog] [info] wrote 693 bootstraps
[2017-10-31 16:26:49.994] [jointLog] [info] wrote 694 bootstraps
[2017-10-31 16:26:50.319] [jointLog] [info] wrote 695 bootstraps
[2017-10-31 16:26:52.107] [jointLog] [info] wrote 696 bootstraps
[2017-10-31 16:26:52.302] [jointLog] [info] wrote 697 bootstraps
[2017-10-31 16:26:53.738] [jointLog] [info] wrote 698 bootstraps
[2017-10-31 16:26:53.770] [jointLog] [info] wrote 699 bootstraps
[2017-10-31 16:26:54.816] [jointLog] [info] wrote 700 bootstraps
[2017-10-31 16:26:54.970] [jointLog] [info] wrote 701 bootstraps
[2017-10-31 16:26:54.994] [jointLog] [info] wrote 702 bootstraps
[2017-10-31 16:26:56.097] [jointLog] [info] wrote 703 bootstraps
[2017-10-31 16:26:57.321] [jointLog] [info] wrote 704 bootstraps
[2017-10-31 16:26:57.768] [jointLog] [info] wrote 705 bootstraps
[2017-10-31 16:26:58.383] [jointLog] [info] wrote 706 bootstraps
[2017-10-31 16:26:58.679] [jointLog] [info] wrote 707 bootstraps
[2017-10-31 16:26:59.206] [jointLog] [info] wrote 708 bootstraps
[2017-10-31 16:26:59.739] [jointLog] [info] wrote 709 bootstraps
[2017-10-31 16:27:00.033] [jointLog] [info] wrote 710 bootstraps
[2017-10-31 16:27:01.612] [jointLog] [info] wrote 711 bootstraps
[2017-10-31 16:27:02.108] [jointLog] [info] wrote 712 bootstraps
[2017-10-31 16:27:02.553] [jointLog] [info] wrote 713 bootstraps
[2017-10-31 16:27:02.804] [jointLog] [info] wrote 714 bootstraps
[2017-10-31 16:27:03.119] [jointLog] [info] wrote 715 bootstraps
[2017-10-31 16:27:04.689] [jointLog] [info] wrote 716 bootstraps
[2017-10-31 16:27:04.919] [jointLog] [info] wrote 717 bootstraps
[2017-10-31 16:27:05.645] [jointLog] [info] wrote 718 bootstraps
[2017-10-31 16:27:06.803] [jointLog] [info] wrote 719 bootstraps
[2017-10-31 16:27:07.038] [jointLog] [info] wrote 720 bootstraps
[2017-10-31 16:27:07.328] [jointLog] [info] wrote 721 bootstraps
[2017-10-31 16:27:07.466] [jointLog] [info] wrote 722 bootstraps
[2017-10-31 16:27:09.149] [jointLog] [info] wrote 723 bootstraps
[2017-10-31 16:27:09.213] [jointLog] [info] wrote 724 bootstraps
[2017-10-31 16:27:10.100] [jointLog] [info] wrote 725 bootstraps
[2017-10-31 16:27:10.867] [jointLog] [info] wrote 726 bootstraps
[2017-10-31 16:27:11.192] [jointLog] [info] wrote 727 bootstraps
[2017-10-31 16:27:11.305] [jointLog] [info] wrote 728 bootstraps
[2017-10-31 16:27:11.780] [jointLog] [info] wrote 729 bootstraps
[2017-10-31 16:27:12.891] [jointLog] [info] wrote 730 bootstraps
[2017-10-31 16:27:14.011] [jointLog] [info] wrote 731 bootstraps
[2017-10-31 16:27:14.539] [jointLog] [info] wrote 732 bootstraps
[2017-10-31 16:27:15.159] [jointLog] [info] wrote 733 bootstraps
[2017-10-31 16:27:15.484] [jointLog] [info] wrote 734 bootstraps
[2017-10-31 16:27:15.991] [jointLog] [info] wrote 735 bootstraps
[2017-10-31 16:27:16.444] [jointLog] [info] wrote 736 bootstraps
[2017-10-31 16:27:17.946] [jointLog] [info] wrote 737 bootstraps
[2017-10-31 16:27:18.379] [jointLog] [info] wrote 738 bootstraps
[2017-10-31 16:27:18.694] [jointLog] [info] wrote 739 bootstraps
[2017-10-31 16:27:19.212] [jointLog] [info] wrote 740 bootstraps
[2017-10-31 16:27:19.972] [jointLog] [info] wrote 741 bootstraps
[2017-10-31 16:27:20.151] [jointLog] [info] wrote 742 bootstraps
[2017-10-31 16:27:20.517] [jointLog] [info] wrote 743 bootstraps
[2017-10-31 16:27:22.174] [jointLog] [info] wrote 744 bootstraps
[2017-10-31 16:27:22.706] [jointLog] [info] wrote 745 bootstraps
[2017-10-31 16:27:23.210] [jointLog] [info] wrote 746 bootstraps
[2017-10-31 16:27:23.236] [jointLog] [info] wrote 747 bootstraps
[2017-10-31 16:27:24.376] [jointLog] [info] wrote 748 bootstraps
[2017-10-31 16:27:24.827] [jointLog] [info] wrote 749 bootstraps
[2017-10-31 16:27:25.018] [jointLog] [info] wrote 750 bootstraps
[2017-10-31 16:27:26.030] [jointLog] [info] wrote 751 bootstraps
[2017-10-31 16:27:26.139] [jointLog] [info] wrote 752 bootstraps
[2017-10-31 16:27:27.851] [jointLog] [info] wrote 753 bootstraps
[2017-10-31 16:27:28.122] [jointLog] [info] wrote 754 bootstraps
[2017-10-31 16:27:28.852] [jointLog] [info] wrote 755 bootstraps
[2017-10-31 16:27:29.205] [jointLog] [info] wrote 756 bootstraps
[2017-10-31 16:27:29.811] [jointLog] [info] wrote 757 bootstraps
[2017-10-31 16:27:29.946] [jointLog] [info] wrote 758 bootstraps
[2017-10-31 16:27:30.113] [jointLog] [info] wrote 759 bootstraps
[2017-10-31 16:27:31.971] [jointLog] [info] wrote 760 bootstraps
[2017-10-31 16:27:32.658] [jointLog] [info] wrote 761 bootstraps
[2017-10-31 16:27:33.055] [jointLog] [info] wrote 762 bootstraps
[2017-10-31 16:27:33.790] [jointLog] [info] wrote 763 bootstraps
[2017-10-31 16:27:33.819] [jointLog] [info] wrote 764 bootstraps
[2017-10-31 16:27:34.279] [jointLog] [info] wrote 765 bootstraps
[2017-10-31 16:27:34.771] [jointLog] [info] wrote 766 bootstraps
[2017-10-31 16:27:35.986] [jointLog] [info] wrote 767 bootstraps
[2017-10-31 16:27:37.013] [jointLog] [info] wrote 768 bootstraps
[2017-10-31 16:27:37.043] [jointLog] [info] wrote 769 bootstraps
[2017-10-31 16:27:38.517] [jointLog] [info] wrote 770 bootstraps
[2017-10-31 16:27:38.592] [jointLog] [info] wrote 771 bootstraps
[2017-10-31 16:27:38.829] [jointLog] [info] wrote 772 bootstraps
[2017-10-31 16:27:39.260] [jointLog] [info] wrote 773 bootstraps
[2017-10-31 16:27:40.619] [jointLog] [info] wrote 774 bootstraps
[2017-10-31 16:27:40.650] [jointLog] [info] wrote 775 bootstraps
[2017-10-31 16:27:41.983] [jointLog] [info] wrote 776 bootstraps
[2017-10-31 16:27:42.104] [jointLog] [info] wrote 777 bootstraps
[2017-10-31 16:27:42.956] [jointLog] [info] wrote 778 bootstraps
[2017-10-31 16:27:43.432] [jointLog] [info] wrote 779 bootstraps
[2017-10-31 16:27:44.100] [jointLog] [info] wrote 780 bootstraps
[2017-10-31 16:27:44.805] [jointLog] [info] wrote 781 bootstraps
[2017-10-31 16:27:45.276] [jointLog] [info] wrote 782 bootstraps
[2017-10-31 16:27:45.891] [jointLog] [info] wrote 783 bootstraps
[2017-10-31 16:27:46.806] [jointLog] [info] wrote 784 bootstraps
[2017-10-31 16:27:47.969] [jointLog] [info] wrote 785 bootstraps
[2017-10-31 16:27:48.334] [jointLog] [info] wrote 786 bootstraps
[2017-10-31 16:27:48.353] [jointLog] [info] wrote 787 bootstraps
[2017-10-31 16:27:48.422] [jointLog] [info] wrote 788 bootstraps
[2017-10-31 16:27:49.918] [jointLog] [info] wrote 789 bootstraps
[2017-10-31 16:27:50.189] [jointLog] [info] wrote 790 bootstraps
[2017-10-31 16:27:51.097] [jointLog] [info] wrote 791 bootstraps
[2017-10-31 16:27:51.685] [jointLog] [info] wrote 792 bootstraps
[2017-10-31 16:27:52.738] [jointLog] [info] wrote 793 bootstraps
[2017-10-31 16:27:53.097] [jointLog] [info] wrote 794 bootstraps
[2017-10-31 16:27:53.416] [jointLog] [info] wrote 795 bootstraps
[2017-10-31 16:27:54.233] [jointLog] [info] wrote 796 bootstraps
[2017-10-31 16:27:54.335] [jointLog] [info] wrote 797 bootstraps
[2017-10-31 16:27:55.702] [jointLog] [info] wrote 798 bootstraps
[2017-10-31 16:27:55.784] [jointLog] [info] wrote 799 bootstraps
[2017-10-31 16:27:57.483] [jointLog] [info] wrote 800 bootstraps
[2017-10-31 16:27:57.629] [jointLog] [info] wrote 801 bootstraps
[2017-10-31 16:27:57.802] [jointLog] [info] wrote 802 bootstraps
[2017-10-31 16:27:58.474] [jointLog] [info] wrote 803 bootstraps
[2017-10-31 16:27:58.763] [jointLog] [info] wrote 804 bootstraps
[2017-10-31 16:27:59.423] [jointLog] [info] wrote 805 bootstraps
[2017-10-31 16:28:00.583] [jointLog] [info] wrote 806 bootstraps
[2017-10-31 16:28:01.145] [jointLog] [info] wrote 807 bootstraps
[2017-10-31 16:28:02.109] [jointLog] [info] wrote 808 bootstraps
[2017-10-31 16:28:02.462] [jointLog] [info] wrote 809 bootstraps
[2017-10-31 16:28:02.590] [jointLog] [info] wrote 810 bootstraps
[2017-10-31 16:28:03.751] [jointLog] [info] wrote 811 bootstraps
[2017-10-31 16:28:03.973] [jointLog] [info] wrote 812 bootstraps
[2017-10-31 16:28:05.198] [jointLog] [info] wrote 813 bootstraps
[2017-10-31 16:28:05.455] [jointLog] [info] wrote 814 bootstraps
[2017-10-31 16:28:05.534] [jointLog] [info] wrote 815 bootstraps
[2017-10-31 16:28:06.930] [jointLog] [info] wrote 816 bootstraps
[2017-10-31 16:28:07.180] [jointLog] [info] wrote 817 bootstraps
[2017-10-31 16:28:08.185] [jointLog] [info] wrote 818 bootstraps
[2017-10-31 16:28:08.335] [jointLog] [info] wrote 819 bootstraps
[2017-10-31 16:28:09.839] [jointLog] [info] wrote 820 bootstraps
[2017-10-31 16:28:10.356] [jointLog] [info] wrote 821 bootstraps
[2017-10-31 16:28:10.497] [jointLog] [info] wrote 822 bootstraps
[2017-10-31 16:28:10.907] [jointLog] [info] wrote 823 bootstraps
[2017-10-31 16:28:11.625] [jointLog] [info] wrote 824 bootstraps
[2017-10-31 16:28:12.063] [jointLog] [info] wrote 825 bootstraps
[2017-10-31 16:28:12.564] [jointLog] [info] wrote 826 bootstraps
[2017-10-31 16:28:14.012] [jointLog] [info] wrote 827 bootstraps
[2017-10-31 16:28:14.983] [jointLog] [info] wrote 828 bootstraps
[2017-10-31 16:28:15.038] [jointLog] [info] wrote 829 bootstraps
[2017-10-31 16:28:15.083] [jointLog] [info] wrote 830 bootstraps
[2017-10-31 16:28:15.132] [jointLog] [info] wrote 831 bootstraps
[2017-10-31 16:28:16.878] [jointLog] [info] wrote 832 bootstraps
[2017-10-31 16:28:16.996] [jointLog] [info] wrote 833 bootstraps
[2017-10-31 16:28:18.539] [jointLog] [info] wrote 834 bootstraps
[2017-10-31 16:28:19.103] [jointLog] [info] wrote 835 bootstraps
[2017-10-31 16:28:19.258] [jointLog] [info] wrote 836 bootstraps
[2017-10-31 16:28:19.512] [jointLog] [info] wrote 837 bootstraps
[2017-10-31 16:28:20.055] [jointLog] [info] wrote 838 bootstraps
[2017-10-31 16:28:20.926] [jointLog] [info] wrote 839 bootstraps
[2017-10-31 16:28:21.556] [jointLog] [info] wrote 840 bootstraps
[2017-10-31 16:28:22.823] [jointLog] [info] wrote 841 bootstraps
[2017-10-31 16:28:23.083] [jointLog] [info] wrote 842 bootstraps
[2017-10-31 16:28:23.857] [jointLog] [info] wrote 843 bootstraps
[2017-10-31 16:28:24.092] [jointLog] [info] wrote 844 bootstraps
[2017-10-31 16:28:24.193] [jointLog] [info] wrote 845 bootstraps
[2017-10-31 16:28:24.947] [jointLog] [info] wrote 846 bootstraps
[2017-10-31 16:28:25.472] [jointLog] [info] wrote 847 bootstraps
[2017-10-31 16:28:26.823] [jointLog] [info] wrote 848 bootstraps
[2017-10-31 16:28:27.539] [jointLog] [info] wrote 849 bootstraps
[2017-10-31 16:28:27.651] [jointLog] [info] wrote 850 bootstraps
[2017-10-31 16:28:28.526] [jointLog] [info] wrote 851 bootstraps
[2017-10-31 16:28:29.186] [jointLog] [info] wrote 852 bootstraps
[2017-10-31 16:28:29.638] [jointLog] [info] wrote 853 bootstraps
[2017-10-31 16:28:30.049] [jointLog] [info] wrote 854 bootstraps
[2017-10-31 16:28:31.260] [jointLog] [info] wrote 855 bootstraps
[2017-10-31 16:28:32.238] [jointLog] [info] wrote 856 bootstraps
[2017-10-31 16:28:32.274] [jointLog] [info] wrote 857 bootstraps
[2017-10-31 16:28:32.304] [jointLog] [info] wrote 858 bootstraps
[2017-10-31 16:28:33.085] [jointLog] [info] wrote 859 bootstraps
[2017-10-31 16:28:33.790] [jointLog] [info] wrote 860 bootstraps
[2017-10-31 16:28:34.803] [jointLog] [info] wrote 861 bootstraps
[2017-10-31 16:28:35.411] [jointLog] [info] wrote 862 bootstraps
[2017-10-31 16:28:36.027] [jointLog] [info] wrote 863 bootstraps
[2017-10-31 16:28:36.272] [jointLog] [info] wrote 864 bootstraps
[2017-10-31 16:28:36.689] [jointLog] [info] wrote 865 bootstraps
[2017-10-31 16:28:37.937] [jointLog] [info] wrote 866 bootstraps
[2017-10-31 16:28:38.116] [jointLog] [info] wrote 867 bootstraps
[2017-10-31 16:28:39.128] [jointLog] [info] wrote 868 bootstraps
[2017-10-31 16:28:39.649] [jointLog] [info] wrote 869 bootstraps
[2017-10-31 16:28:39.728] [jointLog] [info] wrote 870 bootstraps
[2017-10-31 16:28:41.250] [jointLog] [info] wrote 871 bootstraps
[2017-10-31 16:28:41.427] [jointLog] [info] wrote 872 bootstraps
[2017-10-31 16:28:42.283] [jointLog] [info] wrote 873 bootstraps
[2017-10-31 16:28:42.921] [jointLog] [info] wrote 874 bootstraps
[2017-10-31 16:28:43.067] [jointLog] [info] wrote 875 bootstraps
[2017-10-31 16:28:43.827] [jointLog] [info] wrote 876 bootstraps
[2017-10-31 16:28:44.682] [jointLog] [info] wrote 877 bootstraps
[2017-10-31 16:28:44.927] [jointLog] [info] wrote 878 bootstraps
[2017-10-31 16:28:45.818] [jointLog] [info] wrote 879 bootstraps
[2017-10-31 16:28:46.082] [jointLog] [info] wrote 880 bootstraps
[2017-10-31 16:28:47.406] [jointLog] [info] wrote 881 bootstraps
[2017-10-31 16:28:47.992] [jointLog] [info] wrote 882 bootstraps
[2017-10-31 16:28:48.980] [jointLog] [info] wrote 883 bootstraps
[2017-10-31 16:28:49.277] [jointLog] [info] wrote 884 bootstraps
[2017-10-31 16:28:49.512] [jointLog] [info] wrote 885 bootstraps
[2017-10-31 16:28:49.581] [jointLog] [info] wrote 886 bootstraps
[2017-10-31 16:28:49.939] [jointLog] [info] wrote 887 bootstraps
[2017-10-31 16:28:51.854] [jointLog] [info] wrote 888 bootstraps
[2017-10-31 16:28:52.882] [jointLog] [info] wrote 889 bootstraps
[2017-10-31 16:28:53.012] [jointLog] [info] wrote 890 bootstraps
[2017-10-31 16:28:53.580] [jointLog] [info] wrote 891 bootstraps
[2017-10-31 16:28:54.024] [jointLog] [info] wrote 892 bootstraps
[2017-10-31 16:28:54.078] [jointLog] [info] wrote 893 bootstraps
[2017-10-31 16:28:54.176] [jointLog] [info] wrote 894 bootstraps
[2017-10-31 16:28:56.022] [jointLog] [info] wrote 895 bootstraps
[2017-10-31 16:28:57.657] [jointLog] [info] wrote 896 bootstraps
[2017-10-31 16:28:57.771] [jointLog] [info] wrote 897 bootstraps
[2017-10-31 16:28:57.793] [jointLog] [info] wrote 898 bootstraps
[2017-10-31 16:28:57.914] [jointLog] [info] wrote 899 bootstraps
[2017-10-31 16:28:58.028] [jointLog] [info] wrote 900 bootstraps
[2017-10-31 16:28:58.752] [jointLog] [info] wrote 901 bootstraps
[2017-10-31 16:29:00.826] [jointLog] [info] wrote 902 bootstraps
[2017-10-31 16:29:01.417] [jointLog] [info] wrote 903 bootstraps
[2017-10-31 16:29:01.744] [jointLog] [info] wrote 904 bootstraps
[2017-10-31 16:29:02.135] [jointLog] [info] wrote 905 bootstraps
[2017-10-31 16:29:02.505] [jointLog] [info] wrote 906 bootstraps
[2017-10-31 16:29:02.783] [jointLog] [info] wrote 907 bootstraps
[2017-10-31 16:29:03.440] [jointLog] [info] wrote 908 bootstraps
[2017-10-31 16:29:05.037] [jointLog] [info] wrote 909 bootstraps
[2017-10-31 16:29:05.132] [jointLog] [info] wrote 910 bootstraps
[2017-10-31 16:29:06.041] [jointLog] [info] wrote 911 bootstraps
[2017-10-31 16:29:06.392] [jointLog] [info] wrote 912 bootstraps
[2017-10-31 16:29:07.483] [jointLog] [info] wrote 913 bootstraps
[2017-10-31 16:29:07.522] [jointLog] [info] wrote 914 bootstraps
[2017-10-31 16:29:07.773] [jointLog] [info] wrote 915 bootstraps
[2017-10-31 16:29:08.760] [jointLog] [info] wrote 916 bootstraps
[2017-10-31 16:29:09.617] [jointLog] [info] wrote 917 bootstraps
[2017-10-31 16:29:10.147] [jointLog] [info] wrote 918 bootstraps
[2017-10-31 16:29:11.123] [jointLog] [info] wrote 919 bootstraps
[2017-10-31 16:29:11.173] [jointLog] [info] wrote 920 bootstraps
[2017-10-31 16:29:11.647] [jointLog] [info] wrote 921 bootstraps
[2017-10-31 16:29:12.007] [jointLog] [info] wrote 922 bootstraps
[2017-10-31 16:29:13.435] [jointLog] [info] wrote 923 bootstraps
[2017-10-31 16:29:14.094] [jointLog] [info] wrote 924 bootstraps
[2017-10-31 16:29:14.733] [jointLog] [info] wrote 925 bootstraps
[2017-10-31 16:29:14.938] [jointLog] [info] wrote 926 bootstraps
[2017-10-31 16:29:15.996] [jointLog] [info] wrote 927 bootstraps
[2017-10-31 16:29:16.025] [jointLog] [info] wrote 928 bootstraps
[2017-10-31 16:29:16.187] [jointLog] [info] wrote 929 bootstraps
[2017-10-31 16:29:18.369] [jointLog] [info] wrote 930 bootstraps
[2017-10-31 16:29:18.582] [jointLog] [info] wrote 931 bootstraps
[2017-10-31 16:29:18.782] [jointLog] [info] wrote 932 bootstraps
[2017-10-31 16:29:19.269] [jointLog] [info] wrote 933 bootstraps
[2017-10-31 16:29:19.533] [jointLog] [info] wrote 934 bootstraps
[2017-10-31 16:29:20.748] [jointLog] [info] wrote 935 bootstraps
[2017-10-31 16:29:21.244] [jointLog] [info] wrote 936 bootstraps
[2017-10-31 16:29:22.766] [jointLog] [info] wrote 937 bootstraps
[2017-10-31 16:29:23.130] [jointLog] [info] wrote 938 bootstraps
[2017-10-31 16:29:23.206] [jointLog] [info] wrote 939 bootstraps
[2017-10-31 16:29:23.622] [jointLog] [info] wrote 940 bootstraps
[2017-10-31 16:29:24.097] [jointLog] [info] wrote 941 bootstraps
[2017-10-31 16:29:24.826] [jointLog] [info] wrote 942 bootstraps
[2017-10-31 16:29:25.245] [jointLog] [info] wrote 943 bootstraps
[2017-10-31 16:29:26.067] [jointLog] [info] wrote 944 bootstraps
[2017-10-31 16:29:27.595] [jointLog] [info] wrote 945 bootstraps
[2017-10-31 16:29:27.666] [jointLog] [info] wrote 946 bootstraps
[2017-10-31 16:29:28.099] [jointLog] [info] wrote 947 bootstraps
[2017-10-31 16:29:28.913] [jointLog] [info] wrote 948 bootstraps
[2017-10-31 16:29:28.946] [jointLog] [info] wrote 949 bootstraps
[2017-10-31 16:29:29.842] [jointLog] [info] wrote 950 bootstraps
[2017-10-31 16:29:29.942] [jointLog] [info] wrote 951 bootstraps
[2017-10-31 16:29:31.505] [jointLog] [info] wrote 952 bootstraps
[2017-10-31 16:29:32.416] [jointLog] [info] wrote 953 bootstraps
[2017-10-31 16:29:32.665] [jointLog] [info] wrote 954 bootstraps
[2017-10-31 16:29:33.086] [jointLog] [info] wrote 955 bootstraps
[2017-10-31 16:29:33.473] [jointLog] [info] wrote 956 bootstraps
[2017-10-31 16:29:33.845] [jointLog] [info] wrote 957 bootstraps
[2017-10-31 16:29:34.779] [jointLog] [info] wrote 958 bootstraps
[2017-10-31 16:29:35.821] [jointLog] [info] wrote 959 bootstraps
[2017-10-31 16:29:36.099] [jointLog] [info] wrote 960 bootstraps
[2017-10-31 16:29:36.555] [jointLog] [info] wrote 961 bootstraps
[2017-10-31 16:29:37.075] [jointLog] [info] wrote 962 bootstraps
[2017-10-31 16:29:37.919] [jointLog] [info] wrote 963 bootstraps
[2017-10-31 16:29:38.756] [jointLog] [info] wrote 964 bootstraps
[2017-10-31 16:29:38.785] [jointLog] [info] wrote 965 bootstraps
[2017-10-31 16:29:40.144] [jointLog] [info] wrote 966 bootstraps
[2017-10-31 16:29:40.498] [jointLog] [info] wrote 967 bootstraps
[2017-10-31 16:29:40.711] [jointLog] [info] wrote 968 bootstraps
[2017-10-31 16:29:40.959] [jointLog] [info] wrote 969 bootstraps
[2017-10-31 16:29:43.000] [jointLog] [info] wrote 970 bootstraps
[2017-10-31 16:29:43.031] [jointLog] [info] wrote 971 bootstraps
[2017-10-31 16:29:43.517] [jointLog] [info] wrote 972 bootstraps
[2017-10-31 16:29:44.213] [jointLog] [info] wrote 973 bootstraps
[2017-10-31 16:29:44.562] [jointLog] [info] wrote 974 bootstraps
[2017-10-31 16:29:45.156] [jointLog] [info] wrote 975 bootstraps
[2017-10-31 16:29:45.290] [jointLog] [info] wrote 976 bootstraps
[2017-10-31 16:29:46.686] [jointLog] [info] wrote 977 bootstraps
[2017-10-31 16:29:47.801] [jointLog] [info] wrote 978 bootstraps
[2017-10-31 16:29:48.090] [jointLog] [info] wrote 979 bootstraps
[2017-10-31 16:29:48.327] [jointLog] [info] wrote 980 bootstraps
[2017-10-31 16:29:48.378] [jointLog] [info] wrote 981 bootstraps
[2017-10-31 16:29:50.068] [jointLog] [info] wrote 982 bootstraps
[2017-10-31 16:29:50.210] [jointLog] [info] wrote 983 bootstraps
[2017-10-31 16:29:51.333] [jointLog] [info] wrote 984 bootstraps
[2017-10-31 16:29:51.627] [jointLog] [info] wrote 985 bootstraps
[2017-10-31 16:29:52.323] [jointLog] [info] wrote 986 bootstraps
[2017-10-31 16:29:52.437] [jointLog] [info] wrote 987 bootstraps
[2017-10-31 16:29:53.270] [jointLog] [info] wrote 988 bootstraps
[2017-10-31 16:29:54.256] [jointLog] [info] wrote 989 bootstraps
[2017-10-31 16:29:54.524] [jointLog] [info] wrote 990 bootstraps
[2017-10-31 16:29:56.007] [jointLog] [info] wrote 991 bootstraps
[2017-10-31 16:29:56.308] [jointLog] [info] wrote 992 bootstraps
[2017-10-31 16:29:56.364] [jointLog] [info] wrote 993 bootstraps
[2017-10-31 16:29:56.672] [jointLog] [info] wrote 994 bootstraps
[2017-10-31 16:29:57.997] [jointLog] [info] wrote 995 bootstraps
[2017-10-31 16:29:58.453] [jointLog] [info] wrote 996 bootstraps
[2017-10-31 16:29:58.576] [jointLog] [info] wrote 997 bootstraps
[2017-10-31 16:29:59.054] [jointLog] [info] wrote 998 bootstraps
[2017-10-31 16:29:59.125] [jointLog] [info] wrote 999 bootstraps
[2017-10-31 16:29:59.369] [jointLog] [info] wrote 1000 bootstraps
[2017-10-31 16:29:59.373] [jointLog] [info] Finished Bootstrapping
